<?xml version="1.0" encoding="UTF-8"?>
<coverage generated="1766109575119" clover="3.2.0">
  <project timestamp="1766109575119" name="All files">
    <metrics statements="1956" coveredstatements="1336" conditionals="1315" coveredconditionals="745" methods="395" coveredmethods="271" elements="3666" coveredelements="2352" complexity="0" loc="1956" ncloc="1956" packages="1" files="7" classes="7"/>
    <file name="dashboard-ross.js" path="/Users/nicolascordero/Desktop/MATERIA UNIVERSIDAD/NEW/Universidad 2025 - Nicolás/Semestre VI/Proyecto Integrador/FrontEnd/frontend-proyecto-integrador/frontend/js/dashboard-ross.js">
      <metrics statements="157" coveredstatements="133" conditionals="110" coveredconditionals="65" methods="43" coveredmethods="34"/>
      <line num="1" count="1" type="cond" truecount="1" falsecount="1"/>
      <line num="4" count="36" type="stmt"/>
      <line num="8" count="7" type="cond" truecount="2" falsecount="0"/>
      <line num="12" count="7" type="stmt"/>
      <line num="13" count="6" type="cond" truecount="2" falsecount="0"/>
      <line num="14" count="1" type="stmt"/>
      <line num="16" count="5" type="stmt"/>
      <line num="20" count="7" type="cond" truecount="1" falsecount="1"/>
      <line num="21" count="8" type="stmt"/>
      <line num="22" count="8" type="stmt"/>
      <line num="24" count="7" type="stmt"/>
      <line num="25" count="7" type="stmt"/>
      <line num="26" count="6" type="cond" truecount="4" falsecount="0"/>
      <line num="27" count="3" type="stmt"/>
      <line num="28" count="19" type="cond" truecount="1" falsecount="1"/>
      <line num="29" count="19" type="cond" truecount="1" falsecount="1"/>
      <line num="30" count="19" type="cond" truecount="2" falsecount="0"/>
      <line num="31" count="18" type="stmt"/>
      <line num="37" count="19" type="stmt"/>
      <line num="43" count="7" type="stmt"/>
      <line num="44" count="15" type="stmt"/>
      <line num="47" count="7" type="stmt"/>
      <line num="48" count="7" type="stmt"/>
      <line num="49" count="8" type="cond" truecount="2" falsecount="0"/>
      <line num="50" count="8" type="cond" truecount="2" falsecount="0"/>
      <line num="51" count="6" type="stmt"/>
      <line num="57" count="8" type="stmt"/>
      <line num="60" count="7" type="stmt"/>
      <line num="69" count="1" type="stmt"/>
      <line num="72" count="1" type="cond" truecount="1" falsecount="1"/>
      <line num="75" count="29" type="stmt"/>
      <line num="76" count="29" type="stmt"/>
      <line num="77" count="29" type="stmt"/>
      <line num="78" count="29" type="stmt"/>
      <line num="79" count="29" type="stmt"/>
      <line num="80" count="29" type="stmt"/>
      <line num="84" count="35" type="stmt"/>
      <line num="96" count="35" type="stmt"/>
      <line num="100" count="4" type="stmt"/>
      <line num="112" count="4" type="stmt"/>
      <line num="116" count="18" type="cond" truecount="2" falsecount="0"/>
      <line num="120" count="15" type="stmt"/>
      <line num="121" count="15" type="stmt"/>
      <line num="129" count="2" type="stmt"/>
      <line num="130" count="2" type="cond" truecount="1" falsecount="1"/>
      <line num="132" count="2" type="cond" truecount="2" falsecount="0"/>
      <line num="133" count="1" type="stmt"/>
      <line num="134" count="1" type="cond" truecount="1" falsecount="1"/>
      <line num="135" count="1" type="stmt"/>
      <line num="138" count="2" type="stmt"/>
      <line num="139" count="2" type="stmt"/>
      <line num="143" count="2" type="cond" truecount="1" falsecount="1"/>
      <line num="144" count="0" type="stmt"/>
      <line num="147" count="2" type="stmt"/>
      <line num="148" count="0" type="cond" truecount="0" falsecount="2"/>
      <line num="149" count="0" type="stmt"/>
      <line num="153" count="2" type="stmt"/>
      <line num="160" count="2" type="stmt"/>
      <line num="161" count="2" type="cond" truecount="1" falsecount="1"/>
      <line num="163" count="2" type="stmt"/>
      <line num="164" count="2" type="stmt"/>
      <line num="166" count="2" type="stmt"/>
      <line num="167" count="2" type="stmt"/>
      <line num="168" count="2" type="stmt"/>
      <line num="169" count="2" type="stmt"/>
      <line num="170" count="2" type="cond" truecount="1" falsecount="1"/>
      <line num="171" count="2" type="stmt"/>
      <line num="174" count="1" type="stmt"/>
      <line num="175" count="0" type="cond" truecount="0" falsecount="2"/>
      <line num="176" count="0" type="stmt"/>
      <line num="181" count="4" type="stmt"/>
      <line num="182" count="4" type="cond" truecount="1" falsecount="1"/>
      <line num="184" count="4" type="stmt"/>
      <line num="186" count="4" type="stmt"/>
      <line num="187" count="4" type="stmt"/>
      <line num="188" count="3" type="stmt"/>
      <line num="189" count="3" type="stmt"/>
      <line num="191" count="1" type="stmt"/>
      <line num="192" count="1" type="stmt"/>
      <line num="201" count="6" type="cond" truecount="1" falsecount="1"/>
      <line num="203" count="6" type="stmt"/>
      <line num="204" count="6" type="cond" truecount="1" falsecount="1"/>
      <line num="206" count="6" type="cond" truecount="2" falsecount="0"/>
      <line num="207" count="3" type="stmt"/>
      <line num="213" count="3" type="stmt"/>
      <line num="216" count="3" type="stmt"/>
      <line num="269" count="3" type="stmt"/>
      <line num="273" count="5" type="cond" truecount="1" falsecount="1"/>
      <line num="274" count="0" type="stmt"/>
      <line num="275" count="0" type="stmt"/>
      <line num="278" count="5" type="stmt"/>
      <line num="280" count="5" type="stmt"/>
      <line num="281" count="4" type="stmt"/>
      <line num="282" count="4" type="stmt"/>
      <line num="283" count="4" type="stmt"/>
      <line num="284" count="4" type="cond" truecount="2" falsecount="0"/>
      <line num="285" count="1" type="stmt"/>
      <line num="290" count="5" type="stmt"/>
      <line num="291" count="5" type="cond" truecount="4" falsecount="0"/>
      <line num="293" count="2" type="stmt"/>
      <line num="294" count="2" type="stmt"/>
      <line num="295" count="2" type="stmt"/>
      <line num="296" count="2" type="stmt"/>
      <line num="297" count="2" type="stmt"/>
      <line num="299" count="2" type="stmt"/>
      <line num="302" count="3" type="cond" truecount="1" falsecount="1"/>
      <line num="305" count="3" type="stmt"/>
      <line num="346" count="4" type="stmt"/>
      <line num="347" count="4" type="cond" truecount="4" falsecount="0"/>
      <line num="349" count="2" type="stmt"/>
      <line num="350" count="2" type="stmt"/>
      <line num="351" count="2" type="stmt"/>
      <line num="352" count="2" type="stmt"/>
      <line num="353" count="2" type="stmt"/>
      <line num="355" count="2" type="stmt"/>
      <line num="358" count="3" type="cond" truecount="1" falsecount="1"/>
      <line num="360" count="3" type="stmt"/>
      <line num="378" count="0" type="stmt"/>
      <line num="379" count="0" type="stmt"/>
      <line num="380" count="0" type="cond" truecount="0" falsecount="6"/>
      <line num="381" count="0" type="stmt"/>
      <line num="382" count="0" type="cond" truecount="0" falsecount="5"/>
      <line num="383" count="0" type="stmt"/>
      <line num="384" count="0" type="stmt"/>
      <line num="392" count="0" type="cond" truecount="0" falsecount="2"/>
      <line num="393" count="0" type="cond" truecount="0" falsecount="2"/>
      <line num="394" count="0" type="stmt"/>
      <line num="395" count="0" type="stmt"/>
      <line num="396" count="0" type="stmt"/>
      <line num="406" count="4" type="stmt"/>
      <line num="407" count="4" type="cond" truecount="1" falsecount="1"/>
      <line num="409" count="4" type="stmt"/>
      <line num="410" count="4" type="stmt"/>
      <line num="412" count="4" type="stmt"/>
      <line num="466" count="4" type="stmt"/>
      <line num="467" count="4" type="cond" truecount="1" falsecount="1"/>
      <line num="469" count="4" type="stmt"/>
      <line num="470" count="4" type="stmt"/>
      <line num="472" count="4" type="stmt"/>
      <line num="508" count="0" type="cond" truecount="0" falsecount="2"/>
      <line num="509" count="0" type="cond" truecount="0" falsecount="2"/>
      <line num="510" count="0" type="stmt"/>
      <line num="511" count="0" type="stmt"/>
      <line num="512" count="0" type="stmt"/>
      <line num="522" count="1" type="stmt"/>
      <line num="523" count="1" type="cond" truecount="3" falsecount="1"/>
      <line num="525" count="1" type="stmt"/>
      <line num="526" count="1" type="stmt"/>
      <line num="527" count="1" type="stmt"/>
      <line num="529" count="1" type="stmt"/>
      <line num="532" count="2" type="stmt"/>
      <line num="535" count="2" type="stmt"/>
      <line num="574" count="6" type="stmt"/>
      <line num="575" count="2" type="cond" truecount="1" falsecount="1"/>
      <line num="576" count="2" type="stmt"/>
      <line num="579" count="6" type="stmt"/>
      <line num="582" count="1" type="stmt"/>
    </file>
    <file name="historico-estadisticas.js" path="/Users/nicolascordero/Desktop/MATERIA UNIVERSIDAD/NEW/Universidad 2025 - Nicolás/Semestre VI/Proyecto Integrador/FrontEnd/frontend-proyecto-integrador/frontend/js/historico-estadisticas.js">
      <metrics statements="134" coveredstatements="108" conditionals="128" coveredconditionals="80" methods="21" coveredmethods="19"/>
      <line num="3" count="1" type="stmt"/>
      <line num="6" count="1" type="cond" truecount="1" falsecount="1"/>
      <line num="7" count="0" type="stmt"/>
      <line num="12" count="23" type="cond" truecount="1" falsecount="1"/>
      <line num="13" count="23" type="stmt"/>
      <line num="14" count="23" type="stmt"/>
      <line num="15" count="23" type="stmt"/>
      <line num="16" count="23" type="stmt"/>
      <line num="20" count="23" type="stmt"/>
      <line num="22" count="23" type="cond" truecount="1" falsecount="1"/>
      <line num="23" count="0" type="stmt"/>
      <line num="24" count="0" type="stmt"/>
      <line num="27" count="23" type="stmt"/>
      <line num="28" count="23" type="stmt"/>
      <line num="34" count="23" type="stmt"/>
      <line num="38" count="26" type="cond" truecount="2" falsecount="0"/>
      <line num="39" count="25" type="cond" truecount="1" falsecount="1"/>
      <line num="40" count="0" type="stmt"/>
      <line num="44" count="23" type="cond" truecount="1" falsecount="1"/>
      <line num="46" count="23" type="stmt"/>
      <line num="90" count="23" type="stmt"/>
      <line num="100" count="25" type="cond" truecount="1" falsecount="1"/>
      <line num="102" count="25" type="stmt"/>
      <line num="109" count="25" type="stmt"/>
      <line num="110" count="25" type="cond" truecount="1" falsecount="1"/>
      <line num="111" count="25" type="cond" truecount="1" falsecount="1"/>
      <line num="112" count="25" type="cond" truecount="1" falsecount="1"/>
      <line num="113" count="25" type="cond" truecount="1" falsecount="1"/>
      <line num="117" count="4" type="cond" truecount="1" falsecount="1"/>
      <line num="119" count="4" type="stmt"/>
      <line num="126" count="4" type="stmt"/>
      <line num="127" count="4" type="stmt"/>
      <line num="128" count="4" type="stmt"/>
      <line num="129" count="4" type="stmt"/>
      <line num="130" count="4" type="stmt"/>
      <line num="134" count="4" type="cond" truecount="2" falsecount="0"/>
      <line num="135" count="1" type="stmt"/>
      <line num="136" count="1" type="stmt"/>
      <line num="139" count="3" type="stmt"/>
      <line num="140" count="3" type="cond" truecount="1" falsecount="3"/>
      <line num="141" count="3" type="cond" truecount="1" falsecount="3"/>
      <line num="143" count="3" type="cond" truecount="4" falsecount="1"/>
      <line num="144" count="0" type="stmt"/>
      <line num="145" count="0" type="stmt"/>
      <line num="149" count="3" type="cond" truecount="4" falsecount="0"/>
      <line num="150" count="1" type="stmt"/>
      <line num="154" count="3" type="cond" truecount="2" falsecount="0"/>
      <line num="155" count="2" type="stmt"/>
      <line num="159" count="3" type="stmt"/>
      <line num="161" count="3" type="stmt"/>
      <line num="163" count="3" type="stmt"/>
      <line num="165" count="3" type="stmt"/>
      <line num="166" count="3" type="cond" truecount="1" falsecount="5"/>
      <line num="167" count="3" type="cond" truecount="1" falsecount="1"/>
      <line num="169" count="3" type="stmt"/>
      <line num="170" count="3" type="stmt"/>
      <line num="171" count="3" type="cond" truecount="4" falsecount="0"/>
      <line num="172" count="1" type="stmt"/>
      <line num="175" count="0" type="stmt"/>
      <line num="179" count="3" type="stmt"/>
      <line num="180" count="3" type="stmt"/>
      <line num="184" count="3" type="stmt"/>
      <line num="185" count="3" type="cond" truecount="1" falsecount="1"/>
      <line num="187" count="3" type="cond" truecount="2" falsecount="0"/>
      <line num="188" count="1" type="stmt"/>
      <line num="189" count="1" type="stmt"/>
      <line num="192" count="2" type="stmt"/>
      <line num="196" count="0" type="stmt"/>
      <line num="201" count="2" type="cond" truecount="2" falsecount="0"/>
      <line num="204" count="1" type="stmt"/>
      <line num="208" count="7" type="cond" truecount="4" falsecount="0"/>
      <line num="209" count="4" type="stmt"/>
      <line num="212" count="3" type="stmt"/>
      <line num="213" count="3" type="stmt"/>
      <line num="214" count="3" type="stmt"/>
      <line num="215" count="3" type="stmt"/>
      <line num="217" count="3" type="stmt"/>
      <line num="219" count="8" type="cond" truecount="1" falsecount="1"/>
      <line num="220" count="8" type="cond" truecount="4" falsecount="0"/>
      <line num="221" count="7" type="cond" truecount="1" falsecount="1"/>
      <line num="222" count="7" type="cond" truecount="2" falsecount="0"/>
      <line num="223" count="3" type="cond" truecount="2" falsecount="0"/>
      <line num="224" count="1" type="stmt"/>
      <line num="228" count="8" type="cond" truecount="1" falsecount="2"/>
      <line num="229" count="8" type="cond" truecount="1" falsecount="1"/>
      <line num="230" count="8" type="stmt"/>
      <line num="234" count="3" type="stmt"/>
      <line num="236" count="3" type="stmt"/>
      <line num="245" count="5" type="stmt"/>
      <line num="246" count="5" type="cond" truecount="2" falsecount="0"/>
      <line num="247" count="1" type="stmt"/>
      <line num="249" count="4" type="stmt"/>
      <line num="250" count="4" type="stmt"/>
      <line num="251" count="4" type="stmt"/>
      <line num="253" count="0" type="stmt"/>
      <line num="258" count="5" type="stmt"/>
      <line num="259" count="5" type="stmt"/>
      <line num="260" count="4" type="cond" truecount="1" falsecount="1"/>
      <line num="261" count="0" type="cond" truecount="0" falsecount="4"/>
      <line num="262" count="0" type="stmt"/>
      <line num="263" count="0" type="stmt"/>
      <line num="265" count="0" type="stmt"/>
      <line num="269" count="34" type="cond" truecount="1" falsecount="1"/>
      <line num="270" count="136" type="stmt"/>
      <line num="274" count="16" type="cond" truecount="1" falsecount="1"/>
      <line num="275" count="16" type="stmt"/>
      <line num="277" count="16" type="stmt"/>
      <line num="278" count="16" type="stmt"/>
      <line num="279" count="16" type="stmt"/>
      <line num="280" count="16" type="stmt"/>
      <line num="281" count="16" type="stmt"/>
      <line num="282" count="16" type="stmt"/>
      <line num="284" count="16" type="stmt"/>
      <line num="285" count="0" type="stmt"/>
      <line num="286" count="0" type="stmt"/>
      <line num="287" count="0" type="cond" truecount="0" falsecount="2"/>
      <line num="288" count="0" type="stmt"/>
      <line num="289" count="0" type="stmt"/>
      <line num="290" count="0" type="stmt"/>
      <line num="292" count="0" type="stmt"/>
      <line num="296" count="16" type="stmt"/>
      <line num="300" count="16" type="stmt"/>
      <line num="301" count="16" type="cond" truecount="1" falsecount="1"/>
      <line num="302" count="0" type="stmt"/>
      <line num="303" count="0" type="stmt"/>
      <line num="310" count="1" type="cond" truecount="1" falsecount="1"/>
      <line num="311" count="1" type="stmt"/>
      <line num="314" count="0" type="cond" truecount="0" falsecount="2"/>
      <line num="315" count="0" type="stmt"/>
      <line num="318" count="0" type="stmt"/>
      <line num="322" count="1" type="cond" truecount="1" falsecount="1"/>
      <line num="323" count="0" type="stmt"/>
      <line num="325" count="1" type="stmt"/>
      <line num="328" count="1" type="stmt"/>
    </file>
    <file name="historico-script.js" path="/Users/nicolascordero/Desktop/MATERIA UNIVERSIDAD/NEW/Universidad 2025 - Nicolás/Semestre VI/Proyecto Integrador/FrontEnd/frontend-proyecto-integrador/frontend/js/historico-script.js">
      <metrics statements="228" coveredstatements="173" conditionals="210" coveredconditionals="111" methods="29" coveredmethods="24"/>
      <line num="6" count="1" type="stmt"/>
      <line num="10" count="1" type="cond" truecount="1" falsecount="1"/>
      <line num="11" count="0" type="stmt"/>
      <line num="13" count="1" type="cond" truecount="1" falsecount="1"/>
      <line num="14" count="0" type="stmt"/>
      <line num="19" count="28" type="stmt"/>
      <line num="20" count="28" type="stmt"/>
      <line num="21" count="28" type="stmt"/>
      <line num="22" count="28" type="stmt"/>
      <line num="27" count="28" type="stmt"/>
      <line num="30" count="28" type="stmt"/>
      <line num="31" count="28" type="stmt"/>
      <line num="37" count="7" type="stmt"/>
      <line num="38" count="6" type="stmt"/>
      <line num="39" count="6" type="stmt"/>
      <line num="40" count="6" type="stmt"/>
      <line num="42" count="1" type="stmt"/>
      <line num="47" count="5" type="stmt"/>
      <line num="48" count="5" type="stmt"/>
      <line num="49" count="5" type="stmt"/>
      <line num="50" count="4" type="cond" truecount="2" falsecount="0"/>
      <line num="51" count="1" type="cond" truecount="3" falsecount="1"/>
      <line num="52" count="1" type="stmt"/>
      <line num="53" count="1" type="stmt"/>
      <line num="55" count="0" type="stmt"/>
      <line num="57" count="1" type="stmt"/>
      <line num="58" count="1" type="stmt"/>
      <line num="64" count="31" type="stmt"/>
      <line num="65" count="31" type="cond" truecount="2" falsecount="0"/>
      <line num="67" count="29" type="cond" truecount="2" falsecount="0"/>
      <line num="68" count="28" type="stmt"/>
      <line num="76" count="29" type="stmt"/>
      <line num="80" count="2" type="stmt"/>
      <line num="81" count="2" type="stmt"/>
      <line num="83" count="0" type="stmt"/>
      <line num="84" count="0" type="stmt"/>
      <line num="87" count="2" type="stmt"/>
      <line num="89" count="2" type="cond" truecount="1" falsecount="3"/>
      <line num="90" count="2" type="cond" truecount="1" falsecount="3"/>
      <line num="92" count="2" type="cond" truecount="5" falsecount="0"/>
      <line num="93" count="1" type="stmt"/>
      <line num="94" count="1" type="cond" truecount="1" falsecount="1"/>
      <line num="95" count="1" type="stmt"/>
      <line num="103" count="1" type="stmt"/>
      <line num="107" count="1" type="stmt"/>
      <line num="110" count="1" type="stmt"/>
      <line num="111" count="1" type="cond" truecount="1" falsecount="1"/>
      <line num="112" count="1" type="stmt"/>
      <line num="116" count="1" type="cond" truecount="1" falsecount="3"/>
      <line num="118" count="1" type="cond" truecount="1" falsecount="1"/>
      <line num="119" count="0" type="stmt"/>
      <line num="120" count="0" type="stmt"/>
      <line num="121" count="0" type="stmt"/>
      <line num="124" count="1" type="stmt"/>
      <line num="125" count="1" type="stmt"/>
      <line num="126" count="1" type="stmt"/>
      <line num="128" count="1" type="cond" truecount="3" falsecount="1"/>
      <line num="129" count="1" type="stmt"/>
      <line num="132" count="0" type="cond" truecount="0" falsecount="2"/>
      <line num="135" count="1" type="cond" truecount="1" falsecount="1"/>
      <line num="137" count="0" type="stmt"/>
      <line num="138" count="0" type="stmt"/>
      <line num="142" count="1" type="stmt"/>
      <line num="146" count="4" type="stmt"/>
      <line num="147" count="4" type="cond" truecount="1" falsecount="1"/>
      <line num="149" count="4" type="cond" truecount="2" falsecount="0"/>
      <line num="150" count="2" type="stmt"/>
      <line num="151" count="2" type="stmt"/>
      <line num="154" count="2" type="stmt"/>
      <line num="157" count="0" type="stmt"/>
      <line num="161" count="2" type="stmt"/>
      <line num="162" count="2" type="cond" truecount="2" falsecount="2"/>
      <line num="163" count="0" type="stmt"/>
      <line num="164" count="0" type="cond" truecount="0" falsecount="3"/>
      <line num="165" count="0" type="cond" truecount="0" falsecount="3"/>
      <line num="166" count="0" type="stmt"/>
      <line num="169" count="0" type="cond" truecount="0" falsecount="2"/>
      <line num="171" count="0" type="stmt"/>
      <line num="172" count="0" type="cond" truecount="0" falsecount="2"/>
      <line num="173" count="0" type="stmt"/>
      <line num="181" count="2" type="stmt"/>
      <line num="184" count="2" type="cond" truecount="3" falsecount="1"/>
      <line num="185" count="2" type="cond" truecount="2" falsecount="0"/>
      <line num="187" count="1" type="cond" truecount="1" falsecount="3"/>
      <line num="188" count="1" type="cond" truecount="1" falsecount="1"/>
      <line num="190" count="1" type="stmt"/>
      <line num="191" count="1" type="cond" truecount="3" falsecount="1"/>
      <line num="193" count="1" type="stmt"/>
      <line num="196" count="0" type="stmt"/>
      <line num="201" count="3" type="stmt"/>
      <line num="202" count="3" type="stmt"/>
      <line num="204" count="0" type="stmt"/>
      <line num="209" count="5" type="stmt"/>
      <line num="210" count="5" type="stmt"/>
      <line num="211" count="5" type="cond" truecount="2" falsecount="0"/>
      <line num="213" count="1" type="stmt"/>
      <line num="214" count="1" type="cond" truecount="1" falsecount="2"/>
      <line num="217" count="1" type="cond" truecount="1" falsecount="1"/>
      <line num="218" count="1" type="cond" truecount="1" falsecount="2"/>
      <line num="219" count="1" type="stmt"/>
      <line num="222" count="0" type="stmt"/>
      <line num="223" count="0" type="stmt"/>
      <line num="228" count="3" type="stmt"/>
      <line num="229" count="3" type="stmt"/>
      <line num="230" count="2" type="cond" truecount="2" falsecount="0"/>
      <line num="231" count="1" type="stmt"/>
      <line num="232" count="1" type="stmt"/>
      <line num="234" count="2" type="stmt"/>
      <line num="235" count="2" type="stmt"/>
      <line num="241" count="7" type="cond" truecount="1" falsecount="1"/>
      <line num="243" count="7" type="cond" truecount="4" falsecount="0"/>
      <line num="244" count="2" type="stmt"/>
      <line num="245" count="2" type="stmt"/>
      <line num="249" count="5" type="stmt"/>
      <line num="251" count="5" type="stmt"/>
      <line num="252" count="7" type="cond" truecount="2" falsecount="0"/>
      <line num="253" count="7" type="cond" truecount="2" falsecount="0"/>
      <line num="256" count="5" type="stmt"/>
      <line num="257" count="5" type="cond" truecount="1" falsecount="1"/>
      <line num="260" count="5" type="stmt"/>
      <line num="261" count="5" type="stmt"/>
      <line num="263" count="5" type="cond" truecount="1" falsecount="1"/>
      <line num="264" count="5" type="stmt"/>
      <line num="265" count="5" type="cond" truecount="2" falsecount="0"/>
      <line num="266" count="4" type="stmt"/>
      <line num="267" count="4" type="stmt"/>
      <line num="268" count="1" type="cond" truecount="1" falsecount="1"/>
      <line num="269" count="1" type="stmt"/>
      <line num="270" count="1" type="stmt"/>
      <line num="271" count="0" type="cond" truecount="0" falsecount="2"/>
      <line num="272" count="0" type="stmt"/>
      <line num="273" count="0" type="stmt"/>
      <line num="275" count="0" type="cond" truecount="0" falsecount="2"/>
      <line num="276" count="0" type="stmt"/>
      <line num="278" count="0" type="cond" truecount="0" falsecount="4"/>
      <line num="279" count="0" type="stmt"/>
      <line num="280" count="0" type="cond" truecount="0" falsecount="2"/>
      <line num="281" count="0" type="stmt"/>
      <line num="282" count="0" type="stmt"/>
      <line num="283" count="0" type="cond" truecount="0" falsecount="2"/>
      <line num="284" count="0" type="stmt"/>
      <line num="285" count="0" type="stmt"/>
      <line num="286" count="0" type="cond" truecount="0" falsecount="2"/>
      <line num="287" count="0" type="stmt"/>
      <line num="288" count="0" type="stmt"/>
      <line num="291" count="0" type="stmt"/>
      <line num="292" count="0" type="cond" truecount="0" falsecount="2"/>
      <line num="293" count="0" type="stmt"/>
      <line num="294" count="0" type="stmt"/>
      <line num="298" count="5" type="stmt"/>
      <line num="301" count="5" type="stmt"/>
      <line num="302" count="6" type="cond" truecount="2" falsecount="0"/>
      <line num="303" count="4" type="cond" truecount="3" falsecount="1"/>
      <line num="304" count="4" type="cond" truecount="1" falsecount="1"/>
      <line num="305" count="0" type="stmt"/>
      <line num="308" count="5" type="stmt"/>
      <line num="309" count="7" type="cond" truecount="3" falsecount="0"/>
      <line num="310" count="7" type="stmt"/>
      <line num="311" count="7" type="cond" truecount="2" falsecount="0"/>
      <line num="312" count="7" type="stmt"/>
      <line num="316" count="5" type="stmt"/>
      <line num="317" count="1" type="stmt"/>
      <line num="318" count="1" type="stmt"/>
      <line num="319" count="1" type="cond" truecount="1" falsecount="1"/>
      <line num="320" count="1" type="cond" truecount="2" falsecount="2"/>
      <line num="324" count="5" type="stmt"/>
      <line num="326" count="5" type="stmt"/>
      <line num="327" count="6" type="stmt"/>
      <line num="328" count="6" type="stmt"/>
      <line num="329" count="6" type="stmt"/>
      <line num="330" count="6" type="stmt"/>
      <line num="332" count="6" type="stmt"/>
      <line num="333" count="6" type="stmt"/>
      <line num="334" count="6" type="stmt"/>
      <line num="335" count="6" type="stmt"/>
      <line num="337" count="6" type="stmt"/>
      <line num="338" count="6" type="stmt"/>
      <line num="340" count="6" type="stmt"/>
      <line num="341" count="7" type="cond" truecount="1" falsecount="1"/>
      <line num="342" count="7" type="stmt"/>
      <line num="343" count="7" type="cond" truecount="2" falsecount="0"/>
      <line num="344" count="1" type="cond" truecount="1" falsecount="1"/>
      <line num="346" count="7" type="stmt"/>
      <line num="347" count="7" type="stmt"/>
      <line num="349" count="7" type="stmt"/>
      <line num="350" count="7" type="stmt"/>
      <line num="351" count="7" type="cond" truecount="1" falsecount="2"/>
      <line num="352" count="7" type="cond" truecount="5" falsecount="0"/>
      <line num="355" count="7" type="cond" truecount="4" falsecount="2"/>
      <line num="356" count="0" type="stmt"/>
      <line num="357" count="0" type="cond" truecount="0" falsecount="2"/>
      <line num="359" count="0" type="cond" truecount="0" falsecount="2"/>
      <line num="360" count="0" type="cond" truecount="0" falsecount="4"/>
      <line num="365" count="7" type="cond" truecount="4" falsecount="2"/>
      <line num="366" count="0" type="stmt"/>
      <line num="367" count="0" type="cond" truecount="0" falsecount="2"/>
      <line num="369" count="0" type="cond" truecount="0" falsecount="2"/>
      <line num="370" count="0" type="cond" truecount="0" falsecount="4"/>
      <line num="374" count="7" type="cond" truecount="3" falsecount="1"/>
      <line num="375" count="0" type="stmt"/>
      <line num="377" count="7" type="cond" truecount="1" falsecount="2"/>
      <line num="380" count="7" type="stmt"/>
      <line num="381" count="7" type="stmt"/>
      <line num="382" count="7" type="cond" truecount="1" falsecount="1"/>
      <line num="384" count="7" type="stmt"/>
      <line num="385" count="7" type="stmt"/>
      <line num="386" count="7" type="stmt"/>
      <line num="389" count="6" type="stmt"/>
      <line num="390" count="6" type="stmt"/>
      <line num="391" count="6" type="stmt"/>
      <line num="398" count="32" type="cond" truecount="2" falsecount="0"/>
      <line num="401" count="31" type="stmt"/>
      <line num="417" count="3" type="cond" truecount="2" falsecount="0"/>
      <line num="418" count="1" type="stmt"/>
      <line num="419" count="1" type="stmt"/>
      <line num="422" count="2" type="stmt"/>
      <line num="423" count="2" type="cond" truecount="2" falsecount="0"/>
      <line num="424" count="1" type="stmt"/>
      <line num="425" count="1" type="stmt"/>
      <line num="428" count="1" type="stmt"/>
      <line num="434" count="1" type="cond" truecount="1" falsecount="1"/>
      <line num="435" count="1" type="stmt"/>
      <line num="439" count="1" type="cond" truecount="1" falsecount="1"/>
      <line num="440" count="0" type="stmt"/>
      <line num="443" count="1" type="stmt"/>
      <line num="447" count="1" type="stmt"/>
      <line num="452" count="1" type="cond" truecount="3" falsecount="1"/>
      <line num="453" count="1" type="stmt"/>
    </file>
    <file name="index-script.js" path="/Users/nicolascordero/Desktop/MATERIA UNIVERSIDAD/NEW/Universidad 2025 - Nicolás/Semestre VI/Proyecto Integrador/FrontEnd/frontend-proyecto-integrador/frontend/js/index-script.js">
      <metrics statements="258" coveredstatements="193" conditionals="192" coveredconditionals="115" methods="48" coveredmethods="31"/>
      <line num="2" count="1" type="stmt"/>
      <line num="24" count="38" type="stmt"/>
      <line num="29" count="38" type="stmt"/>
      <line num="30" count="38" type="stmt"/>
      <line num="31" count="38" type="stmt"/>
      <line num="32" count="38" type="stmt"/>
      <line num="38" count="38" type="stmt"/>
      <line num="39" count="38" type="cond" truecount="2" falsecount="0"/>
      <line num="40" count="31" type="stmt"/>
      <line num="44" count="38" type="stmt"/>
      <line num="45" count="38" type="cond" truecount="2" falsecount="0"/>
      <line num="46" count="29" type="stmt"/>
      <line num="50" count="38" type="stmt"/>
      <line num="51" count="38" type="stmt"/>
      <line num="53" count="38" type="cond" truecount="2" falsecount="0"/>
      <line num="54" count="31" type="stmt"/>
      <line num="55" count="31" type="stmt"/>
      <line num="56" count="31" type="stmt"/>
      <line num="57" count="0" type="cond" truecount="0" falsecount="2"/>
      <line num="58" count="0" type="stmt"/>
      <line num="59" count="0" type="stmt"/>
      <line num="64" count="38" type="cond" truecount="2" falsecount="0"/>
      <line num="65" count="31" type="stmt"/>
      <line num="66" count="31" type="stmt"/>
      <line num="67" count="31" type="stmt"/>
      <line num="68" count="0" type="cond" truecount="0" falsecount="2"/>
      <line num="69" count="0" type="stmt"/>
      <line num="70" count="0" type="stmt"/>
      <line num="76" count="38" type="stmt"/>
      <line num="78" count="38" type="cond" truecount="1" falsecount="1"/>
      <line num="79" count="0" type="stmt"/>
      <line num="83" count="38" type="stmt"/>
      <line num="84" count="38" type="cond" truecount="1" falsecount="1"/>
      <line num="85" count="0" type="stmt"/>
      <line num="89" count="38" type="stmt"/>
      <line num="90" count="38" type="cond" truecount="1" falsecount="1"/>
      <line num="91" count="0" type="stmt"/>
      <line num="97" count="38" type="stmt"/>
      <line num="98" count="38" type="cond" truecount="2" falsecount="0"/>
      <line num="101" count="31" type="stmt"/>
      <line num="102" count="31" type="stmt"/>
      <line num="103" count="62" type="stmt"/>
      <line num="109" count="38" type="stmt"/>
      <line num="110" count="38" type="cond" truecount="4" falsecount="0"/>
      <line num="111" count="3" type="stmt"/>
      <line num="112" count="3" type="stmt"/>
      <line num="113" count="3" type="cond" truecount="1" falsecount="1"/>
      <line num="115" count="3" type="stmt"/>
      <line num="116" count="3" type="cond" truecount="2" falsecount="0"/>
      <line num="117" count="1" type="stmt"/>
      <line num="118" count="1" type="stmt"/>
      <line num="120" count="2" type="stmt"/>
      <line num="121" count="2" type="stmt"/>
      <line num="125" count="3" type="stmt"/>
      <line num="126" count="0" type="stmt"/>
      <line num="127" count="0" type="stmt"/>
      <line num="130" count="3" type="stmt"/>
      <line num="135" count="4" type="stmt"/>
      <line num="136" count="4" type="cond" truecount="3" falsecount="1"/>
      <line num="137" count="4" type="stmt"/>
      <line num="139" count="4" type="cond" truecount="3" falsecount="1"/>
      <line num="141" count="4" type="stmt"/>
      <line num="142" count="4" type="stmt"/>
      <line num="144" count="4" type="cond" truecount="2" falsecount="0"/>
      <line num="146" count="2" type="stmt"/>
      <line num="147" count="2" type="cond" truecount="2" falsecount="0"/>
      <line num="148" count="2" type="stmt"/>
      <line num="150" count="2" type="stmt"/>
      <line num="151" count="2" type="cond" truecount="2" falsecount="0"/>
      <line num="152" count="2" type="stmt"/>
      <line num="155" count="4" type="stmt"/>
      <line num="156" count="4" type="stmt"/>
      <line num="158" count="4" type="stmt"/>
      <line num="162" count="12" type="cond" truecount="4" falsecount="0"/>
      <line num="165" count="10" type="cond" truecount="2" falsecount="0"/>
      <line num="166" count="6" type="stmt"/>
      <line num="167" count="6" type="stmt"/>
      <line num="171" count="4" type="stmt"/>
      <line num="172" count="4" type="stmt"/>
      <line num="176" count="6" type="cond" truecount="2" falsecount="0"/>
      <line num="181" count="4" type="stmt"/>
      <line num="182" count="4" type="cond" truecount="1" falsecount="1"/>
      <line num="184" count="4" type="cond" truecount="2" falsecount="0"/>
      <line num="185" count="2" type="stmt"/>
      <line num="186" count="2" type="stmt"/>
      <line num="188" count="2" type="stmt"/>
      <line num="193" count="0" type="cond" truecount="0" falsecount="4"/>
      <line num="194" count="0" type="stmt"/>
      <line num="195" count="0" type="stmt"/>
      <line num="196" count="0" type="cond" truecount="0" falsecount="2"/>
      <line num="197" count="0" type="stmt"/>
      <line num="202" count="4" type="cond" truecount="2" falsecount="0"/>
      <line num="203" count="2" type="stmt"/>
      <line num="204" count="2" type="stmt"/>
      <line num="206" count="2" type="stmt"/>
      <line num="207" count="2" type="stmt"/>
      <line num="212" count="2" type="stmt"/>
      <line num="213" count="2" type="stmt"/>
      <line num="214" count="2" type="cond" truecount="1" falsecount="1"/>
      <line num="216" count="2" type="stmt"/>
      <line num="217" count="2" type="cond" truecount="2" falsecount="0"/>
      <line num="218" count="1" type="cond" truecount="1" falsecount="1"/>
      <line num="219" count="1" type="cond" truecount="1" falsecount="1"/>
      <line num="220" count="1" type="stmt"/>
      <line num="223" count="2" type="cond" truecount="1" falsecount="3"/>
      <line num="224" count="2" type="stmt"/>
      <line num="229" count="0" type="cond" truecount="0" falsecount="2"/>
      <line num="230" count="0" type="stmt"/>
      <line num="233" count="0" type="stmt"/>
      <line num="234" count="0" type="stmt"/>
      <line num="240" count="0" type="stmt"/>
      <line num="241" count="0" type="stmt"/>
      <line num="243" count="0" type="cond" truecount="0" falsecount="4"/>
      <line num="244" count="0" type="stmt"/>
      <line num="245" count="0" type="stmt"/>
      <line num="248" count="0" type="stmt"/>
      <line num="249" count="0" type="stmt"/>
      <line num="252" count="0" type="stmt"/>
      <line num="254" count="0" type="stmt"/>
      <line num="257" count="0" type="stmt"/>
      <line num="259" count="0" type="cond" truecount="0" falsecount="2"/>
      <line num="260" count="0" type="stmt"/>
      <line num="262" count="0" type="stmt"/>
      <line num="265" count="0" type="stmt"/>
      <line num="267" count="0" type="stmt"/>
      <line num="273" count="3" type="stmt"/>
      <line num="274" count="3" type="stmt"/>
      <line num="275" count="3" type="stmt"/>
      <line num="276" count="3" type="stmt"/>
      <line num="277" count="3" type="stmt"/>
      <line num="278" count="2" type="stmt"/>
      <line num="280" count="2" type="stmt"/>
      <line num="281" count="2" type="stmt"/>
      <line num="283" count="0" type="stmt"/>
      <line num="286" count="2" type="cond" truecount="4" falsecount="0"/>
      <line num="287" count="1" type="stmt"/>
      <line num="290" count="1" type="cond" truecount="1" falsecount="1"/>
      <line num="291" count="1" type="stmt"/>
      <line num="308" count="1" type="stmt"/>
      <line num="310" count="1" type="stmt"/>
      <line num="311" count="1" type="stmt"/>
      <line num="319" count="3" type="stmt"/>
      <line num="321" count="3" type="stmt"/>
      <line num="322" count="3" type="cond" truecount="1" falsecount="1"/>
      <line num="323" count="3" type="stmt"/>
      <line num="324" count="3" type="stmt"/>
      <line num="325" count="2" type="cond" truecount="1" falsecount="1"/>
      <line num="326" count="2" type="stmt"/>
      <line num="327" count="2" type="cond" truecount="1" falsecount="1"/>
      <line num="328" count="0" type="stmt"/>
      <line num="330" count="2" type="stmt"/>
      <line num="332" count="0" type="stmt"/>
      <line num="333" count="0" type="stmt"/>
      <line num="334" count="0" type="cond" truecount="0" falsecount="2"/>
      <line num="335" count="0" type="stmt"/>
      <line num="336" count="0" type="cond" truecount="0" falsecount="2"/>
      <line num="337" count="0" type="stmt"/>
      <line num="338" count="0" type="stmt"/>
      <line num="342" count="0" type="stmt"/>
      <line num="346" count="1" type="stmt"/>
      <line num="350" count="3" type="stmt"/>
      <line num="352" count="3" type="stmt"/>
      <line num="353" count="0" type="stmt"/>
      <line num="358" count="5" type="stmt"/>
      <line num="369" count="5" type="stmt"/>
      <line num="375" count="4" type="stmt"/>
      <line num="376" count="4" type="cond" truecount="2" falsecount="0"/>
      <line num="377" count="1" type="cond" truecount="1" falsecount="1"/>
      <line num="378" count="1" type="stmt"/>
      <line num="381" count="3" type="stmt"/>
      <line num="386" count="0" type="stmt"/>
      <line num="388" count="0" type="cond" truecount="0" falsecount="4"/>
      <line num="389" count="0" type="cond" truecount="0" falsecount="4"/>
      <line num="390" count="0" type="stmt"/>
      <line num="391" count="0" type="cond" truecount="0" falsecount="2"/>
      <line num="392" count="0" type="stmt"/>
      <line num="393" count="0" type="cond" truecount="0" falsecount="4"/>
      <line num="394" count="0" type="stmt"/>
      <line num="398" count="0" type="stmt"/>
      <line num="401" count="0" type="stmt"/>
      <line num="402" count="0" type="cond" truecount="0" falsecount="2"/>
      <line num="403" count="0" type="stmt"/>
      <line num="410" count="5" type="cond" truecount="2" falsecount="0"/>
      <line num="411" count="4" type="stmt"/>
      <line num="416" count="39" type="stmt"/>
      <line num="418" count="39" type="cond" truecount="2" falsecount="0"/>
      <line num="425" count="1" type="stmt"/>
      <line num="430" count="4" type="stmt"/>
      <line num="431" count="4" type="stmt"/>
      <line num="433" count="4" type="cond" truecount="3" falsecount="1"/>
      <line num="435" count="4" type="stmt"/>
      <line num="436" count="4" type="cond" truecount="2" falsecount="0"/>
      <line num="438" count="4" type="stmt"/>
      <line num="439" count="4" type="cond" truecount="1" falsecount="1"/>
      <line num="440" count="4" type="cond" truecount="2" falsecount="0"/>
      <line num="445" count="1" type="stmt"/>
      <line num="449" count="1" type="stmt"/>
      <line num="450" count="1" type="stmt"/>
      <line num="459" count="2" type="stmt"/>
      <line num="460" count="2" type="stmt"/>
      <line num="462" count="2" type="cond" truecount="1" falsecount="1"/>
      <line num="463" count="2" type="stmt"/>
      <line num="464" count="2" type="stmt"/>
      <line num="466" count="2" type="cond" truecount="2" falsecount="0"/>
      <line num="467" count="1" type="stmt"/>
      <line num="468" count="1" type="cond" truecount="1" falsecount="1"/>
      <line num="469" count="1" type="cond" truecount="1" falsecount="1"/>
      <line num="471" count="1" type="stmt"/>
      <line num="472" count="1" type="cond" truecount="1" falsecount="1"/>
      <line num="473" count="1" type="cond" truecount="1" falsecount="1"/>
      <line num="477" count="2" type="cond" truecount="1" falsecount="1"/>
      <line num="478" count="2" type="cond" truecount="2" falsecount="0"/>
      <line num="483" count="4" type="stmt"/>
      <line num="484" count="4" type="cond" truecount="1" falsecount="1"/>
      <line num="486" count="4" type="stmt"/>
      <line num="487" count="4" type="stmt"/>
      <line num="490" count="4" type="stmt"/>
      <line num="491" count="4" type="stmt"/>
      <line num="494" count="4" type="stmt"/>
      <line num="495" count="4" type="cond" truecount="4" falsecount="0"/>
      <line num="497" count="1" type="stmt"/>
      <line num="498" count="1" type="stmt"/>
      <line num="500" count="1" type="stmt"/>
      <line num="501" count="1" type="stmt"/>
      <line num="503" count="1" type="stmt"/>
      <line num="504" count="1" type="stmt"/>
      <line num="506" count="1" type="stmt"/>
      <line num="507" count="1" type="stmt"/>
      <line num="510" count="4" type="cond" truecount="1" falsecount="1"/>
      <line num="511" count="4" type="stmt"/>
      <line num="514" count="4" type="cond" truecount="1" falsecount="1"/>
      <line num="515" count="4" type="stmt"/>
      <line num="518" count="4" type="stmt"/>
      <line num="521" count="4" type="cond" truecount="2" falsecount="0"/>
      <line num="522" count="3" type="stmt"/>
      <line num="523" count="0" type="stmt"/>
      <line num="532" count="0" type="stmt"/>
      <line num="536" count="0" type="stmt"/>
      <line num="544" count="1" type="stmt"/>
      <line num="545" count="3" type="stmt"/>
      <line num="546" count="1" type="stmt"/>
      <line num="547" count="1" type="stmt"/>
      <line num="549" count="3" type="stmt"/>
      <line num="550" count="3" type="stmt"/>
      <line num="556" count="1" type="stmt"/>
      <line num="557" count="4" type="stmt"/>
      <line num="558" count="4" type="stmt"/>
      <line num="559" count="4" type="cond" truecount="2" falsecount="0"/>
      <line num="560" count="2" type="stmt"/>
      <line num="561" count="2" type="stmt"/>
      <line num="562" count="2" type="stmt"/>
      <line num="569" count="1" type="stmt"/>
      <line num="571" count="0" type="stmt"/>
      <line num="574" count="0" type="cond" truecount="0" falsecount="2"/>
      <line num="579" count="0" type="stmt"/>
      <line num="583" count="0" type="stmt"/>
      <line num="589" count="1" type="cond" truecount="3" falsecount="1"/>
      <line num="590" count="1" type="stmt"/>
    </file>
    <file name="main-menu-script.js" path="/Users/nicolascordero/Desktop/MATERIA UNIVERSIDAD/NEW/Universidad 2025 - Nicolás/Semestre VI/Proyecto Integrador/FrontEnd/frontend-proyecto-integrador/frontend/js/main-menu-script.js">
      <metrics statements="713" coveredstatements="377" conditionals="299" coveredconditionals="137" methods="173" coveredmethods="94"/>
      <line num="2" count="1" type="stmt"/>
      <line num="6" count="1" type="stmt"/>
      <line num="12" count="1" type="stmt"/>
      <line num="18" count="1" type="stmt"/>
      <line num="30" count="1" type="stmt"/>
      <line num="31" count="1" type="stmt"/>
      <line num="33" count="1" type="stmt"/>
      <line num="42" count="22" type="stmt"/>
      <line num="43" count="22" type="stmt"/>
      <line num="44" count="22" type="cond" truecount="2" falsecount="0"/>
      <line num="46" count="1" type="stmt"/>
      <line num="47" count="1" type="stmt"/>
      <line num="52" count="6" type="stmt"/>
      <line num="53" count="6" type="stmt"/>
      <line num="54" count="5" type="stmt"/>
      <line num="56" count="1" type="stmt"/>
      <line num="57" count="1" type="stmt"/>
      <line num="62" count="2" type="stmt"/>
      <line num="63" count="2" type="stmt"/>
      <line num="64" count="1" type="stmt"/>
      <line num="66" count="1" type="stmt"/>
      <line num="67" count="1" type="stmt"/>
      <line num="72" count="4" type="stmt"/>
      <line num="73" count="4" type="stmt"/>
      <line num="74" count="3" type="stmt"/>
      <line num="76" count="1" type="stmt"/>
      <line num="77" count="1" type="stmt"/>
      <line num="84" count="6" type="stmt"/>
      <line num="85" count="6" type="stmt"/>
      <line num="86" count="5" type="stmt"/>
      <line num="88" count="5" type="stmt"/>
      <line num="89" count="5" type="stmt"/>
      <line num="91" count="1" type="stmt"/>
      <line num="94" count="2" type="stmt"/>
      <line num="95" count="2" type="stmt"/>
      <line num="100" count="3" type="stmt"/>
      <line num="101" count="3" type="stmt"/>
      <line num="103" count="3" type="cond" truecount="4" falsecount="0"/>
      <line num="104" count="1" type="stmt"/>
      <line num="107" count="2" type="stmt"/>
      <line num="113" count="26" type="stmt"/>
      <line num="117" count="3" type="stmt"/>
      <line num="118" count="3" type="cond" truecount="2" falsecount="0"/>
      <line num="119" count="1" type="stmt"/>
      <line num="120" count="1" type="stmt"/>
      <line num="123" count="2" type="stmt"/>
      <line num="124" count="2" type="stmt"/>
      <line num="125" count="2" type="stmt"/>
      <line num="127" count="2" type="stmt"/>
      <line num="128" count="1" type="stmt"/>
      <line num="129" count="1" type="stmt"/>
      <line num="132" count="2" type="stmt"/>
      <line num="133" count="1" type="stmt"/>
      <line num="136" count="2" type="stmt"/>
      <line num="141" count="2" type="cond" truecount="2" falsecount="0"/>
      <line num="142" count="1" type="stmt"/>
      <line num="145" count="1" type="stmt"/>
      <line num="146" count="1" type="stmt"/>
      <line num="147" count="1" type="stmt"/>
      <line num="148" count="1" type="stmt"/>
      <line num="149" count="1" type="stmt"/>
      <line num="150" count="1" type="stmt"/>
      <line num="154" count="8" type="stmt"/>
      <line num="155" count="8" type="stmt"/>
      <line num="156" count="0" type="stmt"/>
      <line num="157" count="0" type="cond" truecount="0" falsecount="2"/>
      <line num="158" count="0" type="stmt"/>
      <line num="159" count="0" type="stmt"/>
      <line num="166" count="8" type="stmt"/>
      <line num="167" count="8" type="stmt"/>
      <line num="168" count="8" type="cond" truecount="2" falsecount="0"/>
      <line num="169" count="1" type="stmt"/>
      <line num="170" count="1" type="stmt"/>
      <line num="176" count="1" type="cond" truecount="1" falsecount="1"/>
      <line num="177" count="1" type="stmt"/>
      <line num="178" count="2" type="cond" truecount="2" falsecount="0"/>
      <line num="179" count="1" type="stmt"/>
      <line num="180" count="1" type="cond" truecount="1" falsecount="1"/>
      <line num="181" count="1" type="cond" truecount="1" falsecount="1"/>
      <line num="182" count="1" type="stmt"/>
      <line num="183" count="1" type="cond" truecount="1" falsecount="1"/>
      <line num="186" count="1" type="stmt"/>
      <line num="192" count="4" type="stmt"/>
      <line num="205" count="2" type="cond" truecount="5" falsecount="1"/>
      <line num="206" count="2" type="cond" truecount="1" falsecount="1"/>
      <line num="207" count="2" type="stmt"/>
      <line num="208" count="2" type="cond" truecount="3" falsecount="1"/>
      <line num="209" count="2" type="cond" truecount="2" falsecount="0"/>
      <line num="210" count="2" type="cond" truecount="2" falsecount="0"/>
      <line num="211" count="2" type="cond" truecount="2" falsecount="0"/>
      <line num="213" count="2" type="stmt"/>
      <line num="214" count="2" type="cond" truecount="2" falsecount="2"/>
      <line num="215" count="0" type="stmt"/>
      <line num="216" count="0" type="stmt"/>
      <line num="217" count="2" type="cond" truecount="1" falsecount="1"/>
      <line num="218" count="0" type="stmt"/>
      <line num="219" count="0" type="stmt"/>
      <line num="222" count="2" type="cond" truecount="2" falsecount="0"/>
      <line num="223" count="2" type="cond" truecount="2" falsecount="0"/>
      <line num="224" count="2" type="cond" truecount="2" falsecount="0"/>
      <line num="225" count="2" type="cond" truecount="2" falsecount="0"/>
      <line num="226" count="2" type="cond" truecount="2" falsecount="0"/>
      <line num="228" count="2" type="stmt"/>
      <line num="313" count="1" type="stmt"/>
      <line num="336" count="0" type="stmt"/>
      <line num="356" count="1" type="stmt"/>
      <line num="389" count="28" type="stmt"/>
      <line num="393" count="19" type="stmt"/>
      <line num="397" count="2" type="stmt"/>
      <line num="398" count="2" type="stmt"/>
      <line num="402" count="4" type="stmt"/>
      <line num="416" count="1" type="stmt"/>
      <line num="417" count="1" type="stmt"/>
      <line num="418" count="1" type="stmt"/>
      <line num="422" count="2" type="stmt"/>
      <line num="428" count="1" type="stmt"/>
      <line num="432" count="1" type="stmt"/>
      <line num="436" count="1" type="stmt"/>
      <line num="442" count="13" type="stmt"/>
      <line num="443" count="13" type="stmt"/>
      <line num="447" count="1" type="stmt"/>
      <line num="451" count="8" type="stmt"/>
      <line num="452" count="8" type="stmt"/>
      <line num="453" count="8" type="stmt"/>
      <line num="455" count="8" type="cond" truecount="2" falsecount="0"/>
      <line num="456" count="1" type="stmt"/>
      <line num="459" count="8" type="stmt"/>
      <line num="463" count="2" type="stmt"/>
      <line num="464" count="2" type="stmt"/>
      <line num="470" count="1" type="stmt"/>
      <line num="474" count="3" type="stmt"/>
      <line num="476" count="3" type="stmt"/>
      <line num="479" count="3" type="cond" truecount="1" falsecount="1"/>
      <line num="480" count="0" type="stmt"/>
      <line num="483" count="3" type="stmt"/>
      <line num="484" count="3" type="cond" truecount="2" falsecount="0"/>
      <line num="485" count="2" type="stmt"/>
      <line num="488" count="1" type="stmt"/>
      <line num="489" count="1" type="stmt"/>
      <line num="491" count="1" type="stmt"/>
      <line num="496" count="0" type="stmt"/>
      <line num="497" count="0" type="stmt"/>
      <line num="498" count="0" type="stmt"/>
      <line num="499" count="0" type="stmt"/>
      <line num="501" count="0" type="stmt"/>
      <line num="502" count="0" type="stmt"/>
      <line num="503" count="0" type="stmt"/>
      <line num="504" count="0" type="stmt"/>
      <line num="505" count="0" type="cond" truecount="0" falsecount="2"/>
      <line num="506" count="0" type="cond" truecount="0" falsecount="4"/>
      <line num="507" count="0" type="stmt"/>
      <line num="508" count="0" type="cond" truecount="0" falsecount="4"/>
      <line num="509" count="0" type="stmt"/>
      <line num="513" count="0" type="stmt"/>
      <line num="514" count="0" type="cond" truecount="0" falsecount="4"/>
      <line num="515" count="0" type="cond" truecount="0" falsecount="2"/>
      <line num="516" count="0" type="cond" truecount="0" falsecount="2"/>
      <line num="518" count="0" type="cond" truecount="0" falsecount="2"/>
      <line num="519" count="0" type="stmt"/>
      <line num="520" count="0" type="stmt"/>
      <line num="524" count="0" type="stmt"/>
      <line num="529" count="0" type="stmt"/>
      <line num="530" count="0" type="cond" truecount="0" falsecount="2"/>
      <line num="531" count="0" type="stmt"/>
      <line num="532" count="0" type="stmt"/>
      <line num="533" count="0" type="stmt"/>
      <line num="539" count="0" type="stmt"/>
      <line num="543" count="0" type="cond" truecount="0" falsecount="2"/>
      <line num="544" count="0" type="cond" truecount="0" falsecount="2"/>
      <line num="545" count="0" type="stmt"/>
      <line num="546" count="0" type="stmt"/>
      <line num="547" count="0" type="stmt"/>
      <line num="549" count="0" type="stmt"/>
      <line num="553" count="0" type="stmt"/>
      <line num="554" count="0" type="cond" truecount="0" falsecount="4"/>
      <line num="555" count="0" type="stmt"/>
      <line num="562" count="1" type="stmt"/>
      <line num="566" count="2" type="stmt"/>
      <line num="568" count="2" type="stmt"/>
      <line num="570" count="2" type="stmt"/>
      <line num="571" count="2" type="cond" truecount="2" falsecount="0"/>
      <line num="572" count="1" type="stmt"/>
      <line num="575" count="1" type="stmt"/>
      <line num="576" count="1" type="stmt"/>
      <line num="577" count="1" type="stmt"/>
      <line num="578" count="1" type="stmt"/>
      <line num="580" count="1" type="stmt"/>
      <line num="582" count="1" type="stmt"/>
      <line num="584" count="1" type="stmt"/>
      <line num="585" count="1" type="stmt"/>
      <line num="586" count="4" type="stmt"/>
      <line num="587" count="4" type="stmt"/>
      <line num="592" count="1" type="stmt"/>
      <line num="593" count="1" type="stmt"/>
      <line num="599" count="1" type="stmt"/>
      <line num="603" count="1" type="stmt"/>
      <line num="605" count="1" type="stmt"/>
      <line num="607" count="1" type="cond" truecount="1" falsecount="1"/>
      <line num="608" count="1" type="stmt"/>
      <line num="611" count="1" type="stmt"/>
      <line num="616" count="1" type="stmt"/>
      <line num="617" count="1" type="stmt"/>
      <line num="619" count="1" type="stmt"/>
      <line num="620" count="1" type="stmt"/>
      <line num="621" count="1" type="stmt"/>
      <line num="622" count="1" type="stmt"/>
      <line num="623" count="1" type="cond" truecount="1" falsecount="1"/>
      <line num="624" count="0" type="stmt"/>
      <line num="625" count="0" type="stmt"/>
      <line num="626" count="0" type="stmt"/>
      <line num="630" count="1" type="stmt"/>
      <line num="632" count="0" type="stmt"/>
      <line num="633" count="0" type="stmt"/>
      <line num="634" count="0" type="cond" truecount="0" falsecount="2"/>
      <line num="635" count="0" type="stmt"/>
      <line num="638" count="0" type="stmt"/>
      <line num="639" count="0" type="stmt"/>
      <line num="640" count="0" type="stmt"/>
      <line num="641" count="0" type="stmt"/>
      <line num="642" count="0" type="stmt"/>
      <line num="643" count="0" type="stmt"/>
      <line num="650" count="1" type="stmt"/>
      <line num="651" count="1" type="stmt"/>
      <line num="652" count="1" type="cond" truecount="1" falsecount="1"/>
      <line num="653" count="1" type="stmt"/>
      <line num="660" count="1" type="stmt"/>
      <line num="664" count="1" type="stmt"/>
      <line num="666" count="1" type="stmt"/>
      <line num="668" count="1" type="stmt"/>
      <line num="669" count="1" type="stmt"/>
      <line num="671" count="1" type="stmt"/>
      <line num="683" count="1" type="stmt"/>
      <line num="684" count="9" type="stmt"/>
      <line num="685" count="9" type="stmt"/>
      <line num="687" count="1" type="stmt"/>
      <line num="688" count="1" type="stmt"/>
      <line num="689" count="0" type="stmt"/>
      <line num="690" count="0" type="stmt"/>
      <line num="692" count="0" type="stmt"/>
      <line num="693" count="0" type="stmt"/>
      <line num="694" count="0" type="cond" truecount="0" falsecount="2"/>
      <line num="695" count="0" type="stmt"/>
      <line num="701" count="1" type="stmt"/>
      <line num="703" count="0" type="stmt"/>
      <line num="704" count="0" type="stmt"/>
      <line num="705" count="0" type="stmt"/>
      <line num="706" count="0" type="stmt"/>
      <line num="707" count="0" type="stmt"/>
      <line num="709" count="0" type="stmt"/>
      <line num="714" count="1" type="stmt"/>
      <line num="720" count="0" type="stmt"/>
      <line num="724" count="0" type="stmt"/>
      <line num="726" count="0" type="stmt"/>
      <line num="728" count="0" type="stmt"/>
      <line num="729" count="0" type="cond" truecount="0" falsecount="2"/>
      <line num="730" count="0" type="stmt"/>
      <line num="733" count="0" type="stmt"/>
      <line num="734" count="0" type="stmt"/>
      <line num="735" count="0" type="stmt"/>
      <line num="736" count="0" type="stmt"/>
      <line num="738" count="0" type="stmt"/>
      <line num="741" count="0" type="stmt"/>
      <line num="743" count="0" type="stmt"/>
      <line num="745" count="0" type="stmt"/>
      <line num="751" count="0" type="stmt"/>
      <line num="752" count="0" type="stmt"/>
      <line num="753" count="0" type="stmt"/>
      <line num="757" count="0" type="cond" truecount="0" falsecount="2"/>
      <line num="758" count="0" type="stmt"/>
      <line num="759" count="0" type="cond" truecount="0" falsecount="2"/>
      <line num="760" count="0" type="stmt"/>
      <line num="763" count="0" type="stmt"/>
      <line num="765" count="0" type="cond" truecount="0" falsecount="2"/>
      <line num="766" count="0" type="stmt"/>
      <line num="772" count="0" type="stmt"/>
      <line num="773" count="0" type="stmt"/>
      <line num="774" count="0" type="stmt"/>
      <line num="781" count="0" type="stmt"/>
      <line num="785" count="0" type="stmt"/>
      <line num="787" count="0" type="stmt"/>
      <line num="789" count="0" type="stmt"/>
      <line num="790" count="0" type="cond" truecount="0" falsecount="2"/>
      <line num="791" count="0" type="stmt"/>
      <line num="794" count="0" type="stmt"/>
      <line num="795" count="0" type="stmt"/>
      <line num="796" count="0" type="stmt"/>
      <line num="797" count="0" type="stmt"/>
      <line num="799" count="0" type="stmt"/>
      <line num="802" count="0" type="stmt"/>
      <line num="804" count="0" type="stmt"/>
      <line num="806" count="0" type="stmt"/>
      <line num="812" count="0" type="stmt"/>
      <line num="813" count="0" type="stmt"/>
      <line num="814" count="0" type="stmt"/>
      <line num="818" count="0" type="cond" truecount="0" falsecount="2"/>
      <line num="819" count="0" type="stmt"/>
      <line num="820" count="0" type="cond" truecount="0" falsecount="2"/>
      <line num="821" count="0" type="stmt"/>
      <line num="824" count="0" type="stmt"/>
      <line num="826" count="0" type="cond" truecount="0" falsecount="2"/>
      <line num="827" count="0" type="stmt"/>
      <line num="833" count="0" type="stmt"/>
      <line num="834" count="0" type="stmt"/>
      <line num="835" count="0" type="stmt"/>
      <line num="842" count="0" type="stmt"/>
      <line num="846" count="0" type="stmt"/>
      <line num="848" count="0" type="stmt"/>
      <line num="850" count="0" type="stmt"/>
      <line num="851" count="0" type="cond" truecount="0" falsecount="2"/>
      <line num="852" count="0" type="stmt"/>
      <line num="855" count="0" type="stmt"/>
      <line num="856" count="0" type="stmt"/>
      <line num="857" count="0" type="stmt"/>
      <line num="858" count="0" type="cond" truecount="0" falsecount="2"/>
      <line num="859" count="0" type="stmt"/>
      <line num="861" count="0" type="stmt"/>
      <line num="865" count="0" type="stmt"/>
      <line num="871" count="0" type="stmt"/>
      <line num="875" count="0" type="stmt"/>
      <line num="877" count="0" type="stmt"/>
      <line num="878" count="0" type="stmt"/>
      <line num="880" count="0" type="stmt"/>
      <line num="881" count="0" type="cond" truecount="0" falsecount="2"/>
      <line num="882" count="0" type="stmt"/>
      <line num="885" count="0" type="stmt"/>
      <line num="886" count="0" type="stmt"/>
      <line num="888" count="0" type="stmt"/>
      <line num="893" count="0" type="stmt"/>
      <line num="895" count="0" type="stmt"/>
      <line num="896" count="0" type="stmt"/>
      <line num="897" count="0" type="stmt"/>
      <line num="898" count="0" type="cond" truecount="0" falsecount="2"/>
      <line num="899" count="0" type="cond" truecount="0" falsecount="2"/>
      <line num="900" count="0" type="stmt"/>
      <line num="902" count="0" type="stmt"/>
      <line num="903" count="0" type="stmt"/>
      <line num="904" count="0" type="stmt"/>
      <line num="906" count="0" type="stmt"/>
      <line num="908" count="0" type="stmt"/>
      <line num="915" count="0" type="cond" truecount="0" falsecount="2"/>
      <line num="916" count="0" type="stmt"/>
      <line num="917" count="0" type="stmt"/>
      <line num="919" count="0" type="stmt"/>
      <line num="920" count="0" type="stmt"/>
      <line num="926" count="19" type="stmt"/>
      <line num="927" count="19" type="stmt"/>
      <line num="928" count="19" type="stmt"/>
      <line num="929" count="19" type="stmt"/>
      <line num="930" count="19" type="stmt"/>
      <line num="931" count="19" type="stmt"/>
      <line num="932" count="19" type="stmt"/>
      <line num="933" count="19" type="stmt"/>
      <line num="937" count="9" type="stmt"/>
      <line num="938" count="9" type="stmt"/>
      <line num="940" count="9" type="stmt"/>
      <line num="941" count="9" type="stmt"/>
      <line num="942" count="9" type="stmt"/>
      <line num="943" count="9" type="stmt"/>
      <line num="944" count="9" type="stmt"/>
      <line num="945" count="9" type="stmt"/>
      <line num="946" count="9" type="stmt"/>
      <line num="947" count="9" type="stmt"/>
      <line num="948" count="9" type="stmt"/>
      <line num="952" count="8" type="stmt"/>
      <line num="961" count="11" type="cond" truecount="2" falsecount="0"/>
      <line num="962" count="1" type="stmt"/>
      <line num="965" count="10" type="stmt"/>
      <line num="966" count="10" type="cond" truecount="2" falsecount="0"/>
      <line num="967" count="1" type="stmt"/>
      <line num="970" count="9" type="cond" truecount="2" falsecount="0"/>
      <line num="971" count="1" type="stmt"/>
      <line num="974" count="8" type="cond" truecount="2" falsecount="0"/>
      <line num="975" count="1" type="stmt"/>
      <line num="976" count="1" type="cond" truecount="1" falsecount="1"/>
      <line num="977" count="1" type="stmt"/>
      <line num="981" count="8" type="stmt"/>
      <line num="982" count="8" type="stmt"/>
      <line num="983" count="6" type="stmt"/>
      <line num="985" count="2" type="stmt"/>
      <line num="986" count="2" type="stmt"/>
      <line num="990" count="2" type="stmt"/>
      <line num="991" count="2" type="stmt"/>
      <line num="996" count="4" type="stmt"/>
      <line num="1000" count="2" type="stmt"/>
      <line num="1006" count="2" type="stmt"/>
      <line num="1007" count="2" type="stmt"/>
      <line num="1009" count="2" type="cond" truecount="2" falsecount="0"/>
      <line num="1010" count="1" type="stmt"/>
      <line num="1011" count="1" type="stmt"/>
      <line num="1014" count="1" type="stmt"/>
      <line num="1015" count="1" type="stmt"/>
      <line num="1019" count="1" type="stmt"/>
      <line num="1020" count="1" type="stmt"/>
      <line num="1021" count="1" type="stmt"/>
      <line num="1022" count="2" type="stmt"/>
      <line num="1026" count="1" type="stmt"/>
      <line num="1027" count="2" type="cond" truecount="2" falsecount="0"/>
      <line num="1028" count="1" type="stmt"/>
      <line num="1034" count="2" type="stmt"/>
      <line num="1035" count="2" type="stmt"/>
      <line num="1036" count="2" type="stmt"/>
      <line num="1038" count="2" type="stmt"/>
      <line num="1039" count="4" type="stmt"/>
      <line num="1040" count="4" type="cond" truecount="4" falsecount="0"/>
      <line num="1041" count="1" type="stmt"/>
      <line num="1042" count="1" type="stmt"/>
      <line num="1044" count="3" type="stmt"/>
      <line num="1048" count="2" type="cond" truecount="2" falsecount="0"/>
      <line num="1053" count="1" type="stmt"/>
      <line num="1054" count="1" type="cond" truecount="1" falsecount="1"/>
      <line num="1055" count="1" type="stmt"/>
      <line num="1056" count="1" type="cond" truecount="3" falsecount="1"/>
      <line num="1057" count="0" type="stmt"/>
      <line num="1059" count="1" type="stmt"/>
      <line num="1068" count="2" type="stmt"/>
      <line num="1069" count="2" type="stmt"/>
      <line num="1071" count="2" type="stmt"/>
      <line num="1072" count="2" type="cond" truecount="2" falsecount="0"/>
      <line num="1073" count="1" type="stmt"/>
      <line num="1076" count="2" type="stmt"/>
      <line num="1078" count="0" type="cond" truecount="0" falsecount="2"/>
      <line num="1080" count="2" type="stmt"/>
      <line num="1081" count="0" type="stmt"/>
      <line num="1082" count="0" type="stmt"/>
      <line num="1083" count="0" type="stmt"/>
      <line num="1084" count="0" type="stmt"/>
      <line num="1085" count="0" type="stmt"/>
      <line num="1086" count="0" type="stmt"/>
      <line num="1087" count="0" type="stmt"/>
      <line num="1090" count="2" type="stmt"/>
      <line num="1091" count="2" type="cond" truecount="1" falsecount="1"/>
      <line num="1092" count="2" type="stmt"/>
      <line num="1097" count="2" type="stmt"/>
      <line num="1098" count="2" type="stmt"/>
      <line num="1099" count="2" type="cond" truecount="4" falsecount="0"/>
      <line num="1100" count="1" type="stmt"/>
      <line num="1108" count="0" type="stmt"/>
      <line num="1112" count="15" type="stmt"/>
      <line num="1113" count="15" type="cond" truecount="4" falsecount="0"/>
      <line num="1114" count="13" type="stmt"/>
      <line num="1117" count="15" type="stmt"/>
      <line num="1118" count="15" type="cond" truecount="1" falsecount="1"/>
      <line num="1119" count="15" type="stmt"/>
      <line num="1120" count="15" type="stmt"/>
      <line num="1122" count="15" type="cond" truecount="2" falsecount="2"/>
      <line num="1123" count="0" type="stmt"/>
      <line num="1124" count="0" type="stmt"/>
      <line num="1125" count="0" type="stmt"/>
      <line num="1126" count="0" type="cond" truecount="0" falsecount="3"/>
      <line num="1127" count="0" type="stmt"/>
      <line num="1128" count="0" type="stmt"/>
      <line num="1129" count="0" type="stmt"/>
      <line num="1130" count="0" type="stmt"/>
      <line num="1131" count="0" type="stmt"/>
      <line num="1132" count="0" type="cond" truecount="0" falsecount="2"/>
      <line num="1134" count="0" type="stmt"/>
      <line num="1136" count="0" type="stmt"/>
      <line num="1137" count="15" type="cond" truecount="2" falsecount="0"/>
      <line num="1138" count="1" type="stmt"/>
      <line num="1139" count="1" type="cond" truecount="1" falsecount="1"/>
      <line num="1141" count="14" type="cond" truecount="2" falsecount="0"/>
      <line num="1143" count="14" type="stmt"/>
      <line num="1147" count="15" type="stmt"/>
      <line num="1148" count="15" type="cond" truecount="3" falsecount="1"/>
      <line num="1149" count="0" type="stmt"/>
      <line num="1154" count="13" type="stmt"/>
      <line num="1155" count="13" type="stmt"/>
      <line num="1157" count="13" type="cond" truecount="1" falsecount="1"/>
      <line num="1158" count="13" type="stmt"/>
      <line num="1161" count="13" type="cond" truecount="1" falsecount="1"/>
      <line num="1162" count="13" type="stmt"/>
      <line num="1163" count="13" type="stmt"/>
      <line num="1164" count="13" type="stmt"/>
      <line num="1169" count="0" type="stmt"/>
      <line num="1170" count="0" type="stmt"/>
      <line num="1171" count="0" type="cond" truecount="0" falsecount="4"/>
      <line num="1173" count="0" type="stmt"/>
      <line num="1174" count="0" type="stmt"/>
      <line num="1175" count="0" type="cond" truecount="0" falsecount="2"/>
      <line num="1176" count="0" type="cond" truecount="0" falsecount="2"/>
      <line num="1177" count="0" type="stmt"/>
      <line num="1178" count="0" type="stmt"/>
      <line num="1180" count="0" type="stmt"/>
      <line num="1181" count="0" type="stmt"/>
      <line num="1186" count="0" type="stmt"/>
      <line num="1188" count="0" type="stmt"/>
      <line num="1189" count="0" type="stmt"/>
      <line num="1190" count="0" type="stmt"/>
      <line num="1192" count="0" type="stmt"/>
      <line num="1195" count="0" type="stmt"/>
      <line num="1202" count="12" type="stmt"/>
      <line num="1203" count="12" type="stmt"/>
      <line num="1204" count="12" type="stmt"/>
      <line num="1205" count="12" type="stmt"/>
      <line num="1206" count="12" type="stmt"/>
      <line num="1207" count="12" type="stmt"/>
      <line num="1213" count="12" type="stmt"/>
      <line num="1214" count="12" type="stmt"/>
      <line num="1215" count="12" type="stmt"/>
      <line num="1216" count="12" type="stmt"/>
      <line num="1217" count="12" type="stmt"/>
      <line num="1218" count="12" type="stmt"/>
      <line num="1222" count="12" type="stmt"/>
      <line num="1223" count="12" type="cond" truecount="1" falsecount="1"/>
      <line num="1224" count="0" type="stmt"/>
      <line num="1225" count="0" type="stmt"/>
      <line num="1228" count="12" type="stmt"/>
      <line num="1229" count="12" type="stmt"/>
      <line num="1233" count="12" type="stmt"/>
      <line num="1235" count="12" type="cond" truecount="1" falsecount="1"/>
      <line num="1236" count="12" type="cond" truecount="2" falsecount="2"/>
      <line num="1237" count="0" type="stmt"/>
      <line num="1238" count="0" type="stmt"/>
      <line num="1239" count="0" type="cond" truecount="0" falsecount="2"/>
      <line num="1240" count="0" type="stmt"/>
      <line num="1241" count="0" type="cond" truecount="0" falsecount="2"/>
      <line num="1242" count="0" type="stmt"/>
      <line num="1243" count="0" type="stmt"/>
      <line num="1247" count="0" type="stmt"/>
      <line num="1250" count="12" type="stmt"/>
      <line num="1252" count="0" type="stmt"/>
      <line num="1257" count="12" type="stmt"/>
      <line num="1258" count="12" type="stmt"/>
      <line num="1259" count="12" type="stmt"/>
      <line num="1260" count="12" type="stmt"/>
      <line num="1261" count="12" type="stmt"/>
      <line num="1262" count="12" type="stmt"/>
      <line num="1263" count="12" type="stmt"/>
      <line num="1264" count="12" type="stmt"/>
      <line num="1265" count="12" type="stmt"/>
      <line num="1266" count="12" type="stmt"/>
      <line num="1267" count="12" type="stmt"/>
      <line num="1268" count="12" type="stmt"/>
      <line num="1269" count="12" type="stmt"/>
      <line num="1273" count="12" type="stmt"/>
      <line num="1274" count="12" type="cond" truecount="1" falsecount="1"/>
      <line num="1275" count="0" type="stmt"/>
      <line num="1276" count="0" type="stmt"/>
      <line num="1282" count="12" type="stmt"/>
      <line num="1283" count="12" type="stmt"/>
      <line num="1284" count="12" type="cond" truecount="2" falsecount="2"/>
      <line num="1286" count="0" type="stmt"/>
      <line num="1287" count="0" type="stmt"/>
      <line num="1288" count="0" type="cond" truecount="0" falsecount="2"/>
      <line num="1289" count="0" type="cond" truecount="0" falsecount="2"/>
      <line num="1290" count="0" type="stmt"/>
      <line num="1291" count="0" type="stmt"/>
      <line num="1293" count="0" type="stmt"/>
      <line num="1294" count="0" type="stmt"/>
      <line num="1298" count="0" type="stmt"/>
      <line num="1299" count="0" type="stmt"/>
      <line num="1300" count="0" type="stmt"/>
      <line num="1301" count="0" type="stmt"/>
      <line num="1302" count="0" type="stmt"/>
      <line num="1305" count="0" type="stmt"/>
      <line num="1307" count="0" type="stmt"/>
      <line num="1311" count="1" type="stmt"/>
      <line num="1312" count="1" type="stmt"/>
      <line num="1316" count="1" type="stmt"/>
      <line num="1320" count="12" type="stmt"/>
      <line num="1321" count="12" type="cond" truecount="1" falsecount="1"/>
      <line num="1322" count="0" type="stmt"/>
      <line num="1323" count="0" type="stmt"/>
      <line num="1324" count="0" type="stmt"/>
      <line num="1330" count="12" type="stmt"/>
      <line num="1331" count="0" type="stmt"/>
      <line num="1332" count="0" type="stmt"/>
      <line num="1337" count="12" type="stmt"/>
      <line num="1338" count="12" type="stmt"/>
      <line num="1339" count="0" type="stmt"/>
      <line num="1340" count="0" type="cond" truecount="0" falsecount="2"/>
      <line num="1341" count="0" type="stmt"/>
      <line num="1342" count="0" type="stmt"/>
      <line num="1343" count="0" type="stmt"/>
      <line num="1350" count="12" type="stmt"/>
      <line num="1351" count="12" type="stmt"/>
      <line num="1352" count="0" type="stmt"/>
      <line num="1353" count="0" type="cond" truecount="0" falsecount="2"/>
      <line num="1354" count="0" type="stmt"/>
      <line num="1355" count="0" type="stmt"/>
      <line num="1356" count="0" type="stmt"/>
      <line num="1363" count="12" type="stmt"/>
      <line num="1364" count="12" type="stmt"/>
      <line num="1365" count="0" type="stmt"/>
      <line num="1366" count="0" type="cond" truecount="0" falsecount="2"/>
      <line num="1367" count="0" type="stmt"/>
      <line num="1368" count="0" type="stmt"/>
      <line num="1369" count="0" type="stmt"/>
      <line num="1376" count="12" type="stmt"/>
      <line num="1377" count="12" type="stmt"/>
      <line num="1378" count="0" type="stmt"/>
      <line num="1379" count="0" type="cond" truecount="0" falsecount="2"/>
      <line num="1380" count="0" type="stmt"/>
      <line num="1381" count="0" type="stmt"/>
      <line num="1382" count="0" type="stmt"/>
      <line num="1383" count="0" type="stmt"/>
      <line num="1384" count="0" type="stmt"/>
      <line num="1387" count="0" type="cond" truecount="0" falsecount="2"/>
      <line num="1388" count="0" type="stmt"/>
      <line num="1390" count="0" type="stmt"/>
      <line num="1397" count="12" type="stmt"/>
      <line num="1398" count="12" type="stmt"/>
      <line num="1399" count="0" type="stmt"/>
      <line num="1400" count="0" type="cond" truecount="0" falsecount="2"/>
      <line num="1401" count="0" type="stmt"/>
      <line num="1402" count="0" type="stmt"/>
      <line num="1403" count="0" type="stmt"/>
      <line num="1404" count="0" type="stmt"/>
      <line num="1411" count="12" type="stmt"/>
      <line num="1412" count="12" type="stmt"/>
      <line num="1413" count="0" type="stmt"/>
      <line num="1414" count="0" type="cond" truecount="0" falsecount="2"/>
      <line num="1415" count="0" type="stmt"/>
      <line num="1416" count="0" type="stmt"/>
      <line num="1417" count="0" type="stmt"/>
      <line num="1418" count="0" type="stmt"/>
      <line num="1425" count="12" type="stmt"/>
      <line num="1426" count="12" type="stmt"/>
      <line num="1427" count="0" type="stmt"/>
      <line num="1428" count="0" type="cond" truecount="0" falsecount="2"/>
      <line num="1429" count="0" type="stmt"/>
      <line num="1430" count="0" type="stmt"/>
      <line num="1431" count="0" type="stmt"/>
      <line num="1432" count="0" type="stmt"/>
      <line num="1439" count="13" type="stmt"/>
      <line num="1440" count="0" type="stmt"/>
      <line num="1445" count="2" type="stmt"/>
      <line num="1446" count="2" type="stmt"/>
      <line num="1448" count="2" type="stmt"/>
      <line num="1453" count="1" type="stmt"/>
      <line num="1454" count="1" type="stmt"/>
      <line num="1456" count="0" type="stmt"/>
      <line num="1461" count="0" type="stmt"/>
      <line num="1462" count="0" type="stmt"/>
      <line num="1464" count="0" type="stmt"/>
      <line num="1469" count="0" type="stmt"/>
      <line num="1470" count="0" type="stmt"/>
      <line num="1472" count="0" type="stmt"/>
      <line num="1477" count="0" type="stmt"/>
      <line num="1478" count="0" type="stmt"/>
      <line num="1480" count="0" type="stmt"/>
      <line num="1485" count="0" type="stmt"/>
      <line num="1486" count="0" type="stmt"/>
      <line num="1488" count="0" type="stmt"/>
      <line num="1493" count="1" type="stmt"/>
      <line num="1494" count="1" type="stmt"/>
      <line num="1495" count="1" type="stmt"/>
      <line num="1497" count="0" type="stmt"/>
      <line num="1502" count="0" type="stmt"/>
      <line num="1503" count="0" type="stmt"/>
      <line num="1505" count="0" type="stmt"/>
      <line num="1510" count="0" type="stmt"/>
      <line num="1511" count="0" type="stmt"/>
      <line num="1513" count="0" type="stmt"/>
      <line num="1518" count="12" type="stmt"/>
      <line num="1519" count="12" type="cond" truecount="1" falsecount="1"/>
      <line num="1520" count="0" type="stmt"/>
      <line num="1521" count="0" type="stmt"/>
      <line num="1522" count="0" type="stmt"/>
      <line num="1523" count="0" type="stmt"/>
      <line num="1524" count="0" type="stmt"/>
      <line num="1525" count="0" type="stmt"/>
      <line num="1531" count="0" type="stmt"/>
      <line num="1532" count="0" type="stmt"/>
      <line num="1533" count="0" type="cond" truecount="0" falsecount="4"/>
      <line num="1534" count="0" type="stmt"/>
      <line num="1535" count="0" type="stmt"/>
      <line num="1537" count="0" type="stmt"/>
      <line num="1540" count="0" type="stmt"/>
      <line num="1541" count="0" type="stmt"/>
      <line num="1546" count="0" type="stmt"/>
      <line num="1550" count="1" type="stmt"/>
      <line num="1551" count="0" type="stmt"/>
      <line num="1553" count="0" type="stmt"/>
      <line num="1554" count="0" type="cond" truecount="0" falsecount="4"/>
      <line num="1555" count="0" type="stmt"/>
      <line num="1556" count="0" type="stmt"/>
      <line num="1557" count="0" type="stmt"/>
      <line num="1558" count="0" type="cond" truecount="0" falsecount="2"/>
      <line num="1560" count="0" type="stmt"/>
      <line num="1561" count="0" type="cond" truecount="0" falsecount="2"/>
      <line num="1562" count="0" type="stmt"/>
      <line num="1563" count="0" type="stmt"/>
      <line num="1564" count="0" type="cond" truecount="0" falsecount="2"/>
      <line num="1566" count="0" type="stmt"/>
      <line num="1567" count="0" type="stmt"/>
      <line num="1568" count="0" type="cond" truecount="0" falsecount="2"/>
      <line num="1572" count="0" type="stmt"/>
      <line num="1573" count="0" type="stmt"/>
      <line num="1574" count="0" type="stmt"/>
[...]
      <line num="266" count="7" type="stmt"/>
      <line num="267" count="7" type="cond" truecount="2" falsecount="0"/>
      <line num="268" count="6" type="cond" truecount="2" falsecount="0"/>
      <line num="271" count="6" type="stmt"/>
      <line num="274" count="7" type="stmt"/>
      <line num="275" count="7" type="cond" truecount="2" falsecount="0"/>
      <line num="276" count="5" type="cond" truecount="2" falsecount="0"/>
      <line num="279" count="5" type="stmt"/>
      <line num="284" count="4" type="stmt"/>
      <line num="285" count="4" type="stmt"/>
      <line num="286" count="4" type="stmt"/>
      <line num="287" count="4" type="stmt"/>
      <line num="288" count="4" type="stmt"/>
      <line num="289" count="4" type="stmt"/>
      <line num="290" count="4" type="stmt"/>
      <line num="291" count="4" type="stmt"/>
      <line num="292" count="4" type="stmt"/>
      <line num="298" count="8" type="stmt"/>
      <line num="299" count="8" type="cond" truecount="2" falsecount="0"/>
      <line num="301" count="7" type="stmt"/>
      <line num="302" count="1" type="stmt"/>
      <line num="303" count="1" type="stmt"/>
      <line num="308" count="8" type="cond" truecount="2" falsecount="0"/>
      <line num="310" count="8" type="stmt"/>
      <line num="311" count="8" type="cond" truecount="1" falsecount="1"/>
      <line num="312" count="0" type="stmt"/>
      <line num="313" count="0" type="stmt"/>
      <line num="314" count="0" type="stmt"/>
      <line num="315" count="0" type="stmt"/>
      <line num="316" count="0" type="stmt"/>
      <line num="317" count="0" type="stmt"/>
      <line num="320" count="8" type="cond" truecount="2" falsecount="0"/>
      <line num="321" count="5" type="stmt"/>
      <line num="324" count="8" type="stmt"/>
      <line num="325" count="1" type="stmt"/>
      <line num="326" count="0" type="cond" truecount="0" falsecount="2"/>
      <line num="327" count="0" type="stmt"/>
      <line num="328" count="0" type="stmt"/>
      <line num="329" count="0" type="stmt"/>
      <line num="332" count="8" type="stmt"/>
      <line num="333" count="8" type="stmt"/>
      <line num="335" count="8" type="cond" truecount="2" falsecount="0"/>
      <line num="336" count="7" type="stmt"/>
      <line num="339" count="8" type="stmt"/>
      <line num="340" count="0" type="stmt"/>
      <line num="341" count="0" type="cond" truecount="0" falsecount="2"/>
      <line num="343" count="0" type="stmt"/>
      <line num="344" count="0" type="cond" truecount="0" falsecount="2"/>
      <line num="346" count="0" type="stmt"/>
      <line num="347" count="0" type="cond" truecount="0" falsecount="2"/>
      <line num="348" count="0" type="stmt"/>
      <line num="349" count="0" type="stmt"/>
      <line num="350" count="0" type="stmt"/>
      <line num="353" count="0" type="stmt"/>
      <line num="354" count="0" type="cond" truecount="0" falsecount="2"/>
      <line num="355" count="0" type="stmt"/>
      <line num="356" count="0" type="stmt"/>
      <line num="357" count="0" type="stmt"/>
      <line num="360" count="0" type="cond" truecount="0" falsecount="2"/>
      <line num="361" count="0" type="stmt"/>
      <line num="362" count="0" type="stmt"/>
      <line num="364" count="0" type="cond" truecount="0" falsecount="4"/>
      <line num="365" count="0" type="stmt"/>
      <line num="366" count="0" type="stmt"/>
      <line num="367" count="0" type="stmt"/>
      <line num="370" count="0" type="stmt"/>
      <line num="371" count="0" type="cond" truecount="0" falsecount="2"/>
      <line num="372" count="0" type="stmt"/>
      <line num="373" count="0" type="stmt"/>
      <line num="376" count="0" type="stmt"/>
      <line num="378" count="0" type="stmt"/>
      <line num="379" count="0" type="stmt"/>
      <line num="381" count="0" type="stmt"/>
      <line num="382" count="0" type="cond" truecount="0" falsecount="2"/>
      <line num="383" count="0" type="stmt"/>
      <line num="385" count="0" type="cond" truecount="0" falsecount="2"/>
      <line num="386" count="0" type="stmt"/>
      <line num="390" count="0" type="stmt"/>
      <line num="392" count="0" type="stmt"/>
      <line num="393" count="0" type="cond" truecount="0" falsecount="2"/>
      <line num="395" count="0" type="cond" truecount="0" falsecount="2"/>
      <line num="396" count="0" type="stmt"/>
      <line num="397" count="0" type="stmt"/>
      <line num="399" count="0" type="stmt"/>
      <line num="402" count="8" type="stmt"/>
      <line num="403" count="8" type="stmt"/>
      <line num="409" count="5" type="cond" truecount="1" falsecount="1"/>
      <line num="410" count="5" type="stmt"/>
      <line num="411" count="5" type="cond" truecount="1" falsecount="1"/>
      <line num="412" count="5" type="stmt"/>
      <line num="416" count="5" type="stmt"/>
      <line num="417" count="5" type="stmt"/>
      <line num="418" count="5" type="stmt"/>
      <line num="419" count="5" type="stmt"/>
      <line num="420" count="5" type="stmt"/>
      <line num="421" count="5" type="stmt"/>
      <line num="425" count="5" type="stmt"/>
      <line num="426" count="5" type="stmt"/>
      <line num="427" count="5" type="stmt"/>
      <line num="428" count="5" type="stmt"/>
      <line num="432" count="5" type="stmt"/>
      <line num="434" count="5" type="stmt"/>
      <line num="435" count="5" type="cond" truecount="2" falsecount="0"/>
      <line num="436" count="2" type="stmt"/>
      <line num="437" count="2" type="stmt"/>
      <line num="440" count="3" type="stmt"/>
      <line num="444" count="5" type="cond" truecount="2" falsecount="0"/>
      <line num="446" count="4" type="stmt"/>
      <line num="447" count="4" type="stmt"/>
      <line num="449" count="1" type="stmt"/>
      <line num="454" count="10" type="cond" truecount="1" falsecount="1"/>
      <line num="455" count="10" type="cond" truecount="1" falsecount="1"/>
      <line num="456" count="0" type="stmt"/>
      <line num="457" count="0" type="stmt"/>
      <line num="458" count="0" type="stmt"/>
      <line num="460" count="10" type="stmt"/>
      <line num="464" count="5" type="stmt"/>
      <line num="465" count="5" type="cond" truecount="2" falsecount="2"/>
      <line num="467" count="0" type="cond" truecount="0" falsecount="2"/>
      <line num="468" count="0" type="cond" truecount="0" falsecount="2"/>
      <line num="470" count="0" type="cond" truecount="0" falsecount="2"/>
      <line num="471" count="0" type="stmt"/>
      <line num="473" count="0" type="stmt"/>
      <line num="478" count="5" type="stmt"/>
      <line num="479" count="5" type="stmt"/>
      <line num="484" count="1" type="stmt"/>
      <line num="485" count="1" type="cond" truecount="2" falsecount="2"/>
      <line num="486" count="0" type="stmt"/>
      <line num="490" count="1" type="cond" truecount="1" falsecount="1"/>
      <line num="491" count="0" type="stmt"/>
      <line num="493" count="1" type="stmt"/>
      <line num="494" count="1" type="stmt"/>
      <line num="497" count="1" type="cond" truecount="1" falsecount="1"/>
      <line num="498" count="1" type="stmt"/>
      <line num="499" count="1" type="stmt"/>
      <line num="500" count="1" type="stmt"/>
      <line num="501" count="1" type="stmt"/>
      <line num="502" count="1" type="stmt"/>
      <line num="503" count="1" type="stmt"/>
      <line num="504" count="1" type="stmt"/>
      <line num="505" count="1" type="stmt"/>
      <line num="508" count="1" type="cond" truecount="3" falsecount="1"/>
      <line num="509" count="1" type="stmt"/>
    </file>
    <file name="simulacion-prox-semestre.js" path="/Users/nicolascordero/Desktop/MATERIA UNIVERSIDAD/NEW/Universidad 2025 - Nicolás/Semestre VI/Proyecto Integrador/FrontEnd/frontend-proyecto-integrador/frontend/js/simulacion-prox-semestre.js">
      <metrics statements="215" coveredstatements="189" conditionals="226" coveredconditionals="150" methods="39" coveredmethods="34"/>
      <line num="1" count="1" type="stmt"/>
      <line num="2" count="1" type="stmt"/>
      <line num="3" count="1" type="stmt"/>
      <line num="4" count="1" type="stmt"/>
      <line num="8" count="40" type="stmt"/>
      <line num="9" count="40" type="stmt"/>
      <line num="10" count="40" type="stmt"/>
      <line num="11" count="40" type="stmt"/>
      <line num="12" count="40" type="stmt"/>
      <line num="13" count="40" type="stmt"/>
      <line num="14" count="40" type="stmt"/>
      <line num="15" count="40" type="stmt"/>
      <line num="16" count="40" type="stmt"/>
      <line num="17" count="40" type="stmt"/>
      <line num="18" count="40" type="stmt"/>
      <line num="19" count="40" type="stmt"/>
      <line num="20" count="40" type="stmt"/>
      <line num="21" count="40" type="stmt"/>
      <line num="25" count="40" type="cond" truecount="2" falsecount="0"/>
      <line num="26" count="37" type="stmt"/>
      <line num="28" count="37" type="cond" truecount="1" falsecount="1"/>
      <line num="29" count="37" type="stmt"/>
      <line num="30" count="1" type="stmt"/>
      <line num="31" count="1" type="cond" truecount="1" falsecount="1"/>
      <line num="32" count="0" type="stmt"/>
      <line num="33" count="0" type="cond" truecount="0" falsecount="4"/>
      <line num="36" count="0" type="cond" truecount="0" falsecount="2"/>
      <line num="37" count="0" type="stmt"/>
      <line num="38" count="0" type="stmt"/>
      <line num="39" count="0" type="stmt"/>
      <line num="40" count="0" type="stmt"/>
      <line num="41" count="0" type="stmt"/>
      <line num="49" count="40" type="stmt"/>
      <line num="50" count="40" type="cond" truecount="2" falsecount="0"/>
      <line num="52" count="14" type="cond" truecount="1" falsecount="1"/>
      <line num="54" count="14" type="cond" truecount="5" falsecount="0"/>
      <line num="55" count="2" type="stmt"/>
      <line num="56" count="2" type="stmt"/>
      <line num="58" count="2" type="stmt"/>
      <line num="59" count="4" type="stmt"/>
      <line num="60" count="4" type="cond" truecount="1" falsecount="2"/>
      <line num="61" count="4" type="stmt"/>
      <line num="62" count="4" type="cond" truecount="1" falsecount="2"/>
      <line num="63" count="4" type="cond" truecount="3" falsecount="0"/>
      <line num="64" count="4" type="stmt"/>
      <line num="67" count="2" type="stmt"/>
      <line num="68" count="2" type="cond" truecount="1" falsecount="1"/>
      <line num="69" count="2" type="cond" truecount="1" falsecount="2"/>
      <line num="70" count="2" type="stmt"/>
      <line num="71" count="2" type="stmt"/>
      <line num="72" count="2" type="stmt"/>
      <line num="74" count="12" type="cond" truecount="2" falsecount="0"/>
      <line num="75" count="7" type="stmt"/>
      <line num="76" count="7" type="stmt"/>
      <line num="78" count="5" type="stmt"/>
      <line num="83" count="64" type="stmt"/>
      <line num="84" count="64" type="cond" truecount="2" falsecount="0"/>
      <line num="85" count="36" type="stmt"/>
      <line num="89" count="8" type="cond" truecount="2" falsecount="0"/>
      <line num="90" count="4" type="stmt"/>
      <line num="97" count="4" type="cond" truecount="4" falsecount="0"/>
      <line num="98" count="2" type="stmt"/>
      <line num="99" count="2" type="cond" truecount="4" falsecount="0"/>
      <line num="100" count="1" type="cond" truecount="1" falsecount="1"/>
      <line num="102" count="2" type="cond" truecount="2" falsecount="0"/>
      <line num="103" count="2" type="stmt"/>
      <line num="114" count="22" type="cond" truecount="1" falsecount="1"/>
      <line num="117" count="22" type="cond" truecount="4" falsecount="0"/>
      <line num="118" count="1" type="stmt"/>
      <line num="121" count="22" type="stmt"/>
      <line num="123" count="51" type="stmt"/>
      <line num="131" count="51" type="stmt"/>
      <line num="132" count="51" type="cond" truecount="2" falsecount="0"/>
      <line num="136" count="17" type="stmt"/>
      <line num="137" count="17" type="stmt"/>
      <line num="138" count="17" type="cond" truecount="2" falsecount="0"/>
      <line num="139" count="1" type="stmt"/>
      <line num="140" count="1" type="stmt"/>
      <line num="143" count="16" type="cond" truecount="4" falsecount="0"/>
      <line num="144" count="1" type="stmt"/>
      <line num="145" count="1" type="stmt"/>
      <line num="148" count="15" type="cond" truecount="3" falsecount="1"/>
      <line num="149" count="15" type="cond" truecount="3" falsecount="0"/>
      <line num="150" count="15" type="cond" truecount="5" falsecount="0"/>
      <line num="152" count="15" type="cond" truecount="2" falsecount="0"/>
      <line num="153" count="9" type="stmt"/>
      <line num="154" count="9" type="stmt"/>
      <line num="155" count="9" type="stmt"/>
      <line num="156" count="9" type="cond" truecount="4" falsecount="0"/>
      <line num="157" count="2" type="stmt"/>
      <line num="159" count="7" type="stmt"/>
      <line num="160" count="7" type="cond" truecount="1" falsecount="1"/>
      <line num="163" count="0" type="stmt"/>
      <line num="164" count="0" type="cond" truecount="0" falsecount="2"/>
      <line num="167" count="6" type="stmt"/>
      <line num="168" count="6" type="cond" truecount="1" falsecount="1"/>
      <line num="171" count="15" type="stmt"/>
      <line num="174" count="15" type="stmt"/>
      <line num="177" count="15" type="stmt"/>
      <line num="180" count="15" type="stmt"/>
      <line num="181" count="41" type="stmt"/>
      <line num="184" count="15" type="cond" truecount="1" falsecount="1"/>
      <line num="185" count="0" type="stmt"/>
      <line num="186" count="0" type="stmt"/>
      <line num="189" count="15" type="stmt"/>
      <line num="191" count="0" type="stmt"/>
      <line num="192" count="0" type="stmt"/>
      <line num="197" count="19" type="stmt"/>
      <line num="198" count="19" type="stmt"/>
      <line num="199" count="19" type="cond" truecount="2" falsecount="0"/>
      <line num="200" count="11" type="stmt"/>
      <line num="202" count="19" type="stmt"/>
      <line num="203" count="18" type="cond" truecount="2" falsecount="0"/>
      <line num="204" count="1" type="cond" truecount="1" falsecount="1"/>
      <line num="205" count="1" type="stmt"/>
      <line num="207" count="0" type="stmt"/>
      <line num="209" count="3" type="stmt"/>
      <line num="210" count="3" type="cond" truecount="4" falsecount="0"/>
      <line num="211" count="1" type="stmt"/>
      <line num="213" count="2" type="stmt"/>
      <line num="215" count="15" type="stmt"/>
      <line num="216" count="15" type="stmt"/>
      <line num="221" count="17" type="cond" truecount="3" falsecount="1"/>
      <line num="222" count="0" type="stmt"/>
      <line num="224" count="17" type="cond" truecount="3" falsecount="1"/>
      <line num="225" count="0" type="stmt"/>
      <line num="228" count="17" type="stmt"/>
      <line num="229" count="2" type="cond" truecount="1" falsecount="1"/>
      <line num="232" count="17" type="stmt"/>
      <line num="234" count="45" type="stmt"/>
      <line num="236" count="17" type="stmt"/>
      <line num="244" count="44" type="cond" truecount="4" falsecount="0"/>
      <line num="245" count="29" type="stmt"/>
      <line num="248" count="30" type="stmt"/>
      <line num="250" count="15" type="stmt"/>
      <line num="251" count="17" type="cond" truecount="2" falsecount="0"/>
      <line num="252" count="14" type="stmt"/>
      <line num="255" count="1" type="stmt"/>
      <line num="259" count="3" type="cond" truecount="1" falsecount="1"/>
      <line num="260" count="3" type="stmt"/>
      <line num="265" count="18" type="cond" truecount="1" falsecount="1"/>
      <line num="267" count="18" type="stmt"/>
      <line num="269" count="18" type="stmt"/>
      <line num="270" count="32" type="stmt"/>
      <line num="271" count="32" type="cond" truecount="1" falsecount="3"/>
      <line num="272" count="32" type="cond" truecount="1" falsecount="2"/>
      <line num="273" count="32" type="cond" truecount="1" falsecount="2"/>
      <line num="274" count="32" type="cond" truecount="1" falsecount="3"/>
      <line num="276" count="32" type="stmt"/>
      <line num="289" count="18" type="stmt"/>
      <line num="291" count="18" type="stmt"/>
      <line num="294" count="18" type="stmt"/>
      <line num="295" count="32" type="stmt"/>
      <line num="299" count="18" type="stmt"/>
      <line num="300" count="32" type="stmt"/>
      <line num="301" count="0" type="stmt"/>
      <line num="303" count="32" type="stmt"/>
      <line num="304" count="0" type="stmt"/>
      <line num="310" count="2" type="stmt"/>
      <line num="311" count="2" type="stmt"/>
      <line num="313" count="2" type="cond" truecount="2" falsecount="0"/>
      <line num="314" count="1" type="stmt"/>
      <line num="316" count="1" type="stmt"/>
      <line num="319" count="2" type="stmt"/>
      <line num="323" count="4" type="cond" truecount="1" falsecount="1"/>
      <line num="324" count="4" type="stmt"/>
      <line num="325" count="4" type="stmt"/>
      <line num="327" count="4" type="cond" truecount="2" falsecount="0"/>
      <line num="328" count="2" type="stmt"/>
      <line num="329" count="2" type="cond" truecount="2" falsecount="0"/>
      <line num="331" count="2" type="stmt"/>
      <line num="338" count="4" type="stmt"/>
      <line num="339" count="4" type="stmt"/>
      <line num="340" count="5" type="cond" truecount="1" falsecount="1"/>
      <line num="343" count="4" type="stmt"/>
      <line num="363" count="6" type="cond" truecount="1" falsecount="1"/>
      <line num="364" count="6" type="stmt"/>
      <line num="365" count="6" type="cond" truecount="2" falsecount="0"/>
      <line num="367" count="6" type="cond" truecount="2" falsecount="4"/>
      <line num="371" count="1" type="cond" truecount="1" falsecount="1"/>
      <line num="372" count="1" type="stmt"/>
      <line num="373" count="1" type="stmt"/>
      <line num="375" count="1" type="cond" truecount="1" falsecount="1"/>
      <line num="376" count="1" type="stmt"/>
      <line num="377" count="0" type="cond" truecount="0" falsecount="2"/>
      <line num="379" count="0" type="cond" truecount="0" falsecount="2"/>
      <line num="384" count="1" type="cond" truecount="1" falsecount="1"/>
      <line num="390" count="4" type="cond" truecount="1" falsecount="1"/>
      <line num="391" count="4" type="stmt"/>
      <line num="392" count="4" type="cond" truecount="1" falsecount="1"/>
      <line num="394" count="4" type="cond" truecount="2" falsecount="2"/>
      <line num="395" count="0" type="stmt"/>
      <line num="396" count="0" type="stmt"/>
      <line num="400" count="4" type="cond" truecount="2" falsecount="0"/>
      <line num="401" count="1" type="stmt"/>
      <line num="402" count="1" type="stmt"/>
      <line num="405" count="3" type="stmt"/>
      <line num="406" count="3" type="cond" truecount="1" falsecount="1"/>
      <line num="408" count="3" type="stmt"/>
      <line num="409" count="3" type="stmt"/>
      <line num="410" count="3" type="stmt"/>
      <line num="411" count="3" type="stmt"/>
      <line num="416" count="2" type="stmt"/>
      <line num="417" count="1" type="cond" truecount="1" falsecount="1"/>
      <line num="418" count="0" type="cond" truecount="0" falsecount="2"/>
      <line num="419" count="0" type="cond" truecount="0" falsecount="2"/>
      <line num="421" count="1" type="stmt"/>
      <line num="423" count="2" type="stmt"/>
      <line num="424" count="2" type="stmt"/>
      <line num="426" count="3" type="stmt"/>
      <line num="427" count="3" type="stmt"/>
      <line num="433" count="1" type="stmt"/>
      <line num="436" count="1" type="cond" truecount="1" falsecount="1"/>
      <line num="437" count="0" type="stmt"/>
      <line num="439" count="1" type="stmt"/>
    </file>
  </project>
</coverage>
