<?xml version="1.0" encoding="UTF-8"?>
<coverage generated="1765577581721" clover="3.2.0">
  <project timestamp="1765577581721" name="All files">
    <metrics statements="581" coveredstatements="498" conditionals="265" coveredconditionals="203" methods="147" coveredmethods="123" elements="993" coveredelements="824" complexity="0" loc="581" ncloc="581" packages="1" files="2" classes="2"/>
    <file name="main-menu-script.js" path="/Users/nicolascordero/Desktop/MATERIA UNIVERSIDAD/NEW/Universidad 2025 - Nicolás/Semestre VI/Proyecto Integrador/FrontEnd/frontend-proyecto-integrador/frontend/js/main-menu-script.js">
      <metrics statements="447" coveredstatements="367" conditionals="190" coveredconditionals="133" methods="115" coveredmethods="91"/>
      <line num="2" count="1" type="stmt"/>
      <line num="6" count="1" type="stmt"/>
      <line num="12" count="1" type="stmt"/>
      <line num="18" count="1" type="stmt"/>
      <line num="28" count="1" type="stmt"/>
      <line num="30" count="1" type="stmt"/>
      <line num="39" count="22" type="stmt"/>
      <line num="40" count="22" type="stmt"/>
      <line num="41" count="22" type="cond" truecount="2" falsecount="0"/>
      <line num="43" count="1" type="stmt"/>
      <line num="44" count="1" type="stmt"/>
      <line num="49" count="6" type="stmt"/>
      <line num="50" count="6" type="stmt"/>
      <line num="51" count="5" type="stmt"/>
      <line num="53" count="1" type="stmt"/>
      <line num="54" count="1" type="stmt"/>
      <line num="59" count="2" type="stmt"/>
      <line num="60" count="2" type="stmt"/>
      <line num="61" count="1" type="stmt"/>
      <line num="63" count="1" type="stmt"/>
      <line num="64" count="1" type="stmt"/>
      <line num="69" count="4" type="stmt"/>
      <line num="70" count="4" type="stmt"/>
      <line num="71" count="3" type="stmt"/>
      <line num="73" count="1" type="stmt"/>
      <line num="74" count="1" type="stmt"/>
      <line num="81" count="6" type="stmt"/>
      <line num="82" count="6" type="stmt"/>
      <line num="83" count="5" type="stmt"/>
      <line num="85" count="5" type="stmt"/>
      <line num="86" count="5" type="stmt"/>
      <line num="88" count="1" type="stmt"/>
      <line num="91" count="2" type="stmt"/>
      <line num="92" count="2" type="stmt"/>
      <line num="97" count="3" type="stmt"/>
      <line num="98" count="3" type="stmt"/>
      <line num="100" count="3" type="cond" truecount="4" falsecount="0"/>
      <line num="101" count="1" type="stmt"/>
      <line num="104" count="2" type="stmt"/>
      <line num="110" count="26" type="stmt"/>
      <line num="114" count="3" type="stmt"/>
      <line num="115" count="3" type="cond" truecount="2" falsecount="0"/>
      <line num="116" count="1" type="stmt"/>
      <line num="117" count="1" type="stmt"/>
      <line num="120" count="2" type="stmt"/>
      <line num="121" count="2" type="stmt"/>
      <line num="122" count="2" type="stmt"/>
      <line num="124" count="2" type="stmt"/>
      <line num="125" count="1" type="stmt"/>
      <line num="126" count="1" type="stmt"/>
      <line num="129" count="2" type="stmt"/>
      <line num="130" count="1" type="stmt"/>
      <line num="133" count="2" type="stmt"/>
      <line num="138" count="2" type="cond" truecount="2" falsecount="0"/>
      <line num="139" count="1" type="stmt"/>
      <line num="142" count="1" type="stmt"/>
      <line num="143" count="1" type="stmt"/>
      <line num="144" count="1" type="stmt"/>
      <line num="145" count="1" type="stmt"/>
      <line num="146" count="1" type="stmt"/>
      <line num="147" count="1" type="stmt"/>
      <line num="151" count="8" type="stmt"/>
      <line num="152" count="8" type="stmt"/>
      <line num="153" count="0" type="stmt"/>
      <line num="154" count="0" type="cond" truecount="0" falsecount="2"/>
      <line num="155" count="0" type="stmt"/>
      <line num="156" count="0" type="stmt"/>
      <line num="163" count="8" type="stmt"/>
      <line num="164" count="8" type="stmt"/>
      <line num="165" count="8" type="cond" truecount="2" falsecount="0"/>
      <line num="166" count="1" type="stmt"/>
      <line num="167" count="1" type="stmt"/>
      <line num="173" count="1" type="cond" truecount="1" falsecount="1"/>
      <line num="174" count="1" type="stmt"/>
      <line num="175" count="2" type="cond" truecount="2" falsecount="0"/>
      <line num="176" count="1" type="stmt"/>
      <line num="177" count="1" type="cond" truecount="1" falsecount="1"/>
      <line num="178" count="1" type="cond" truecount="1" falsecount="1"/>
      <line num="179" count="1" type="stmt"/>
      <line num="180" count="1" type="cond" truecount="1" falsecount="1"/>
      <line num="183" count="1" type="stmt"/>
      <line num="189" count="4" type="stmt"/>
      <line num="202" count="2" type="cond" truecount="5" falsecount="1"/>
      <line num="203" count="2" type="cond" truecount="1" falsecount="1"/>
      <line num="204" count="2" type="stmt"/>
      <line num="205" count="2" type="cond" truecount="3" falsecount="1"/>
      <line num="206" count="2" type="cond" truecount="2" falsecount="0"/>
      <line num="207" count="2" type="cond" truecount="2" falsecount="0"/>
      <line num="208" count="2" type="cond" truecount="2" falsecount="0"/>
      <line num="210" count="2" type="stmt"/>
      <line num="211" count="2" type="cond" truecount="1" falsecount="1"/>
      <line num="212" count="2" type="cond" truecount="1" falsecount="1"/>
      <line num="216" count="2" type="cond" truecount="2" falsecount="0"/>
      <line num="217" count="2" type="cond" truecount="2" falsecount="0"/>
      <line num="218" count="2" type="cond" truecount="2" falsecount="0"/>
      <line num="219" count="2" type="cond" truecount="2" falsecount="0"/>
      <line num="220" count="2" type="cond" truecount="2" falsecount="0"/>
      <line num="222" count="2" type="stmt"/>
      <line num="305" count="1" type="stmt"/>
      <line num="365" count="1" type="stmt"/>
      <line num="392" count="28" type="stmt"/>
      <line num="396" count="19" type="stmt"/>
      <line num="400" count="2" type="stmt"/>
      <line num="401" count="2" type="stmt"/>
      <line num="405" count="4" type="stmt"/>
      <line num="419" count="1" type="stmt"/>
      <line num="420" count="1" type="stmt"/>
      <line num="421" count="1" type="stmt"/>
      <line num="425" count="2" type="stmt"/>
      <line num="431" count="1" type="stmt"/>
      <line num="435" count="1" type="stmt"/>
      <line num="439" count="1" type="stmt"/>
      <line num="445" count="13" type="stmt"/>
      <line num="446" count="13" type="stmt"/>
      <line num="450" count="1" type="stmt"/>
      <line num="454" count="8" type="stmt"/>
      <line num="455" count="8" type="stmt"/>
      <line num="456" count="8" type="stmt"/>
      <line num="458" count="8" type="cond" truecount="2" falsecount="0"/>
      <line num="459" count="1" type="stmt"/>
      <line num="462" count="8" type="stmt"/>
      <line num="466" count="2" type="stmt"/>
      <line num="467" count="2" type="stmt"/>
      <line num="473" count="1" type="stmt"/>
      <line num="477" count="3" type="stmt"/>
      <line num="479" count="3" type="stmt"/>
      <line num="481" count="3" type="stmt"/>
      <line num="482" count="3" type="cond" truecount="2" falsecount="0"/>
      <line num="483" count="2" type="stmt"/>
      <line num="486" count="1" type="stmt"/>
      <line num="487" count="1" type="stmt"/>
      <line num="489" count="1" type="stmt"/>
      <line num="490" count="1" type="cond" truecount="1" falsecount="1"/>
      <line num="491" count="1" type="stmt"/>
      <line num="492" count="1" type="stmt"/>
      <line num="493" count="1" type="stmt"/>
      <line num="499" count="0" type="stmt"/>
      <line num="505" count="1" type="stmt"/>
      <line num="509" count="2" type="stmt"/>
      <line num="511" count="2" type="stmt"/>
      <line num="513" count="2" type="stmt"/>
      <line num="514" count="2" type="cond" truecount="2" falsecount="0"/>
      <line num="515" count="1" type="stmt"/>
      <line num="518" count="1" type="stmt"/>
      <line num="519" count="1" type="stmt"/>
      <line num="520" count="1" type="stmt"/>
      <line num="521" count="1" type="stmt"/>
      <line num="523" count="1" type="stmt"/>
      <line num="525" count="1" type="stmt"/>
      <line num="527" count="1" type="stmt"/>
      <line num="528" count="1" type="stmt"/>
      <line num="529" count="4" type="stmt"/>
      <line num="530" count="4" type="stmt"/>
      <line num="535" count="1" type="stmt"/>
      <line num="536" count="1" type="stmt"/>
      <line num="542" count="1" type="stmt"/>
      <line num="546" count="1" type="stmt"/>
      <line num="548" count="1" type="stmt"/>
      <line num="550" count="1" type="cond" truecount="1" falsecount="1"/>
      <line num="551" count="1" type="stmt"/>
      <line num="554" count="1" type="stmt"/>
      <line num="559" count="1" type="stmt"/>
      <line num="564" count="1" type="stmt"/>
      <line num="565" count="1" type="stmt"/>
      <line num="567" count="1" type="stmt"/>
      <line num="568" count="1" type="stmt"/>
      <line num="569" count="1" type="stmt"/>
      <line num="570" count="1" type="stmt"/>
      <line num="571" count="1" type="cond" truecount="1" falsecount="1"/>
      <line num="572" count="0" type="stmt"/>
      <line num="573" count="0" type="stmt"/>
      <line num="574" count="0" type="stmt"/>
      <line num="577" count="1" type="stmt"/>
      <line num="578" count="1" type="stmt"/>
      <line num="579" count="1" type="cond" truecount="1" falsecount="1"/>
      <line num="580" count="0" type="stmt"/>
      <line num="583" count="1" type="stmt"/>
      <line num="584" count="1" type="stmt"/>
      <line num="585" count="1" type="stmt"/>
      <line num="586" count="1" type="stmt"/>
      <line num="587" count="1" type="stmt"/>
      <line num="588" count="1" type="stmt"/>
      <line num="595" count="1" type="stmt"/>
      <line num="596" count="1" type="cond" truecount="1" falsecount="1"/>
      <line num="597" count="1" type="stmt"/>
      <line num="604" count="1" type="stmt"/>
      <line num="608" count="1" type="stmt"/>
      <line num="610" count="1" type="stmt"/>
      <line num="612" count="1" type="stmt"/>
      <line num="613" count="1" type="stmt"/>
      <line num="615" count="1" type="stmt"/>
      <line num="624" count="1" type="stmt"/>
      <line num="625" count="6" type="stmt"/>
      <line num="626" count="6" type="stmt"/>
      <line num="629" count="1" type="stmt"/>
      <line num="633" count="3" type="stmt"/>
      <line num="634" count="3" type="cond" truecount="2" falsecount="0"/>
      <line num="636" count="2" type="stmt"/>
      <line num="637" count="2" type="stmt"/>
      <line num="638" count="2" type="stmt"/>
      <line num="640" count="2" type="cond" truecount="2" falsecount="0"/>
      <line num="641" count="1" type="stmt"/>
      <line num="644" count="1" type="stmt"/>
      <line num="646" count="1" type="stmt"/>
      <line num="651" count="1" type="stmt"/>
      <line num="659" count="2" type="stmt"/>
      <line num="663" count="1" type="stmt"/>
      <line num="669" count="19" type="stmt"/>
      <line num="670" count="19" type="stmt"/>
      <line num="671" count="19" type="stmt"/>
      <line num="672" count="19" type="stmt"/>
      <line num="673" count="19" type="stmt"/>
      <line num="674" count="19" type="stmt"/>
      <line num="675" count="19" type="stmt"/>
      <line num="676" count="19" type="stmt"/>
      <line num="680" count="9" type="stmt"/>
      <line num="681" count="9" type="stmt"/>
      <line num="683" count="9" type="stmt"/>
      <line num="684" count="9" type="stmt"/>
      <line num="685" count="9" type="stmt"/>
      <line num="686" count="9" type="stmt"/>
      <line num="687" count="9" type="stmt"/>
      <line num="691" count="8" type="stmt"/>
      <line num="700" count="11" type="cond" truecount="2" falsecount="0"/>
      <line num="701" count="1" type="stmt"/>
      <line num="704" count="10" type="stmt"/>
      <line num="705" count="10" type="cond" truecount="2" falsecount="0"/>
      <line num="706" count="1" type="stmt"/>
      <line num="709" count="9" type="cond" truecount="2" falsecount="0"/>
      <line num="710" count="1" type="stmt"/>
      <line num="713" count="8" type="cond" truecount="2" falsecount="0"/>
      <line num="714" count="1" type="stmt"/>
      <line num="715" count="1" type="cond" truecount="1" falsecount="1"/>
      <line num="716" count="1" type="stmt"/>
      <line num="720" count="8" type="stmt"/>
      <line num="721" count="8" type="stmt"/>
      <line num="722" count="6" type="stmt"/>
      <line num="724" count="2" type="stmt"/>
      <line num="725" count="2" type="stmt"/>
      <line num="729" count="2" type="stmt"/>
      <line num="730" count="2" type="stmt"/>
      <line num="735" count="4" type="stmt"/>
      <line num="739" count="2" type="stmt"/>
      <line num="745" count="2" type="stmt"/>
      <line num="746" count="2" type="stmt"/>
      <line num="748" count="2" type="cond" truecount="2" falsecount="0"/>
      <line num="749" count="1" type="stmt"/>
      <line num="750" count="1" type="stmt"/>
      <line num="753" count="1" type="stmt"/>
      <line num="754" count="1" type="stmt"/>
      <line num="758" count="1" type="stmt"/>
      <line num="759" count="1" type="stmt"/>
      <line num="760" count="1" type="stmt"/>
      <line num="761" count="2" type="stmt"/>
      <line num="765" count="1" type="stmt"/>
      <line num="766" count="2" type="cond" truecount="2" falsecount="0"/>
      <line num="767" count="1" type="stmt"/>
      <line num="773" count="2" type="stmt"/>
      <line num="774" count="2" type="stmt"/>
      <line num="775" count="2" type="stmt"/>
      <line num="777" count="2" type="stmt"/>
      <line num="778" count="4" type="stmt"/>
      <line num="779" count="4" type="cond" truecount="4" falsecount="0"/>
      <line num="780" count="1" type="stmt"/>
      <line num="781" count="1" type="stmt"/>
      <line num="783" count="3" type="stmt"/>
      <line num="787" count="2" type="cond" truecount="2" falsecount="0"/>
      <line num="792" count="1" type="stmt"/>
      <line num="793" count="1" type="cond" truecount="1" falsecount="1"/>
      <line num="794" count="1" type="stmt"/>
      <line num="795" count="1" type="cond" truecount="3" falsecount="1"/>
      <line num="796" count="0" type="stmt"/>
      <line num="798" count="1" type="stmt"/>
      <line num="807" count="2" type="stmt"/>
      <line num="808" count="2" type="stmt"/>
      <line num="810" count="2" type="stmt"/>
      <line num="811" count="2" type="cond" truecount="2" falsecount="0"/>
      <line num="812" count="1" type="stmt"/>
      <line num="815" count="2" type="stmt"/>
      <line num="817" count="0" type="cond" truecount="0" falsecount="2"/>
      <line num="819" count="2" type="stmt"/>
      <line num="820" count="0" type="stmt"/>
      <line num="821" count="0" type="stmt"/>
      <line num="822" count="0" type="stmt"/>
      <line num="825" count="2" type="stmt"/>
      <line num="826" count="2" type="cond" truecount="1" falsecount="1"/>
      <line num="827" count="2" type="stmt"/>
      <line num="832" count="2" type="stmt"/>
      <line num="833" count="2" type="stmt"/>
      <line num="834" count="2" type="cond" truecount="4" falsecount="0"/>
      <line num="835" count="1" type="stmt"/>
      <line num="843" count="15" type="stmt"/>
      <line num="844" count="15" type="cond" truecount="4" falsecount="0"/>
      <line num="845" count="13" type="stmt"/>
      <line num="848" count="15" type="stmt"/>
      <line num="849" count="15" type="cond" truecount="1" falsecount="1"/>
      <line num="850" count="15" type="cond" truecount="2" falsecount="0"/>
      <line num="851" count="1" type="stmt"/>
      <line num="852" count="1" type="cond" truecount="1" falsecount="1"/>
      <line num="853" count="14" type="cond" truecount="2" falsecount="0"/>
      <line num="854" count="1" type="stmt"/>
      <line num="858" count="15" type="stmt"/>
      <line num="859" count="15" type="cond" truecount="3" falsecount="1"/>
      <line num="860" count="0" type="stmt"/>
      <line num="865" count="13" type="stmt"/>
      <line num="866" count="13" type="stmt"/>
      <line num="868" count="13" type="cond" truecount="1" falsecount="1"/>
      <line num="869" count="13" type="stmt"/>
      <line num="872" count="13" type="cond" truecount="1" falsecount="1"/>
      <line num="873" count="13" type="stmt"/>
      <line num="874" count="13" type="stmt"/>
      <line num="875" count="13" type="stmt"/>
      <line num="882" count="12" type="stmt"/>
      <line num="883" count="12" type="stmt"/>
      <line num="884" count="12" type="stmt"/>
      <line num="885" count="12" type="stmt"/>
      <line num="886" count="12" type="stmt"/>
      <line num="887" count="12" type="stmt"/>
      <line num="893" count="12" type="stmt"/>
      <line num="894" count="12" type="stmt"/>
      <line num="895" count="12" type="stmt"/>
      <line num="896" count="12" type="stmt"/>
      <line num="897" count="12" type="stmt"/>
      <line num="898" count="12" type="stmt"/>
      <line num="902" count="12" type="stmt"/>
      <line num="903" count="12" type="cond" truecount="1" falsecount="1"/>
      <line num="904" count="0" type="stmt"/>
      <line num="905" count="0" type="stmt"/>
      <line num="908" count="12" type="stmt"/>
      <line num="909" count="12" type="stmt"/>
      <line num="913" count="12" type="stmt"/>
      <line num="915" count="12" type="cond" truecount="1" falsecount="1"/>
      <line num="916" count="12" type="stmt"/>
      <line num="918" count="0" type="stmt"/>
      <line num="923" count="12" type="stmt"/>
      <line num="924" count="12" type="stmt"/>
      <line num="925" count="12" type="stmt"/>
      <line num="926" count="12" type="stmt"/>
      <line num="927" count="12" type="stmt"/>
      <line num="928" count="12" type="stmt"/>
      <line num="929" count="12" type="stmt"/>
      <line num="933" count="12" type="stmt"/>
      <line num="934" count="12" type="cond" truecount="1" falsecount="1"/>
      <line num="935" count="0" type="stmt"/>
      <line num="936" count="0" type="stmt"/>
      <line num="942" count="1" type="stmt"/>
      <line num="943" count="1" type="stmt"/>
      <line num="947" count="1" type="stmt"/>
      <line num="951" count="12" type="stmt"/>
      <line num="952" count="12" type="cond" truecount="1" falsecount="1"/>
      <line num="953" count="0" type="stmt"/>
      <line num="954" count="0" type="stmt"/>
      <line num="955" count="0" type="stmt"/>
      <line num="961" count="12" type="stmt"/>
      <line num="962" count="0" type="stmt"/>
      <line num="963" count="0" type="stmt"/>
      <line num="968" count="12" type="stmt"/>
      <line num="969" count="12" type="stmt"/>
      <line num="970" count="0" type="stmt"/>
      <line num="971" count="0" type="cond" truecount="0" falsecount="2"/>
      <line num="972" count="0" type="stmt"/>
      <line num="973" count="0" type="stmt"/>
      <line num="974" count="0" type="stmt"/>
      <line num="981" count="12" type="stmt"/>
      <line num="982" count="12" type="stmt"/>
      <line num="983" count="0" type="stmt"/>
      <line num="984" count="0" type="cond" truecount="0" falsecount="2"/>
      <line num="985" count="0" type="stmt"/>
      <line num="986" count="0" type="stmt"/>
      <line num="987" count="0" type="stmt"/>
      <line num="988" count="0" type="stmt"/>
      <line num="989" count="0" type="stmt"/>
      <line num="992" count="0" type="cond" truecount="0" falsecount="2"/>
      <line num="993" count="0" type="stmt"/>
      <line num="995" count="0" type="stmt"/>
      <line num="1002" count="12" type="stmt"/>
      <line num="1003" count="12" type="stmt"/>
      <line num="1004" count="0" type="stmt"/>
      <line num="1005" count="0" type="cond" truecount="0" falsecount="2"/>
      <line num="1006" count="0" type="stmt"/>
      <line num="1007" count="0" type="stmt"/>
      <line num="1008" count="0" type="stmt"/>
      <line num="1009" count="0" type="stmt"/>
      <line num="1016" count="13" type="stmt"/>
      <line num="1017" count="0" type="stmt"/>
      <line num="1022" count="2" type="stmt"/>
      <line num="1023" count="2" type="stmt"/>
      <line num="1025" count="2" type="stmt"/>
      <line num="1030" count="1" type="stmt"/>
      <line num="1031" count="1" type="stmt"/>
      <line num="1033" count="0" type="stmt"/>
      <line num="1038" count="0" type="stmt"/>
      <line num="1039" count="0" type="stmt"/>
      <line num="1041" count="0" type="stmt"/>
      <line num="1046" count="0" type="stmt"/>
      <line num="1047" count="0" type="stmt"/>
      <line num="1049" count="0" type="stmt"/>
      <line num="1054" count="1" type="stmt"/>
      <line num="1055" count="1" type="stmt"/>
      <line num="1056" count="1" type="stmt"/>
      <line num="1058" count="0" type="stmt"/>
      <line num="1063" count="0" type="stmt"/>
      <line num="1064" count="0" type="stmt"/>
      <line num="1065" count="0" type="cond" truecount="0" falsecount="4"/>
      <line num="1066" count="0" type="stmt"/>
      <line num="1067" count="0" type="stmt"/>
      <line num="1069" count="0" type="stmt"/>
      <line num="1072" count="0" type="stmt"/>
      <line num="1073" count="0" type="stmt"/>
      <line num="1078" count="0" type="stmt"/>
      <line num="1082" count="1" type="stmt"/>
      <line num="1083" count="0" type="stmt"/>
      <line num="1085" count="0" type="stmt"/>
      <line num="1086" count="0" type="cond" truecount="0" falsecount="4"/>
      <line num="1087" count="0" type="stmt"/>
      <line num="1088" count="0" type="stmt"/>
      <line num="1089" count="0" type="cond" truecount="0" falsecount="2"/>
      <line num="1091" count="0" type="stmt"/>
      <line num="1092" count="0" type="cond" truecount="0" falsecount="2"/>
      <line num="1093" count="0" type="stmt"/>
      <line num="1094" count="0" type="stmt"/>
      <line num="1096" count="0" type="stmt"/>
      <line num="1097" count="0" type="stmt"/>
      <line num="1101" count="0" type="stmt"/>
      <line num="1102" count="0" type="stmt"/>
      <line num="1103" count="0" type="stmt"/>
      <line num="1106" count="0" type="stmt"/>
      <line num="1110" count="1" type="cond" truecount="1" falsecount="1"/>
      <line num="1111" count="1" type="stmt"/>
      <line num="1112" count="1" type="stmt"/>
      <line num="1113" count="1" type="stmt"/>
      <line num="1114" count="1" type="stmt"/>
      <line num="1115" count="1" type="stmt"/>
      <line num="1116" count="1" type="stmt"/>
      <line num="1117" count="1" type="stmt"/>
      <line num="1118" count="1" type="stmt"/>
      <line num="1119" count="1" type="stmt"/>
      <line num="1120" count="1" type="stmt"/>
      <line num="1121" count="1" type="stmt"/>
      <line num="1122" count="1" type="stmt"/>
      <line num="1123" count="1" type="stmt"/>
      <line num="1124" count="1" type="stmt"/>
      <line num="1125" count="1" type="stmt"/>
      <line num="1126" count="1" type="stmt"/>
      <line num="1127" count="1" type="stmt"/>
      <line num="1130" count="1" type="cond" truecount="3" falsecount="1"/>
      <line num="1131" count="1" type="stmt"/>
    </file>
    <file name="perfil-usuario-script.js" path="/Users/nicolascordero/Desktop/MATERIA UNIVERSIDAD/NEW/Universidad 2025 - Nicolás/Semestre VI/Proyecto Integrador/FrontEnd/frontend-proyecto-integrador/frontend/js/perfil-usuario-script.js">
      <metrics statements="134" coveredstatements="131" conditionals="75" coveredconditionals="70" methods="32" coveredmethods="32"/>
      <line num="2" count="1" type="stmt"/>
      <line num="6" count="1" type="stmt"/>
      <line num="22" count="1" type="stmt"/>
      <line num="28" count="1" type="stmt"/>
      <line num="39" count="13" type="stmt"/>
      <line num="40" count="13" type="stmt"/>
      <line num="41" count="13" type="cond" truecount="2" falsecount="0"/>
      <line num="43" count="1" type="stmt"/>
      <line num="44" count="1" type="stmt"/>
      <line num="49" count="5" type="stmt"/>
      <line num="50" count="5" type="stmt"/>
      <line num="51" count="4" type="stmt"/>
      <line num="53" count="1" type="stmt"/>
      <line num="54" count="1" type="stmt"/>
      <line num="59" count="1" type="stmt"/>
      <line num="60" count="1" type="stmt"/>
      <line num="61" count="0" type="stmt"/>
      <line num="63" count="1" type="stmt"/>
      <line num="64" count="1" type="stmt"/>
      <line num="69" count="1" type="stmt"/>
      <line num="70" count="1" type="stmt"/>
      <line num="71" count="0" type="stmt"/>
      <line num="73" count="1" type="stmt"/>
      <line num="74" count="1" type="stmt"/>
      <line num="81" count="37" type="stmt"/>
      <line num="82" count="37" type="stmt"/>
      <line num="86" count="10" type="stmt"/>
      <line num="90" count="2" type="stmt"/>
      <line num="91" count="2" type="stmt"/>
      <line num="97" count="33" type="stmt"/>
      <line num="101" count="1" type="stmt"/>
      <line num="105" count="12" type="cond" truecount="2" falsecount="0"/>
      <line num="106" count="10" type="stmt"/>
      <line num="108" count="2" type="cond" truecount="2" falsecount="0"/>
      <line num="109" count="2" type="cond" truecount="2" falsecount="0"/>
      <line num="110" count="2" type="cond" truecount="2" falsecount="0"/>
      <line num="114" count="9" type="cond" truecount="2" falsecount="0"/>
      <line num="115" count="3" type="stmt"/>
      <line num="117" count="6" type="cond" truecount="2" falsecount="0"/>
      <line num="121" count="8" type="cond" truecount="3" falsecount="0"/>
      <line num="122" count="8" type="stmt"/>
      <line num="126" count="9" type="cond" truecount="2" falsecount="0"/>
      <line num="127" count="9" type="stmt"/>
      <line num="136" count="8" type="cond" truecount="2" falsecount="0"/>
      <line num="137" count="4" type="stmt"/>
      <line num="139" count="4" type="stmt"/>
      <line num="145" count="17" type="stmt"/>
      <line num="149" count="6" type="stmt"/>
      <line num="150" count="6" type="cond" truecount="2" falsecount="0"/>
      <line num="152" count="5" type="stmt"/>
      <line num="153" count="5" type="stmt"/>
      <line num="157" count="9" type="stmt"/>
      <line num="158" count="9" type="cond" truecount="1" falsecount="1"/>
      <line num="160" count="9" type="stmt"/>
      <line num="161" count="9" type="stmt"/>
      <line num="165" count="5" type="stmt"/>
      <line num="166" count="5" type="cond" truecount="1" falsecount="1"/>
      <line num="168" count="5" type="stmt"/>
      <line num="169" count="5" type="stmt"/>
      <line num="173" count="10" type="stmt"/>
      <line num="174" count="10" type="cond" truecount="4" falsecount="0"/>
      <line num="176" count="7" type="stmt"/>
      <line num="180" count="5" type="stmt"/>
      <line num="181" count="5" type="cond" truecount="4" falsecount="0"/>
      <line num="183" count="3" type="stmt"/>
      <line num="187" count="5" type="stmt"/>
      <line num="188" count="5" type="cond" truecount="4" falsecount="0"/>
      <line num="190" count="3" type="stmt"/>
      <line num="194" count="7" type="stmt"/>
      <line num="196" count="7" type="stmt"/>
      <line num="197" count="7" type="cond" truecount="2" falsecount="0"/>
      <line num="198" count="6" type="stmt"/>
      <line num="201" count="7" type="stmt"/>
      <line num="202" count="7" type="cond" truecount="2" falsecount="0"/>
      <line num="203" count="5" type="stmt"/>
      <line num="206" count="7" type="stmt"/>
      <line num="207" count="7" type="cond" truecount="2" falsecount="0"/>
      <line num="208" count="6" type="cond" truecount="2" falsecount="0"/>
      <line num="211" count="6" type="stmt"/>
      <line num="214" count="7" type="stmt"/>
      <line num="215" count="7" type="cond" truecount="2" falsecount="0"/>
      <line num="216" count="5" type="cond" truecount="2" falsecount="0"/>
      <line num="219" count="5" type="stmt"/>
      <line num="224" count="4" type="stmt"/>
      <line num="225" count="4" type="stmt"/>
      <line num="226" count="4" type="stmt"/>
      <line num="227" count="4" type="stmt"/>
      <line num="228" count="4" type="stmt"/>
      <line num="229" count="4" type="stmt"/>
      <line num="230" count="4" type="stmt"/>
      <line num="231" count="4" type="stmt"/>
      <line num="232" count="4" type="stmt"/>
      <line num="238" count="8" type="stmt"/>
      <line num="239" count="8" type="cond" truecount="2" falsecount="0"/>
      <line num="241" count="7" type="stmt"/>
      <line num="242" count="1" type="stmt"/>
      <line num="243" count="1" type="stmt"/>
      <line num="248" count="8" type="stmt"/>
      <line num="249" count="8" type="cond" truecount="2" falsecount="0"/>
      <line num="250" count="7" type="stmt"/>
      <line num="251" count="1" type="stmt"/>
      <line num="259" count="5" type="stmt"/>
      <line num="260" count="5" type="stmt"/>
      <line num="264" count="5" type="stmt"/>
      <line num="265" count="5" type="stmt"/>
      <line num="266" count="5" type="stmt"/>
      <line num="267" count="5" type="stmt"/>
      <line num="268" count="5" type="stmt"/>
      <line num="272" count="5" type="stmt"/>
      <line num="273" count="5" type="stmt"/>
      <line num="277" count="5" type="stmt"/>
      <line num="279" count="5" type="stmt"/>
      <line num="280" count="5" type="cond" truecount="2" falsecount="0"/>
      <line num="281" count="2" type="stmt"/>
      <line num="282" count="2" type="stmt"/>
      <line num="285" count="3" type="stmt"/>
      <line num="289" count="5" type="cond" truecount="2" falsecount="0"/>
      <line num="291" count="4" type="stmt"/>
      <line num="292" count="4" type="stmt"/>
      <line num="294" count="1" type="stmt"/>
      <line num="299" count="5" type="stmt"/>
      <line num="300" count="5" type="stmt"/>
      <line num="304" count="1" type="cond" truecount="1" falsecount="1"/>
      <line num="305" count="0" type="stmt"/>
      <line num="308" count="1" type="cond" truecount="1" falsecount="1"/>
      <line num="309" count="1" type="stmt"/>
      <line num="310" count="1" type="stmt"/>
      <line num="311" count="1" type="stmt"/>
      <line num="312" count="1" type="stmt"/>
      <line num="313" count="1" type="stmt"/>
      <line num="314" count="1" type="stmt"/>
      <line num="315" count="1" type="stmt"/>
      <line num="318" count="1" type="cond" truecount="3" falsecount="1"/>
      <line num="319" count="1" type="stmt"/>
    </file>
  </project>
</coverage>
