{"/Users/nicolascordero/Desktop/MATERIA UNIVERSIDAD/NEW/Universidad 2025 - Nicolás/Semestre VI/Proyecto Integrador/FrontEnd/frontend-proyecto-integrador/frontend/js/dashboard-ross.js": {"path":"/Users/nicolascordero/Desktop/MATERIA UNIVERSIDAD/NEW/Universidad 2025 - Nicolás/Semestre VI/Proyecto Integrador/FrontEnd/frontend-proyecto-integrador/frontend/js/dashboard-ross.js","statementMap":{"0":{"start":{"line":1,"column":0},"end":{"line":70,"column":1}},"1":{"start":{"line":4,"column":4},"end":{"line":4,"column":52}},"2":{"start":{"line":8,"column":16},"end":{"line":10,"column":56}},"3":{"start":{"line":12,"column":22},"end":{"line":12,"column":38}},"4":{"start":{"line":13,"column":4},"end":{"line":15,"column":5}},"5":{"start":{"line":14,"column":6},"end":{"line":14,"column":55}},"6":{"start":{"line":16,"column":4},"end":{"line":16,"column":34}},"7":{"start":{"line":20,"column":25},"end":{"line":20,"column":49}},"8":{"start":{"line":21,"column":37},"end":{"line":21,"column":105}},"9":{"start":{"line":21,"column":62},"end":{"line":21,"column":104}},"10":{"start":{"line":22,"column":31},"end":{"line":22,"column":87}},"11":{"start":{"line":22,"column":56},"end":{"line":22,"column":86}},"12":{"start":{"line":24,"column":26},"end":{"line":24,"column":28}},"13":{"start":{"line":25,"column":4},"end":{"line":41,"column":7}},"14":{"start":{"line":26,"column":6},"end":{"line":40,"column":7}},"15":{"start":{"line":27,"column":8},"end":{"line":39,"column":11}},"16":{"start":{"line":28,"column":24},"end":{"line":28,"column":52}},"17":{"start":{"line":29,"column":10},"end":{"line":38,"column":11}},"18":{"start":{"line":30,"column":12},"end":{"line":36,"column":13}},"19":{"start":{"line":31,"column":14},"end":{"line":35,"column":16}},"20":{"start":{"line":37,"column":12},"end":{"line":37,"column":44}},"21":{"start":{"line":43,"column":21},"end":{"line":45,"column":19}},"22":{"start":{"line":44,"column":22},"end":{"line":44,"column":45}},"23":{"start":{"line":47,"column":29},"end":{"line":47,"column":31}},"24":{"start":{"line":48,"column":4},"end":{"line":58,"column":7}},"25":{"start":{"line":49,"column":22},"end":{"line":49,"column":57}},"26":{"start":{"line":50,"column":6},"end":{"line":56,"column":7}},"27":{"start":{"line":51,"column":8},"end":{"line":55,"column":10}},"28":{"start":{"line":57,"column":6},"end":{"line":57,"column":43}},"29":{"start":{"line":60,"column":4},"end":{"line":66,"column":6}},"30":{"start":{"line":69,"column":0},"end":{"line":69,"column":51}},"31":{"start":{"line":72,"column":0},"end":{"line":583,"column":1}},"32":{"start":{"line":75,"column":4},"end":{"line":75,"column":46}},"33":{"start":{"line":76,"column":4},"end":{"line":76,"column":23}},"34":{"start":{"line":77,"column":4},"end":{"line":77,"column":36}},"35":{"start":{"line":78,"column":4},"end":{"line":78,"column":32}},"36":{"start":{"line":79,"column":4},"end":{"line":79,"column":48}},"37":{"start":{"line":80,"column":4},"end":{"line":80,"column":31}},"38":{"start":{"line":84,"column":20},"end":{"line":95,"column":5}},"39":{"start":{"line":96,"column":4},"end":{"line":96,"column":38}},"40":{"start":{"line":100,"column":20},"end":{"line":111,"column":5}},"41":{"start":{"line":112,"column":4},"end":{"line":112,"column":38}},"42":{"start":{"line":116,"column":4},"end":{"line":116,"column":74}},"43":{"start":{"line":120,"column":21},"end":{"line":120,"column":56}},"44":{"start":{"line":121,"column":4},"end":{"line":125,"column":6}},"45":{"start":{"line":129,"column":4},"end":{"line":129,"column":27}},"46":{"start":{"line":130,"column":4},"end":{"line":130,"column":43}},"47":{"start":{"line":132,"column":4},"end":{"line":136,"column":5}},"48":{"start":{"line":133,"column":6},"end":{"line":133,"column":39}},"49":{"start":{"line":134,"column":11},"end":{"line":136,"column":5}},"50":{"start":{"line":135,"column":6},"end":{"line":135,"column":57}},"51":{"start":{"line":138,"column":4},"end":{"line":138,"column":36}},"52":{"start":{"line":139,"column":4},"end":{"line":139,"column":29}},"53":{"start":{"line":143,"column":4},"end":{"line":145,"column":5}},"54":{"start":{"line":144,"column":6},"end":{"line":144,"column":39}},"55":{"start":{"line":147,"column":4},"end":{"line":151,"column":7}},"56":{"start":{"line":148,"column":6},"end":{"line":150,"column":7}},"57":{"start":{"line":149,"column":8},"end":{"line":149,"column":34}},"58":{"start":{"line":153,"column":4},"end":{"line":156,"column":7}},"59":{"start":{"line":160,"column":21},"end":{"line":160,"column":76}},"60":{"start":{"line":161,"column":4},"end":{"line":161,"column":26}},"61":{"start":{"line":161,"column":19},"end":{"line":161,"column":26}},"62":{"start":{"line":163,"column":4},"end":{"line":163,"column":36}},"63":{"start":{"line":164,"column":19},"end":{"line":164,"column":51}},"64":{"start":{"line":166,"column":4},"end":{"line":166,"column":70}},"65":{"start":{"line":167,"column":4},"end":{"line":172,"column":7}},"66":{"start":{"line":168,"column":21},"end":{"line":168,"column":53}},"67":{"start":{"line":169,"column":6},"end":{"line":169,"column":36}},"68":{"start":{"line":170,"column":6},"end":{"line":170,"column":60}},"69":{"start":{"line":171,"column":6},"end":{"line":171,"column":33}},"70":{"start":{"line":174,"column":4},"end":{"line":177,"column":7}},"71":{"start":{"line":175,"column":6},"end":{"line":175,"column":56}},"72":{"start":{"line":176,"column":6},"end":{"line":176,"column":31}},"73":{"start":{"line":181,"column":23},"end":{"line":181,"column":73}},"74":{"start":{"line":182,"column":4},"end":{"line":182,"column":28}},"75":{"start":{"line":182,"column":21},"end":{"line":182,"column":28}},"76":{"start":{"line":184,"column":4},"end":{"line":184,"column":96}},"77":{"start":{"line":186,"column":4},"end":{"line":197,"column":5}},"78":{"start":{"line":187,"column":20},"end":{"line":187,"column":84}},"79":{"start":{"line":188,"column":6},"end":{"line":188,"column":63}},"80":{"start":{"line":189,"column":6},"end":{"line":189,"column":24}},"81":{"start":{"line":191,"column":6},"end":{"line":191,"column":53}},"82":{"start":{"line":192,"column":6},"end":{"line":196,"column":8}},"83":{"start":{"line":201,"column":4},"end":{"line":201,"column":38}},"84":{"start":{"line":201,"column":31},"end":{"line":201,"column":38}},"85":{"start":{"line":203,"column":23},"end":{"line":203,"column":73}},"86":{"start":{"line":204,"column":4},"end":{"line":204,"column":28}},"87":{"start":{"line":204,"column":21},"end":{"line":204,"column":28}},"88":{"start":{"line":206,"column":4},"end":{"line":214,"column":5}},"89":{"start":{"line":207,"column":6},"end":{"line":212,"column":8}},"90":{"start":{"line":213,"column":6},"end":{"line":213,"column":13}},"91":{"start":{"line":216,"column":4},"end":{"line":267,"column":6}},"92":{"start":{"line":269,"column":4},"end":{"line":269,"column":30}},"93":{"start":{"line":273,"column":4},"end":{"line":276,"column":5}},"94":{"start":{"line":274,"column":6},"end":{"line":274,"column":51}},"95":{"start":{"line":275,"column":6},"end":{"line":275,"column":13}},"96":{"start":{"line":278,"column":4},"end":{"line":278,"column":28}},"97":{"start":{"line":280,"column":4},"end":{"line":280,"column":34}},"98":{"start":{"line":281,"column":4},"end":{"line":281,"column":39}},"99":{"start":{"line":282,"column":4},"end":{"line":282,"column":39}},"100":{"start":{"line":283,"column":4},"end":{"line":283,"column":33}},"101":{"start":{"line":284,"column":4},"end":{"line":286,"column":5}},"102":{"start":{"line":285,"column":6},"end":{"line":285,"column":39}},"103":{"start":{"line":290,"column":19},"end":{"line":290,"column":58}},"104":{"start":{"line":291,"column":4},"end":{"line":291,"column":65}},"105":{"start":{"line":291,"column":58},"end":{"line":291,"column":65}},"106":{"start":{"line":293,"column":16},"end":{"line":293,"column":39}},"107":{"start":{"line":294,"column":18},"end":{"line":294,"column":62}},"108":{"start":{"line":295,"column":20},"end":{"line":295,"column":45}},"109":{"start":{"line":296,"column":26},"end":{"line":296,"column":59}},"110":{"start":{"line":297,"column":26},"end":{"line":297,"column":65}},"111":{"start":{"line":299,"column":4},"end":{"line":342,"column":7}},"112":{"start":{"line":302,"column":31},"end":{"line":302,"column":98}},"113":{"start":{"line":305,"column":31},"end":{"line":305,"column":41}},"114":{"start":{"line":346,"column":19},"end":{"line":346,"column":63}},"115":{"start":{"line":347,"column":4},"end":{"line":347,"column":65}},"116":{"start":{"line":347,"column":58},"end":{"line":347,"column":65}},"117":{"start":{"line":349,"column":16},"end":{"line":349,"column":39}},"118":{"start":{"line":350,"column":18},"end":{"line":350,"column":47}},"119":{"start":{"line":351,"column":20},"end":{"line":351,"column":45}},"120":{"start":{"line":352,"column":25},"end":{"line":352,"column":58}},"121":{"start":{"line":353,"column":26},"end":{"line":353,"column":65}},"122":{"start":{"line":355,"column":4},"end":{"line":402,"column":7}},"123":{"start":{"line":358,"column":31},"end":{"line":358,"column":98}},"124":{"start":{"line":360,"column":31},"end":{"line":360,"column":41}},"125":{"start":{"line":378,"column":28},"end":{"line":378,"column":44}},"126":{"start":{"line":379,"column":28},"end":{"line":379,"column":52}},"127":{"start":{"line":380,"column":14},"end":{"line":386,"column":15}},"128":{"start":{"line":381,"column":29},"end":{"line":381,"column":52}},"129":{"start":{"line":382,"column":16},"end":{"line":385,"column":17}},"130":{"start":{"line":383,"column":18},"end":{"line":383,"column":69}},"131":{"start":{"line":384,"column":18},"end":{"line":384,"column":33}},"132":{"start":{"line":392,"column":30},"end":{"line":392,"column":49}},"133":{"start":{"line":393,"column":30},"end":{"line":393,"column":49}},"134":{"start":{"line":394,"column":30},"end":{"line":394,"column":77}},"135":{"start":{"line":394,"column":68},"end":{"line":394,"column":73}},"136":{"start":{"line":395,"column":35},"end":{"line":395,"column":69}},"137":{"start":{"line":396,"column":16},"end":{"line":396,"column":61}},"138":{"start":{"line":406,"column":19},"end":{"line":406,"column":63}},"139":{"start":{"line":407,"column":4},"end":{"line":407,"column":24}},"140":{"start":{"line":407,"column":17},"end":{"line":407,"column":24}},"141":{"start":{"line":409,"column":16},"end":{"line":409,"column":39}},"142":{"start":{"line":410,"column":20},"end":{"line":410,"column":45}},"143":{"start":{"line":412,"column":4},"end":{"line":462,"column":7}},"144":{"start":{"line":466,"column":19},"end":{"line":466,"column":57}},"145":{"start":{"line":467,"column":4},"end":{"line":467,"column":24}},"146":{"start":{"line":467,"column":17},"end":{"line":467,"column":24}},"147":{"start":{"line":469,"column":16},"end":{"line":469,"column":39}},"148":{"start":{"line":470,"column":20},"end":{"line":470,"column":45}},"149":{"start":{"line":472,"column":4},"end":{"line":518,"column":7}},"150":{"start":{"line":508,"column":30},"end":{"line":508,"column":49}},"151":{"start":{"line":509,"column":30},"end":{"line":509,"column":49}},"152":{"start":{"line":510,"column":30},"end":{"line":510,"column":77}},"153":{"start":{"line":510,"column":68},"end":{"line":510,"column":73}},"154":{"start":{"line":511,"column":35},"end":{"line":511,"column":69}},"155":{"start":{"line":512,"column":16},"end":{"line":512,"column":61}},"156":{"start":{"line":522,"column":19},"end":{"line":522,"column":61}},"157":{"start":{"line":523,"column":4},"end":{"line":523,"column":77}},"158":{"start":{"line":523,"column":70},"end":{"line":523,"column":77}},"159":{"start":{"line":525,"column":16},"end":{"line":525,"column":39}},"160":{"start":{"line":526,"column":18},"end":{"line":526,"column":59}},"161":{"start":{"line":527,"column":20},"end":{"line":527,"column":45}},"162":{"start":{"line":529,"column":4},"end":{"line":570,"column":7}},"163":{"start":{"line":532,"column":31},"end":{"line":532,"column":39}},"164":{"start":{"line":535,"column":31},"end":{"line":535,"column":41}},"165":{"start":{"line":574,"column":4},"end":{"line":578,"column":7}},"166":{"start":{"line":575,"column":6},"end":{"line":577,"column":7}},"167":{"start":{"line":576,"column":8},"end":{"line":576,"column":26}},"168":{"start":{"line":579,"column":4},"end":{"line":579,"column":23}},"169":{"start":{"line":582,"column":0},"end":{"line":582,"column":43}}},"fnMap":{"0":{"name":"(anonymous_0)","decl":{"start":{"line":3,"column":2},"end":{"line":3,"column":3}},"loc":{"start":{"line":3,"column":16},"end":{"line":5,"column":3}},"line":3},"1":{"name":"(anonymous_1)","decl":{"start":{"line":7,"column":2},"end":{"line":7,"column":3}},"loc":{"start":{"line":7,"column":50},"end":{"line":17,"column":3}},"line":7},"2":{"name":"(anonymous_2)","decl":{"start":{"line":19,"column":2},"end":{"line":19,"column":3}},"loc":{"start":{"line":19,"column":23},"end":{"line":67,"column":3}},"line":19},"3":{"name":"(anonymous_3)","decl":{"start":{"line":21,"column":57},"end":{"line":21,"column":58}},"loc":{"start":{"line":21,"column":62},"end":{"line":21,"column":104}},"line":21},"4":{"name":"(anonymous_4)","decl":{"start":{"line":22,"column":51},"end":{"line":22,"column":52}},"loc":{"start":{"line":22,"column":56},"end":{"line":22,"column":86}},"line":22},"5":{"name":"(anonymous_5)","decl":{"start":{"line":25,"column":37},"end":{"line":25,"column":38}},"loc":{"start":{"line":25,"column":44},"end":{"line":41,"column":5}},"line":25},"6":{"name":"(anonymous_6)","decl":{"start":{"line":27,"column":37},"end":{"line":27,"column":38}},"loc":{"start":{"line":27,"column":46},"end":{"line":39,"column":9}},"line":27},"7":{"name":"(anonymous_7)","decl":{"start":{"line":44,"column":12},"end":{"line":44,"column":13}},"loc":{"start":{"line":44,"column":22},"end":{"line":44,"column":45}},"line":44},"8":{"name":"(anonymous_8)","decl":{"start":{"line":48,"column":25},"end":{"line":48,"column":26}},"loc":{"start":{"line":48,"column":32},"end":{"line":58,"column":5}},"line":48},"9":{"name":"(anonymous_9)","decl":{"start":{"line":74,"column":2},"end":{"line":74,"column":3}},"loc":{"start":{"line":74,"column":16},"end":{"line":81,"column":3}},"line":74},"10":{"name":"(anonymous_10)","decl":{"start":{"line":83,"column":2},"end":{"line":83,"column":3}},"loc":{"start":{"line":83,"column":27},"end":{"line":97,"column":3}},"line":83},"11":{"name":"(anonymous_11)","decl":{"start":{"line":99,"column":2},"end":{"line":99,"column":3}},"loc":{"start":{"line":99,"column":33},"end":{"line":113,"column":3}},"line":99},"12":{"name":"(anonymous_12)","decl":{"start":{"line":115,"column":2},"end":{"line":115,"column":3}},"loc":{"start":{"line":115,"column":22},"end":{"line":117,"column":3}},"line":115},"13":{"name":"(anonymous_13)","decl":{"start":{"line":119,"column":2},"end":{"line":119,"column":3}},"loc":{"start":{"line":119,"column":23},"end":{"line":126,"column":3}},"line":119},"14":{"name":"(anonymous_14)","decl":{"start":{"line":128,"column":2},"end":{"line":128,"column":3}},"loc":{"start":{"line":128,"column":29},"end":{"line":140,"column":3}},"line":128},"15":{"name":"(anonymous_15)","decl":{"start":{"line":142,"column":2},"end":{"line":142,"column":3}},"loc":{"start":{"line":142,"column":29},"end":{"line":157,"column":3}},"line":142},"16":{"name":"(anonymous_16)","decl":{"start":{"line":147,"column":47},"end":{"line":147,"column":48}},"loc":{"start":{"line":147,"column":53},"end":{"line":151,"column":5}},"line":147},"17":{"name":"(anonymous_17)","decl":{"start":{"line":159,"column":2},"end":{"line":159,"column":3}},"loc":{"start":{"line":159,"column":30},"end":{"line":178,"column":3}},"line":159},"18":{"name":"(anonymous_18)","decl":{"start":{"line":167,"column":26},"end":{"line":167,"column":27}},"loc":{"start":{"line":167,"column":37},"end":{"line":172,"column":5}},"line":167},"19":{"name":"(anonymous_19)","decl":{"start":{"line":174,"column":38},"end":{"line":174,"column":39}},"loc":{"start":{"line":174,"column":51},"end":{"line":177,"column":5}},"line":174},"20":{"name":"(anonymous_20)","decl":{"start":{"line":180,"column":2},"end":{"line":180,"column":3}},"loc":{"start":{"line":180,"column":22},"end":{"line":198,"column":3}},"line":180},"21":{"name":"(anonymous_21)","decl":{"start":{"line":200,"column":2},"end":{"line":200,"column":3}},"loc":{"start":{"line":200,"column":15},"end":{"line":270,"column":3}},"line":200},"22":{"name":"(anonymous_22)","decl":{"start":{"line":272,"column":2},"end":{"line":272,"column":3}},"loc":{"start":{"line":272,"column":23},"end":{"line":287,"column":3}},"line":272},"23":{"name":"(anonymous_23)","decl":{"start":{"line":289,"column":2},"end":{"line":289,"column":3}},"loc":{"start":{"line":289,"column":27},"end":{"line":343,"column":3}},"line":289},"24":{"name":"(anonymous_24)","decl":{"start":{"line":302,"column":26},"end":{"line":302,"column":27}},"loc":{"start":{"line":302,"column":31},"end":{"line":302,"column":98}},"line":302},"25":{"name":"(anonymous_25)","decl":{"start":{"line":305,"column":26},"end":{"line":305,"column":27}},"loc":{"start":{"line":305,"column":31},"end":{"line":305,"column":41}},"line":305},"26":{"name":"(anonymous_26)","decl":{"start":{"line":318,"column":21},"end":{"line":318,"column":22}},"loc":{"start":{"line":318,"column":27},"end":{"line":318,"column":29}},"line":318},"27":{"name":"(anonymous_27)","decl":{"start":{"line":345,"column":2},"end":{"line":345,"column":3}},"loc":{"start":{"line":345,"column":32},"end":{"line":403,"column":3}},"line":345},"28":{"name":"(anonymous_28)","decl":{"start":{"line":358,"column":26},"end":{"line":358,"column":27}},"loc":{"start":{"line":358,"column":31},"end":{"line":358,"column":98}},"line":358},"29":{"name":"(anonymous_29)","decl":{"start":{"line":360,"column":26},"end":{"line":360,"column":27}},"loc":{"start":{"line":360,"column":31},"end":{"line":360,"column":41}},"line":360},"30":{"name":"(anonymous_30)","decl":{"start":{"line":377,"column":21},"end":{"line":377,"column":22}},"loc":{"start":{"line":377,"column":48},"end":{"line":387,"column":13}},"line":377},"31":{"name":"(anonymous_31)","decl":{"start":{"line":391,"column":21},"end":{"line":391,"column":22}},"loc":{"start":{"line":391,"column":34},"end":{"line":397,"column":15}},"line":391},"32":{"name":"(anonymous_32)","decl":{"start":{"line":394,"column":58},"end":{"line":394,"column":59}},"loc":{"start":{"line":394,"column":68},"end":{"line":394,"column":73}},"line":394},"33":{"name":"(anonymous_33)","decl":{"start":{"line":405,"column":2},"end":{"line":405,"column":3}},"loc":{"start":{"line":405,"column":32},"end":{"line":463,"column":3}},"line":405},"34":{"name":"(anonymous_34)","decl":{"start":{"line":465,"column":2},"end":{"line":465,"column":3}},"loc":{"start":{"line":465,"column":26},"end":{"line":519,"column":3}},"line":465},"35":{"name":"(anonymous_35)","decl":{"start":{"line":503,"column":21},"end":{"line":503,"column":22}},"loc":{"start":{"line":503,"column":27},"end":{"line":503,"column":29}},"line":503},"36":{"name":"(anonymous_36)","decl":{"start":{"line":507,"column":21},"end":{"line":507,"column":22}},"loc":{"start":{"line":507,"column":34},"end":{"line":513,"column":15}},"line":507},"37":{"name":"(anonymous_37)","decl":{"start":{"line":510,"column":58},"end":{"line":510,"column":59}},"loc":{"start":{"line":510,"column":68},"end":{"line":510,"column":73}},"line":510},"38":{"name":"(anonymous_38)","decl":{"start":{"line":521,"column":2},"end":{"line":521,"column":3}},"loc":{"start":{"line":521,"column":30},"end":{"line":571,"column":3}},"line":521},"39":{"name":"(anonymous_39)","decl":{"start":{"line":532,"column":26},"end":{"line":532,"column":27}},"loc":{"start":{"line":532,"column":31},"end":{"line":532,"column":39}},"line":532},"40":{"name":"(anonymous_40)","decl":{"start":{"line":535,"column":26},"end":{"line":535,"column":27}},"loc":{"start":{"line":535,"column":31},"end":{"line":535,"column":41}},"line":535},"41":{"name":"(anonymous_41)","decl":{"start":{"line":573,"column":2},"end":{"line":573,"column":3}},"loc":{"start":{"line":573,"column":21},"end":{"line":580,"column":3}},"line":573},"42":{"name":"(anonymous_42)","decl":{"start":{"line":574,"column":41},"end":{"line":574,"column":42}},"loc":{"start":{"line":574,"column":52},"end":{"line":578,"column":5}},"line":574}},"branchMap":{"0":{"loc":{"start":{"line":1,"column":0},"end":{"line":70,"column":1}},"type":"if","locations":[{"start":{"line":1,"column":0},"end":{"line":70,"column":1}},{"start":{},"end":{}}],"line":1},"1":{"loc":{"start":{"line":7,"column":28},"end":{"line":7,"column":48}},"type":"default-arg","locations":[{"start":{"line":7,"column":44},"end":{"line":7,"column":48}}],"line":7},"2":{"loc":{"start":{"line":8,"column":16},"end":{"line":10,"column":56}},"type":"cond-expr","locations":[{"start":{"line":9,"column":8},"end":{"line":9,"column":81}},{"start":{"line":10,"column":8},"end":{"line":10,"column":56}}],"line":8},"3":{"loc":{"start":{"line":13,"column":4},"end":{"line":15,"column":5}},"type":"if","locations":[{"start":{"line":13,"column":4},"end":{"line":15,"column":5}},{"start":{},"end":{}}],"line":13},"4":{"loc":{"start":{"line":20,"column":25},"end":{"line":20,"column":49}},"type":"binary-expr","locations":[{"start":{"line":20,"column":25},"end":{"line":20,"column":43}},{"start":{"line":20,"column":47},"end":{"line":20,"column":49}}],"line":20},"5":{"loc":{"start":{"line":26,"column":6},"end":{"line":40,"column":7}},"type":"if","locations":[{"start":{"line":26,"column":6},"end":{"line":40,"column":7}},{"start":{},"end":{}}],"line":26},"6":{"loc":{"start":{"line":26,"column":10},"end":{"line":26,"column":62}},"type":"binary-expr","locations":[{"start":{"line":26,"column":10},"end":{"line":26,"column":23}},{"start":{"line":26,"column":27},"end":{"line":26,"column":62}}],"line":26},"7":{"loc":{"start":{"line":28,"column":24},"end":{"line":28,"column":52}},"type":"binary-expr","locations":[{"start":{"line":28,"column":24},"end":{"line":28,"column":36}},{"start":{"line":28,"column":40},"end":{"line":28,"column":52}}],"line":28},"8":{"loc":{"start":{"line":29,"column":10},"end":{"line":38,"column":11}},"type":"if","locations":[{"start":{"line":29,"column":10},"end":{"line":38,"column":11}},{"start":{},"end":{}}],"line":29},"9":{"loc":{"start":{"line":30,"column":12},"end":{"line":36,"column":13}},"type":"if","locations":[{"start":{"line":30,"column":12},"end":{"line":36,"column":13}},{"start":{},"end":{}}],"line":30},"10":{"loc":{"start":{"line":32,"column":24},"end":{"line":32,"column":42}},"type":"binary-expr","locations":[{"start":{"line":32,"column":24},"end":{"line":32,"column":36}},{"start":{"line":32,"column":40},"end":{"line":32,"column":42}}],"line":32},"11":{"loc":{"start":{"line":33,"column":24},"end":{"line":33,"column":45}},"type":"binary-expr","locations":[{"start":{"line":33,"column":24},"end":{"line":33,"column":36}},{"start":{"line":33,"column":40},"end":{"line":33,"column":45}}],"line":33},"12":{"loc":{"start":{"line":49,"column":22},"end":{"line":49,"column":57}},"type":"binary-expr","locations":[{"start":{"line":49,"column":22},"end":{"line":49,"column":40}},{"start":{"line":49,"column":44},"end":{"line":49,"column":57}}],"line":49},"13":{"loc":{"start":{"line":50,"column":6},"end":{"line":56,"column":7}},"type":"if","locations":[{"start":{"line":50,"column":6},"end":{"line":56,"column":7}},{"start":{},"end":{}}],"line":50},"14":{"loc":{"start":{"line":53,"column":18},"end":{"line":53,"column":47}},"type":"binary-expr","locations":[{"start":{"line":53,"column":18},"end":{"line":53,"column":36}},{"start":{"line":53,"column":40},"end":{"line":53,"column":47}}],"line":53},"15":{"loc":{"start":{"line":72,"column":0},"end":{"line":583,"column":1}},"type":"if","locations":[{"start":{"line":72,"column":0},"end":{"line":583,"column":1}},{"start":{},"end":{}}],"line":72},"16":{"loc":{"start":{"line":116,"column":11},"end":{"line":116,"column":73}},"type":"binary-expr","locations":[{"start":{"line":116,"column":11},"end":{"line":116,"column":62}},{"start":{"line":116,"column":66},"end":{"line":116,"column":73}}],"line":116},"17":{"loc":{"start":{"line":122,"column":13},"end":{"line":122,"column":74}},"type":"cond-expr","locations":[{"start":{"line":122,"column":24},"end":{"line":122,"column":50}},{"start":{"line":122,"column":53},"end":{"line":122,"column":74}}],"line":122},"18":{"loc":{"start":{"line":123,"column":12},"end":{"line":123,"column":72}},"type":"cond-expr","locations":[{"start":{"line":123,"column":23},"end":{"line":123,"column":49}},{"start":{"line":123,"column":52},"end":{"line":123,"column":72}}],"line":123},"19":{"loc":{"start":{"line":124,"column":13},"end":{"line":124,"column":72}},"type":"cond-expr","locations":[{"start":{"line":124,"column":24},"end":{"line":124,"column":45}},{"start":{"line":124,"column":48},"end":{"line":124,"column":72}}],"line":124},"20":{"loc":{"start":{"line":130,"column":20},"end":{"line":130,"column":42}},"type":"binary-expr","locations":[{"start":{"line":130,"column":20},"end":{"line":130,"column":36}},{"start":{"line":130,"column":40},"end":{"line":130,"column":42}}],"line":130},"21":{"loc":{"start":{"line":132,"column":4},"end":{"line":136,"column":5}},"type":"if","locations":[{"start":{"line":132,"column":4},"end":{"line":136,"column":5}},{"start":{"line":134,"column":11},"end":{"line":136,"column":5}}],"line":132},"22":{"loc":{"start":{"line":134,"column":11},"end":{"line":136,"column":5}},"type":"if","locations":[{"start":{"line":134,"column":11},"end":{"line":136,"column":5}},{"start":{},"end":{}}],"line":134},"23":{"loc":{"start":{"line":143,"column":4},"end":{"line":145,"column":5}},"type":"if","locations":[{"start":{"line":143,"column":4},"end":{"line":145,"column":5}},{"start":{},"end":{}}],"line":143},"24":{"loc":{"start":{"line":148,"column":6},"end":{"line":150,"column":7}},"type":"if","locations":[{"start":{"line":148,"column":6},"end":{"line":150,"column":7}},{"start":{},"end":{}}],"line":148},"25":{"loc":{"start":{"line":161,"column":4},"end":{"line":161,"column":26}},"type":"if","locations":[{"start":{"line":161,"column":4},"end":{"line":161,"column":26}},{"start":{},"end":{}}],"line":161},"26":{"loc":{"start":{"line":170,"column":27},"end":{"line":170,"column":59}},"type":"binary-expr","locations":[{"start":{"line":170,"column":27},"end":{"line":170,"column":41}},{"start":{"line":170,"column":45},"end":{"line":170,"column":59}}],"line":170},"27":{"loc":{"start":{"line":175,"column":33},"end":{"line":175,"column":55}},"type":"binary-expr","locations":[{"start":{"line":175,"column":33},"end":{"line":175,"column":47}},{"start":{"line":175,"column":51},"end":{"line":175,"column":55}}],"line":175},"28":{"loc":{"start":{"line":182,"column":4},"end":{"line":182,"column":28}},"type":"if","locations":[{"start":{"line":182,"column":4},"end":{"line":182,"column":28}},{"start":{},"end":{}}],"line":182},"29":{"loc":{"start":{"line":201,"column":4},"end":{"line":201,"column":38}},"type":"if","locations":[{"start":{"line":201,"column":4},"end":{"line":201,"column":38}},{"start":{},"end":{}}],"line":201},"30":{"loc":{"start":{"line":204,"column":4},"end":{"line":204,"column":28}},"type":"if","locations":[{"start":{"line":204,"column":4},"end":{"line":204,"column":28}},{"start":{},"end":{}}],"line":204},"31":{"loc":{"start":{"line":206,"column":4},"end":{"line":214,"column":5}},"type":"if","locations":[{"start":{"line":206,"column":4},"end":{"line":214,"column":5}},{"start":{},"end":{}}],"line":206},"32":{"loc":{"start":{"line":258,"column":10},"end":{"line":265,"column":14}},"type":"cond-expr","locations":[{"start":{"line":258,"column":65},"end":{"line":265,"column":9}},{"start":{"line":265,"column":12},"end":{"line":265,"column":14}}],"line":258},"33":{"loc":{"start":{"line":273,"column":4},"end":{"line":276,"column":5}},"type":"if","locations":[{"start":{"line":273,"column":4},"end":{"line":276,"column":5}},{"start":{},"end":{}}],"line":273},"34":{"loc":{"start":{"line":284,"column":4},"end":{"line":286,"column":5}},"type":"if","locations":[{"start":{"line":284,"column":4},"end":{"line":286,"column":5}},{"start":{},"end":{}}],"line":284},"35":{"loc":{"start":{"line":291,"column":4},"end":{"line":291,"column":65}},"type":"if","locations":[{"start":{"line":291,"column":4},"end":{"line":291,"column":65}},{"start":{},"end":{}}],"line":291},"36":{"loc":{"start":{"line":291,"column":8},"end":{"line":291,"column":56}},"type":"binary-expr","locations":[{"start":{"line":291,"column":8},"end":{"line":291,"column":15}},{"start":{"line":291,"column":19},"end":{"line":291,"column":56}}],"line":291},"37":{"loc":{"start":{"line":302,"column":31},"end":{"line":302,"column":98}},"type":"cond-expr","locations":[{"start":{"line":302,"column":54},"end":{"line":302,"column":87}},{"start":{"line":302,"column":90},"end":{"line":302,"column":98}}],"line":302},"38":{"loc":{"start":{"line":347,"column":4},"end":{"line":347,"column":65}},"type":"if","locations":[{"start":{"line":347,"column":4},"end":{"line":347,"column":65}},{"start":{},"end":{}}],"line":347},"39":{"loc":{"start":{"line":347,"column":8},"end":{"line":347,"column":56}},"type":"binary-expr","locations":[{"start":{"line":347,"column":8},"end":{"line":347,"column":15}},{"start":{"line":347,"column":19},"end":{"line":347,"column":56}}],"line":347},"40":{"loc":{"start":{"line":358,"column":31},"end":{"line":358,"column":98}},"type":"cond-expr","locations":[{"start":{"line":358,"column":54},"end":{"line":358,"column":87}},{"start":{"line":358,"column":90},"end":{"line":358,"column":98}}],"line":358},"41":{"loc":{"start":{"line":380,"column":14},"end":{"line":386,"column":15}},"type":"if","locations":[{"start":{"line":380,"column":14},"end":{"line":386,"column":15}},{"start":{},"end":{}}],"line":380},"42":{"loc":{"start":{"line":380,"column":18},"end":{"line":380,"column":86}},"type":"binary-expr","locations":[{"start":{"line":380,"column":18},"end":{"line":380,"column":23}},{"start":{"line":380,"column":27},"end":{"line":380,"column":37}},{"start":{"line":380,"column":41},"end":{"line":380,"column":60}},{"start":{"line":380,"column":64},"end":{"line":380,"column":86}}],"line":380},"43":{"loc":{"start":{"line":382,"column":16},"end":{"line":385,"column":17}},"type":"if","locations":[{"start":{"line":382,"column":16},"end":{"line":385,"column":17}},{"start":{},"end":{}}],"line":382},"44":{"loc":{"start":{"line":382,"column":20},"end":{"line":382,"column":71}},"type":"binary-expr","locations":[{"start":{"line":382,"column":20},"end":{"line":382,"column":24}},{"start":{"line":382,"column":28},"end":{"line":382,"column":37}},{"start":{"line":382,"column":41},"end":{"line":382,"column":71}}],"line":382},"45":{"loc":{"start":{"line":392,"column":30},"end":{"line":392,"column":49}},"type":"binary-expr","locations":[{"start":{"line":392,"column":30},"end":{"line":392,"column":43}},{"start":{"line":392,"column":47},"end":{"line":392,"column":49}}],"line":392},"46":{"loc":{"start":{"line":393,"column":30},"end":{"line":393,"column":49}},"type":"binary-expr","locations":[{"start":{"line":393,"column":30},"end":{"line":393,"column":44}},{"start":{"line":393,"column":48},"end":{"line":393,"column":49}}],"line":393},"47":{"loc":{"start":{"line":407,"column":4},"end":{"line":407,"column":24}},"type":"if","locations":[{"start":{"line":407,"column":4},"end":{"line":407,"column":24}},{"start":{},"end":{}}],"line":407},"48":{"loc":{"start":{"line":467,"column":4},"end":{"line":467,"column":24}},"type":"if","locations":[{"start":{"line":467,"column":4},"end":{"line":467,"column":24}},{"start":{},"end":{}}],"line":467},"49":{"loc":{"start":{"line":508,"column":30},"end":{"line":508,"column":49}},"type":"binary-expr","locations":[{"start":{"line":508,"column":30},"end":{"line":508,"column":43}},{"start":{"line":508,"column":47},"end":{"line":508,"column":49}}],"line":508},"50":{"loc":{"start":{"line":509,"column":30},"end":{"line":509,"column":49}},"type":"binary-expr","locations":[{"start":{"line":509,"column":30},"end":{"line":509,"column":44}},{"start":{"line":509,"column":48},"end":{"line":509,"column":49}}],"line":509},"51":{"loc":{"start":{"line":523,"column":4},"end":{"line":523,"column":77}},"type":"if","locations":[{"start":{"line":523,"column":4},"end":{"line":523,"column":77}},{"start":{},"end":{}}],"line":523},"52":{"loc":{"start":{"line":523,"column":8},"end":{"line":523,"column":68}},"type":"binary-expr","locations":[{"start":{"line":523,"column":8},"end":{"line":523,"column":15}},{"start":{"line":523,"column":19},"end":{"line":523,"column":68}}],"line":523},"53":{"loc":{"start":{"line":575,"column":6},"end":{"line":577,"column":7}},"type":"if","locations":[{"start":{"line":575,"column":6},"end":{"line":577,"column":7}},{"start":{},"end":{}}],"line":575}},"s":{"0":1,"1":36,"2":7,"3":7,"4":6,"5":1,"6":5,"7":7,"8":7,"9":8,"10":7,"11":8,"12":7,"13":7,"14":6,"15":3,"16":19,"17":19,"18":19,"19":18,"20":19,"21":7,"22":15,"23":7,"24":7,"25":8,"26":8,"27":6,"28":8,"29":7,"30":1,"31":1,"32":29,"33":29,"34":29,"35":29,"36":29,"37":29,"38":35,"39":35,"40":4,"41":4,"42":18,"43":15,"44":15,"45":2,"46":2,"47":2,"48":1,"49":1,"50":1,"51":2,"52":2,"53":2,"54":0,"55":2,"56":0,"57":0,"58":2,"59":2,"60":2,"61":0,"62":2,"63":2,"64":2,"65":2,"66":2,"67":2,"68":2,"69":2,"70":1,"71":0,"72":0,"73":4,"74":4,"75":0,"76":4,"77":4,"78":4,"79":3,"80":3,"81":1,"82":1,"83":6,"84":0,"85":6,"86":6,"87":0,"88":6,"89":3,"90":3,"91":3,"92":3,"93":5,"94":0,"95":0,"96":5,"97":5,"98":4,"99":4,"100":4,"101":4,"102":1,"103":5,"104":5,"105":2,"106":2,"107":2,"108":2,"109":2,"110":2,"111":2,"112":3,"113":3,"114":4,"115":4,"116":2,"117":2,"118":2,"119":2,"120":2,"121":2,"122":2,"123":3,"124":3,"125":0,"126":0,"127":0,"128":0,"129":0,"130":0,"131":0,"132":0,"133":0,"134":0,"135":0,"136":0,"137":0,"138":4,"139":4,"140":0,"141":4,"142":4,"143":4,"144":4,"145":4,"146":0,"147":4,"148":4,"149":4,"150":0,"151":0,"152":0,"153":0,"154":0,"155":0,"156":1,"157":1,"158":0,"159":1,"160":1,"161":1,"162":1,"163":2,"164":2,"165":6,"166":2,"167":2,"168":6,"169":1},"f":{"0":36,"1":7,"2":7,"3":8,"4":8,"5":6,"6":19,"7":15,"8":8,"9":29,"10":35,"11":4,"12":18,"13":15,"14":2,"15":2,"16":0,"17":2,"18":2,"19":0,"20":4,"21":6,"22":5,"23":5,"24":3,"25":3,"26":0,"27":4,"28":3,"29":3,"30":0,"31":0,"32":0,"33":4,"34":4,"35":0,"36":0,"37":0,"38":1,"39":2,"40":2,"41":6,"42":2},"b":{"0":[1,0],"1":[2],"2":[2,5],"3":[1,5],"4":[7,0],"5":[3,3],"6":[6,3],"7":[19,0],"8":[19,0],"9":[18,1],"10":[18,0],"11":[18,0],"12":[8,1],"13":[6,2],"14":[6,2],"15":[1,0],"16":[18,1],"17":[1,14],"18":[1,14],"19":[1,14],"20":[2,0],"21":[1,1],"22":[1,0],"23":[0,2],"24":[0,0],"25":[0,2],"26":[2,0],"27":[0,0],"28":[0,4],"29":[0,6],"30":[0,6],"31":[3,3],"32":[1,2],"33":[0,5],"34":[1,3],"35":[2,2],"36":[5,5],"37":[0,3],"38":[2,2],"39":[4,4],"40":[0,3],"41":[0,0],"42":[0,0,0,0],"43":[0,0],"44":[0,0,0],"45":[0,0],"46":[0,0],"47":[0,4],"48":[0,4],"49":[0,0],"50":[0,0],"51":[0,1],"52":[1,1],"53":[2,0]},"_coverageSchema":"1a1c01bbd47fc00a2c39e90264f33305004495a9","hash":"678a7e219b36847b3513d42eb6d98b41715914f1"}
,"/Users/nicolascordero/Desktop/MATERIA UNIVERSIDAD/NEW/Universidad 2025 - Nicolás/Semestre VI/Proyecto Integrador/FrontEnd/frontend-proyecto-integrador/frontend/js/historico-estadisticas.js": {"path":"/Users/nicolascordero/Desktop/MATERIA UNIVERSIDAD/NEW/Universidad 2025 - Nicolás/Semestre VI/Proyecto Integrador/FrontEnd/frontend-proyecto-integrador/frontend/js/historico-estadisticas.js","statementMap":{"0":{"start":{"line":3,"column":0},"end":{"line":329,"column":5}},"1":{"start":{"line":6,"column":2},"end":{"line":8,"column":3}},"2":{"start":{"line":7,"column":4},"end":{"line":7,"column":40}},"3":{"start":{"line":12,"column":6},"end":{"line":12,"column":70}},"4":{"start":{"line":13,"column":6},"end":{"line":13,"column":30}},"5":{"start":{"line":14,"column":6},"end":{"line":14,"column":34}},"6":{"start":{"line":15,"column":6},"end":{"line":15,"column":32}},"7":{"start":{"line":16,"column":6},"end":{"line":16,"column":27}},"8":{"start":{"line":20,"column":6},"end":{"line":20,"column":63}},"9":{"start":{"line":22,"column":6},"end":{"line":25,"column":7}},"10":{"start":{"line":23,"column":8},"end":{"line":23,"column":89}},"11":{"start":{"line":24,"column":8},"end":{"line":24,"column":15}},"12":{"start":{"line":27,"column":6},"end":{"line":27,"column":20}},"13":{"start":{"line":28,"column":22},"end":{"line":33,"column":7}},"14":{"start":{"line":34,"column":6},"end":{"line":34,"column":40}},"15":{"start":{"line":38,"column":6},"end":{"line":38,"column":57}},"16":{"start":{"line":38,"column":42},"end":{"line":38,"column":57}},"17":{"start":{"line":39,"column":6},"end":{"line":39,"column":78}},"18":{"start":{"line":39,"column":39},"end":{"line":39,"column":78}},"19":{"start":{"line":40,"column":6},"end":{"line":40,"column":18}},"20":{"start":{"line":44,"column":6},"end":{"line":44,"column":35}},"21":{"start":{"line":44,"column":28},"end":{"line":44,"column":35}},"22":{"start":{"line":46,"column":6},"end":{"line":88,"column":8}},"23":{"start":{"line":90,"column":6},"end":{"line":96,"column":8}},"24":{"start":{"line":100,"column":6},"end":{"line":100,"column":34}},"25":{"start":{"line":100,"column":27},"end":{"line":100,"column":34}},"26":{"start":{"line":102,"column":22},"end":{"line":107,"column":7}},"27":{"start":{"line":109,"column":6},"end":{"line":109,"column":30}},"28":{"start":{"line":110,"column":6},"end":{"line":110,"column":93}},"29":{"start":{"line":110,"column":36},"end":{"line":110,"column":93}},"30":{"start":{"line":111,"column":6},"end":{"line":111,"column":96}},"31":{"start":{"line":111,"column":37},"end":{"line":111,"column":96}},"32":{"start":{"line":112,"column":6},"end":{"line":112,"column":96}},"33":{"start":{"line":112,"column":37},"end":{"line":112,"column":96}},"34":{"start":{"line":113,"column":6},"end":{"line":113,"column":95}},"35":{"start":{"line":113,"column":35},"end":{"line":113,"column":95}},"36":{"start":{"line":117,"column":6},"end":{"line":117,"column":34}},"37":{"start":{"line":117,"column":27},"end":{"line":117,"column":34}},"38":{"start":{"line":119,"column":22},"end":{"line":124,"column":7}},"39":{"start":{"line":126,"column":6},"end":{"line":126,"column":30}},"40":{"start":{"line":127,"column":6},"end":{"line":127,"column":69}},"41":{"start":{"line":128,"column":6},"end":{"line":128,"column":71}},"42":{"start":{"line":129,"column":6},"end":{"line":129,"column":71}},"43":{"start":{"line":130,"column":6},"end":{"line":130,"column":72}},"44":{"start":{"line":134,"column":6},"end":{"line":137,"column":7}},"45":{"start":{"line":135,"column":8},"end":{"line":135,"column":90}},"46":{"start":{"line":136,"column":8},"end":{"line":136,"column":15}},"47":{"start":{"line":139,"column":6},"end":{"line":139,"column":35}},"48":{"start":{"line":140,"column":18},"end":{"line":140,"column":75}},"49":{"start":{"line":141,"column":21},"end":{"line":141,"column":86}},"50":{"start":{"line":143,"column":6},"end":{"line":146,"column":7}},"51":{"start":{"line":144,"column":8},"end":{"line":144,"column":90}},"52":{"start":{"line":145,"column":8},"end":{"line":145,"column":15}},"53":{"start":{"line":149,"column":6},"end":{"line":151,"column":7}},"54":{"start":{"line":150,"column":8},"end":{"line":150,"column":50}},"55":{"start":{"line":154,"column":6},"end":{"line":156,"column":7}},"56":{"start":{"line":155,"column":8},"end":{"line":155,"column":42}},"57":{"start":{"line":159,"column":6},"end":{"line":159,"column":39}},"58":{"start":{"line":161,"column":6},"end":{"line":161,"column":29}},"59":{"start":{"line":163,"column":24},"end":{"line":163,"column":26}},"60":{"start":{"line":165,"column":6},"end":{"line":177,"column":7}},"61":{"start":{"line":166,"column":23},"end":{"line":166,"column":115}},"62":{"start":{"line":167,"column":8},"end":{"line":167,"column":30}},"63":{"start":{"line":167,"column":21},"end":{"line":167,"column":30}},"64":{"start":{"line":169,"column":8},"end":{"line":176,"column":9}},"65":{"start":{"line":170,"column":25},"end":{"line":170,"column":70}},"66":{"start":{"line":171,"column":10},"end":{"line":173,"column":11}},"67":{"start":{"line":172,"column":12},"end":{"line":172,"column":38}},"68":{"start":{"line":175,"column":10},"end":{"line":175,"column":94}},"69":{"start":{"line":179,"column":20},"end":{"line":179,"column":56}},"70":{"start":{"line":180,"column":6},"end":{"line":180,"column":29}},"71":{"start":{"line":184,"column":32},"end":{"line":184,"column":93}},"72":{"start":{"line":185,"column":6},"end":{"line":185,"column":37}},"73":{"start":{"line":185,"column":30},"end":{"line":185,"column":37}},"74":{"start":{"line":187,"column":6},"end":{"line":190,"column":7}},"75":{"start":{"line":188,"column":8},"end":{"line":188,"column":83}},"76":{"start":{"line":189,"column":8},"end":{"line":189,"column":15}},"77":{"start":{"line":192,"column":6},"end":{"line":197,"column":9}},"78":{"start":{"line":196,"column":36},"end":{"line":196,"column":71}},"79":{"start":{"line":201,"column":6},"end":{"line":201,"column":38}},"80":{"start":{"line":201,"column":31},"end":{"line":201,"column":38}},"81":{"start":{"line":204,"column":6},"end":{"line":204,"column":59}},"82":{"start":{"line":208,"column":6},"end":{"line":210,"column":7}},"83":{"start":{"line":209,"column":8},"end":{"line":209,"column":80}},"84":{"start":{"line":212,"column":22},"end":{"line":212,"column":23}},"85":{"start":{"line":213,"column":23},"end":{"line":213,"column":24}},"86":{"start":{"line":214,"column":23},"end":{"line":214,"column":24}},"87":{"start":{"line":215,"column":23},"end":{"line":215,"column":32}},"88":{"start":{"line":217,"column":6},"end":{"line":232,"column":9}},"89":{"start":{"line":219,"column":32},"end":{"line":219,"column":74}},"90":{"start":{"line":220,"column":8},"end":{"line":225,"column":9}},"91":{"start":{"line":221,"column":25},"end":{"line":221,"column":58}},"92":{"start":{"line":222,"column":10},"end":{"line":224,"column":28}},"93":{"start":{"line":222,"column":37},"end":{"line":222,"column":49}},"94":{"start":{"line":223,"column":15},"end":{"line":224,"column":28}},"95":{"start":{"line":223,"column":43},"end":{"line":223,"column":56}},"96":{"start":{"line":224,"column":15},"end":{"line":224,"column":28}},"97":{"start":{"line":228,"column":24},"end":{"line":228,"column":72}},"98":{"start":{"line":229,"column":8},"end":{"line":231,"column":9}},"99":{"start":{"line":230,"column":10},"end":{"line":230,"column":32}},"100":{"start":{"line":234,"column":28},"end":{"line":234,"column":55}},"101":{"start":{"line":236,"column":6},"end":{"line":241,"column":8}},"102":{"start":{"line":245,"column":19},"end":{"line":245,"column":44}},"103":{"start":{"line":246,"column":6},"end":{"line":248,"column":7}},"104":{"start":{"line":247,"column":8},"end":{"line":247,"column":66}},"105":{"start":{"line":249,"column":19},"end":{"line":249,"column":36}},"106":{"start":{"line":250,"column":6},"end":{"line":254,"column":7}},"107":{"start":{"line":251,"column":8},"end":{"line":251,"column":32}},"108":{"start":{"line":253,"column":8},"end":{"line":253,"column":73}},"109":{"start":{"line":258,"column":18},"end":{"line":258,"column":142}},"110":{"start":{"line":259,"column":20},"end":{"line":259,"column":49}},"111":{"start":{"line":260,"column":6},"end":{"line":260,"column":45}},"112":{"start":{"line":260,"column":32},"end":{"line":260,"column":45}},"113":{"start":{"line":261,"column":6},"end":{"line":264,"column":7}},"114":{"start":{"line":262,"column":8},"end":{"line":262,"column":89}},"115":{"start":{"line":263,"column":8},"end":{"line":263,"column":18}},"116":{"start":{"line":265,"column":6},"end":{"line":265,"column":16}},"117":{"start":{"line":269,"column":6},"end":{"line":269,"column":34}},"118":{"start":{"line":269,"column":27},"end":{"line":269,"column":34}},"119":{"start":{"line":270,"column":6},"end":{"line":270,"column":92}},"120":{"start":{"line":270,"column":47},"end":{"line":270,"column":90}},"121":{"start":{"line":274,"column":6},"end":{"line":274,"column":28}},"122":{"start":{"line":274,"column":21},"end":{"line":274,"column":28}},"123":{"start":{"line":275,"column":6},"end":{"line":275,"column":34}},"124":{"start":{"line":277,"column":23},"end":{"line":277,"column":27}},"125":{"start":{"line":278,"column":20},"end":{"line":278,"column":22}},"126":{"start":{"line":279,"column":25},"end":{"line":279,"column":43}},"127":{"start":{"line":280,"column":24},"end":{"line":280,"column":40}},"128":{"start":{"line":281,"column":24},"end":{"line":281,"column":25}},"129":{"start":{"line":282,"column":21},"end":{"line":282,"column":22}},"130":{"start":{"line":284,"column":20},"end":{"line":294,"column":19}},"131":{"start":{"line":285,"column":8},"end":{"line":285,"column":19}},"132":{"start":{"line":286,"column":8},"end":{"line":286,"column":34}},"133":{"start":{"line":287,"column":8},"end":{"line":293,"column":9}},"134":{"start":{"line":288,"column":10},"end":{"line":288,"column":31}},"135":{"start":{"line":289,"column":10},"end":{"line":289,"column":39}},"136":{"start":{"line":290,"column":10},"end":{"line":290,"column":44}},"137":{"start":{"line":292,"column":10},"end":{"line":292,"column":57}},"138":{"start":{"line":296,"column":6},"end":{"line":296,"column":39}},"139":{"start":{"line":300,"column":20},"end":{"line":300,"column":45}},"140":{"start":{"line":301,"column":6},"end":{"line":304,"column":7}},"141":{"start":{"line":302,"column":8},"end":{"line":302,"column":29}},"142":{"start":{"line":303,"column":8},"end":{"line":303,"column":37}},"143":{"start":{"line":310,"column":4},"end":{"line":312,"column":5}},"144":{"start":{"line":311,"column":6},"end":{"line":311,"column":13}},"145":{"start":{"line":314,"column":4},"end":{"line":319,"column":5}},"146":{"start":{"line":315,"column":6},"end":{"line":315,"column":65}},"147":{"start":{"line":318,"column":6},"end":{"line":318,"column":51}},"148":{"start":{"line":322,"column":2},"end":{"line":326,"column":3}},"149":{"start":{"line":323,"column":4},"end":{"line":323,"column":62}},"150":{"start":{"line":325,"column":4},"end":{"line":325,"column":17}},"151":{"start":{"line":328,"column":2},"end":{"line":328,"column":55}}},"fnMap":{"0":{"name":"(anonymous_0)","decl":{"start":{"line":3,"column":1},"end":{"line":3,"column":2}},"loc":{"start":{"line":3,"column":12},"end":{"line":329,"column":1}},"line":3},"1":{"name":"(anonymous_1)","decl":{"start":{"line":11,"column":4},"end":{"line":11,"column":5}},"loc":{"start":{"line":11,"column":31},"end":{"line":17,"column":5}},"line":11},"2":{"name":"(anonymous_2)","decl":{"start":{"line":19,"column":4},"end":{"line":19,"column":5}},"loc":{"start":{"line":19,"column":20},"end":{"line":35,"column":5}},"line":19},"3":{"name":"(anonymous_3)","decl":{"start":{"line":37,"column":4},"end":{"line":37,"column":5}},"loc":{"start":{"line":37,"column":32},"end":{"line":41,"column":5}},"line":37},"4":{"name":"(anonymous_4)","decl":{"start":{"line":43,"column":4},"end":{"line":43,"column":5}},"loc":{"start":{"line":43,"column":13},"end":{"line":97,"column":5}},"line":43},"5":{"name":"(anonymous_5)","decl":{"start":{"line":99,"column":4},"end":{"line":99,"column":5}},"loc":{"start":{"line":99,"column":43},"end":{"line":114,"column":5}},"line":99},"6":{"name":"(anonymous_6)","decl":{"start":{"line":116,"column":4},"end":{"line":116,"column":5}},"loc":{"start":{"line":116,"column":34},"end":{"line":131,"column":5}},"line":116},"7":{"name":"(anonymous_7)","decl":{"start":{"line":133,"column":4},"end":{"line":133,"column":5}},"loc":{"start":{"line":133,"column":66},"end":{"line":181,"column":5}},"line":133},"8":{"name":"(anonymous_8)","decl":{"start":{"line":183,"column":4},"end":{"line":183,"column":5}},"loc":{"start":{"line":183,"column":41},"end":{"line":198,"column":5}},"line":183},"9":{"name":"(anonymous_9)","decl":{"start":{"line":196,"column":23},"end":{"line":196,"column":24}},"loc":{"start":{"line":196,"column":36},"end":{"line":196,"column":71}},"line":196},"10":{"name":"(anonymous_10)","decl":{"start":{"line":200,"column":4},"end":{"line":200,"column":5}},"loc":{"start":{"line":200,"column":35},"end":{"line":205,"column":5}},"line":200},"11":{"name":"(anonymous_11)","decl":{"start":{"line":207,"column":4},"end":{"line":207,"column":5}},"loc":{"start":{"line":207,"column":32},"end":{"line":242,"column":5}},"line":207},"12":{"name":"(anonymous_12)","decl":{"start":{"line":217,"column":20},"end":{"line":217,"column":21}},"loc":{"start":{"line":217,"column":28},"end":{"line":232,"column":7}},"line":217},"13":{"name":"(anonymous_13)","decl":{"start":{"line":244,"column":4},"end":{"line":244,"column":5}},"loc":{"start":{"line":244,"column":43},"end":{"line":255,"column":5}},"line":244},"14":{"name":"(anonymous_14)","decl":{"start":{"line":257,"column":4},"end":{"line":257,"column":5}},"loc":{"start":{"line":257,"column":49},"end":{"line":266,"column":5}},"line":257},"15":{"name":"(anonymous_15)","decl":{"start":{"line":268,"column":4},"end":{"line":268,"column":5}},"loc":{"start":{"line":268,"column":31},"end":{"line":271,"column":5}},"line":268},"16":{"name":"(anonymous_16)","decl":{"start":{"line":270,"column":37},"end":{"line":270,"column":38}},"loc":{"start":{"line":270,"column":47},"end":{"line":270,"column":90}},"line":270},"17":{"name":"(anonymous_17)","decl":{"start":{"line":273,"column":4},"end":{"line":273,"column":5}},"loc":{"start":{"line":273,"column":39},"end":{"line":297,"column":5}},"line":273},"18":{"name":"(anonymous_18)","decl":{"start":{"line":284,"column":32},"end":{"line":284,"column":33}},"loc":{"start":{"line":284,"column":38},"end":{"line":294,"column":7}},"line":284},"19":{"name":"(anonymous_19)","decl":{"start":{"line":299,"column":4},"end":{"line":299,"column":5}},"loc":{"start":{"line":299,"column":27},"end":{"line":305,"column":5}},"line":299},"20":{"name":"initWidget","decl":{"start":{"line":308,"column":11},"end":{"line":308,"column":21}},"loc":{"start":{"line":308,"column":24},"end":{"line":320,"column":3}},"line":308}},"branchMap":{"0":{"loc":{"start":{"line":6,"column":2},"end":{"line":8,"column":3}},"type":"if","locations":[{"start":{"line":6,"column":2},"end":{"line":8,"column":3}},{"start":{},"end":{}}],"line":6},"1":{"loc":{"start":{"line":11,"column":16},"end":{"line":11,"column":29}},"type":"default-arg","locations":[{"start":{"line":11,"column":27},"end":{"line":11,"column":29}}],"line":11},"2":{"loc":{"start":{"line":12,"column":22},"end":{"line":12,"column":69}},"type":"binary-expr","locations":[{"start":{"line":12,"column":22},"end":{"line":12,"column":41}},{"start":{"line":12,"column":45},"end":{"line":12,"column":69}}],"line":12},"3":{"loc":{"start":{"line":22,"column":6},"end":{"line":25,"column":7}},"type":"if","locations":[{"start":{"line":22,"column":6},"end":{"line":25,"column":7}},{"start":{},"end":{}}],"line":22},"4":{"loc":{"start":{"line":38,"column":6},"end":{"line":38,"column":57}},"type":"if","locations":[{"start":{"line":38,"column":6},"end":{"line":38,"column":57}},{"start":{},"end":{}}],"line":38},"5":{"loc":{"start":{"line":39,"column":6},"end":{"line":39,"column":78}},"type":"if","locations":[{"start":{"line":39,"column":6},"end":{"line":39,"column":78}},{"start":{},"end":{}}],"line":39},"6":{"loc":{"start":{"line":44,"column":6},"end":{"line":44,"column":35}},"type":"if","locations":[{"start":{"line":44,"column":6},"end":{"line":44,"column":35}},{"start":{},"end":{}}],"line":44},"7":{"loc":{"start":{"line":99,"column":24},"end":{"line":99,"column":41}},"type":"default-arg","locations":[{"start":{"line":99,"column":39},"end":{"line":99,"column":41}}],"line":99},"8":{"loc":{"start":{"line":100,"column":6},"end":{"line":100,"column":34}},"type":"if","locations":[{"start":{"line":100,"column":6},"end":{"line":100,"column":34}},{"start":{},"end":{}}],"line":100},"9":{"loc":{"start":{"line":103,"column":19},"end":{"line":103,"column":54}},"type":"binary-expr","locations":[{"start":{"line":103,"column":19},"end":{"line":103,"column":49}},{"start":{"line":103,"column":53},"end":{"line":103,"column":54}}],"line":103},"10":{"loc":{"start":{"line":104,"column":20},"end":{"line":104,"column":56}},"type":"binary-expr","locations":[{"start":{"line":104,"column":20},"end":{"line":104,"column":51}},{"start":{"line":104,"column":55},"end":{"line":104,"column":56}}],"line":104},"11":{"loc":{"start":{"line":105,"column":20},"end":{"line":105,"column":56}},"type":"binary-expr","locations":[{"start":{"line":105,"column":20},"end":{"line":105,"column":51}},{"start":{"line":105,"column":55},"end":{"line":105,"column":56}}],"line":105},"12":{"loc":{"start":{"line":106,"column":23},"end":{"line":106,"column":62}},"type":"binary-expr","locations":[{"start":{"line":106,"column":23},"end":{"line":106,"column":57}},{"start":{"line":106,"column":61},"end":{"line":106,"column":62}}],"line":106},"13":{"loc":{"start":{"line":110,"column":6},"end":{"line":110,"column":93}},"type":"if","locations":[{"start":{"line":110,"column":6},"end":{"line":110,"column":93}},{"start":{},"end":{}}],"line":110},"14":{"loc":{"start":{"line":111,"column":6},"end":{"line":111,"column":96}},"type":"if","locations":[{"start":{"line":111,"column":6},"end":{"line":111,"column":96}},{"start":{},"end":{}}],"line":111},"15":{"loc":{"start":{"line":112,"column":6},"end":{"line":112,"column":96}},"type":"if","locations":[{"start":{"line":112,"column":6},"end":{"line":112,"column":96}},{"start":{},"end":{}}],"line":112},"16":{"loc":{"start":{"line":113,"column":6},"end":{"line":113,"column":95}},"type":"if","locations":[{"start":{"line":113,"column":6},"end":{"line":113,"column":95}},{"start":{},"end":{}}],"line":113},"17":{"loc":{"start":{"line":116,"column":15},"end":{"line":116,"column":32}},"type":"default-arg","locations":[{"start":{"line":116,"column":30},"end":{"line":116,"column":32}}],"line":116},"18":{"loc":{"start":{"line":117,"column":6},"end":{"line":117,"column":34}},"type":"if","locations":[{"start":{"line":117,"column":6},"end":{"line":117,"column":34}},{"start":{},"end":{}}],"line":117},"19":{"loc":{"start":{"line":120,"column":19},"end":{"line":120,"column":54}},"type":"binary-expr","locations":[{"start":{"line":120,"column":19},"end":{"line":120,"column":49}},{"start":{"line":120,"column":53},"end":{"line":120,"column":54}}],"line":120},"20":{"loc":{"start":{"line":121,"column":20},"end":{"line":121,"column":56}},"type":"binary-expr","locations":[{"start":{"line":121,"column":20},"end":{"line":121,"column":51}},{"start":{"line":121,"column":55},"end":{"line":121,"column":56}}],"line":121},"21":{"loc":{"start":{"line":122,"column":20},"end":{"line":122,"column":56}},"type":"binary-expr","locations":[{"start":{"line":122,"column":20},"end":{"line":122,"column":51}},{"start":{"line":122,"column":55},"end":{"line":122,"column":56}}],"line":122},"22":{"loc":{"start":{"line":123,"column":23},"end":{"line":123,"column":62}},"type":"binary-expr","locations":[{"start":{"line":123,"column":23},"end":{"line":123,"column":57}},{"start":{"line":123,"column":61},"end":{"line":123,"column":62}}],"line":123},"23":{"loc":{"start":{"line":133,"column":38},"end":{"line":133,"column":64}},"type":"default-arg","locations":[{"start":{"line":133,"column":60},"end":{"line":133,"column":64}}],"line":133},"24":{"loc":{"start":{"line":134,"column":6},"end":{"line":137,"column":7}},"type":"if","locations":[{"start":{"line":134,"column":6},"end":{"line":137,"column":7}},{"start":{},"end":{}}],"line":134},"25":{"loc":{"start":{"line":140,"column":18},"end":{"line":140,"column":75}},"type":"binary-expr","locations":[{"start":{"line":140,"column":18},"end":{"line":140,"column":29}},{"start":{"line":140,"column":34},"end":{"line":140,"column":46}},{"start":{"line":140,"column":50},"end":{"line":140,"column":66}},{"start":{"line":140,"column":71},"end":{"line":140,"column":75}}],"line":140},"26":{"loc":{"start":{"line":141,"column":21},"end":{"line":141,"column":86}},"type":"binary-expr","locations":[{"start":{"line":141,"column":21},"end":{"line":141,"column":37}},{"start":{"line":141,"column":42},"end":{"line":141,"column":54}},{"start":{"line":141,"column":58},"end":{"line":141,"column":79}},{"start":{"line":141,"column":84},"end":{"line":141,"column":86}}],"line":141},"27":{"loc":{"start":{"line":143,"column":6},"end":{"line":146,"column":7}},"type":"if","locations":[{"start":{"line":143,"column":6},"end":{"line":146,"column":7}},{"start":{},"end":{}}],"line":143},"28":{"loc":{"start":{"line":143,"column":10},"end":{"line":143,"column":67}},"type":"binary-expr","locations":[{"start":{"line":143,"column":10},"end":{"line":143,"column":14}},{"start":{"line":143,"column":18},"end":{"line":143,"column":42}},{"start":{"line":143,"column":46},"end":{"line":143,"column":67}}],"line":143},"29":{"loc":{"start":{"line":149,"column":6},"end":{"line":151,"column":7}},"type":"if","locations":[{"start":{"line":149,"column":6},"end":{"line":151,"column":7}},{"start":{},"end":{}}],"line":149},"30":{"loc":{"start":{"line":149,"column":10},"end":{"line":149,"column":54}},"type":"binary-expr","locations":[{"start":{"line":149,"column":10},"end":{"line":149,"column":29}},{"start":{"line":149,"column":33},"end":{"line":149,"column":54}}],"line":149},"31":{"loc":{"start":{"line":154,"column":6},"end":{"line":156,"column":7}},"type":"if","locations":[{"start":{"line":154,"column":6},"end":{"line":156,"column":7}},{"start":{},"end":{}}],"line":154},"32":{"loc":{"start":{"line":166,"column":23},"end":{"line":166,"column":115}},"type":"binary-expr","locations":[{"start":{"line":166,"column":23},"end":{"line":166,"column":37}},{"start":{"line":166,"column":41},"end":{"line":166,"column":53}},{"start":{"line":166,"column":57},"end":{"line":166,"column":68}},{"start":{"line":166,"column":72},"end":{"line":166,"column":88}},{"start":{"line":166,"column":92},"end":{"line":166,"column":107}},{"start":{"line":166,"column":111},"end":{"line":166,"column":115}}],"line":166},"33":{"loc":{"start":{"line":167,"column":8},"end":{"line":167,"column":30}},"type":"if","locations":[{"start":{"line":167,"column":8},"end":{"line":167,"column":30}},{"start":{},"end":{}}],"line":167},"34":{"loc":{"start":{"line":171,"column":10},"end":{"line":173,"column":11}},"type":"if","locations":[{"start":{"line":171,"column":10},"end":{"line":173,"column":11}},{"start":{},"end":{}}],"line":171},"35":{"loc":{"start":{"line":171,"column":14},"end":{"line":171,"column":52}},"type":"binary-expr","locations":[{"start":{"line":171,"column":14},"end":{"line":171,"column":35}},{"start":{"line":171,"column":39},"end":{"line":171,"column":52}}],"line":171},"36":{"loc":{"start":{"line":185,"column":6},"end":{"line":185,"column":37}},"type":"if","locations":[{"start":{"line":185,"column":6},"end":{"line":185,"column":37}},{"start":{},"end":{}}],"line":185},"37":{"loc":{"start":{"line":187,"column":6},"end":{"line":190,"column":7}},"type":"if","locations":[{"start":{"line":187,"column":6},"end":{"line":190,"column":7}},{"start":{},"end":{}}],"line":187},"38":{"loc":{"start":{"line":201,"column":6},"end":{"line":201,"column":38}},"type":"if","locations":[{"start":{"line":201,"column":6},"end":{"line":201,"column":38}},{"start":{},"end":{}}],"line":201},"39":{"loc":{"start":{"line":208,"column":6},"end":{"line":210,"column":7}},"type":"if","locations":[{"start":{"line":208,"column":6},"end":{"line":210,"column":7}},{"start":{},"end":{}}],"line":208},"40":{"loc":{"start":{"line":208,"column":10},"end":{"line":208,"column":53}},"type":"binary-expr","locations":[{"start":{"line":208,"column":10},"end":{"line":208,"column":31}},{"start":{"line":208,"column":35},"end":{"line":208,"column":53}}],"line":208},"41":{"loc":{"start":{"line":219,"column":33},"end":{"line":219,"column":59}},"type":"binary-expr","locations":[{"start":{"line":219,"column":33},"end":{"line":219,"column":53}},{"start":{"line":219,"column":57},"end":{"line":219,"column":59}}],"line":219},"42":{"loc":{"start":{"line":220,"column":8},"end":{"line":225,"column":9}},"type":"if","locations":[{"start":{"line":220,"column":8},"end":{"line":225,"column":9}},{"start":{},"end":{}}],"line":220},"43":{"loc":{"start":{"line":220,"column":12},"end":{"line":220,"column":66}},"type":"binary-expr","locations":[{"start":{"line":220,"column":12},"end":{"line":220,"column":41}},{"start":{"line":220,"column":45},"end":{"line":220,"column":66}}],"line":220},"44":{"loc":{"start":{"line":221,"column":26},"end":{"line":221,"column":43}},"type":"binary-expr","locations":[{"start":{"line":221,"column":26},"end":{"line":221,"column":37}},{"start":{"line":221,"column":41},"end":{"line":221,"column":43}}],"line":221},"45":{"loc":{"start":{"line":222,"column":10},"end":{"line":224,"column":28}},"type":"if","locations":[{"start":{"line":222,"column":10},"end":{"line":224,"column":28}},{"start":{"line":223,"column":15},"end":{"line":224,"column":28}}],"line":222},"46":{"loc":{"start":{"line":223,"column":15},"end":{"line":224,"column":28}},"type":"if","locations":[{"start":{"line":223,"column":15},"end":{"line":224,"column":28}},{"start":{"line":224,"column":15},"end":{"line":224,"column":28}}],"line":223},"47":{"loc":{"start":{"line":228,"column":31},"end":{"line":228,"column":64}},"type":"binary-expr","locations":[{"start":{"line":228,"column":31},"end":{"line":228,"column":42}},{"start":{"line":228,"column":46},"end":{"line":228,"column":58}},{"start":{"line":228,"column":62},"end":{"line":228,"column":64}}],"line":228},"48":{"loc":{"start":{"line":229,"column":8},"end":{"line":231,"column":9}},"type":"if","locations":[{"start":{"line":229,"column":8},"end":{"line":231,"column":9}},{"start":{},"end":{}}],"line":229},"49":{"loc":{"start":{"line":244,"column":29},"end":{"line":244,"column":41}},"type":"default-arg","locations":[{"start":{"line":244,"column":39},"end":{"line":244,"column":41}}],"line":244},"50":{"loc":{"start":{"line":246,"column":6},"end":{"line":248,"column":7}},"type":"if","locations":[{"start":{"line":246,"column":6},"end":{"line":248,"column":7}},{"start":{},"end":{}}],"line":246},"51":{"loc":{"start":{"line":260,"column":6},"end":{"line":260,"column":45}},"type":"if","locations":[{"start":{"line":260,"column":6},"end":{"line":260,"column":45}},{"start":{},"end":{}}],"line":260},"52":{"loc":{"start":{"line":261,"column":6},"end":{"line":264,"column":7}},"type":"if","locations":[{"start":{"line":261,"column":6},"end":{"line":264,"column":7}},{"start":{},"end":{}}],"line":261},"53":{"loc":{"start":{"line":261,"column":10},"end":{"line":261,"column":30}},"type":"binary-expr","locations":[{"start":{"line":261,"column":10},"end":{"line":261,"column":15}},{"start":{"line":261,"column":19},"end":{"line":261,"column":30}}],"line":261},"54":{"loc":{"start":{"line":268,"column":16},"end":{"line":268,"column":29}},"type":"default-arg","locations":[{"start":{"line":268,"column":25},"end":{"line":268,"column":29}}],"line":268},"55":{"loc":{"start":{"line":269,"column":6},"end":{"line":269,"column":34}},"type":"if","locations":[{"start":{"line":269,"column":6},"end":{"line":269,"column":34}},{"start":{},"end":{}}],"line":269},"56":{"loc":{"start":{"line":274,"column":6},"end":{"line":274,"column":28}},"type":"if","locations":[{"start":{"line":274,"column":6},"end":{"line":274,"column":28}},{"start":{},"end":{}}],"line":274},"57":{"loc":{"start":{"line":287,"column":8},"end":{"line":293,"column":9}},"type":"if","locations":[{"start":{"line":287,"column":8},"end":{"line":293,"column":9}},{"start":{"line":291,"column":15},"end":{"line":293,"column":9}}],"line":287},"58":{"loc":{"start":{"line":301,"column":6},"end":{"line":304,"column":7}},"type":"if","locations":[{"start":{"line":301,"column":6},"end":{"line":304,"column":7}},{"start":{},"end":{}}],"line":301},"59":{"loc":{"start":{"line":310,"column":4},"end":{"line":312,"column":5}},"type":"if","locations":[{"start":{"line":310,"column":4},"end":{"line":312,"column":5}},{"start":{},"end":{}}],"line":310},"60":{"loc":{"start":{"line":314,"column":4},"end":{"line":319,"column":5}},"type":"if","locations":[{"start":{"line":314,"column":4},"end":{"line":319,"column":5}},{"start":{"line":316,"column":11},"end":{"line":319,"column":5}}],"line":314},"61":{"loc":{"start":{"line":322,"column":2},"end":{"line":326,"column":3}},"type":"if","locations":[{"start":{"line":322,"column":2},"end":{"line":326,"column":3}},{"start":{"line":324,"column":9},"end":{"line":326,"column":3}}],"line":322}},"s":{"0":1,"1":1,"2":0,"3":23,"4":23,"5":23,"6":23,"7":23,"8":23,"9":23,"10":0,"11":0,"12":23,"13":23,"14":23,"15":26,"16":1,"17":25,"18":25,"19":0,"20":23,"21":0,"22":23,"23":23,"24":25,"25":0,"26":25,"27":25,"28":25,"29":25,"30":25,"31":25,"32":25,"33":25,"34":25,"35":25,"36":4,"37":0,"38":4,"39":4,"40":4,"41":4,"42":4,"43":4,"44":4,"45":1,"46":1,"47":3,"48":3,"49":3,"50":3,"51":0,"52":0,"53":3,"54":1,"55":3,"56":2,"57":3,"58":3,"59":3,"60":3,"61":3,"62":3,"63":0,"64":3,"65":3,"66":3,"67":1,"68":0,"69":3,"70":3,"71":3,"72":3,"73":0,"74":3,"75":1,"76":1,"77":2,"78":0,"79":2,"80":1,"81":1,"82":7,"83":4,"84":3,"85":3,"86":3,"87":3,"88":3,"89":8,"90":8,"91":7,"92":7,"93":4,"94":3,"95":2,"96":1,"97":8,"98":8,"99":8,"100":3,"101":3,"102":5,"103":5,"104":1,"105":4,"106":4,"107":4,"108":0,"109":5,"110":5,"111":4,"112":4,"113":0,"114":0,"115":0,"116":0,"117":34,"118":0,"119":34,"120":136,"121":16,"122":0,"123":16,"124":16,"125":16,"126":16,"127":16,"128":16,"129":16,"130":16,"131":0,"132":0,"133":0,"134":0,"135":0,"136":0,"137":0,"138":16,"139":16,"140":16,"141":0,"142":0,"143":1,"144":1,"145":0,"146":0,"147":0,"148":1,"149":0,"150":1,"151":1},"f":{"0":1,"1":23,"2":23,"3":26,"4":23,"5":25,"6":4,"7":4,"8":3,"9":0,"10":2,"11":7,"12":8,"13":5,"14":5,"15":34,"16":136,"17":16,"18":0,"19":16,"20":1},"b":{"0":[0,1],"1":[0],"2":[23,0],"3":[0,23],"4":[1,25],"5":[25,0],"6":[0,23],"7":[0],"8":[0,25],"9":[25,24],"10":[25,24],"11":[25,24],"12":[25,24],"13":[25,0],"14":[25,0],"15":[25,0],"16":[25,0],"17":[0],"18":[0,4],"19":[4,3],"20":[4,4],"21":[4,4],"22":[4,3],"23":[3],"24":[1,3],"25":[3,0,0,0],"26":[3,0,0,0],"27":[0,3],"28":[3,3,3],"29":[1,2],"30":[3,1],"31":[2,1],"32":[3,0,0,0,0,0],"33":[0,3],"34":[1,2],"35":[3,3],"36":[0,3],"37":[1,2],"38":[1,1],"39":[4,3],"40":[7,6],"41":[8,0],"42":[7,1],"43":[8,1],"44":[7,0],"45":[4,3],"46":[2,1],"47":[8,0,0],"48":[8,0],"49":[5],"50":[1,4],"51":[4,0],"52":[0,0],"53":[0,0],"54":[0],"55":[0,34],"56":[0,16],"57":[0,0],"58":[0,16],"59":[1,0],"60":[0,0],"61":[0,1]},"_coverageSchema":"1a1c01bbd47fc00a2c39e90264f33305004495a9","hash":"9465b2f900c08cf656ab2909590bc269cf5cfbfd"}
,"/Users/nicolascordero/Desktop/MATERIA UNIVERSIDAD/NEW/Universidad 2025 - Nicolás/Semestre VI/Proyecto Integrador/FrontEnd/frontend-proyecto-integrador/frontend/js/historico-script.js": {"path":"/Users/nicolascordero/Desktop/MATERIA UNIVERSIDAD/NEW/Universidad 2025 - Nicolás/Semestre VI/Proyecto Integrador/FrontEnd/frontend-proyecto-integrador/frontend/js/historico-script.js","statementMap":{"0":{"start":{"line":6,"column":0},"end":{"line":449,"column":5}},"1":{"start":{"line":10,"column":2},"end":{"line":12,"column":3}},"2":{"start":{"line":11,"column":4},"end":{"line":11,"column":31}},"3":{"start":{"line":13,"column":2},"end":{"line":15,"column":3}},"4":{"start":{"line":14,"column":4},"end":{"line":14,"column":31}},"5":{"start":{"line":19,"column":4},"end":{"line":19,"column":76}},"6":{"start":{"line":20,"column":4},"end":{"line":20,"column":32}},"7":{"start":{"line":21,"column":4},"end":{"line":21,"column":30}},"8":{"start":{"line":22,"column":4},"end":{"line":22,"column":23}},"9":{"start":{"line":27,"column":4},"end":{"line":27,"column":35}},"10":{"start":{"line":30,"column":4},"end":{"line":32,"column":7}},"11":{"start":{"line":31,"column":6},"end":{"line":31,"column":81}},"12":{"start":{"line":37,"column":17},"end":{"line":37,"column":42}},"13":{"start":{"line":38,"column":17},"end":{"line":38,"column":34}},"14":{"start":{"line":39,"column":4},"end":{"line":43,"column":5}},"15":{"start":{"line":40,"column":6},"end":{"line":40,"column":30}},"16":{"start":{"line":42,"column":6},"end":{"line":42,"column":71}},"17":{"start":{"line":47,"column":16},"end":{"line":47,"column":140}},"18":{"start":{"line":48,"column":4},"end":{"line":59,"column":5}},"19":{"start":{"line":49,"column":20},"end":{"line":49,"column":49}},"20":{"start":{"line":50,"column":6},"end":{"line":50,"column":45}},"21":{"start":{"line":50,"column":32},"end":{"line":50,"column":45}},"22":{"start":{"line":51,"column":6},"end":{"line":54,"column":7}},"23":{"start":{"line":52,"column":8},"end":{"line":52,"column":105}},"24":{"start":{"line":53,"column":8},"end":{"line":53,"column":18}},"25":{"start":{"line":55,"column":6},"end":{"line":55,"column":16}},"26":{"start":{"line":57,"column":6},"end":{"line":57,"column":84}},"27":{"start":{"line":58,"column":6},"end":{"line":58,"column":16}},"28":{"start":{"line":64,"column":16},"end":{"line":64,"column":55}},"29":{"start":{"line":65,"column":4},"end":{"line":77,"column":5}},"30":{"start":{"line":67,"column":6},"end":{"line":75,"column":7}},"31":{"start":{"line":68,"column":8},"end":{"line":74,"column":10}},"32":{"start":{"line":76,"column":6},"end":{"line":76,"column":50}},"33":{"start":{"line":80,"column":4},"end":{"line":85,"column":5}},"34":{"start":{"line":81,"column":6},"end":{"line":81,"column":32}},"35":{"start":{"line":83,"column":6},"end":{"line":83,"column":71}},"36":{"start":{"line":84,"column":6},"end":{"line":84,"column":16}},"37":{"start":{"line":87,"column":4},"end":{"line":87,"column":33}},"38":{"start":{"line":89,"column":16},"end":{"line":89,"column":73}},"39":{"start":{"line":90,"column":21},"end":{"line":90,"column":86}},"40":{"start":{"line":92,"column":4},"end":{"line":104,"column":5}},"41":{"start":{"line":93,"column":6},"end":{"line":93,"column":82}},"42":{"start":{"line":94,"column":6},"end":{"line":102,"column":7}},"43":{"start":{"line":95,"column":8},"end":{"line":101,"column":10}},"44":{"start":{"line":103,"column":6},"end":{"line":103,"column":45}},"45":{"start":{"line":107,"column":4},"end":{"line":107,"column":46}},"46":{"start":{"line":110,"column":25},"end":{"line":110,"column":62}},"47":{"start":{"line":111,"column":4},"end":{"line":113,"column":5}},"48":{"start":{"line":112,"column":6},"end":{"line":112,"column":35}},"49":{"start":{"line":116,"column":19},"end":{"line":116,"column":93}},"50":{"start":{"line":118,"column":4},"end":{"line":122,"column":5}},"51":{"start":{"line":119,"column":6},"end":{"line":119,"column":81}},"52":{"start":{"line":120,"column":6},"end":{"line":120,"column":37}},"53":{"start":{"line":121,"column":6},"end":{"line":121,"column":44}},"54":{"start":{"line":124,"column":16},"end":{"line":124,"column":18}},"55":{"start":{"line":125,"column":4},"end":{"line":133,"column":5}},"56":{"start":{"line":126,"column":21},"end":{"line":126,"column":66}},"57":{"start":{"line":128,"column":6},"end":{"line":130,"column":7}},"58":{"start":{"line":129,"column":8},"end":{"line":129,"column":23}},"59":{"start":{"line":132,"column":6},"end":{"line":132,"column":93}},"60":{"start":{"line":135,"column":4},"end":{"line":139,"column":5}},"61":{"start":{"line":137,"column":6},"end":{"line":137,"column":37}},"62":{"start":{"line":138,"column":6},"end":{"line":138,"column":62}},"63":{"start":{"line":142,"column":4},"end":{"line":142,"column":45}},"64":{"start":{"line":146,"column":30},"end":{"line":146,"column":81}},"65":{"start":{"line":147,"column":4},"end":{"line":147,"column":35}},"66":{"start":{"line":147,"column":28},"end":{"line":147,"column":35}},"67":{"start":{"line":149,"column":4},"end":{"line":152,"column":5}},"68":{"start":{"line":150,"column":6},"end":{"line":150,"column":72}},"69":{"start":{"line":151,"column":6},"end":{"line":151,"column":13}},"70":{"start":{"line":154,"column":4},"end":{"line":158,"column":7}},"71":{"start":{"line":157,"column":34},"end":{"line":157,"column":69}},"72":{"start":{"line":161,"column":28},"end":{"line":161,"column":65}},"73":{"start":{"line":162,"column":4},"end":{"line":176,"column":5}},"74":{"start":{"line":163,"column":20},"end":{"line":167,"column":8}},"75":{"start":{"line":164,"column":24},"end":{"line":164,"column":51}},"76":{"start":{"line":165,"column":31},"end":{"line":165,"column":100}},"77":{"start":{"line":166,"column":8},"end":{"line":166,"column":42}},"78":{"start":{"line":169,"column":6},"end":{"line":175,"column":7}},"79":{"start":{"line":171,"column":23},"end":{"line":171,"column":63}},"80":{"start":{"line":172,"column":8},"end":{"line":174,"column":9}},"81":{"start":{"line":173,"column":10},"end":{"line":173,"column":42}},"82":{"start":{"line":181,"column":4},"end":{"line":181,"column":45}},"83":{"start":{"line":184,"column":16},"end":{"line":184,"column":106}},"84":{"start":{"line":185,"column":4},"end":{"line":185,"column":21}},"85":{"start":{"line":185,"column":14},"end":{"line":185,"column":21}},"86":{"start":{"line":187,"column":19},"end":{"line":187,"column":72}},"87":{"start":{"line":188,"column":4},"end":{"line":188,"column":24}},"88":{"start":{"line":188,"column":17},"end":{"line":188,"column":24}},"89":{"start":{"line":190,"column":4},"end":{"line":197,"column":7}},"90":{"start":{"line":191,"column":6},"end":{"line":194,"column":7}},"91":{"start":{"line":193,"column":8},"end":{"line":193,"column":50}},"92":{"start":{"line":196,"column":6},"end":{"line":196,"column":93}},"93":{"start":{"line":201,"column":4},"end":{"line":205,"column":5}},"94":{"start":{"line":202,"column":6},"end":{"line":202,"column":88}},"95":{"start":{"line":204,"column":6},"end":{"line":204,"column":86}},"96":{"start":{"line":209,"column":4},"end":{"line":224,"column":5}},"97":{"start":{"line":210,"column":23},"end":{"line":210,"column":79}},"98":{"start":{"line":211,"column":6},"end":{"line":211,"column":33}},"99":{"start":{"line":211,"column":21},"end":{"line":211,"column":33}},"100":{"start":{"line":213,"column":30},"end":{"line":213,"column":50}},"101":{"start":{"line":214,"column":21},"end":{"line":214,"column":90}},"102":{"start":{"line":217,"column":6},"end":{"line":220,"column":17}},"103":{"start":{"line":218,"column":29},"end":{"line":218,"column":56}},"104":{"start":{"line":219,"column":8},"end":{"line":219,"column":39}},"105":{"start":{"line":222,"column":6},"end":{"line":222,"column":79}},"106":{"start":{"line":223,"column":6},"end":{"line":223,"column":18}},"107":{"start":{"line":228,"column":4},"end":{"line":236,"column":5}},"108":{"start":{"line":229,"column":24},"end":{"line":229,"column":41}},"109":{"start":{"line":230,"column":6},"end":{"line":230,"column":95}},"110":{"start":{"line":230,"column":25},"end":{"line":230,"column":95}},"111":{"start":{"line":231,"column":20},"end":{"line":231,"column":42}},"112":{"start":{"line":232,"column":6},"end":{"line":232,"column":19}},"113":{"start":{"line":234,"column":6},"end":{"line":234,"column":67}},"114":{"start":{"line":235,"column":6},"end":{"line":235,"column":18}},"115":{"start":{"line":241,"column":4},"end":{"line":241,"column":41}},"116":{"start":{"line":241,"column":34},"end":{"line":241,"column":41}},"117":{"start":{"line":243,"column":4},"end":{"line":246,"column":5}},"118":{"start":{"line":244,"column":6},"end":{"line":244,"column":37}},"119":{"start":{"line":245,"column":6},"end":{"line":245,"column":13}},"120":{"start":{"line":249,"column":19},"end":{"line":249,"column":21}},"121":{"start":{"line":251,"column":24},"end":{"line":299,"column":5}},"122":{"start":{"line":252,"column":18},"end":{"line":252,"column":43}},"123":{"start":{"line":253,"column":6},"end":{"line":253,"column":54}},"124":{"start":{"line":253,"column":16},"end":{"line":253,"column":54}},"125":{"start":{"line":256,"column":21},"end":{"line":256,"column":41}},"126":{"start":{"line":257,"column":19},"end":{"line":257,"column":55}},"127":{"start":{"line":260,"column":16},"end":{"line":260,"column":17}},"128":{"start":{"line":261,"column":18},"end":{"line":261,"column":20}},"129":{"start":{"line":263,"column":6},"end":{"line":296,"column":7}},"130":{"start":{"line":264,"column":23},"end":{"line":264,"column":42}},"131":{"start":{"line":265,"column":8},"end":{"line":277,"column":9}},"132":{"start":{"line":266,"column":10},"end":{"line":266,"column":18}},"133":{"start":{"line":267,"column":10},"end":{"line":267,"column":23}},"134":{"start":{"line":268,"column":15},"end":{"line":277,"column":9}},"135":{"start":{"line":269,"column":10},"end":{"line":269,"column":18}},"136":{"start":{"line":270,"column":10},"end":{"line":270,"column":23}},"137":{"start":{"line":271,"column":15},"end":{"line":277,"column":9}},"138":{"start":{"line":272,"column":10},"end":{"line":272,"column":20}},"139":{"start":{"line":273,"column":10},"end":{"line":273,"column":36}},"140":{"start":{"line":275,"column":10},"end":{"line":275,"column":42}},"141":{"start":{"line":276,"column":10},"end":{"line":276,"column":28}},"142":{"start":{"line":278,"column":13},"end":{"line":296,"column":7}},"143":{"start":{"line":279,"column":18},"end":{"line":279,"column":31}},"144":{"start":{"line":280,"column":8},"end":{"line":289,"column":9}},"145":{"start":{"line":281,"column":10},"end":{"line":281,"column":18}},"146":{"start":{"line":282,"column":10},"end":{"line":282,"column":23}},"147":{"start":{"line":283,"column":15},"end":{"line":289,"column":9}},"148":{"start":{"line":284,"column":10},"end":{"line":284,"column":18}},"149":{"start":{"line":285,"column":10},"end":{"line":285,"column":23}},"150":{"start":{"line":286,"column":15},"end":{"line":289,"column":9}},"151":{"start":{"line":287,"column":10},"end":{"line":287,"column":18}},"152":{"start":{"line":288,"column":10},"end":{"line":288,"column":21}},"153":{"start":{"line":291,"column":23},"end":{"line":291,"column":47}},"154":{"start":{"line":292,"column":8},"end":{"line":295,"column":9}},"155":{"start":{"line":293,"column":10},"end":{"line":293,"column":40}},"156":{"start":{"line":294,"column":10},"end":{"line":294,"column":28}},"157":{"start":{"line":298,"column":6},"end":{"line":298,"column":34}},"158":{"start":{"line":301,"column":32},"end":{"line":306,"column":5}},"159":{"start":{"line":302,"column":6},"end":{"line":302,"column":34}},"160":{"start":{"line":302,"column":17},"end":{"line":302,"column":34}},"161":{"start":{"line":303,"column":6},"end":{"line":303,"column":49}},"162":{"start":{"line":303,"column":29},"end":{"line":303,"column":49}},"163":{"start":{"line":304,"column":6},"end":{"line":304,"column":43}},"164":{"start":{"line":304,"column":17},"end":{"line":304,"column":43}},"165":{"start":{"line":305,"column":6},"end":{"line":305,"column":31}},"166":{"start":{"line":308,"column":4},"end":{"line":313,"column":7}},"167":{"start":{"line":309,"column":21},"end":{"line":309,"column":67}},"168":{"start":{"line":310,"column":18},"end":{"line":310,"column":48}},"169":{"start":{"line":311,"column":6},"end":{"line":311,"column":103}},"170":{"start":{"line":311,"column":24},"end":{"line":311,"column":103}},"171":{"start":{"line":312,"column":6},"end":{"line":312,"column":35}},"172":{"start":{"line":316,"column":21},"end":{"line":321,"column":6}},"173":{"start":{"line":317,"column":16},"end":{"line":317,"column":31}},"174":{"start":{"line":318,"column":16},"end":{"line":318,"column":31}},"175":{"start":{"line":319,"column":6},"end":{"line":319,"column":52}},"176":{"start":{"line":319,"column":29},"end":{"line":319,"column":52}},"177":{"start":{"line":320,"column":6},"end":{"line":320,"column":41}},"178":{"start":{"line":324,"column":4},"end":{"line":324,"column":43}},"179":{"start":{"line":326,"column":4},"end":{"line":392,"column":7}},"180":{"start":{"line":327,"column":22},"end":{"line":327,"column":51}},"181":{"start":{"line":328,"column":6},"end":{"line":328,"column":36}},"182":{"start":{"line":329,"column":6},"end":{"line":329,"column":58}},"183":{"start":{"line":330,"column":6},"end":{"line":330,"column":73}},"184":{"start":{"line":332,"column":20},"end":{"line":332,"column":35}},"185":{"start":{"line":333,"column":24},"end":{"line":333,"column":53}},"186":{"start":{"line":334,"column":6},"end":{"line":334,"column":41}},"187":{"start":{"line":335,"
[...]
"column":48}},"type":"binary-expr","locations":[{"start":{"line":117,"column":10},"end":{"line":117,"column":24}},{"start":{"line":117,"column":28},"end":{"line":117,"column":48}}],"line":117},"35":{"loc":{"start":{"line":124,"column":18},"end":{"line":124,"column":48}},"type":"binary-expr","locations":[{"start":{"line":124,"column":18},"end":{"line":124,"column":29}},{"start":{"line":124,"column":33},"end":{"line":124,"column":42}},{"start":{"line":124,"column":46},"end":{"line":124,"column":48}}],"line":124},"36":{"loc":{"start":{"line":125,"column":18},"end":{"line":125,"column":82}},"type":"binary-expr","locations":[{"start":{"line":125,"column":18},"end":{"line":125,"column":33}},{"start":{"line":125,"column":37},"end":{"line":125,"column":48}},{"start":{"line":125,"column":52},"end":{"line":125,"column":61}},{"start":{"line":125,"column":65},"end":{"line":125,"column":82}}],"line":125},"37":{"loc":{"start":{"line":126,"column":17},"end":{"line":126,"column":46}},"type":"binary-expr","locations":[{"start":{"line":126,"column":17},"end":{"line":126,"column":27}},{"start":{"line":126,"column":31},"end":{"line":126,"column":41}},{"start":{"line":126,"column":45},"end":{"line":126,"column":46}}],"line":126},"38":{"loc":{"start":{"line":127,"column":20},"end":{"line":127,"column":68}},"type":"binary-expr","locations":[{"start":{"line":127,"column":20},"end":{"line":127,"column":33}},{"start":{"line":127,"column":37},"end":{"line":127,"column":49}},{"start":{"line":127,"column":53},"end":{"line":127,"column":63}},{"start":{"line":127,"column":67},"end":{"line":127,"column":68}}],"line":127},"39":{"loc":{"start":{"line":128,"column":18},"end":{"line":128,"column":57}},"type":"binary-expr","locations":[{"start":{"line":128,"column":18},"end":{"line":128,"column":29}},{"start":{"line":128,"column":33},"end":{"line":128,"column":51}},{"start":{"line":128,"column":55},"end":{"line":128,"column":57}}],"line":128},"40":{"loc":{"start":{"line":132,"column":31},"end":{"line":132,"column":51}},"type":"binary-expr","locations":[{"start":{"line":132,"column":31},"end":{"line":132,"column":39}},{"start":{"line":132,"column":43},"end":{"line":132,"column":51}}],"line":132},"41":{"loc":{"start":{"line":138,"column":8},"end":{"line":141,"column":9}},"type":"if","locations":[{"start":{"line":138,"column":8},"end":{"line":141,"column":9}},{"start":{},"end":{}}],"line":138},"42":{"loc":{"start":{"line":143,"column":8},"end":{"line":146,"column":9}},"type":"if","locations":[{"start":{"line":143,"column":8},"end":{"line":146,"column":9}},{"start":{},"end":{}}],"line":143},"43":{"loc":{"start":{"line":143,"column":12},"end":{"line":143,"column":65}},"type":"binary-expr","locations":[{"start":{"line":143,"column":12},"end":{"line":143,"column":36}},{"start":{"line":143,"column":40},"end":{"line":143,"column":65}}],"line":143},"44":{"loc":{"start":{"line":148,"column":24},"end":{"line":148,"column":104}},"type":"binary-expr","locations":[{"start":{"line":148,"column":24},"end":{"line":148,"column":48}},{"start":{"line":148,"column":53},"end":{"line":148,"column":103}}],"line":148},"45":{"loc":{"start":{"line":148,"column":53},"end":{"line":148,"column":103}},"type":"cond-expr","locations":[{"start":{"line":148,"column":80},"end":{"line":148,"column":96}},{"start":{"line":148,"column":99},"end":{"line":148,"column":103}}],"line":148},"46":{"loc":{"start":{"line":149,"column":30},"end":{"line":149,"column":70}},"type":"binary-expr","locations":[{"start":{"line":149,"column":30},"end":{"line":149,"column":45}},{"start":{"line":149,"column":49},"end":{"line":149,"column":62}},{"start":{"line":149,"column":66},"end":{"line":149,"column":70}}],"line":149},"47":{"loc":{"start":{"line":150,"column":25},"end":{"line":150,"column":138}},"type":"binary-expr","locations":[{"start":{"line":150,"column":25},"end":{"line":150,"column":42}},{"start":{"line":150,"column":46},"end":{"line":150,"column":62}},{"start":{"line":150,"column":66},"end":{"line":150,"column":103}},{"start":{"line":150,"column":107},"end":{"line":150,"column":130}},{"start":{"line":150,"column":134},"end":{"line":150,"column":138}}],"line":150},"48":{"loc":{"start":{"line":152,"column":8},"end":{"line":169,"column":9}},"type":"if","locations":[{"start":{"line":152,"column":8},"end":{"line":169,"column":9}},{"start":{"line":166,"column":15},"end":{"line":169,"column":9}}],"line":152},"49":{"loc":{"start":{"line":156,"column":12},"end":{"line":161,"column":13}},"type":"if","locations":[{"start":{"line":156,"column":12},"end":{"line":161,"column":13}},{"start":{"line":158,"column":19},"end":{"line":161,"column":13}}],"line":156},"50":{"loc":{"start":{"line":156,"column":16},"end":{"line":156,"column":55}},"type":"binary-expr","locations":[{"start":{"line":156,"column":16},"end":{"line":156,"column":28}},{"start":{"line":156,"column":32},"end":{"line":156,"column":55}}],"line":156},"51":{"loc":{"start":{"line":160,"column":42},"end":{"line":160,"column":68}},"type":"binary-expr","locations":[{"start":{"line":160,"column":42},"end":{"line":160,"column":62}},{"start":{"line":160,"column":66},"end":{"line":160,"column":68}}],"line":160},"52":{"loc":{"start":{"line":164,"column":40},"end":{"line":164,"column":66}},"type":"binary-expr","locations":[{"start":{"line":164,"column":40},"end":{"line":164,"column":60}},{"start":{"line":164,"column":64},"end":{"line":164,"column":66}}],"line":164},"53":{"loc":{"start":{"line":168,"column":38},"end":{"line":168,"column":64}},"type":"binary-expr","locations":[{"start":{"line":168,"column":38},"end":{"line":168,"column":58}},{"start":{"line":168,"column":62},"end":{"line":168,"column":64}}],"line":168},"54":{"loc":{"start":{"line":184,"column":8},"end":{"line":187,"column":9}},"type":"if","locations":[{"start":{"line":184,"column":8},"end":{"line":187,"column":9}},{"start":{},"end":{}}],"line":184},"55":{"loc":{"start":{"line":196,"column":39},"end":{"line":196,"column":59}},"type":"default-arg","locations":[{"start":{"line":196,"column":55},"end":{"line":196,"column":59}}],"line":196},"56":{"loc":{"start":{"line":199,"column":8},"end":{"line":201,"column":9}},"type":"if","locations":[{"start":{"line":199,"column":8},"end":{"line":201,"column":9}},{"start":{},"end":{}}],"line":199},"57":{"loc":{"start":{"line":203,"column":8},"end":{"line":208,"column":9}},"type":"if","locations":[{"start":{"line":203,"column":8},"end":{"line":208,"column":9}},{"start":{},"end":{}}],"line":203},"58":{"loc":{"start":{"line":204,"column":10},"end":{"line":206,"column":11}},"type":"if","locations":[{"start":{"line":204,"column":10},"end":{"line":206,"column":11}},{"start":{},"end":{}}],"line":204},"59":{"loc":{"start":{"line":210,"column":8},"end":{"line":212,"column":9}},"type":"if","locations":[{"start":{"line":210,"column":8},"end":{"line":212,"column":9}},{"start":{},"end":{}}],"line":210},"60":{"loc":{"start":{"line":210,"column":12},"end":{"line":210,"column":56}},"type":"binary-expr","locations":[{"start":{"line":210,"column":12},"end":{"line":210,"column":26}},{"start":{"line":210,"column":30},"end":{"line":210,"column":56}}],"line":210},"61":{"loc":{"start":{"line":221,"column":6},"end":{"line":223,"column":7}},"type":"if","locations":[{"start":{"line":221,"column":6},"end":{"line":223,"column":7}},{"start":{},"end":{}}],"line":221},"62":{"loc":{"start":{"line":221,"column":10},"end":{"line":221,"column":51}},"type":"binary-expr","locations":[{"start":{"line":221,"column":10},"end":{"line":221,"column":21}},{"start":{"line":221,"column":25},"end":{"line":221,"column":51}}],"line":221},"63":{"loc":{"start":{"line":224,"column":6},"end":{"line":226,"column":7}},"type":"if","locations":[{"start":{"line":224,"column":6},"end":{"line":226,"column":7}},{"start":{},"end":{}}],"line":224},"64":{"loc":{"start":{"line":224,"column":10},"end":{"line":224,"column":49}},"type":"binary-expr","locations":[{"start":{"line":224,"column":10},"end":{"line":224,"column":20}},{"start":{"line":224,"column":24},"end":{"line":224,"column":49}}],"line":224},"65":{"loc":{"start":{"line":229,"column":9},"end":{"line":229,"column":26}},"type":"binary-expr","locations":[{"start":{"line":229,"column":9},"end":{"line":229,"column":20}},{"start":{"line":229,"column":24},"end":{"line":229,"column":26}}],"line":229},"66":{"loc":{"start":{"line":244,"column":6},"end":{"line":246,"column":7}},"type":"if","locations":[{"start":{"line":244,"column":6},"end":{"line":246,"column":7}},{"start":{},"end":{}}],"line":244},"67":{"loc":{"start":{"line":244,"column":10},"end":{"line":244,"column":51}},"type":"binary-expr","locations":[{"start":{"line":244,"column":10},"end":{"line":244,"column":22}},{"start":{"line":244,"column":26},"end":{"line":244,"column":51}}],"line":244},"68":{"loc":{"start":{"line":251,"column":8},"end":{"line":253,"column":9}},"type":"if","locations":[{"start":{"line":251,"column":8},"end":{"line":253,"column":9}},{"start":{},"end":{}}],"line":251},"69":{"loc":{"start":{"line":259,"column":6},"end":{"line":261,"column":7}},"type":"if","locations":[{"start":{"line":259,"column":6},"end":{"line":261,"column":7}},{"start":{},"end":{}}],"line":259},"70":{"loc":{"start":{"line":265,"column":6},"end":{"line":265,"column":39}},"type":"if","locations":[{"start":{"line":265,"column":6},"end":{"line":265,"column":39}},{"start":{},"end":{}}],"line":265},"71":{"loc":{"start":{"line":271,"column":23},"end":{"line":271,"column":82}},"type":"binary-expr","locations":[{"start":{"line":271,"column":23},"end":{"line":271,"column":34}},{"start":{"line":271,"column":38},"end":{"line":271,"column":53}},{"start":{"line":271,"column":57},"end":{"line":271,"column":66}},{"start":{"line":271,"column":70},"end":{"line":271,"column":82}}],"line":271},"72":{"loc":{"start":{"line":272,"column":23},"end":{"line":272,"column":56}},"type":"binary-expr","locations":[{"start":{"line":272,"column":23},"end":{"line":272,"column":34}},{"start":{"line":272,"column":38},"end":{"line":272,"column":47}},{"start":{"line":272,"column":51},"end":{"line":272,"column":56}}],"line":272},"73":{"loc":{"start":{"line":273,"column":22},"end":{"line":273,"column":55}},"type":"binary-expr","locations":[{"start":{"line":273,"column":22},"end":{"line":273,"column":32}},{"start":{"line":273,"column":36},"end":{"line":273,"column":46}},{"start":{"line":273,"column":50},"end":{"line":273,"column":55}}],"line":273},"74":{"loc":{"start":{"line":274,"column":25},"end":{"line":274,"column":77}},"type":"binary-expr","locations":[{"start":{"line":274,"column":25},"end":{"line":274,"column":38}},{"start":{"line":274,"column":42},"end":{"line":274,"column":54}},{"start":{"line":274,"column":58},"end":{"line":274,"column":68}},{"start":{"line":274,"column":72},"end":{"line":274,"column":77}}],"line":274},"75":{"loc":{"start":{"line":313,"column":6},"end":{"line":317,"column":7}},"type":"if","locations":[{"start":{"line":313,"column":6},"end":{"line":317,"column":7}},{"start":{"line":315,"column":13},"end":{"line":317,"column":7}}],"line":313},"76":{"loc":{"start":{"line":323,"column":6},"end":{"line":333,"column":7}},"type":"if","locations":[{"start":{"line":323,"column":6},"end":{"line":333,"column":7}},{"start":{},"end":{}}],"line":323},"77":{"loc":{"start":{"line":327,"column":8},"end":{"line":332,"column":9}},"type":"if","locations":[{"start":{"line":327,"column":8},"end":{"line":332,"column":9}},{"start":{"line":330,"column":15},"end":{"line":332,"column":9}}],"line":327},"78":{"loc":{"start":{"line":329,"column":10},"end":{"line":329,"column":55}},"type":"if","locations":[{"start":{"line":329,"column":10},"end":{"line":329,"column":55}},{"start":{},"end":{}}],"line":329},"79":{"loc":{"start":{"line":340,"column":36},"end":{"line":340,"column":60}},"type":"binary-expr","locations":[{"start":{"line":340,"column":36},"end":{"line":340,"column":47}},{"start":{"line":340,"column":51},"end":{"line":340,"column":60}}],"line":340},"80":{"loc":{"start":{"line":363,"column":6},"end":{"line":366,"column":7}},"type":"if","locations":[{"start":{"line":363,"column":6},"end":{"line":366,"column":7}},{"start":{},"end":{}}],"line":363},"81":{"loc":{"start":{"line":365,"column":31},"end":{"line":365,"column":80}},"type":"cond-expr","locations":[{"start":{"line":365,"column":43},"end":{"line":365,"column":57}},{"start":{"line":365,"column":60},"end":{"line":365,"column":80}}],"line":365},"82":{"loc":{"start":{"line":367,"column":6},"end":{"line":367,"column":108}},"type":"if","locations":[{"start":{"line":367,"column":6},"end":{"line":367,"column":108}},{"start":{},"end":{}}],"line":367},"83":{"loc":{"start":{"line":367,"column":49},"end":{"line":367,"column":107}},"type":"binary-expr","locations":[{"start":{"line":367,"column":49},"end":{"line":367,"column":54}},{"start":{"line":367,"column":59},"end":{"line":367,"column":106}}],"line":367},"84":{"loc":{"start":{"line":367,"column":59},"end":{"line":367,"column":106}},"type":"cond-expr","locations":[{"start":{"line":367,"column":71},"end":{"line":367,"column":83}},{"start":{"line":367,"column":86},"end":{"line":367,"column":106}}],"line":367},"85":{"loc":{"start":{"line":371,"column":22},"end":{"line":371,"column":72}},"type":"binary-expr","locations":[{"start":{"line":371,"column":22},"end":{"line":371,"column":34}},{"start":{"line":371,"column":38},"end":{"line":371,"column":72}}],"line":371},"86":{"loc":{"start":{"line":375,"column":6},"end":{"line":382,"column":7}},"type":"if","locations":[{"start":{"line":375,"column":6},"end":{"line":382,"column":7}},{"start":{"line":377,"column":13},"end":{"line":382,"column":7}}],"line":375},"87":{"loc":{"start":{"line":377,"column":13},"end":{"line":382,"column":7}},"type":"if","locations":[{"start":{"line":377,"column":13},"end":{"line":382,"column":7}},{"start":{},"end":{}}],"line":377},"88":{"loc":{"start":{"line":379,"column":25},"end":{"line":381,"column":60}},"type":"cond-expr","locations":[{"start":{"line":380,"column":12},"end":{"line":380,"column":34}},{"start":{"line":381,"column":12},"end":{"line":381,"column":60}}],"line":379},"89":{"loc":{"start":{"line":384,"column":33},"end":{"line":386,"column":17}},"type":"cond-expr","locations":[{"start":{"line":385,"column":10},"end":{"line":385,"column":205}},{"start":{"line":386,"column":10},"end":{"line":386,"column":17}}],"line":384},"90":{"loc":{"start":{"line":390,"column":6},"end":{"line":390,"column":33}},"type":"if","locations":[{"start":{"line":390,"column":6},"end":{"line":390,"column":33}},{"start":{},"end":{}}],"line":390},"91":{"loc":{"start":{"line":392,"column":6},"end":{"line":392,"column":102}},"type":"if","locations":[{"start":{"line":392,"column":6},"end":{"line":392,"column":102}},{"start":{},"end":{}}],"line":392},"92":{"loc":{"start":{"line":394,"column":6},"end":{"line":397,"column":7}},"type":"if","locations":[{"start":{"line":394,"column":6},"end":{"line":397,"column":7}},{"start":{},"end":{}}],"line":394},"93":{"loc":{"start":{"line":394,"column":10},"end":{"line":394,"column":63}},"type":"binary-expr","locations":[{"start":{"line":394,"column":10},"end":{"line":394,"column":34}},{"start":{"line":394,"column":38},"end":{"line":394,"column":63}}],"line":394},"94":{"loc":{"start":{"line":400,"column":6},"end":{"line":403,"column":7}},"type":"if","locations":[{"start":{"line":400,"column":6},"end":{"line":403,"column":7}},{"start":{},"end":{}}],"line":400},"95":{"loc":{"start":{"line":406,"column":6},"end":{"line":406,"column":87}},"type":"if","locations":[{"start":{"line":406,"column":6},"end":{"line":406,"column":87}},{"start":{},"end":{}}],"line":406},"96":{"loc":{"start":{"line":417,"column":8},"end":{"line":420,"column":9}},"type":"if","locations":[{"start":{"line":417,"column":8},"end":{"line":420,"column":9}},{"start":{},"end":{}}],"line":417},"97":{"loc":{"start":{"line":418,"column":26},"end":{"line":418,"column":78}},"type":"cond-expr","locations":[{"start":{"line":418,"column":44},"end":{"line":418,"column":73}},{"start":{"line":418,"column":76},"end":{"line":418,"column":78}}],"line":418},"98":{"loc":{"start":{"line":419,"column":29},"end":{"line":419,"column":66}},"type":"binary-expr","locations":[{"start":{"line":419,"column":29},"end":{"line":419,"column":42}},{"start":{"line":419,"column":46},"end":{"line":419,"column":66}}],"line":419},"99":{"loc":{"start":{"line":436,"column":2},"end":{"line":440,"column":3}},"type":"if","locations":[{"start":{"line":436,"column":2},"end":{"line":440,"column":3}},{"start":{"line":438,"column":9},"end":{"line":440,"column":3}}],"line":436}},"s":{"0":1,"1":1,"2":1,"3":1,"4":40,"5":40,"6":40,"7":40,"8":40,"9":40,"10":40,"11":40,"12":40,"13":40,"14":40,"15":40,"16":40,"17":40,"18":40,"19":3,"20":37,"21":0,"22":37,"23":37,"24":1,"25":1,"26":0,"27":0,"28":0,"29":0,"30":0,"31":0,"32":0,"33":0,"34":40,"35":40,"36":26,"37":14,"38":14,"39":2,"40":2,"41":2,"42":4,"43":4,"44":4,"45":4,"46":4,"47":4,"48":2,"49":2,"50":2,"51":2,"52":2,"53":2,"54":12,"55":7,"56":7,"57":5,"58":64,"59":64,"60":28,"61":36,"62":36,"63":1,"64":8,"65":4,"66":4,"67":2,"68":2,"69":1,"70":1,"71":1,"72":2,"73":2,"74":22,"75":22,"76":1,"77":22,"78":51,"79":51,"80":51,"81":17,"82":17,"83":17,"84":1,"85":1,"86":16,"87":1,"88":1,"89":15,"90":15,"91":15,"92":15,"93":9,"94":9,"95":9,"96":9,"97":2,"98":7,"99":7,"100":0,"101":0,"102":6,"103":6,"104":15,"105":15,"106":15,"107":15,"108":41,"109":15,"110":0,"111":0,"112":15,"113":0,"114":0,"115":19,"116":19,"117":19,"118":11,"119":19,"120":18,"121":1,"122":1,"123":0,"124":3,"125":3,"126":1,"127":2,"128":15,"129":15,"130":17,"131":0,"132":17,"133":0,"134":17,"135":2,"136":17,"137":2,"138":17,"139":45,"140":17,"141":44,"142":29,"143":15,"144":30,"145":30,"146":15,"147":17,"148":14,"149":1,"150":3,"151":3,"152":18,"153":0,"154":18,"155":18,"156":32,"157":32,"158":32,"159":32,"160":32,"161":32,"162":18,"163":18,"164":18,"165":32,"166":0,"167":18,"168":32,"169":0,"170":32,"171":0,"172":2,"173":2,"174":2,"175":1,"176":1,"177":2,"178":4,"179":4,"180":4,"181":4,"182":2,"183":2,"184":1,"185":2,"186":4,"187":4,"188":5,"189":4,"190":6,"191":6,"192":6,"193":6,"194":6,"195":1,"196":1,"197":1,"198":1,"199":1,"200":0,"201":0,"202":1,"203":4,"204":0,"205":4,"206":4,"207":0,"208":0,"209":4,"210":0,"211":0,"212":4,"213":1,"214":1,"215":3,"216":3,"217":0,"218":0,"219":3,"220":3,"221":3,"222":3,"223":2,"224":1,"225":0,"226":0,"227":1,"228":2,"229":2,"230":3,"231":3,"232":1,"233":1,"234":0,"235":1},"f":{"0":1,"1":40,"2":40,"3":0,"4":1,"5":0,"6":40,"7":4,"8":64,"9":8,"10":22,"11":51,"12":51,"13":17,"14":41,"15":19,"16":17,"17":2,"18":2,"19":45,"20":44,"21":30,"22":30,"23":3,"24":18,"25":32,"26":32,"27":0,"28":32,"29":0,"30":0,"31":2,"32":4,"33":4,"34":5,"35":6,"36":1,"37":4,"38":1},"b":{"0":[3,37],"1":[37,0],"2":[0,1],"3":[0,0,0,0],"4":[0,0],"5":[26,14],"6":[14,0],"7":[2,12],"8":[14,2,2],"9":[4,0,0],"10":[4,0,0],"11":[4,2,2],"12":[2,0],"13":[2,0,0],"14":[7,5],"15":[28,36],"16":[4,4],"17":[4,0,0],"18":[4,0,0],"19":[4,0,0],"20":[2,2],"21":[4,4],"22":[1,1],"23":[2,2],"24":[1,0],"25":[2,1],"26":[2,1],"27":[2,1],"28":[2,2],"29":[2,2],"30":[2,2],"31":[2,2],"32":[22,0],"33":[1,21],"34":[22,1],"35":[51,1,0],"36":[51,1,1,0],"37":[51,1,0],"38":[51,1,0,0],"39":[51,37,37],"40":[51,51],"41":[1,16],"42":[1,15],"43":[16,3],"44":[15,5],"45":[0,5],"46":[15,6,6],"47":[15,8,7,7,7],"48":[9,6],"49":[2,7],"50":[9,9],"51":[7,0],"52":[0,0],"53":[6,0],"54":[0,15],"55":[2],"56":[11,8],"57":[1,3],"58":[1,0],"59":[1,2],"60":[3,2],"61":[0,17],"62":[17,17],"63":[0,17],"64":[17,17],"65":[2,0],"66":[29,15],"67":[44,15],"68":[14,3],"69":[3,0],"70":[0,18],"71":[32,0,0,0],"72":[32,0,0],"73":[32,0,0],"74":[32,0,0,0],"75":[1,1],"76":[4,0],"77":[2,2],"78":[1,1],"79":[5,0],"80":[6,0],"81":[3,3],"82":[6,0],"83":[6,0],"84":[0,0],"85":[1,0],"86":[1,0],"87":[0,0],"88":[0,0],"89":[1,0],"90":[0,4],"91":[0,4],"92":[0,4],"93":[4,0],"94":[1,3],"95":[0,3],"96":[0,1],"97":[0,0],"98":[0,0],"99":[0,1]},"_coverageSchema":"1a1c01bbd47fc00a2c39e90264f33305004495a9","hash":"d80d3660288d06225670bac8b84d8b79d869695b"}
}
