{"/Users/nicolascordero/Desktop/MATERIA UNIVERSIDAD/NEW/Universidad 2025 - Nicolás/Semestre VI/Proyecto Integrador/FrontEnd/frontend-proyecto-integrador/frontend/js/dashboard-ross.js": {"path":"/Users/nicolascordero/Desktop/MATERIA UNIVERSIDAD/NEW/Universidad 2025 - Nicolás/Semestre VI/Proyecto Integrador/FrontEnd/frontend-proyecto-integrador/frontend/js/dashboard-ross.js","statementMap":{"0":{"start":{"line":1,"column":0},"end":{"line":95,"column":1}},"1":{"start":{"line":4,"column":4},"end":{"line":4,"column":52}},"2":{"start":{"line":8,"column":14},"end":{"line":8,"column":62}},"3":{"start":{"line":9,"column":4},"end":{"line":11,"column":5}},"4":{"start":{"line":10,"column":6},"end":{"line":10,"column":61}},"5":{"start":{"line":13,"column":4},"end":{"line":27,"column":5}},"6":{"start":{"line":14,"column":24},"end":{"line":14,"column":40}},"7":{"start":{"line":15,"column":6},"end":{"line":18,"column":7}},"8":{"start":{"line":16,"column":27},"end":{"line":16,"column":70}},"9":{"start":{"line":17,"column":8},"end":{"line":17,"column":92}},"10":{"start":{"line":20,"column":20},"end":{"line":20,"column":42}},"11":{"start":{"line":21,"column":6},"end":{"line":21,"column":25}},"12":{"start":{"line":23,"column":6},"end":{"line":25,"column":7}},"13":{"start":{"line":24,"column":8},"end":{"line":24,"column":20}},"14":{"start":{"line":26,"column":6},"end":{"line":26,"column":55}},"15":{"start":{"line":31,"column":4},"end":{"line":39,"column":5}},"16":{"start":{"line":32,"column":6},"end":{"line":38,"column":8}},"17":{"start":{"line":41,"column":25},"end":{"line":41,"column":84}},"18":{"start":{"line":42,"column":37},"end":{"line":42,"column":110}},"19":{"start":{"line":42,"column":62},"end":{"line":42,"column":109}},"20":{"start":{"line":43,"column":31},"end":{"line":43,"column":92}},"21":{"start":{"line":43,"column":56},"end":{"line":43,"column":91}},"22":{"start":{"line":45,"column":26},"end":{"line":45,"column":28}},"23":{"start":{"line":46,"column":4},"end":{"line":64,"column":7}},"24":{"start":{"line":47,"column":6},"end":{"line":63,"column":7}},"25":{"start":{"line":48,"column":8},"end":{"line":62,"column":11}},"26":{"start":{"line":49,"column":10},"end":{"line":61,"column":11}},"27":{"start":{"line":50,"column":26},"end":{"line":50,"column":54}},"28":{"start":{"line":51,"column":12},"end":{"line":60,"column":13}},"29":{"start":{"line":52,"column":14},"end":{"line":58,"column":15}},"30":{"start":{"line":53,"column":16},"end":{"line":57,"column":18}},"31":{"start":{"line":59,"column":14},"end":{"line":59,"column":46}},"32":{"start":{"line":66,"column":21},"end":{"line":68,"column":19}},"33":{"start":{"line":67,"column":22},"end":{"line":67,"column":45}},"34":{"start":{"line":70,"column":29},"end":{"line":70,"column":31}},"35":{"start":{"line":71,"column":4},"end":{"line":83,"column":7}},"36":{"start":{"line":72,"column":6},"end":{"line":82,"column":7}},"37":{"start":{"line":73,"column":24},"end":{"line":73,"column":59}},"38":{"start":{"line":74,"column":8},"end":{"line":80,"column":9}},"39":{"start":{"line":75,"column":10},"end":{"line":79,"column":12}},"40":{"start":{"line":81,"column":8},"end":{"line":81,"column":45}},"41":{"start":{"line":85,"column":4},"end":{"line":91,"column":6}},"42":{"start":{"line":94,"column":0},"end":{"line":94,"column":51}},"43":{"start":{"line":97,"column":0},"end":{"line":641,"column":1}},"44":{"start":{"line":100,"column":4},"end":{"line":100,"column":46}},"45":{"start":{"line":101,"column":4},"end":{"line":101,"column":23}},"46":{"start":{"line":102,"column":4},"end":{"line":102,"column":36}},"47":{"start":{"line":103,"column":4},"end":{"line":103,"column":32}},"48":{"start":{"line":104,"column":4},"end":{"line":104,"column":48}},"49":{"start":{"line":105,"column":4},"end":{"line":105,"column":31}},"50":{"start":{"line":109,"column":20},"end":{"line":120,"column":5}},"51":{"start":{"line":121,"column":4},"end":{"line":121,"column":38}},"52":{"start":{"line":125,"column":20},"end":{"line":136,"column":5}},"53":{"start":{"line":137,"column":4},"end":{"line":137,"column":38}},"54":{"start":{"line":141,"column":4},"end":{"line":141,"column":74}},"55":{"start":{"line":145,"column":21},"end":{"line":145,"column":56}},"56":{"start":{"line":146,"column":4},"end":{"line":150,"column":6}},"57":{"start":{"line":154,"column":4},"end":{"line":157,"column":5}},"58":{"start":{"line":155,"column":6},"end":{"line":155,"column":80}},"59":{"start":{"line":156,"column":6},"end":{"line":156,"column":13}},"60":{"start":{"line":159,"column":4},"end":{"line":159,"column":27}},"61":{"start":{"line":160,"column":4},"end":{"line":160,"column":76}},"62":{"start":{"line":162,"column":4},"end":{"line":167,"column":5}},"63":{"start":{"line":163,"column":6},"end":{"line":163,"column":39}},"64":{"start":{"line":164,"column":11},"end":{"line":167,"column":5}},"65":{"start":{"line":165,"column":29},"end":{"line":165,"column":45}},"66":{"start":{"line":166,"column":6},"end":{"line":166,"column":86}},"67":{"start":{"line":169,"column":4},"end":{"line":169,"column":36}},"68":{"start":{"line":170,"column":4},"end":{"line":170,"column":29}},"69":{"start":{"line":174,"column":4},"end":{"line":176,"column":5}},"70":{"start":{"line":175,"column":6},"end":{"line":175,"column":39}},"71":{"start":{"line":178,"column":4},"end":{"line":182,"column":7}},"72":{"start":{"line":179,"column":6},"end":{"line":181,"column":7}},"73":{"start":{"line":180,"column":8},"end":{"line":180,"column":34}},"74":{"start":{"line":184,"column":4},"end":{"line":187,"column":7}},"75":{"start":{"line":191,"column":21},"end":{"line":191,"column":76}},"76":{"start":{"line":192,"column":4},"end":{"line":192,"column":26}},"77":{"start":{"line":192,"column":19},"end":{"line":192,"column":26}},"78":{"start":{"line":194,"column":19},"end":{"line":194,"column":51}},"79":{"start":{"line":195,"column":4},"end":{"line":195,"column":24}},"80":{"start":{"line":195,"column":17},"end":{"line":195,"column":24}},"81":{"start":{"line":197,"column":4},"end":{"line":197,"column":36}},"82":{"start":{"line":198,"column":4},"end":{"line":198,"column":70}},"83":{"start":{"line":200,"column":4},"end":{"line":208,"column":5}},"84":{"start":{"line":201,"column":6},"end":{"line":207,"column":9}},"85":{"start":{"line":202,"column":23},"end":{"line":202,"column":55}},"86":{"start":{"line":203,"column":23},"end":{"line":203,"column":59}},"87":{"start":{"line":204,"column":8},"end":{"line":204,"column":30}},"88":{"start":{"line":205,"column":8},"end":{"line":205,"column":70}},"89":{"start":{"line":206,"column":8},"end":{"line":206,"column":35}},"90":{"start":{"line":210,"column":4},"end":{"line":213,"column":7}},"91":{"start":{"line":211,"column":6},"end":{"line":211,"column":56}},"92":{"start":{"line":212,"column":6},"end":{"line":212,"column":31}},"93":{"start":{"line":217,"column":23},"end":{"line":217,"column":73}},"94":{"start":{"line":218,"column":4},"end":{"line":218,"column":28}},"95":{"start":{"line":218,"column":21},"end":{"line":218,"column":28}},"96":{"start":{"line":220,"column":4},"end":{"line":220,"column":96}},"97":{"start":{"line":222,"column":4},"end":{"line":237,"column":5}},"98":{"start":{"line":223,"column":20},"end":{"line":223,"column":84}},"99":{"start":{"line":224,"column":6},"end":{"line":226,"column":7}},"100":{"start":{"line":225,"column":8},"end":{"line":225,"column":63}},"101":{"start":{"line":227,"column":6},"end":{"line":227,"column":63}},"102":{"start":{"line":228,"column":6},"end":{"line":228,"column":24}},"103":{"start":{"line":230,"column":6},"end":{"line":230,"column":53}},"104":{"start":{"line":231,"column":27},"end":{"line":231,"column":87}},"105":{"start":{"line":232,"column":6},"end":{"line":236,"column":8}},"106":{"start":{"line":241,"column":4},"end":{"line":241,"column":38}},"107":{"start":{"line":241,"column":31},"end":{"line":241,"column":38}},"108":{"start":{"line":243,"column":23},"end":{"line":243,"column":73}},"109":{"start":{"line":244,"column":4},"end":{"line":244,"column":28}},"110":{"start":{"line":244,"column":21},"end":{"line":244,"column":28}},"111":{"start":{"line":246,"column":30},"end":{"line":246,"column":73}},"112":{"start":{"line":247,"column":4},"end":{"line":255,"column":5}},"113":{"start":{"line":248,"column":6},"end":{"line":253,"column":8}},"114":{"start":{"line":254,"column":6},"end":{"line":254,"column":13}},"115":{"start":{"line":257,"column":4},"end":{"line":308,"column":6}},"116":{"start":{"line":310,"column":4},"end":{"line":310,"column":30}},"117":{"start":{"line":314,"column":4},"end":{"line":317,"column":5}},"118":{"start":{"line":315,"column":6},"end":{"line":315,"column":51}},"119":{"start":{"line":316,"column":6},"end":{"line":316,"column":13}},"120":{"start":{"line":319,"column":4},"end":{"line":321,"column":5}},"121":{"start":{"line":320,"column":6},"end":{"line":320,"column":13}},"122":{"start":{"line":323,"column":4},"end":{"line":323,"column":28}},"123":{"start":{"line":325,"column":4},"end":{"line":325,"column":34}},"124":{"start":{"line":326,"column":4},"end":{"line":326,"column":39}},"125":{"start":{"line":327,"column":4},"end":{"line":327,"column":39}},"126":{"start":{"line":328,"column":4},"end":{"line":328,"column":33}},"127":{"start":{"line":330,"column":35},"end":{"line":332,"column":87}},"128":{"start":{"line":333,"column":4},"end":{"line":335,"column":5}},"129":{"start":{"line":334,"column":6},"end":{"line":334,"column":39}},"130":{"start":{"line":339,"column":19},"end":{"line":339,"column":58}},"131":{"start":{"line":340,"column":4},"end":{"line":340,"column":24}},"132":{"start":{"line":340,"column":17},"end":{"line":340,"column":24}},"133":{"start":{"line":341,"column":4},"end":{"line":343,"column":5}},"134":{"start":{"line":342,"column":6},"end":{"line":342,"column":13}},"135":{"start":{"line":345,"column":16},"end":{"line":345,"column":39}},"136":{"start":{"line":346,"column":18},"end":{"line":346,"column":62}},"137":{"start":{"line":347,"column":20},"end":{"line":347,"column":45}},"138":{"start":{"line":348,"column":26},"end":{"line":348,"column":59}},"139":{"start":{"line":349,"column":26},"end":{"line":349,"column":65}},"140":{"start":{"line":351,"column":4},"end":{"line":394,"column":7}},"141":{"start":{"line":354,"column":31},"end":{"line":354,"column":98}},"142":{"start":{"line":357,"column":31},"end":{"line":357,"column":41}},"143":{"start":{"line":398,"column":19},"end":{"line":398,"column":63}},"144":{"start":{"line":399,"column":4},"end":{"line":399,"column":24}},"145":{"start":{"line":399,"column":17},"end":{"line":399,"column":24}},"146":{"start":{"line":400,"column":4},"end":{"line":402,"column":5}},"147":{"start":{"line":401,"column":6},"end":{"line":401,"column":13}},"148":{"start":{"line":404,"column":16},"end":{"line":404,"column":39}},"149":{"start":{"line":405,"column":18},"end":{"line":405,"column":47}},"150":{"start":{"line":406,"column":20},"end":{"line":406,"column":45}},"151":{"start":{"line":407,"column":25},"end":{"line":407,"column":58}},"152":{"start":{"line":408,"column":26},"end":{"line":408,"column":65}},"153":{"start":{"line":410,"column":4},"end":{"line":457,"column":7}},"154":{"start":{"line":413,"column":31},"end":{"line":413,"column":98}},"155":{"start":{"line":415,"column":31},"end":{"line":415,"column":41}},"156":{"start":{"line":433,"column":28},"end":{"line":433,"column":44}},"157":{"start":{"line":434,"column":28},"end":{"line":434,"column":52}},"158":{"start":{"line":435,"column":14},"end":{"line":441,"column":15}},"159":{"start":{"line":436,"column":29},"end":{"line":436,"column":52}},"160":{"start":{"line":437,"column":16},"end":{"line":440,"column":17}},"161":{"start":{"line":438,"column":18},"end":{"line":438,"column":69}},"162":{"start":{"line":439,"column":18},"end":{"line":439,"column":33}},"163":{"start":{"line":447,"column":30},"end":{"line":447,"column":49}},"164":{"start":{"line":448,"column":30},"end":{"line":448,"column":49}},"165":{"start":{"line":449,"column":30},"end":{"line":449,"column":77}},"166":{"start":{"line":449,"column":68},"end":{"line":449,"column":73}},"167":{"start":{"line":450,"column":35},"end":{"line":450,"column":69}},"168":{"start":{"line":451,"column":16},"end":{"line":451,"column":61}},"169":{"start":{"line":461,"column":19},"end":{"line":461,"column":63}},"170":{"start":{"line":462,"column":4},"end":{"line":462,"column":24}},"171":{"start":{"line":462,"column":17},"end":{"line":462,"column":24}},"172":{"start":{"line":464,"column":16},"end":{"line":464,"column":39}},"173":{"start":{"line":465,"column":20},"end":{"line":465,"column":45}},"174":{"start":{"line":467,"column":4},"end":{"line":517,"column":7}},"175":{"start":{"line":521,"column":19},"end":{"line":521,"column":57}},"176":{"start":{"line":522,"column":4},"end":{"line":522,"column":24}},"177":{"start":{"line":522,"column":17},"end":{"line":522,"column":24}},"178":{"start":{"line":524,"column":16},"end":{"line":524,"column":39}},"179":{"start":{"line":525,"column":20},"end":{"line":525,"column":45}},"180":{"start":{"line":527,"column":4},"end":{"line":573,"column":7}},"181":{"start":{"line":563,"column":30},"end":{"line":563,"column":49}},"182":{"start":{"line":564,"column":30},"end":{"line":564,"column":49}},"183":{"start":{"line":565,"column":30},"end":{"line":565,"column":77}},"184":{"start":{"line":565,"column":68},"end":{"line":565,"column":73}},"185":{"start":{"line":566,"column":35},"end":{"line":566,"column":69}},"186":{"start":{"line":567,"column":16},"end":{"line":567,"column":61}},"187":{"start":{"line":577,"column":19},"end":{"line":577,"column":61}},"188":{"start":{"line":578,"column":4},"end":{"line":578,"column":24}},"189":{"start":{"line":578,"column":17},"end":{"line":578,"column":24}},"190":{"start":{"line":579,"column":4},"end":{"line":581,"column":5}},"191":{"start":{"line":580,"column":6},"end":{"line":580,"column":13}},"192":{"start":{"line":583,"column":16},"end":{"line":583,"column":39}},"193":{"start":{"line":584,"column":18},"end":{"line":584,"column":59}},"194":{"start":{"line":585,"column":20},"end":{"line":585,"column":45}},"195":{"start":{"line":587,"column":4},"end":{"line":628,"column":7}},"196":{"start":{"line":590,"column":31},"end":{"line":590,"column":39}},"197":{"start":{"line":593,"column":31},"end":{"line":593,"column":41}},"198":{"start":{"line":632,"column":4},"end":{"line":636,"column":7}},"199":{"start":{"line":633,"column":6},"end":{"line":635,"column":7}},"200":{"start":{"line":634,"column":8},"end":{"line":634,"column":26}},"201":{"start":{"line":637,"column":4},"end":{"line":637,"column":23}},"202":{"start":{"line":640,"column":0},"end":{"line":640,"column":43}}},"fnMap":{"0":{"name":"(anonymous_0)","decl":{"start":{"line":3,"column":2},"end":{"line":3,"column":3}},"loc":{"start":{"line":3,"column":16},"end":{"line":5,"column":3}},"line":3},"1":{"name":"(anonymous_1)","decl":{"start":{"line":7,"column":2},"end":{"line":7,"column":3}},"loc":{"start":{"line":7,"column":50},"end":{"line":28,"column":3}},"line":7},"2":{"name":"(anonymous_2)","decl":{"start":{"line":30,"column":2},"end":{"line":30,"column":3}},"loc":{"start":{"line":30,"column":23},"end":{"line":92,"column":3}},"line":30},"3":{"name":"(anonymous_3)","decl":{"start":{"line":42,"column":57},"end":{"line":42,"column":58}},"loc":{"start":{"line":42,"column":62},"end":{"line":42,"column":109}},"line":42},"4":{"name":"(anonymous_4)","decl":{"start":{"line":43,"column":51},"end":{"line":43,"column":52}},"loc":{"start":{"line":43,"column":56},"end":{"line":43,"column":91}},"line":43},"5":{"name":"(anonymous_5)","decl":{"start":{"line":46,"column":37},"end":{"line":46,"column":38}},"loc":{"start":{"line":46,"column":44},"end":{"line":64,"column":5}},"line":46},"6":{"name":"(anonymous_6)","decl":{"start":{"line":48,"column":37},"end":{"line":48,"column":38}},"loc":{"start":{"line":48,"column":46},"end":{"line":62,"column":9}},"line":48},"7":{"name":"(anonymous_7)","decl":{"start":{"line":67,"column":12},"end":{"line":67,"column":13}},"loc":{"start":{"line":67,"column":22},"end":{"line":67,"column":45}},"line":67},"8":{"name":"(anonymous_8)","decl":{"start":{"line":71,"column":25},"end":{"line":71,"column":26}},"loc":{"start":{"line":71,"column":32},"end":{"line":83,"column":5}},"line":71},"9":{"name":"(anonymous_9)","decl":{"start":{"line":99,"column":2},"end":{"line":99,"column":3}},"loc":{"start":{"line":99,"column":16},"end":{"line":106,"column":3}},"line":99},"10":{"name":"(anonymous_10)","decl":{"start":{"line":108,"column":2},"end":{"line":108,"column":3}},"loc":{"start":{"line":108,"column":27},"end":{"line":122,"column":3}},"line":108},"11":{"name":"(anonymous_11)","decl":{"start":{"line":124,"column":2},"end":{"line":124,"column":3}},"loc":{"start":{"line":124,"column":33},"end":{"line":138,"column":3}},"line":124},"12":{"name":"(anonymous_12)","decl":{"start":{"line":140,"column":2},"end":{"line":140,"column":3}},"loc":{"start":{"line":140,"column":22},"end":{"line":142,"column":3}},"line":140},"13":{"name":"(anonymous_13)","decl":{"start":{"line":144,"column":2},"end":{"line":144,"column":3}},"loc":{"start":{"line":144,"column":23},"end":{"line":151,"column":3}},"line":144},"14":{"name":"(anonymous_14)","decl":{"start":{"line":153,"column":2},"end":{"line":153,"column":3}},"loc":{"start":{"line":153,"column":29},"end":{"line":171,"column":3}},"line":153},"15":{"name":"(anonymous_15)","decl":{"start":{"line":173,"column":2},"end":{"line":173,"column":3}},"loc":{"start":{"line":173,"column":29},"end":{"line":188,"column":3}},"line":173},"16":{"name":"(anonymous_16)","decl":{"start":{"line":178,"column":47},"end":{"line":178,"column":48}},"loc":{"start":{"line":178,"column":53},"end":{"line":182,"column":5}},"line":178},"17":{"name":"(anonymous_17)","decl":{"start":{"line":190,"column":2},"end":{"line":190,"column":3}},"loc":{"start":{"line":190,"column":30},"end":{"line":214,"column":3}},"line":190},"18":{"name":"(anonymous_18)","decl":{"start":{"line":201,"column":28},"end":{"line":201,"column":29}},"loc":{"start":{"line":201,"column":39},"end":{"line":207,"column":7}},"line":201},"19":{"name":"(anonymous_19)","decl":{"start":{"line":210,"column":38},"end":{"line":210,"column":39}},"loc":{"start":{"line":210,"column":51},"end":{"line":213,"column":5}},"line":210},"20":{"name":"(anonymous_20)","decl":{"start":{"line":216,"column":2},"end":{"line":216,"column":3}},"loc":{"start":{"line":216,"column":22},"end":{"line":238,"column":3}},"line":216},"21":{"name":"(anonymous_21)","decl":{"start":{"line":240,"column":2},"end":{"line":240,"column":3}},"loc":{"start":{"line":240,"column":15},"end":{"line":311,"column":3}},"line":240},"22":{"name":"(anonymous_22)","decl":{"start":{"line":313,"column":2},"end":{"line":313,"column":3}},"loc":{"start":{"line":313,"column":23},"end":{"line":336,"column":3}},"line":313},"23":{"name":"(anonymous_23)","decl":{"start":{"line":338,"column":2},"end":{"line":338,"column":3}},"loc":{"start":{"line":338,"column":27},"end":{"line":395,"column":3}},"line":338},"24":{"name":"(anonymous_24)","decl":{"start":{"line":354,"column":26},"end":{"line":354,"column":27}},"loc":{"start":{"line":354,"column":31},"end":{"line":354,"column":98}},"line":354},"25":{"name":"(anonymous_25)","decl":{"start":{"line":357,"column":26},"end":{"line":357,"column":27}},"loc":{"start":{"line":357,"column":31},"end":{"line":357,"column":41}},"line":357},"26":{"name":"(anonymous_26)","decl":{"start":{"line":370,"column":21},"end":{"line":370,"column":22}},"loc":{"start":{"line":370,"column":27},"end":{"line":370,"column":29}},"line":370},"27":{"name":"(anonymous_27)","decl":{"start":{"line":397,"column":2},"end":{"line":397,"column":3}},"loc":{"start":{"line":397,"column":32},"end":{"line":458,"column":3}},"line":397},"28":{"name":"(anonymous_28)","decl":{"start":{"line":413,"column":26},"end":{"line":413,"column":27}},"loc":{"start":{"line":413,"column":31},"end":{"line":413,"column":98}},"line":413},"29":{"name":"(anonymous_29)","decl":{"start":{"line":415,"column":26},"end":{"line":415,"column":27}},"loc":{"start":{"line":415,"column":31},"end":{"line":415,"column":41}},"line":415},"30":{"name":"(anonymous_30)","decl":{"start":{"line":432,"column":21},"end":{"line":432,"column":22}},"loc":{"start":{"line":432,"column":48},"end":{"line":442,"column":13}},"line":432},"31":{"name":"(anonymous_31)","decl":{"start":{"line":446,"column":21},"end":{"line":446,"column":22}},"loc":{"start":{"line":446,"column":34},"end":{"line":452,"column":15}},"line":446},"32":{"name":"(anonymous_32)","decl":{"start":{"line":449,"column":58},"end":{"line":449,"column":59}},"loc":{"start":{"line":449,"column":68},"end":{"line":449,"column":73}},"line":449},"33":{"name":"(anonymous_33)","decl":{"start":{"line":460,"column":2},"end":{"line":460,"column":3}},"loc":{"start":{"line":460,"column":32},"end":{"line":518,"column":3}},"line":460},"34":{"name":"(anonymous_34)","decl":{"start":{"line":520,"column":2},"end":{"line":520,"column":3}},"loc":{"start":{"line":520,"column":26},"end":{"line":574,"column":3}},"line":520},"35":{"name":"(anonymous_35)","decl":{"start":{"line":558,"column":21},"end":{"line":558,"column":22}},"loc":{"start":{"line":558,"column":27},"end":{"line":558,"column":29}},"line":558},"36":{"name":"(anonymous_36)","decl":{"start":{"line":562,"column":21},"end":{"line":562,"column":22}},"loc":{"start":{"line":562,"column":34},"end":{"line":568,"column":15}},"line":562},"37":{"name":"(anonymous_37)","decl":{"start":{"line":565,"column":58},"end":{"line":565,"column":59}},"loc":{"start":{"line":565,"column":68},"end":{"line":565,"column":73}},"line":565},"38":{"name":"(anonymous_38)","decl":{"start":{"line":576,"column":2},"end":{"line":576,"column":3}},"loc":{"start":{"line":576,"column":30},"end":{"line":629,"column":3}},"line":576},"39":{"name":"(anonymous_39)","decl":{"start":{"line":590,"column":26},"end":{"line":590,"column":27}},"loc":{"start":{"line":590,"column":31},"end":{"line":590,"column":39}},"line":590},"40":{"name":"(anonymous_40)","decl":{"start":{"line":593,"column":26},"end":{"line":593,"column":27}},"loc":{"start":{"line":593,"column":31},"end":{"line":593,"column":41}},"line":593},"41":{"name":"(anonymous_41)","decl":{"start":{"line":631,"column":2},"end":{"line":631,"column":3}},"loc":{"start":{"line":631,"column":21},"end":{"line":638,"column":3}},"line":631},"42":{"name":"(anonymous_42)","decl":{"start":{"line":632,"column":41},"end":{"line":632,"column":42}},"loc":{"start":{"line":632,"column":52},"end":{"line":636,"column":5}},"line":632}},"branchMap":{"0":{"loc":{"start":{"line":1,"column":0},"end":{"line":95,"column":1}},"type":"if","locations":[{"start":{"line":1,"column":0},"end":{"line":95,"column":1}},{"start":{},"end":{}}],"line":1},"1":{"loc":{"start":{"line":7,"column":28},"end":{"line":7,"column":48}},"type":"default-arg","locations":[{"start":{"line":7,"column":44},"end":{"line":7,"column":48}}],"line":7},"2":{"loc":{"start":{"line":9,"column":4},"end":{"line":11,"column":5}},"type":"if","locations":[{"start":{"line":9,"column":4},"end":{"line":11,"column":5}},{"start":{},"end":{}}],"line":9},"3":{"loc":{"start":{"line":9,"column":8},"end":{"line":9,"column":93}},"type":"binary-expr","locations":[{"start":{"line":9,"column":8},"end":{"line":9,"column":21}},{"start":{"line":9,"column":25},"end":{"line":9,"column":58}},{"start":{"line":9,"column":62},"end":{"line":9,"column":93}}],"line":9},"4":{"loc":{"start":{"line":15,"column":6},"end":{"line":18,"column":7}},"type":"if","locations":[{"start":{"line":15,"column":6},"end":{"line":18,"column":7}},{"start":{},"end":{}}],"line":15},"5":{"loc":{"start":{"line":16,"column":27},"end":{"line":16,"column":70}},"type":"binary-expr","locations":[{"start":{"line":16,"column":27},"end":{"line":16,"column":47}},{"start":{"line":16,"column":51},"end":{"line":16,"column":70}}],"line":16},"6":{"loc":{"start":{"line":21,"column":13},"end":{"line":21,"column":24}},"type":"binary-expr","locations":[{"start":{"line":21,"column":13},"end":{"line":21,"column":18}},{"start":{"line":21,"column":22},"end":{"line":21,"column":24}}],"line":21},"7":{"loc":{"start":{"line":23,"column":6},"end":{"line":25,"column":7}},"type":"if","locations":[{"start":{"line":23,"column":6},"end":{"line":25,"column":7}},{"start":{},"end":{}}],"line":23},"8":{"loc":{"start":{"line":31,"column":4},"end":{"line":39,"column":5}},"type":"if","locations":[{"start":{"line":31,"column":4},"end":{"line":39,"column":5}},{"start":{},"end":{}}],"line":31},"9":{"loc":{"start":{"line":31,"column":8},"end":{"line":31,"column":43}},"type":"binary-expr","locations":[{"start":{"line":31,"column":8},"end":{"line":31,"column":14}},{"start":{"line":31,"column":18},"end":{"line":31,"column":43}}],"line":31},"10":{"loc":{"start":{"line":41,"column":25},"end":{"line":41,"column":84}},"type":"cond-expr","locations":[{"start":{"line":41,"column":61},"end":{"line":41,"column":79}},{"start":{"line":41,"column":82},"end":{"line":41,"column":84}}],"line":41},"11":{"loc":{"start":{"line":42,"column":62},"end":{"line":42,"column":109}},"type":"binary-expr","locations":[{"start":{"line":42,"column":62},"end":{"line":42,"column":63}},{"start":{"line":42,"column":67},"end":{"line":42,"column":109}}],"line":42},"12":{"loc":{"start":{"line":43,"column":56},"end":{"line":43,"column":91}},"type":"binary-expr","locations":[{"start":{"line":43,"column":56},"end":{"line":43,"column":57}},{"start":{"line":43,"column":61},"end":{"line":43,"column":91}}],"line":43},"13":{"loc":{"start":{"line":47,"column":6},"end":{"line":63,"column":7}},"type":"if","locations":[{"start":{"line":47,"column":6},"end":{"line":63,"column":7}},{"start":{},"end":{}}],"line":47},"14":{"loc":{"start":{"line":47,"column":10},"end":{"line":47,"column":69}},"type":"binary-expr","locations":[{"start":{"line":47,"column":10},"end":{"line":47,"column":13}},{"start":{"line":47,"column":17},"end":{"line":47,"column":30}},{"start":{"line":47,"column":34},"end":{"line":47,"column":69}}],"line":47},"15":{"loc":{"start":{"line":49,"column":10},"end":{"line":61,"column":11}},"type":"if","locations":[{"start":{"line":49,"column":10},"end":{"line":61,"column":11}},{"start":{},"end":{}}],"line":49},"16":{"loc":{"start":{"line":50,"column":26},"end":{"line":50,"column":54}},"type":"binary-expr","locations":[{"start":{"line":50,"column":26},"end":{"line":50,"column":38}},{"start":{"line":50,"column":42},"end":{"line":50,"column":54}}],"line":50},"17":{"loc":{"start":{"line":51,"column":12},"end":{"line":60,"column":13}},"type":"if","locations":[{"start":{"line":51,"column":12},"end":{"line":60,"column":13}},{"start":{},"end":{}}],"line":51},"18":{"loc":{"start":{"line":52,"column":14},"end":{"line":58,"column":15}},"type":"if","locations":[{"start":{"line":52,"column":14},"end":{"line":58,"column":15}},{"start":{},"end":{}}],"line":52},"19":{"loc":{"start":{"line":54,"column":26},"end":{"line":54,"column":44}},"type":"binary-expr","locations":[{"start":{"line":54,"column":26},"end":{"line":54,"column":38}},{"start":{"line":54,"column":42},"end":{"line":54,"column":44}}],"line":54},"20":{"loc":{"start":{"line":55,"column":26},"end":{"line":55,"column":47}},"type":"binary-expr","locations":[{"start":{"line":55,"column":26},"end":{"line":55,"column":38}},{"start":{"line":55,"column":42},"end":{"line":55,"column":47}}],"line":55},"21":{"loc":{"start":{"line":72,"column":6},"end":{"line":82,"column":7}},"type":"if","locations":[{"start":{"line":72,"column":6},"end":{"line":82,"column":7}},{"start":{},"end":{}}],"line":72},"22":{"loc":{"start":{"line":73,"column":24},"end":{"line":73,"column":59}},"type":"binary-expr","locations":[{"start":{"line":73,"column":24},"end":{"line":73,"column":42}},{"start":{"line":73,"column":46},"end":{"line":73,"column":59}}],"line":73},"23":{"loc":{"start":{"line":74,"column":8},"end":{"line":80,"column":9}},"type":"if","locations":[{"start":{"line":74,"column":8},"end":{"line":80,"column":9}},{"start":{},"end":{}}],"line":74},"24":{"loc":{"start":{"line":77,"column":20},"end":{"line":77,"column":49}},"type":"binary-expr","locations":[{"start":{"line":77,"column":20},"end":{"line":77,"column":38}},{"start":{"line":77,"column":42},"end":{"line":77,"column":49}}],"line":77},"25":{"loc":{"start":{"line":97,"column":0},"end":{"line":641,"column":1}},"type":"if","locations":[{"start":{"line":97,"column":0},"end":{"line":641,"column":1}},{"start":{},"end":{}}],"line":97},"26":{"loc":{"start":{"line":141,"column":11},"end":{"line":141,"column":73}},"type":"binary-expr","locations":[{"start":{"line":141,"column":11},"end":{"line":141,"column":62}},{"start":{"line":141,"column":66},"end":{"line":141,"column":73}}],"line":141},"27":{"loc":{"start":{"line":147,"column":13},"end":{"line":147,"column":74}},"type":"cond-expr","locations":[{"start":{"line":147,"column":24},"end":{"line":147,"column":50}},{"start":{"line":147,"column":53},"end":{"line":147,"column":74}}],"line":147},"28":{"loc":{"start":{"line":148,"column":12},"end":{"line":148,"column":72}},"type":"cond-expr","locations":[{"start":{"line":148,"column":23},"end":{"line":148,"column":49}},{"start":{"line":148,"column":52},"end":{"line":148,"column":72}}],"line":148},"29":{"loc":{"start":{"line":149,"column":13},"end":{"line":149,"column":72}},"type":"cond-expr","locations":[{"start":{"line":149,"column":24},"end":{"line":149,"column":45}},{"start":{"line":149,"column":48},"end":{"line":149,"column":72}}],"line":149},"30":{"loc":{"start":{"line":154,"column":4},"end":{"line":157,"column":5}},"type":"if","locations":[{"start":{"line":154,"column":4},"end":{"line":157,"column":5}},{"start":{},"end":{}}],"line":154},"31":{"loc":{"start":{"line":160,"column":20},"end":{"line":160,"column":75}},"type":"cond-expr","locations":[{"start":{"line":160,"column":54},"end":{"line":160,"column":70}},{"start":{"line":160,"column":73},"end":{"line":160,"column":75}}],"line":160},"32":{"loc":{"start":{"line":162,"column":4},"end":{"line":167,"column":5}},"type":"if","locations":[{"start":{"line":162,"column":4},"end":{"line":167,"column":5}},{"start":{"line":164,"column":11},"end":{"line":167,"column":5}}],"line":162},"33":{"loc":{"start":{"line":164,"column":11},"end":{"line":167,"column":5}},"type":"if","locations":[{"start":{"line":164,"column":11},"end":{"line":167,"column":5}},{"start":{},"end":{}}],"line":164},"34":{"loc":{"start":{"line":166,"column":33},"end":{"line":166,"column":85}},"type":"binary-expr","locations":[{"start":{"line":166,"column":33},"end":{"line":166,"column":54}},{"start":{"line":166,"column":58},"end":{"line":166,"column":77}},{"start":{"line":166,"column":81},"end":{"line":166,"column":85}}],"line":166},"35":{"loc":{"start":{"line":174,"column":4},"end":{"line":176,"column":5}},"type":"if","locations":[{"start":{"line":174,"column":4},"end":{"line":176,"column":5}},{"start":{},"end":{}}],"line":174},"36":{"loc":{"start":{"line":179,"column":6},"end":{"line":181,"column":7}},"type":"if","locations":[{"start":{"line":179,"column":6},"end":{"line":181,"column":7}},{"start":{},"end":{}}],"line":179},"37":{"loc":{"start":{"line":192,"column":4},"end":{"line":192,"column":26}},"type":"if","locations":[{"start":{"line":192,"column":4},"end":{"line":192,"column":26}},{"start":{},"end":{}}],"line":192},"38":{"loc":{"start":{"line":195,"column":4},"end":{"line":195,"column":24}},"type":"if","locations":[{"start":{"line":195,"column":4},"end":{"line":195,"column":24}},{"start":{},"end":{}}],"line":195},"39":{"loc":{"start":{"line":200,"column":4},"end":{"line":208,"column":5}},"type":"if","locations":[{"start":{"line":200,"column":4},"end":{"line":208,"column":5}},{"start":{},"end":{}}],"line":200},"40":{"loc":{"start":{"line":200,"column":8},"end":{"line":200,"column":64}},"type":"binary-expr","locations":[{"start":{"line":200,"column":8},"end":{"line":200,"column":36}},{"start":{"line":200,"column":40},"end":{"line":200,"column":64}}],"line":200},"41":{"loc":{"start":{"line":203,"column":23},"end":{"line":203,"column":59}},"type":"binary-expr","locations":[{"start":{"line":203,"column":23},"end":{"line":203,"column":37}},{"start":{"line":203,"column":41},"end":{"line":203,"column":53}},{"start":{"line":203,"column":57},"end":{"line":203,"column":59}}],"line":203},"42":{"loc":{"start":{"line":205,"column":29},"end":{"line":205,"column":69}},"type":"binary-expr","locations":[{"start":{"line":205,"column":29},"end":{"line":205,"column":43}},{"start":{"line":205,"column":47},"end":{"line":205,"column":59}},{"start":{"line":205,"column":63},"end":{"line":205,"column":69}}],"line":205},"43":{"loc":{"start":{"line":211,"column":33},"end":{"line":211,"column":55}},"type":"binary-expr","locations":[{"start":{"line":211,"column":33},"end":{"line":211,"column":47}},{"start":{"line":211,"column":51},"end":{"line":211,"column":55}}],"line":211},"44":{"loc":{"start":{"line":218,"column":4},"end":{"line":218,"column":28}},"type":"if","locations":[{"start":{"line":218,"column":4},"end":{"line":218,"column":28}},{"start":{},"end":{}}],"line":218},"45":{"loc":{"start":{"line":224,"column":6},"end":{"line":226,"column":7}},"type":"if","locations":[{"start":{"line":224,"column":6},"end":{"line":226,"column":7}},{"start":{},"end":{}}],"line":224},"46":{"loc":{"start":{"line":231,"column":27},"end":{"line":231,"column":87}},"type":"cond-expr","locations":[{"start":{"line":231,"column":52},"end":{"line":231,"column":65}},{"start":{"line":231,"column":68},"end":{"line":231,"column":87}}],"line":231},"47":{"loc":{"start":{"line":241,"column":4},"end":{"line":241,"column":38}},"type":"if","locations":[{"start":{"line":241,"column":4},"end":{"line":241,"column":38}},{"start":{},"end":{}}],"line":241},"48":{"loc":{"start":{"line":244,"column":4},"end":{"line":244,"column":28}},"type":"if","locations":[{"start":{"line":244,"column":4},"end":{"line":244,"column":28}},{"start":{},"end":{}}],"line":244},"49":{"loc":{"start":{"line":246,"column":30},"end":{"line":246,"column":73}},"type":"binary-expr","locations":[{"start":{"line":246,"column":30},"end":{"line":246,"column":68}},{"start":{"line":246,"column":72},"end":{"line":246,"column":73}}],"line":246},"50":{"loc":{"start":{"line":247,"column":4},"end":{"line":255,"column":5}},"type":"if","locations":[{"start":{"line":247,"column":4},"end":{"line":255,"column":5}},{"start":{},"end":{}}],"line":247},"51":{"loc":{"start":{"line":299,"column":10},"end":{"line":306,"column":14}},"type":"cond-expr","locations":[{"start":{"line":299,"column":172},"end":{"line":306,"column":9}},{"start":{"line":306,"column":12},"end":{"line":306,"column":14}}],"line":299},"52":{"loc":{"start":{"line":299,"column":11},"end":{"line":299,"column":168}},"type":"binary-expr","locations":[{"start":{"line":299,"column":11},"end":{"line":299,"column":52}},{"start":{"line":299,"column":56},"end":{"line":299,"column":112}},{"start":{"line":299,"column":116},"end":{"line":299,"column":168}}],"line":299},"53":{"loc":{"start":{"line":314,"column":4},"end":{"line":317,"column":5}},"type":"if","locations":[{"start":{"line":314,"column":4},"end":{"line":317,"column":5}},{"start":{},"end":{}}],"line":314},"54":{"loc":{"start":{"line":319,"column":4},"end":{"line":321,"column":5}},"type":"if","locations":[{"start":{"line":319,"column":4},"end":{"line":321,"column":5}},{"start":{},"end":{}}],"line":319},"55":{"loc":{"start":{"line":330,"column":35},"end":{"line":332,"column":87}},"type":"binary-expr","locations":[{"start":{"line":330,"column":35},"end":{"line":330,"column":76}},{"start":{"line":331,"column":35},"end":{"line":331,"column":91}},{"start":{"line":332,"column":35},"end":{"line":332,"column":87}}],"line":330},"56":{"loc":{"start":{"line":333,"column":4},"end":{"line":335,"column":5}},"type":"if","locations":[{"start":{"line":333,"column":4},"end":{"line":335,"column":5}},{"start":{},"end":{}}],"line":333},"57":{"loc":{"start":{"line":340,"column":4},"end":{"line":340,"column":24}},"type":"if","locations":[{"start":{"line":340,"column":4},"end":{"line":340,"column":24}},{"start":{},"end":{}}],"line":340},"58":{"loc":{"start":{"line":341,"column":4},"end":{"line":343,"column":5}},"type":"if","locations":[{"start":{"line":341,"column":4},"end":{"line":343,"column":5}},{"start":{},"end":{}}],"line":341},"59":{"loc":{"start":{"line":341,"column":8},"end":{"line":341,"column":158}},"type":"binary-expr","locations":[{"start":{"line":341,"column":8},"end":{"line":341,"column":29}},{"start":{"line":341,"column":33},"end":{"line":341,"column":63}},{"start":{"line":341,"column":67},"end":{"line":341,"column":112}},{"start":{"line":341,"column":116},"end":{"line":341,"column":158}}],"line":341},"60":{"loc":{"start":{"line":354,"column":31},"end":{"line":354,"column":98}},"type":"cond-expr","locations":[{"start":{"line":354,"column":54},"end":{"line":354,"column":87}},{"start":{"line":354,"column":90},"end":{"line":354,"column":98}}],"line":354},"61":{"loc":{"start":{"line":399,"column":4},"end":{"line":399,"column":24}},"type":"if","locations":[{"start":{"line":399,"column":4},"end":{"line":399,"column":24}},{"start":{},"end":{}}],"line":399},"62":{"loc":{"start":{"line":400,"column":4},"end":{"line":402,"column":5}},"type":"if","locations":[{"start":{"line":400,"column":4},"end":{"line":402,"column":5}},{"start":{},"end":{}}],"line":400},"63":{"loc":{"start":{"line":400,"column":8},"end":{"line":400,"column":158}},"type":"binary-expr","locations":[{"start":{"line":400,"column":8},"end":{"line":400,"column":29}},{"start":{"line":400,"column":33},"end":{"line":400,"column":63}},{"start":{"line":400,"column":67},"end":{"line":400,"column":112}},{"start":{"line":400,"column":116},"end":{"line":400,"column":158}}],"line":400},"64":{"loc":{"start":{"line":413,"column":31},"end":{"line":413,"column":98}},"type":"cond-expr","locations":[{"start":{"line":413,"column":54},"end":{"line":413,"column":87}},{"start":{"line":413,"column":90},"end":{"line":413,"column":98}}],"line":413},"65":{"loc":{"start":{"line":435,"column":14},"end":{"line":441,"column":15}},"type":"if","locations":[{"start":{"line":435,"column":14},"end":{"line":441,"column":15}},{"start":{},"end":{}}],"line":435},"66":{"loc":{"start":{"line":435,"column":18},"end":{"line":435,"column":86}},"type":"binary-expr","locations":[{"start":{"line":435,"column":18},"end":{"line":435,"column":23}},{"start":{"line":435,"column":27},"end":{"line":435,"column":37}},{"start":{"line":435,"column":41},"end":{"line":435,"column":60}},{"start":{"line":435,"column":64},"end":{"line":435,"column":86}}],"line":435},"67":{"loc":{"start":{"line":437,"column":16},"end":{"line":440,"column":17}},"type":"if","locations":[{"start":{"line":437,"column":16},"end":{"line":440,"column":17}},{"start":{},"end":{}}],"line":437},"68":{"loc":{"start":{"line":437,"column":20},"end":{"line":437,"column":71}},"type":"binary-expr","locations":[{"start":{"line":437,"column":20},"end":{"line":437,"column":24}},{"start":{"line":437,"column":28},"end":{"line":437,"column":37}},{"start":{"line":437,"column":41},"end":{"line":437,"column":71}}],"line":437},"69":{"loc":{"start":{"line":447,"column":30},"end":{"line":447,"column":49}},"type":"binary-expr","locations":[{"start":{"line":447,"column":30},"end":{"line":447,"column":43}},{"start":{"line":447,"column":47},"end":{"line":447,"column":49}}],"line":447},"70":{"loc":{"start":{"line":448,"column":30},"end":{"line":448,"column":49}},"type":"binary-expr","locations":[{"start":{"line":448,"column":30},"end":{"line":448,"column":44}},{"start":{"line":448,"column":48},"end":{"line":448,"column":49}}],"line":448},"71":{"loc":{"start":{"line":462,"column":4},"end":{"line":462,"column":24}},"type":"if","locations":[{"start":{"line":462,"column":4},"end":{"line":462,"column":24}},{"start":{},"end":{}}],"line":462},"72":{"loc":{"start":{"line":522,"column":4},"end":{"line":522,"column":24}},"type":"if","locations":[{"start":{"line":522,"column":4},"end":{"line":522,"column":24}},{"start":{},"end":{}}],"line":522},"73":{"loc":{"start":{"line":563,"column":30},"end":{"line":563,"column":49}},"type":"binary-expr","locations":[{"start":{"line":563,"column":30},"end":{"line":563,"column":43}},{"start":{"line":563,"column":47},"end":{"line":563,"column":49}}],"line":563},"74":{"loc":{"start":{"line":564,"column":30},"end":{"line":564,"column":49}},"type":"binary-expr","locations":[{"start":{"line":564,"column":30},"end":{"line":564,"column":44}},{"start":{"line":564,"column":48},"end":{"line":564,"column":49}}],"line":564},"75":{"loc":{"start":{"line":578,"column":4},"end":{"line":578,"column":24}},"type":"if","locations":[{"start":{"line":578,"column":4},"end":{"line":578,"column":24}},{"start":{},"end":{}}],"line":578},"76":{"loc":{"start":{"line":579,"column":4},"end":{"line":581,"column":5}},"type":"if","locations":[{"start":{"line":579,"column":4},"end":{"line":581,"column":5}},{"start":{},"end":{}}],"line":579},"77":{"loc":{"start":{"line":579,"column":8},"end":{"line":579,"column":194}},"type":"binary-expr","locations":[{"start":{"line":579,"column":8},"end":{"line":579,"column":29}},{"start":{"line":579,"column":33},"end":{"line":579,"column":75}},{"start":{"line":579,"column":79},"end":{"line":579,"column":136}},{"start":{"line":579,"column":140},"end":{"line":579,"column":194}}],"line":579},"78":{"loc":{"start":{"line":633,"column":6},"end":{"line":635,"column":7}},"type":"if","locations":[{"start":{"line":633,"column":6},"end":{"line":635,"column":7}},{"start":{},"end":{}}],"line":633}},"s":{"0":1,"1":60,"2":7,"3":7,"4":2,"5":7,"6":7,"7":6,"8":1,"9":1,"10":5,"11":5,"12":2,"13":2,"14":0,"15":7,"16":0,"17":7,"18":7,"19":8,"20":7,"21":8,"22":7,"23":7,"24":6,"25":3,"26":19,"27":19,"28":19,"29":19,"30":18,"31":19,"32":7,"33":15,"34":7,"35":7,"36":8,"37":8,"38":8,"39":6,"40":8,"41":7,"42":1,"43":1,"44":53,"45":53,"46":53,"47":53,"48":53,"49":53,"50":61,"51":61,"52":6,"53":6,"54":23,"55":20,"56":20,"57":2,"58":0,"59":0,"60":2,"61":2,"62":2,"63":1,"64":1,"65":1,"66":1,"67":2,"68":2,"69":6,"70":1,"71":6,"72":11,"73":10,"74":6,"75":2,"76":2,"77":0,"78":2,"79":2,"80":0,"81":2,"82":2,"83":2,"84":1,"85":2,"86":2,"87":2,"88":2,"89":2,"90":2,"91":0,"92":0,"93":4,"94":4,"95":0,"96":4,"97":4,"98":4,"99":3,"100":0,"101":3,"102":3,"103":1,"104":1,"105":1,"106":6,"107":0,"108":6,"109":6,"110":0,"111":6,"112":6,"113":3,"114":3,"115":3,"116":3,"117":13,"118":0,"119":0,"120":13,"121":1,"122":12,"123":12,"124":12,"125":12,"126":12,"127":12,"128":12,"129":1,"130":15,"131":15,"132":9,"133":6,"134":3,"135":3,"136":3,"137":3,"138":3,"139":3,"140":3,"141":4,"142":4,"143":14,"144":14,"145":9,"146":5,"147":2,"148":3,"149":3,"150":3,"151":3,"152":3,"153":3,"154":4,"155":4,"156":0,"157":0,"158":0,"159":0,"160":0,"161":0,"162":0,"163":0,"164":0,"165":0,"166":0,"167":0,"168":0,"169":13,"170":13,"171":8,"172":5,"173":5,"174":5,"175":13,"176":13,"177":8,"178":5,"179":5,"180":5,"181":0,"182":0,"183":0,"184":0,"185":0,"186":0,"187":2,"188":2,"189":0,"190":2,"191":0,"192":2,"193":2,"194":2,"195":2,"196":4,"197":4,"198":13,"199":5,"200":5,"201":13,"202":1},"f":{"0":60,"1":7,"2":7,"3":8,"4":8,"5":6,"6":19,"7":15,"8":8,"9":53,"10":61,"11":6,"12":23,"13":20,"14":2,"15":6,"16":11,"17":2,"18":2,"19":0,"20":4,"21":6,"22":13,"23":15,"24":4,"25":4,"26":0,"27":14,"28":4,"29":4,"30":0,"31":0,"32":0,"33":13,"34":13,"35":0,"36":0,"37":0,"38":2,"39":4,"40":4,"41":13,"42":5},"b":{"0":[1,0],"1":[2],"2":[2,5],"3":[7,2,2],"4":[1,5],"5":[1,1],"6":[5,0],"7":[2,0],"8":[0,7],"9":[7,7],"10":[7,0],"11":[8,8],"12":[8,8],"13":[3,3],"14":[6,6,3],"15":[19,0],"16":[19,0],"17":[19,0],"18":[18,1],"19":[18,0],"20":[18,0],"21":[8,0],"22":[8,1],"23":[6,2],"24":[6,2],"25":[1,0],"26":[23,1],"27":[6,14],"28":[6,14],"29":[6,14],"30":[0,2],"31":[2,0],"32":[1,1],"33":[1,0],"34":[1,0,0],"35":[1,5],"36":[10,1],"37":[0,2],"38":[0,2],"39":[1,1],"40":[2,1],"41":[2,0,0],"42":[2,0,0],"43":[0,0],"44":[0,4],"45":[0,3],"46":[1,0],"47":[0,6],"48":[0,6],"49":[6,3],"50":[3,3],"51":[1,2],"52":[3,3,3],"53":[0,13],"54":[1,12],"55":[12,12,12],"56":[1,11],"57":[9,6],"58":[3,3],"59":[6,6,6,6],"60":[1,3],"61":[9,5],"62":[2,3],"63":[5,5,5,5],"64":[0,4],"65":[0,0],"66":[0,0,0,0],"67":[0,0],"68":[0,0,0],"69":[0,0],"70":[0,0],"71":[8,5],"72":[8,5],"73":[0,0],"74":[0,0],"75":[0,2],"76":[0,2],"77":[2,2,2,2],"78":[5,0]},"_coverageSchema":"1a1c01bbd47fc00a2c39e90264f33305004495a9","hash":"514e747a3024e74864b4bab186980e5080adfde3"}
,"/Users/nicolascordero/Desktop/MATERIA UNIVERSIDAD/NEW/Universidad 2025 - Nicolás/Semestre VI/Proyecto Integrador/FrontEnd/frontend-proyecto-integrador/frontend/js/historico-estadisticas.js": {"path":"/Users/nicolascordero/Desktop/MATERIA UNIVERSIDAD/NEW/Universidad 2025 - Nicolás/Semestre VI/Proyecto Integrador/FrontEnd/frontend-proyecto-integrador/frontend/js/historico-estadisticas.js","statementMap":{"0":{"start":{"line":3,"column":0},"end":{"line":329,"column":5}},"1":{"start":{"line":6,"column":2},"end":{"line":8,"column":3}},"2":{"start":{"line":7,"column":4},"end":{"line":7,"column":40}},"3":{"start":{"line":12,"column":6},"end":{"line":12,"column":70}},"4":{"start":{"line":13,"column":6},"end":{"line":13,"column":30}},"5":{"start":{"line":14,"column":6},"end":{"line":14,"column":34}},"6":{"start":{"line":15,"column":6},"end":{"line":15,"column":32}},"7":{"start":{"line":16,"column":6},"end":{"line":16,"column":27}},"8":{"start":{"line":20,"column":6},"end":{"line":20,"column":63}},"9":{"start":{"line":22,"column":6},"end":{"line":25,"column":7}},"10":{"start":{"line":23,"column":8},"end":{"line":23,"column":89}},"11":{"start":{"line":24,"column":8},"end":{"line":24,"column":15}},"12":{"start":{"line":27,"column":6},"end":{"line":27,"column":20}},"13":{"start":{"line":28,"column":22},"end":{"line":33,"column":7}},"14":{"start":{"line":34,"column":6},"end":{"line":34,"column":40}},"15":{"start":{"line":38,"column":6},"end":{"line":38,"column":57}},"16":{"start":{"line":38,"column":42},"end":{"line":38,"column":57}},"17":{"start":{"line":39,"column":6},"end":{"line":39,"column":78}},"18":{"start":{"line":39,"column":39},"end":{"line":39,"column":78}},"19":{"start":{"line":40,"column":6},"end":{"line":40,"column":18}},"20":{"start":{"line":44,"column":6},"end":{"line":44,"column":35}},"21":{"start":{"line":44,"column":28},"end":{"line":44,"column":35}},"22":{"start":{"line":46,"column":6},"end":{"line":88,"column":8}},"23":{"start":{"line":90,"column":6},"end":{"line":96,"column":8}},"24":{"start":{"line":100,"column":6},"end":{"line":100,"column":34}},"25":{"start":{"line":100,"column":27},"end":{"line":100,"column":34}},"26":{"start":{"line":102,"column":22},"end":{"line":107,"column":7}},"27":{"start":{"line":109,"column":6},"end":{"line":109,"column":30}},"28":{"start":{"line":110,"column":6},"end":{"line":110,"column":93}},"29":{"start":{"line":110,"column":36},"end":{"line":110,"column":93}},"30":{"start":{"line":111,"column":6},"end":{"line":111,"column":96}},"31":{"start":{"line":111,"column":37},"end":{"line":111,"column":96}},"32":{"start":{"line":112,"column":6},"end":{"line":112,"column":96}},"33":{"start":{"line":112,"column":37},"end":{"line":112,"column":96}},"34":{"start":{"line":113,"column":6},"end":{"line":113,"column":95}},"35":{"start":{"line":113,"column":35},"end":{"line":113,"column":95}},"36":{"start":{"line":117,"column":6},"end":{"line":117,"column":34}},"37":{"start":{"line":117,"column":27},"end":{"line":117,"column":34}},"38":{"start":{"line":119,"column":22},"end":{"line":124,"column":7}},"39":{"start":{"line":126,"column":6},"end":{"line":126,"column":30}},"40":{"start":{"line":127,"column":6},"end":{"line":127,"column":69}},"41":{"start":{"line":128,"column":6},"end":{"line":128,"column":71}},"42":{"start":{"line":129,"column":6},"end":{"line":129,"column":71}},"43":{"start":{"line":130,"column":6},"end":{"line":130,"column":72}},"44":{"start":{"line":134,"column":6},"end":{"line":137,"column":7}},"45":{"start":{"line":135,"column":8},"end":{"line":135,"column":90}},"46":{"start":{"line":136,"column":8},"end":{"line":136,"column":15}},"47":{"start":{"line":139,"column":6},"end":{"line":139,"column":35}},"48":{"start":{"line":140,"column":18},"end":{"line":140,"column":75}},"49":{"start":{"line":141,"column":21},"end":{"line":141,"column":86}},"50":{"start":{"line":143,"column":6},"end":{"line":146,"column":7}},"51":{"start":{"line":144,"column":8},"end":{"line":144,"column":90}},"52":{"start":{"line":145,"column":8},"end":{"line":145,"column":15}},"53":{"start":{"line":149,"column":6},"end":{"line":151,"column":7}},"54":{"start":{"line":150,"column":8},"end":{"line":150,"column":50}},"55":{"start":{"line":154,"column":6},"end":{"line":156,"column":7}},"56":{"start":{"line":155,"column":8},"end":{"line":155,"column":42}},"57":{"start":{"line":159,"column":6},"end":{"line":159,"column":39}},"58":{"start":{"line":161,"column":6},"end":{"line":161,"column":29}},"59":{"start":{"line":163,"column":24},"end":{"line":163,"column":26}},"60":{"start":{"line":165,"column":6},"end":{"line":177,"column":7}},"61":{"start":{"line":166,"column":23},"end":{"line":166,"column":115}},"62":{"start":{"line":167,"column":8},"end":{"line":167,"column":30}},"63":{"start":{"line":167,"column":21},"end":{"line":167,"column":30}},"64":{"start":{"line":169,"column":8},"end":{"line":176,"column":9}},"65":{"start":{"line":170,"column":25},"end":{"line":170,"column":70}},"66":{"start":{"line":171,"column":10},"end":{"line":173,"column":11}},"67":{"start":{"line":172,"column":12},"end":{"line":172,"column":38}},"68":{"start":{"line":175,"column":10},"end":{"line":175,"column":94}},"69":{"start":{"line":179,"column":20},"end":{"line":179,"column":56}},"70":{"start":{"line":180,"column":6},"end":{"line":180,"column":29}},"71":{"start":{"line":184,"column":32},"end":{"line":184,"column":93}},"72":{"start":{"line":185,"column":6},"end":{"line":185,"column":37}},"73":{"start":{"line":185,"column":30},"end":{"line":185,"column":37}},"74":{"start":{"line":187,"column":6},"end":{"line":190,"column":7}},"75":{"start":{"line":188,"column":8},"end":{"line":188,"column":83}},"76":{"start":{"line":189,"column":8},"end":{"line":189,"column":15}},"77":{"start":{"line":192,"column":6},"end":{"line":197,"column":9}},"78":{"start":{"line":196,"column":36},"end":{"line":196,"column":71}},"79":{"start":{"line":201,"column":6},"end":{"line":201,"column":38}},"80":{"start":{"line":201,"column":31},"end":{"line":201,"column":38}},"81":{"start":{"line":204,"column":6},"end":{"line":204,"column":59}},"82":{"start":{"line":208,"column":6},"end":{"line":210,"column":7}},"83":{"start":{"line":209,"column":8},"end":{"line":209,"column":80}},"84":{"start":{"line":212,"column":22},"end":{"line":212,"column":23}},"85":{"start":{"line":213,"column":23},"end":{"line":213,"column":24}},"86":{"start":{"line":214,"column":23},"end":{"line":214,"column":24}},"87":{"start":{"line":215,"column":23},"end":{"line":215,"column":32}},"88":{"start":{"line":217,"column":6},"end":{"line":232,"column":9}},"89":{"start":{"line":219,"column":32},"end":{"line":219,"column":74}},"90":{"start":{"line":220,"column":8},"end":{"line":225,"column":9}},"91":{"start":{"line":221,"column":25},"end":{"line":221,"column":58}},"92":{"start":{"line":222,"column":10},"end":{"line":224,"column":28}},"93":{"start":{"line":222,"column":37},"end":{"line":222,"column":49}},"94":{"start":{"line":223,"column":15},"end":{"line":224,"column":28}},"95":{"start":{"line":223,"column":43},"end":{"line":223,"column":56}},"96":{"start":{"line":224,"column":15},"end":{"line":224,"column":28}},"97":{"start":{"line":228,"column":24},"end":{"line":228,"column":72}},"98":{"start":{"line":229,"column":8},"end":{"line":231,"column":9}},"99":{"start":{"line":230,"column":10},"end":{"line":230,"column":32}},"100":{"start":{"line":234,"column":28},"end":{"line":234,"column":55}},"101":{"start":{"line":236,"column":6},"end":{"line":241,"column":8}},"102":{"start":{"line":245,"column":19},"end":{"line":245,"column":44}},"103":{"start":{"line":246,"column":6},"end":{"line":248,"column":7}},"104":{"start":{"line":247,"column":8},"end":{"line":247,"column":66}},"105":{"start":{"line":249,"column":19},"end":{"line":249,"column":36}},"106":{"start":{"line":250,"column":6},"end":{"line":254,"column":7}},"107":{"start":{"line":251,"column":8},"end":{"line":251,"column":32}},"108":{"start":{"line":253,"column":8},"end":{"line":253,"column":73}},"109":{"start":{"line":258,"column":18},"end":{"line":258,"column":142}},"110":{"start":{"line":259,"column":20},"end":{"line":259,"column":49}},"111":{"start":{"line":260,"column":6},"end":{"line":260,"column":45}},"112":{"start":{"line":260,"column":32},"end":{"line":260,"column":45}},"113":{"start":{"line":261,"column":6},"end":{"line":264,"column":7}},"114":{"start":{"line":262,"column":8},"end":{"line":262,"column":89}},"115":{"start":{"line":263,"column":8},"end":{"line":263,"column":18}},"116":{"start":{"line":265,"column":6},"end":{"line":265,"column":16}},"117":{"start":{"line":269,"column":6},"end":{"line":269,"column":34}},"118":{"start":{"line":269,"column":27},"end":{"line":269,"column":34}},"119":{"start":{"line":270,"column":6},"end":{"line":270,"column":92}},"120":{"start":{"line":270,"column":47},"end":{"line":270,"column":90}},"121":{"start":{"line":274,"column":6},"end":{"line":274,"column":28}},"122":{"start":{"line":274,"column":21},"end":{"line":274,"column":28}},"123":{"start":{"line":275,"column":6},"end":{"line":275,"column":34}},"124":{"start":{"line":277,"column":23},"end":{"line":277,"column":27}},"125":{"start":{"line":278,"column":20},"end":{"line":278,"column":22}},"126":{"start":{"line":279,"column":25},"end":{"line":279,"column":43}},"127":{"start":{"line":280,"column":24},"end":{"line":280,"column":40}},"128":{"start":{"line":281,"column":24},"end":{"line":281,"column":25}},"129":{"start":{"line":282,"column":21},"end":{"line":282,"column":22}},"130":{"start":{"line":284,"column":20},"end":{"line":294,"column":19}},"131":{"start":{"line":285,"column":8},"end":{"line":285,"column":19}},"132":{"start":{"line":286,"column":8},"end":{"line":286,"column":34}},"133":{"start":{"line":287,"column":8},"end":{"line":293,"column":9}},"134":{"start":{"line":288,"column":10},"end":{"line":288,"column":31}},"135":{"start":{"line":289,"column":10},"end":{"line":289,"column":39}},"136":{"start":{"line":290,"column":10},"end":{"line":290,"column":44}},"137":{"start":{"line":292,"column":10},"end":{"line":292,"column":57}},"138":{"start":{"line":296,"column":6},"end":{"line":296,"column":39}},"139":{"start":{"line":300,"column":20},"end":{"line":300,"column":45}},"140":{"start":{"line":301,"column":6},"end":{"line":304,"column":7}},"141":{"start":{"line":302,"column":8},"end":{"line":302,"column":29}},"142":{"start":{"line":303,"column":8},"end":{"line":303,"column":37}},"143":{"start":{"line":310,"column":4},"end":{"line":312,"column":5}},"144":{"start":{"line":311,"column":6},"end":{"line":311,"column":13}},"145":{"start":{"line":314,"column":4},"end":{"line":319,"column":5}},"146":{"start":{"line":315,"column":6},"end":{"line":315,"column":65}},"147":{"start":{"line":318,"column":6},"end":{"line":318,"column":51}},"148":{"start":{"line":322,"column":2},"end":{"line":326,"column":3}},"149":{"start":{"line":323,"column":4},"end":{"line":323,"column":62}},"150":{"start":{"line":325,"column":4},"end":{"line":325,"column":17}},"151":{"start":{"line":328,"column":2},"end":{"line":328,"column":55}}},"fnMap":{"0":{"name":"(anonymous_0)","decl":{"start":{"line":3,"column":1},"end":{"line":3,"column":2}},"loc":{"start":{"line":3,"column":12},"end":{"line":329,"column":1}},"line":3},"1":{"name":"(anonymous_1)","decl":{"start":{"line":11,"column":4},"end":{"line":11,"column":5}},"loc":{"start":{"line":11,"column":31},"end":{"line":17,"column":5}},"line":11},"2":{"name":"(anonymous_2)","decl":{"start":{"line":19,"column":4},"end":{"line":19,"column":5}},"loc":{"start":{"line":19,"column":20},"end":{"line":35,"column":5}},"line":19},"3":{"name":"(anonymous_3)","decl":{"start":{"line":37,"column":4},"end":{"line":37,"column":5}},"loc":{"start":{"line":37,"column":32},"end":{"line":41,"column":5}},"line":37},"4":{"name":"(anonymous_4)","decl":{"start":{"line":43,"column":4},"end":{"line":43,"column":5}},"loc":{"start":{"line":43,"column":13},"end":{"line":97,"column":5}},"line":43},"5":{"name":"(anonymous_5)","decl":{"start":{"line":99,"column":4},"end":{"line":99,"column":5}},"loc":{"start":{"line":99,"column":43},"end":{"line":114,"column":5}},"line":99},"6":{"name":"(anonymous_6)","decl":{"start":{"line":116,"column":4},"end":{"line":116,"column":5}},"loc":{"start":{"line":116,"column":34},"end":{"line":131,"column":5}},"line":116},"7":{"name":"(anonymous_7)","decl":{"start":{"line":133,"column":4},"end":{"line":133,"column":5}},"loc":{"start":{"line":133,"column":66},"end":{"line":181,"column":5}},"line":133},"8":{"name":"(anonymous_8)","decl":{"start":{"line":183,"column":4},"end":{"line":183,"column":5}},"loc":{"start":{"line":183,"column":41},"end":{"line":198,"column":5}},"line":183},"9":{"name":"(anonymous_9)","decl":{"start":{"line":196,"column":23},"end":{"line":196,"column":24}},"loc":{"start":{"line":196,"column":36},"end":{"line":196,"column":71}},"line":196},"10":{"name":"(anonymous_10)","decl":{"start":{"line":200,"column":4},"end":{"line":200,"column":5}},"loc":{"start":{"line":200,"column":35},"end":{"line":205,"column":5}},"line":200},"11":{"name":"(anonymous_11)","decl":{"start":{"line":207,"column":4},"end":{"line":207,"column":5}},"loc":{"start":{"line":207,"column":32},"end":{"line":242,"column":5}},"line":207},"12":{"name":"(anonymous_12)","decl":{"start":{"line":217,"column":20},"end":{"line":217,"column":21}},"loc":{"start":{"line":217,"column":28},"end":{"line":232,"column":7}},"line":217},"13":{"name":"(anonymous_13)","decl":{"start":{"line":244,"column":4},"end":{"line":244,"column":5}},"loc":{"start":{"line":244,"column":43},"end":{"line":255,"column":5}},"line":244},"14":{"name":"(anonymous_14)","decl":{"start":{"line":257,"column":4},"end":{"line":257,"column":5}},"loc":{"start":{"line":257,"column":49},"end":{"line":266,"column":5}},"line":257},"15":{"name":"(anonymous_15)","decl":{"start":{"line":268,"column":4},"end":{"line":268,"column":5}},"loc":{"start":{"line":268,"column":31},"end":{"line":271,"column":5}},"line":268},"16":{"name":"(anonymous_16)","decl":{"start":{"line":270,"column":37},"end":{"line":270,"column":38}},"loc":{"start":{"line":270,"column":47},"end":{"line":270,"column":90}},"line":270},"17":{"name":"(anonymous_17)","decl":{"start":{"line":273,"column":4},"end":{"line":273,"column":5}},"loc":{"start":{"line":273,"column":39},"end":{"line":297,"column":5}},"line":273},"18":{"name":"(anonymous_18)","decl":{"start":{"line":284,"column":32},"end":{"line":284,"column":33}},"loc":{"start":{"line":284,"column":38},"end":{"line":294,"column":7}},"line":284},"19":{"name":"(anonymous_19)","decl":{"start":{"line":299,"column":4},"end":{"line":299,"column":5}},"loc":{"start":{"line":299,"column":27},"end":{"line":305,"column":5}},"line":299},"20":{"name":"initWidget","decl":{"start":{"line":308,"column":11},"end":{"line":308,"column":21}},"loc":{"start":{"line":308,"column":24},"end":{"line":320,"column":3}},"line":308}},"branchMap":{"0":{"loc":{"start":{"line":6,"column":2},"end":{"line":8,"column":3}},"type":"if","locations":[{"start":{"line":6,"column":2},"end":{"line":8,"column":3}},{"start":{},"end":{}}],"line":6},"1":{"loc":{"start":{"line":11,"column":16},"end":{"line":11,"column":29}},"type":"default-arg","locations":[{"start":{"line":11,"column":27},"end":{"line":11,"column":29}}],"line":11},"2":{"loc":{"start":{"line":12,"column":22},"end":{"line":12,"column":69}},"type":"binary-expr","locations":[{"start":{"line":12,"column":22},"end":{"line":12,"column":41}},{"start":{"line":12,"column":45},"end":{"line":12,"column":69}}],"line":12},"3":{"loc":{"start":{"line":22,"column":6},"end":{"line":25,"column":7}},"type":"if","locations":[{"start":{"line":22,"column":6},"end":{"line":25,"column":7}},{"start":{},"end":{}}],"line":22},"4":{"loc":{"start":{"line":38,"column":6},"end":{"line":38,"column":57}},"type":"if","locations":[{"start":{"line":38,"column":6},"end":{"line":38,"column":57}},{"start":{},"end":{}}],"line":38},"5":{"loc":{"start":{"line":39,"column":6},"end":{"line":39,"column":78}},"type":"if","locations":[{"start":{"line":39,"column":6},"end":{"line":39,"column":78}},{"start":{},"end":{}}],"line":39},"6":{"loc":{"start":{"line":44,"column":6},"end":{"line":44,"column":35}},"type":"if","locations":[{"start":{"line":44,"column":6},"end":{"line":44,"column":35}},{"start":{},"end":{}}],"line":44},"7":{"loc":{"start":{"line":99,"column":24},"end":{"line":99,"column":41}},"type":"default-arg","locations":[{"start":{"line":99,"column":39},"end":{"line":99,"column":41}}],"line":99},"8":{"loc":{"start":{"line":100,"column":6},"end":{"line":100,"column":34}},"type":"if","locations":[{"start":{"line":100,"column":6},"end":{"line":100,"column":34}},{"start":{},"end":{}}],"line":100},"9":{"loc":{"start":{"line":103,"column":19},"end":{"line":103,"column":54}},"type":"binary-expr","locations":[{"start":{"line":103,"column":19},"end":{"line":103,"column":49}},{"start":{"line":103,"column":53},"end":{"line":103,"column":54}}],"line":103},"10":{"loc":{"start":{"line":104,"column":20},"end":{"line":104,"column":56}},"type":"binary-expr","locations":[{"start":{"line":104,"column":20},"end":{"line":104,"column":51}},{"start":{"line":104,"column":55},"end":{"line":104,"column":56}}],"line":104},"11":{"loc":{"start":{"line":105,"column":20},"end":{"line":105,"column":56}},"type":"binary-expr","locations":[{"start":{"line":105,"column":20},"end":{"line":105,"column":51}},{"start":{"line":105,"column":55},"end":{"line":105,"column":56}}],"line":105},"12":{"loc":{"start":{"line":106,"column":23},"end":{"line":106,"column":62}},"type":"binary-expr","locations":[{"start":{"line":106,"column":23},"end":{"line":106,"column":57}},{"start":{"line":106,"column":61},"end":{"line":106,"column":62}}],"line":106},"13":{"loc":{"start":{"line":110,"column":6},"end":{"line":110,"column":93}},"type":"if","locations":[{"start":{"line":110,"column":6},"end":{"line":110,"column":93}},{"start":{},"end":{}}],"line":110},"14":{"loc":{"start":{"line":111,"column":6},"end":{"line":111,"column":96}},"type":"if","locations":[{"start":{"line":111,"column":6},"end":{"line":111,"column":96}},{"start":{},"end":{}}],"line":111},"15":{"loc":{"start":{"line":112,"column":6},"end":{"line":112,"column":96}},"type":"if","locations":[{"start":{"line":112,"column":6},"end":{"line":112,"column":96}},{"start":{},"end":{}}],"line":112},"16":{"loc":{"start":{"line":113,"column":6},"end":{"line":113,"column":95}},"type":"if","locations":[{"start":{"line":113,"column":6},"end":{"line":113,"column":95}},{"start":{},"end":{}}],"line":113},"17":{"loc":{"start":{"line":116,"column":15},"end":{"line":116,"column":32}},"type":"default-arg","locations":[{"start":{"line":116,"column":30},"end":{"line":116,"column":32}}],"line":116},"18":{"loc":{"start":{"line":117,"column":6},"end":{"line":117,"column":34}},"type":"if","locations":[{"start":{"line":117,"column":6},"end":{"line":117,"column":34}},{"start":{},"end":{}}],"line":117},"19":{"loc":{"start":{"line":120,"column":19},"end":{"line":120,"column":54}},"type":"binary-expr","locations":[{"start":{"line":120,"column":19},"end":{"line":120,"column":49}},{"start":{"line":120,"column":53},"end":{"line":120,"column":54}}],"line":120},"20":{"loc":{"start":{"line":121,"column":20},"end":{"line":121,"column":56}},"type":"binary-expr","locations":[{"start":{"line":121,"column":20},"end":{"line":121,"column":51}},{"start":{"line":121,"column":55},"end":{"line":121,"column":56}}],"line":121},"21":{"loc":{"start":{"line":122,"column":20},"end":{"line":122,"column":56}},"type":"binary-expr","locations":[{"start":{"line":122,"column":20},"end":{"line":122,"column":51}},{"start":{"line":122,"column":55},"end":{"line":122,"column":56}}],"line":122},"22":{"loc":{"start":{"line":123,"column":23},"end":{"line":123,"column":62}},"type":"binary-expr","locations":[{"start":{"line":123,"column":23},"end":{"line":123,"column":57}},{"start":{"line":123,"column":61},"end":{"line":123,"column":62}}],"line":123},"23":{"loc":{"start":{"line":133,"column":38},"end":{"line":133,"column":64}},"type":"default-arg","locations":[{"start":{"line":133,"column":60},"end":{"line":133,"column":64}}],"line":133},"24":{"loc":{"start":{"line":134,"column":6},"end":{"line":137,"column":7}},"type":"if","locations":[{"start":{"line":134,"column":6},"end":{"line":137,"column":7}},{"start":{},"end":{}}],"line":134},"25":{"loc":{"start":{"line":140,"column":18},"end":{"line":140,"column":75}},"type":"binary-expr","locations":[{"start":{"line":140,"column":18},"end":{"line":140,"column":29}},{"start":{"line":140,"column":34},"end":{"line":140,"column":46}},{"start":{"line":140,"column":50},"end":{"line":140,"column":66}},{"start":{"line":140,"column":71},"end":{"line":140,"column":75}}],"line":140},"26":{"loc":{"start":{"line":141,"column":21},"end":{"line":141,"column":86}},"type":"binary-expr","locations":[{"start":{"line":141,"column":21},"end":{"line":141,"column":37}},{"start":{"line":141,"column":42},"end":{"line":141,"column":54}},{"start":{"line":141,"column":58},"end":{"line":141,"column":79}},{"start":{"line":141,"column":84},"end":{"line":141,"column":86}}],"line":141},"27":{"loc":{"start":{"line":143,"column":6},"end":{"line":146,"column":7}},"type":"if","locations":[{"start":{"line":143,"column":6},"end":{"line":146,"column":7}},{"start":{},"end":{}}],"line":143},"28":{"loc":{"start":{"line":143,"column":10},"end":{"line":143,"column":67}},"type":"binary-expr","locations":[{"start":{"line":143,"column":10},"end":{"line":143,"column":14}},{"start":{"line":143,"column":18},"end":{"line":143,"column":42}},{"start":{"line":143,"column":46},"end":{"line":143,"column":67}}],"line":143},"29":{"loc":{"start":{"line":149,"column":6},"end":{"line":151,"column":7}},"type":"if","locations":[{"start":{"line":149,"column":6},"end":{"line":151,"column":7}},{"start":{},"end":{}}],"line":149},"30":{"loc":{"start":{"line":149,"column":10},"end":{"line":149,"column":54}},"type":"binary-expr","locations":[{"start":{"line":149,"column":10},"end":{"line":149,"column":29}},{"start":{"line":149,"column":33},"end":{"line":149,"column":54}}],"line":149},"31":{"loc":{"start":{"line":154,"column":6},"end":{"line":156,"column":7}},"type":"if","locations":[{"start":{"line":154,"column":6},"end":{"line":156,"column":7}},{"start":{},"end":{}}],"line":154},"32":{"loc":{"start":{"line":166,"column":23},"end":{"line":166,"column":115}},"type":"binary-expr","locations":[{"start":{"line":166,"column":23},"end":{"line":166,"column":37}},{"start":{"line":166,"column":41},"end":{"line":166,"column":53}},{"start":{"line":166,"column":57},"end":{"line":166,"column":68}},{"start":{"line":166,"column":72},"end":{"line":166,"column":88}},{"start":{"line":166,"column":92},"end":{"line":166,"column":107}},{"start":{"line":166,"column":111},"end":{"line":166,"column":115}}],"line":166},"33":{"loc":{"start":{"line":167,"column":8},"end":{"line":167,"column":30}},"type":"if","locations":[{"start":{"line":167,"column":8},"end":{"line":167,"column":30}},{"start":{},"end":{}}],"line":167},"34":{"loc":{"start":{"line":171,"column":10},"end":{"line":173,"column":11}},"type":"if","locations":[{"start":{"line":171,"column":10},"end":{"line":173,"column":11}},{"start":{},"end":{}}],"line":171},"35":{"loc":{"start":{"line":171,"column":14},"end":{"line":171,"column":52}},"type":"binary-expr","locations":[{"start":{"line":171,"column":14},"end":{"line":171,"column":35}},{"start":{"line":171,"column":39},"end":{"line":171,"column":52}}],"line":171},"36":{"loc":{"start":{"line":185,"column":6},"end":{"line":185,"column":37}},"type":"if","locations":[{"start":{"line":185,"column":6},"end":{"line":185,"column":37}},{"start":{},"end":{}}],"line":185},"37":{"loc":{"start":{"line":187,"column":6},"end":{"line":190,"column":7}},"type":"if","locations":[{"start":{"line":187,"column":6},"end":{"line":190,"column":7}},{"start":{},"end":{}}],"line":187},"38":{"loc":{"start":{"line":201,"column":6},"end":{"line":201,"column":38}},"type":"if","locations":[{"start":{"line":201,"column":6},"end":{"line":201,"column":38}},{"start":{},"end":{}}],"line":201},"39":{"loc":{"start":{"line":208,"column":6},"end":{"line":210,"column":7}},"type":"if","locations":[{"start":{"line":208,"column":6},"end":{"line":210,"column":7}},{"start":{},"end":{}}],"line":208},"40":{"loc":{"start":{"line":208,"column":10},"end":{"line":208,"column":53}},"type":"binary-expr","locations":[{"start":{"line":208,"column":10},"end":{"line":208,"column":31}},{"start":{"line":208,"column":35},"end":{"line":208,"column":53}}],"line":208},"41":{"loc":{"start":{"line":219,"column":33},"end":{"line":219,"column":59}},"type":"binary-expr","locations":[{"start":{"line":219,"column":33},"end":{"line":219,"column":53}},{"start":{"line":219,"column":57},"end":{"line":219,"column":59}}],"line":219},"42":{"loc":{"start":{"line":220,"column":8},"end":{"line":225,"column":9}},"type":"if","locations":[{"start":{"line":220,"column":8},"end":{"line":225,"column":9}},{"start":{},"end":{}}],"line":220},"43":{"loc":{"start":{"line":220,"column":12},"end":{"line":220,"column":66}},"type":"binary-expr","locations":[{"start":{"line":220,"column":12},"end":{"line":220,"column":41}},{"start":{"line":220,"column":45},"end":{"line":220,"column":66}}],"line":220},"44":{"loc":{"start":{"line":221,"column":26},"end":{"line":221,"column":43}},"type":"binary-expr","locations":[{"start":{"line":221,"column":26},"end":{"line":221,"column":37}},{"start":{"line":221,"column":41},"end":{"line":221,"column":43}}],"line":221},"45":{"loc":{"start":{"line":222,"column":10},"end":{"line":224,"column":28}},"type":"if","locations":[{"start":{"line":222,"column":10},"end":{"line":224,"column":28}},{"start":{"line":223,"column":15},"end":{"line":224,"column":28}}],"line":222},"46":{"loc":{"start":{"line":223,"column":15},"end":{"line":224,"column":28}},"type":"if","locations":[{"start":{"line":223,"column":15},"end":{"line":224,"column":28}},{"start":{"line":224,"column":15},"end":{"line":224,"column":28}}],"line":223},"47":{"loc":{"start":{"line":228,"column":31},"end":{"line":228,"column":64}},"type":"binary-expr","locations":[{"start":{"line":228,"column":31},"end":{"line":228,"column":42}},{"start":{"line":228,"column":46},"end":{"line":228,"column":58}},{"start":{"line":228,"column":62},"end":{"line":228,"column":64}}],"line":228},"48":{"loc":{"start":{"line":229,"column":8},"end":{"line":231,"column":9}},"type":"if","locations":[{"start":{"line":229,"column":8},"end":{"line":231,"column":9}},{"start":{},"end":{}}],"line":229},"49":{"loc":{"start":{"line":244,"column":29},"end":{"line":244,"column":41}},"type":"default-arg","locations":[{"start":{"line":244,"column":39},"end":{"line":244,"column":41}}],"line":244},"50":{"loc":{"start":{"line":246,"column":6},"end":{"line":248,"column":7}},"type":"if","locations":[{"start":{"line":246,"column":6},"end":{"line":248,"column":7}},{"start":{},"end":{}}],"line":246},"51":{"loc":{"start":{"line":260,"column":6},"end":{"line":260,"column":45}},"type":"if","locations":[{"start":{"line":260,"column":6},"end":{"line":260,"column":45}},{"start":{},"end":{}}],"line":260},"52":{"loc":{"start":{"line":261,"column":6},"end":{"line":264,"column":7}},"type":"if","locations":[{"start":{"line":261,"column":6},"end":{"line":264,"column":7}},{"start":{},"end":{}}],"line":261},"53":{"loc":{"start":{"line":261,"column":10},"end":{"line":261,"column":30}},"type":"binary-expr","locations":[{"start":{"line":261,"column":10},"end":{"line":261,"column":15}},{"start":{"line":261,"column":19},"end":{"line":261,"column":30}}],"line":261},"54":{"loc":{"start":{"line":268,"column":16},"end":{"line":268,"column":29}},"type":"default-arg","locations":[{"start":{"line":268,"column":25},"end":{"line":268,"column":29}}],"line":268},"55":{"loc":{"start":{"line":269,"column":6},"end":{"line":269,"column":34}},"type":"if","locations":[{"start":{"line":269,"column":6},"end":{"line":269,"column":34}},{"start":{},"end":{}}],"line":269},"56":{"loc":{"start":{"line":274,"column":6},"end":{"line":274,"column":28}},"type":"if","locations":[{"start":{"line":274,"column":6},"end":{"line":274,"column":28}},{"start":{},"end":{}}],"line":274},"57":{"loc":{"start":{"line":287,"column":8},"end":{"line":293,"column":9}},"type":"if","locations":[{"start":{"line":287,"column":8},"end":{"line":293,"column":9}},{"start":{"line":291,"column":15},"end":{"line":293,"column":9}}],"line":287},"58":{"loc":{"start":{"line":301,"column":6},"end":{"line":304,"column":7}},"type":"if","locations":[{"start":{"line":301,"column":6},"end":{"line":304,"column":7}},{"start":{},"end":{}}],"line":301},"59":{"loc":{"start":{"line":310,"column":4},"end":{"line":312,"column":5}},"type":"if","locations":[{"start":{"line":310,"column":4},"end":{"line":312,"column":5}},{"start":{},"end":{}}],"line":310},"60":{"loc":{"start":{"line":314,"column":4},"end":{"line":319,"column":5}},"type":"if","locations":[{"start":{"line":314,"column":4},"end":{"line":319,"column":5}},{"start":{"line":316,"column":11},"end":{"line":319,"column":5}}],"line":314},"61":{"loc":{"start":{"line":322,"column":2},"end":{"line":326,"column":3}},"type":"if","locations":[{"start":{"line":322,"column":2},"end":{"line":326,"column":3}},{"start":{"line":324,"column":9},"end":{"line":326,"column":3}}],"line":322}},"s":{"0":1,"1":1,"2":0,"3":33,"4":33,"5":33,"6":33,"7":33,"8":33,"9":33,"10":0,"11":0,"12":33,"13":33,"14":33,"15":36,"16":1,"17":35,"18":35,"19":0,"20":33,"21":0,"22":33,"23":33,"24":35,"25":0,"26":35,"27":35,"28":35,"29":35,"30":35,"31":35,"32":35,"33":35,"34":35,"35":35,"36":9,"37":0,"38":9,"39":9,"40":9,"41":9,"42":9,"43":9,"44":9,"45":1,"46":1,"47":8,"48":8,"49":8,"50":8,"51":0,"52":0,"53":8,"54":1,"55":8,"56":5,"57":8,"58":8,"59":8,"60":8,"61":8,"62":8,"63":0,"64":8,"65":8,"66":7,"67":1,"68":1,"69":8,"70":8,"71":3,"72":3,"73":0,"74":3,"75":1,"76":1,"77":2,"78":0,"79":2,"80":1,"81":1,"82":16,"83":9,"84":7,"85":7,"86":7,"87":7,"88":7,"89":15,"90":15,"91":13,"92":13,"93":8,"94":5,"95":4,"96":1,"97":15,"98":15,"99":14,"100":7,"101":7,"102":10,"103":9,"104":1,"105":8,"106":8,"107":8,"108":0,"109":10,"110":10,"111":8,"112":8,"113":0,"114":0,"115":0,"116":0,"117":54,"118":0,"119":54,"120":216,"121":37,"122":0,"123":37,"124":37,"125":37,"126":37,"127":37,"128":37,"129":37,"130":37,"131":0,"132":0,"133":0,"134":0,"135":0,"136":0,"137":0,"138":37,"139":37,"140":37,"141":0,"142":0,"143":1,"144":1,"145":0,"146":0,"147":0,"148":1,"149":0,"150":1,"151":1},"f":{"0":1,"1":33,"2":33,"3":36,"4":33,"5":35,"6":9,"7":9,"8":3,"9":0,"10":2,"11":16,"12":15,"13":10,"14":10,"15":54,"16":216,"17":37,"18":0,"19":37,"20":1},"b":{"0":[0,1],"1":[0],"2":[33,0],"3":[0,33],"4":[1,35],"5":[35,0],"6":[0,33],"7":[0],"8":[0,35],"9":[35,34],"10":[35,34],"11":[35,34],"12":[35,34],"13":[35,0],"14":[35,0],"15":[35,0],"16":[35,0],"17":[0],"18":[0,9],"19":[9,8],"20":[9,9],"21":[9,9],"22":[9,8],"23":[6],"24":[1,8],"25":[8,1,1,0],"26":[8,1,1,0],"27":[0,8],"28":[8,8,8],"29":[1,7],"30":[8,1],"31":[5,3],"32":[8,2,1,0,0,0],"33":[0,8],"34":[1,6],"35":[7,7],"36":[0,3],"37":[1,2],"38":[1,1],"39":[9,7],"40":[16,15],"41":[15,5],"42":[13,2],"43":[15,7],"44":[13,0],"45":[8,5],"46":[4,1],"47":[15,2,1],"48":[14,1],"49":[10],"50":[1,8],"51":[8,0],"52":[0,0],"53":[0,0],"54":[0],"55":[0,54],"56":[0,37],"57":[0,0],"58":[0,37],"59":[1,0],"60":[0,0],"61":[0,1]},"_coverageSchema":"1a1c01bbd47fc00a2c39e90264f33305004495a9","hash":"9465b2f900c08cf656ab2909590bc269cf5cfbfd"}
,"/Users/nicolascordero/Desktop/MATERIA UNIVERSIDAD/NEW/Universidad 2025 - Nicolás/Semestre VI/Proyecto Integrador/FrontEnd/frontend-proyecto-integrador/frontend/js/simulacion-prox-semestre.js": {"path":"/Users/nicolascordero/Desktop/MATERIA UNIVERSIDAD/NEW/Universidad 2025 - Nicolás/Semestre VI/Proyecto Integrador/FrontEnd/frontend-proyecto-integrador/frontend/js/simulacion-prox-semestre.js","statementMap":{"0":{"start":{"line":1,"column":0},"end":{"line":527,"column":5}},"1":{"start":{"line":2,"column":17},"end":{"line":2,"column":51}},"2":{"start":{"line":3,"column":30},"end":{"line":3,"column":77}},"3":{"start":{"line":4,"column":36},"end":{"line":4,"column":38}},"4":{"start":{"line":8,"column":6},"end":{"line":8,"column":66}},"5":{"start":{"line":9,"column":6},"end":{"line":9,"column":64}},"6":{"start":{"line":10,"column":6},"end":{"line":10,"column":70}},"7":{"start":{"line":11,"column":6},"end":{"line":11,"column":82}},"8":{"start":{"line":12,"column":6},"end":{"line":12,"column":66}},"9":{"start":{"line":13,"column":6},"end":{"line":13,"column":80}},"10":{"start":{"line":14,"column":6},"end":{"line":14,"column":90}},"11":{"start":{"line":15,"column":6},"end":{"line":15,"column":29}},"12":{"start":{"line":16,"column":6},"end":{"line":16,"column":34}},"13":{"start":{"line":17,"column":6},"end":{"line":17,"column":42}},"14":{"start":{"line":18,"column":6},"end":{"line":18,"column":38}},"15":{"start":{"line":19,"column":6},"end":{"line":19,"column":25}},"16":{"start":{"line":20,"column":6},"end":{"line":20,"column":31}},"17":{"start":{"line":21,"column":6},"end":{"line":21,"column":33}},"18":{"start":{"line":25,"column":6},"end":{"line":25,"column":28}},"19":{"start":{"line":25,"column":21},"end":{"line":25,"column":28}},"20":{"start":{"line":26,"column":6},"end":{"line":26,"column":63}},"21":{"start":{"line":26,"column":47},"end":{"line":26,"column":61}},"22":{"start":{"line":28,"column":6},"end":{"line":45,"column":7}},"23":{"start":{"line":29,"column":8},"end":{"line":44,"column":11}},"24":{"start":{"line":30,"column":32},"end":{"line":30,"column":46}},"25":{"start":{"line":31,"column":10},"end":{"line":43,"column":11}},"26":{"start":{"line":32,"column":28},"end":{"line":35,"column":13}},"27":{"start":{"line":33,"column":14},"end":{"line":34,"column":50}},"28":{"start":{"line":36,"column":12},"end":{"line":42,"column":13}},"29":{"start":{"line":37,"column":14},"end":{"line":37,"column":49}},"30":{"start":{"line":38,"column":14},"end":{"line":38,"column":46}},"31":{"start":{"line":39,"column":14},"end":{"line":39,"column":40}},"32":{"start":{"line":40,"column":14},"end":{"line":40,"column":45}},"33":{"start":{"line":41,"column":14},"end":{"line":41,"column":45}},"34":{"start":{"line":49,"column":22},"end":{"line":49,"column":39}},"35":{"start":{"line":50,"column":6},"end":{"line":50,"column":27}},"36":{"start":{"line":50,"column":20},"end":{"line":50,"column":27}},"37":{"start":{"line":52,"column":6},"end":{"line":52,"column":78}},"38":{"start":{"line":54,"column":6},"end":{"line":79,"column":7}},"39":{"start":{"line":55,"column":8},"end":{"line":55,"column":62}},"40":{"start":{"line":56,"column":8},"end":{"line":56,"column":95}},"41":{"start":{"line":58,"column":8},"end":{"line":65,"column":11}},"42":{"start":{"line":59,"column":25},"end":{"line":59,"column":57}},"43":{"start":{"line":60,"column":25},"end":{"line":60,"column":61}},"44":{"start":{"line":61,"column":10},"end":{"line":61,"column":32}},"45":{"start":{"line":62,"column":10},"end":{"line":62,"column":72}},"46":{"start":{"line":63,"column":10},"end":{"line":63,"column":78}},"47":{"start":{"line":64,"column":10},"end":{"line":64,"column":51}},"48":{"start":{"line":67,"column":31},"end":{"line":67,"column":47}},"49":{"start":{"line":68,"column":8},"end":{"line":73,"column":9}},"50":{"start":{"line":69,"column":32},"end":{"line":69,"column":82}},"51":{"start":{"line":70,"column":10},"end":{"line":70,"column":53}},"52":{"start":{"line":71,"column":10},"end":{"line":71,"column":52}},"53":{"start":{"line":72,"column":10},"end":{"line":72,"column":41}},"54":{"s
[...]
:21},"end":{"line":277,"column":60}},"type":"binary-expr","locations":[{"start":{"line":277,"column":21},"end":{"line":277,"column":32}},{"start":{"line":277,"column":36},"end":{"line":277,"column":54}},{"start":{"line":277,"column":58},"end":{"line":277,"column":60}}],"line":277},"88":{"loc":{"start":{"line":278,"column":6},"end":{"line":280,"column":7}},"type":"if","locations":[{"start":{"line":278,"column":6},"end":{"line":280,"column":7}},{"start":{},"end":{}}],"line":278},"89":{"loc":{"start":{"line":278,"column":10},"end":{"line":278,"column":71}},"type":"binary-expr","locations":[{"start":{"line":278,"column":10},"end":{"line":278,"column":17}},{"start":{"line":278,"column":21},"end":{"line":278,"column":47}},{"start":{"line":278,"column":51},"end":{"line":278,"column":71}}],"line":278},"90":{"loc":{"start":{"line":282,"column":71},"end":{"line":282,"column":88}},"type":"binary-expr","locations":[{"start":{"line":282,"column":71},"end":{"line":282,"column":72}},{"start":{"line":282,"column":76},"end":{"line":282,"column":88}}],"line":282},"91":{"loc":{"start":{"line":283,"column":6},"end":{"line":285,"column":7}},"type":"if","locations":[{"start":{"line":283,"column":6},"end":{"line":285,"column":7}},{"start":{},"end":{}}],"line":283},"92":{"loc":{"start":{"line":288,"column":8},"end":{"line":290,"column":9}},"type":"if","locations":[{"start":{"line":288,"column":8},"end":{"line":290,"column":9}},{"start":{},"end":{}}],"line":288},"93":{"loc":{"start":{"line":296,"column":6},"end":{"line":298,"column":7}},"type":"if","locations":[{"start":{"line":296,"column":6},"end":{"line":298,"column":7}},{"start":{},"end":{}}],"line":296},"94":{"loc":{"start":{"line":302,"column":6},"end":{"line":302,"column":39}},"type":"if","locations":[{"start":{"line":302,"column":6},"end":{"line":302,"column":39}},{"start":{},"end":{}}],"line":302},"95":{"loc":{"start":{"line":303,"column":6},"end":{"line":306,"column":7}},"type":"if","locations":[{"start":{"line":303,"column":6},"end":{"line":306,"column":7}},{"start":{},"end":{}}],"line":303},"96":{"loc":{"start":{"line":303,"column":10},"end":{"line":303,"column":87}},"type":"binary-expr","locations":[{"start":{"line":303,"column":10},"end":{"line":303,"column":48}},{"start":{"line":303,"column":52},"end":{"line":303,"column":87}}],"line":303},"97":{"loc":{"start":{"line":312,"column":23},"end":{"line":312,"column":82}},"type":"binary-expr","locations":[{"start":{"line":312,"column":23},"end":{"line":312,"column":34}},{"start":{"line":312,"column":38},"end":{"line":312,"column":53}},{"start":{"line":312,"column":57},"end":{"line":312,"column":66}},{"start":{"line":312,"column":70},"end":{"line":312,"column":82}}],"line":312},"98":{"loc":{"start":{"line":313,"column":23},"end":{"line":313,"column":56}},"type":"binary-expr","locations":[{"start":{"line":313,"column":23},"end":{"line":313,"column":34}},{"start":{"line":313,"column":38},"end":{"line":313,"column":47}},{"start":{"line":313,"column":51},"end":{"line":313,"column":56}}],"line":313},"99":{"loc":{"start":{"line":314,"column":22},"end":{"line":314,"column":55}},"type":"binary-expr","locations":[{"start":{"line":314,"column":22},"end":{"line":314,"column":32}},{"start":{"line":314,"column":36},"end":{"line":314,"column":46}},{"start":{"line":314,"column":50},"end":{"line":314,"column":55}}],"line":314},"100":{"loc":{"start":{"line":315,"column":25},"end":{"line":315,"column":77}},"type":"binary-expr","locations":[{"start":{"line":315,"column":25},"end":{"line":315,"column":38}},{"start":{"line":315,"column":42},"end":{"line":315,"column":54}},{"start":{"line":315,"column":58},"end":{"line":315,"column":68}},{"start":{"line":315,"column":72},"end":{"line":315,"column":77}}],"line":315},"101":{"loc":{"start":{"line":354,"column":6},"end":{"line":358,"column":7}},"type":"if","locations":[{"start":{"line":354,"column":6},"end":{"line":358,"column":7}},{"start":{"line":356,"column":13},"end":{"line":358,"column":7}}],"line":354},"102":{"loc":{"start":{"line":364,"column":6},"end":{"line":364,"column":37}},"type":"if","locations":[{"start":{"line":364,"column":6},"end":{"line":364,"column":37}},{"start":{},"end":{}}],"line":364},"103":{"loc":{"start":{"line":366,"column":20},"end":{"line":366,"column":78}},"type":"cond-expr","locations":[{"start":{"line":366,"column":46},"end":{"line":366,"column":74}},{"start":{"line":366,"column":77},"end":{"line":366,"column":78}}],"line":366},"104":{"loc":{"start":{"line":369,"column":6},"end":{"line":379,"column":7}},"type":"if","locations":[{"start":{"line":369,"column":6},"end":{"line":379,"column":7}},{"start":{"line":374,"column":13},"end":{"line":379,"column":7}}],"line":369},"105":{"loc":{"start":{"line":371,"column":8},"end":{"line":373,"column":9}},"type":"if","locations":[{"start":{"line":371,"column":8},"end":{"line":373,"column":9}},{"start":{},"end":{}}],"line":371},"106":{"loc":{"start":{"line":376,"column":8},"end":{"line":378,"column":9}},"type":"if","locations":[{"start":{"line":376,"column":8},"end":{"line":378,"column":9}},{"start":{},"end":{}}],"line":376},"107":{"loc":{"start":{"line":383,"column":6},"end":{"line":385,"column":7}},"type":"if","locations":[{"start":{"line":383,"column":6},"end":{"line":385,"column":7}},{"start":{},"end":{}}],"line":383},"108":{"loc":{"start":{"line":388,"column":36},"end":{"line":388,"column":72}},"type":"binary-expr","locations":[{"start":{"line":388,"column":36},"end":{"line":388,"column":59}},{"start":{"line":388,"column":63},"end":{"line":388,"column":72}}],"line":388},"109":{"loc":{"start":{"line":389,"column":34},"end":{"line":395,"column":12}},"type":"cond-expr","locations":[{"start":{"line":390,"column":10},"end":{"line":394,"column":12}},{"start":{"line":395,"column":10},"end":{"line":395,"column":12}}],"line":389},"110":{"loc":{"start":{"line":391,"column":12},"end":{"line":391,"column":36}},"type":"if","locations":[{"start":{"line":391,"column":12},"end":{"line":391,"column":36}},{"start":{},"end":{}}],"line":391},"111":{"loc":{"start":{"line":392,"column":27},"end":{"line":392,"column":51}},"type":"binary-expr","locations":[{"start":{"line":392,"column":27},"end":{"line":392,"column":38}},{"start":{"line":392,"column":42},"end":{"line":392,"column":51}}],"line":392},"112":{"loc":{"start":{"line":393,"column":19},"end":{"line":393,"column":62}},"type":"binary-expr","locations":[{"start":{"line":393,"column":19},"end":{"line":393,"column":25}},{"start":{"line":393,"column":29},"end":{"line":393,"column":62}}],"line":393},"113":{"loc":{"start":{"line":398,"column":6},"end":{"line":400,"column":7}},"type":"if","locations":[{"start":{"line":398,"column":6},"end":{"line":400,"column":7}},{"start":{},"end":{}}],"line":398},"114":{"loc":{"start":{"line":398,"column":10},"end":{"line":398,"column":37}},"type":"binary-expr","locations":[{"start":{"line":398,"column":10},"end":{"line":398,"column":18}},{"start":{"line":398,"column":22},"end":{"line":398,"column":37}}],"line":398},"115":{"loc":{"start":{"line":405,"column":24},"end":{"line":405,"column":52}},"type":"binary-expr","locations":[{"start":{"line":405,"column":24},"end":{"line":405,"column":44}},{"start":{"line":405,"column":48},"end":{"line":405,"column":52}}],"line":405},"116":{"loc":{"start":{"line":406,"column":15},"end":{"line":406,"column":32}},"type":"binary-expr","locations":[{"start":{"line":406,"column":15},"end":{"line":406,"column":26}},{"start":{"line":406,"column":30},"end":{"line":406,"column":32}}],"line":406},"117":{"loc":{"start":{"line":407,"column":17},"end":{"line":407,"column":36}},"type":"binary-expr","locations":[{"start":{"line":407,"column":17},"end":{"line":407,"column":30}},{"start":{"line":407,"column":34},"end":{"line":407,"column":36}}],"line":407},"118":{"loc":{"start":{"line":408,"column":18},"end":{"line":408,"column":36}},"type":"binary-expr","locations":[{"start":{"line":408,"column":18},"end":{"line":408,"column":30}},{"start":{"line":408,"column":34},"end":{"line":408,"column":36}}],"line":408},"119":{"loc":{"start":{"line":409,"column":21},"end":{"line":409,"column":44}},"type":"binary-expr","locations":[{"start":{"line":409,"column":21},"end":{"line":409,"column":38}},{"start":{"line":409,"column":42},"end":{"line":409,"column":44}}],"line":409},"120":{"loc":{"start":{"line":410,"column":20},"end":{"line":410,"column":42}},"type":"binary-expr","locations":[{"start":{"line":410,"column":20},"end":{"line":410,"column":36}},{"start":{"line":410,"column":40},"end":{"line":410,"column":42}}],"line":410},"121":{"loc":{"start":{"line":411,"column":26},"end":{"line":411,"column":56}},"type":"binary-expr","locations":[{"start":{"line":411,"column":26},"end":{"line":411,"column":48}},{"start":{"line":411,"column":52},"end":{"line":411,"column":56}}],"line":411},"122":{"loc":{"start":{"line":412,"column":20},"end":{"line":412,"column":75}},"type":"cond-expr","locations":[{"start":{"line":412,"column":54},"end":{"line":412,"column":70}},{"start":{"line":412,"column":73},"end":{"line":412,"column":75}}],"line":412},"123":{"loc":{"start":{"line":415,"column":22},"end":{"line":415,"column":48}},"type":"binary-expr","locations":[{"start":{"line":415,"column":22},"end":{"line":415,"column":42}},{"start":{"line":415,"column":46},"end":{"line":415,"column":48}}],"line":415},"124":{"loc":{"start":{"line":422,"column":6},"end":{"line":425,"column":7}},"type":"if","locations":[{"start":{"line":422,"column":6},"end":{"line":425,"column":7}},{"start":{},"end":{}}],"line":422},"125":{"loc":{"start":{"line":424,"column":31},"end":{"line":424,"column":80}},"type":"cond-expr","locations":[{"start":{"line":424,"column":43},"end":{"line":424,"column":57}},{"start":{"line":424,"column":60},"end":{"line":424,"column":80}}],"line":424},"126":{"loc":{"start":{"line":426,"column":6},"end":{"line":426,"column":108}},"type":"if","locations":[{"start":{"line":426,"column":6},"end":{"line":426,"column":108}},{"start":{},"end":{}}],"line":426},"127":{"loc":{"start":{"line":426,"column":49},"end":{"line":426,"column":107}},"type":"binary-expr","locations":[{"start":{"line":426,"column":49},"end":{"line":426,"column":54}},{"start":{"line":426,"column":59},"end":{"line":426,"column":106}}],"line":426},"128":{"loc":{"start":{"line":426,"column":59},"end":{"line":426,"column":106}},"type":"cond-expr","locations":[{"start":{"line":426,"column":71},"end":{"line":426,"column":83}},{"start":{"line":426,"column":86},"end":{"line":426,"column":106}}],"line":426},"129":{"loc":{"start":{"line":430,"column":6},"end":{"line":430,"column":34}},"type":"if","locations":[{"start":{"line":430,"column":6},"end":{"line":430,"column":34}},{"start":{},"end":{}}],"line":430},"130":{"loc":{"start":{"line":432,"column":22},"end":{"line":432,"column":72}},"type":"binary-expr","locations":[{"start":{"line":432,"column":22},"end":{"line":432,"column":34}},{"start":{"line":432,"column":38},"end":{"line":432,"column":72}}],"line":432},"131":{"loc":{"start":{"line":436,"column":6},"end":{"line":442,"column":7}},"type":"if","locations":[{"start":{"line":436,"column":6},"end":{"line":442,"column":7}},{"start":{"line":438,"column":13},"end":{"line":442,"column":7}}],"line":436},"132":{"loc":{"start":{"line":438,"column":13},"end":{"line":442,"column":7}},"type":"if","locations":[{"start":{"line":438,"column":13},"end":{"line":442,"column":7}},{"start":{},"end":{}}],"line":438},"133":{"loc":{"start":{"line":439,"column":25},"end":{"line":441,"column":60}},"type":"cond-expr","locations":[{"start":{"line":440,"column":12},"end":{"line":440,"column":34}},{"start":{"line":441,"column":12},"end":{"line":441,"column":60}}],"line":439},"134":{"loc":{"start":{"line":444,"column":6},"end":{"line":448,"column":7}},"type":"if","locations":[{"start":{"line":444,"column":6},"end":{"line":448,"column":7}},{"start":{"line":446,"column":13},"end":{"line":448,"column":7}}],"line":444},"135":{"loc":{"start":{"line":452,"column":6},"end":{"line":452,"column":33}},"type":"if","locations":[{"start":{"line":452,"column":6},"end":{"line":452,"column":33}},{"start":{},"end":{}}],"line":452},"136":{"loc":{"start":{"line":455,"column":6},"end":{"line":458,"column":7}},"type":"if","locations":[{"start":{"line":455,"column":6},"end":{"line":458,"column":7}},{"start":{},"end":{}}],"line":455},"137":{"loc":{"start":{"line":460,"column":6},"end":{"line":463,"column":7}},"type":"if","locations":[{"start":{"line":460,"column":6},"end":{"line":463,"column":7}},{"start":{},"end":{}}],"line":460},"138":{"loc":{"start":{"line":460,"column":10},"end":{"line":460,"column":63}},"type":"binary-expr","locations":[{"start":{"line":460,"column":10},"end":{"line":460,"column":34}},{"start":{"line":460,"column":38},"end":{"line":460,"column":63}}],"line":460},"139":{"loc":{"start":{"line":465,"column":33},"end":{"line":465,"column":69}},"type":"binary-expr","locations":[{"start":{"line":465,"column":33},"end":{"line":465,"column":56}},{"start":{"line":465,"column":60},"end":{"line":465,"column":69}}],"line":465},"140":{"loc":{"start":{"line":466,"column":6},"end":{"line":469,"column":7}},"type":"if","locations":[{"start":{"line":466,"column":6},"end":{"line":469,"column":7}},{"start":{},"end":{}}],"line":466},"141":{"loc":{"start":{"line":466,"column":10},"end":{"line":466,"column":62}},"type":"binary-expr","locations":[{"start":{"line":466,"column":10},"end":{"line":466,"column":29}},{"start":{"line":466,"column":33},"end":{"line":466,"column":62}}],"line":466},"142":{"loc":{"start":{"line":475,"column":14},"end":{"line":475,"column":72}},"type":"binary-expr","locations":[{"start":{"line":475,"column":14},"end":{"line":475,"column":27}},{"start":{"line":475,"column":31},"end":{"line":475,"column":72}}],"line":475},"143":{"loc":{"start":{"line":479,"column":6},"end":{"line":482,"column":7}},"type":"if","locations":[{"start":{"line":479,"column":6},"end":{"line":482,"column":7}},{"start":{},"end":{}}],"line":479},"144":{"loc":{"start":{"line":479,"column":10},"end":{"line":479,"column":59}},"type":"binary-expr","locations":[{"start":{"line":479,"column":10},"end":{"line":479,"column":16}},{"start":{"line":479,"column":20},"end":{"line":479,"column":34}},{"start":{"line":479,"column":38},"end":{"line":479,"column":59}}],"line":479},"145":{"loc":{"start":{"line":500,"column":8},"end":{"line":504,"column":9}},"type":"if","locations":[{"start":{"line":500,"column":8},"end":{"line":504,"column":9}},{"start":{},"end":{}}],"line":500},"146":{"loc":{"start":{"line":501,"column":26},"end":{"line":501,"column":78}},"type":"cond-expr","locations":[{"start":{"line":501,"column":44},"end":{"line":501,"column":73}},{"start":{"line":501,"column":76},"end":{"line":501,"column":78}}],"line":501},"147":{"loc":{"start":{"line":502,"column":27},"end":{"line":502,"column":64}},"type":"binary-expr","locations":[{"start":{"line":502,"column":27},"end":{"line":502,"column":40}},{"start":{"line":502,"column":44},"end":{"line":502,"column":64}}],"line":502},"148":{"loc":{"start":{"line":509,"column":29},"end":{"line":509,"column":121}},"type":"cond-expr","locations":[{"start":{"line":509,"column":50},"end":{"line":509,"column":59}},{"start":{"line":509,"column":62},"end":{"line":509,"column":121}}],"line":509},"149":{"loc":{"start":{"line":522,"column":2},"end":{"line":526,"column":3}},"type":"if","locations":[{"start":{"line":522,"column":2},"end":{"line":526,"column":3}},{"start":{"line":524,"column":9},"end":{"line":526,"column":3}}],"line":522}},"s":{"0":1,"1":1,"2":1,"3":1,"4":50,"5":50,"6":50,"7":50,"8":50,"9":50,"10":50,"11":50,"12":50,"13":50,"14":50,"15":50,"16":50,"17":50,"18":50,"19":6,"20":44,"21":0,"22":44,"23":41,"24":3,"25":3,"26":1,"27":1,"28":1,"29":1,"30":1,"31":1,"32":1,"33":1,"34":50,"35":50,"36":29,"37":21,"38":21,"39":4,"40":4,"41":4,"42":8,"43":8,"44":8,"45":8,"46":8,"47":8,"48":4,"49":4,"50":4,"51":4,"52":4,"53":4,"54":17,"55":7,"56":7,"57":10,"58":84,"59":84,"60":31,"61":53,"62":53,"63":1,"64":10,"65":0,"66":10,"67":6,"68":4,"69":2,"70":2,"71":1,"72":1,"73":1,"74":2,"75":2,"76":32,"77":32,"78":1,"79":32,"80":0,"81":32,"82":77,"83":77,"84":77,"85":77,"86":25,"87":25,"88":25,"89":1,"90":1,"91":24,"92":1,"93":1,"94":23,"95":23,"96":23,"97":23,"98":23,"99":12,"100":12,"101":12,"102":12,"103":2,"104":10,"105":10,"106":0,"107":0,"108":11,"109":11,"110":23,"111":23,"112":23,"113":23,"114":65,"115":23,"116":0,"117":0,"118":23,"119":0,"120":0,"121":27,"122":0,"123":27,"124":27,"125":27,"126":14,"127":27,"128":26,"129":1,"130":3,"131":3,"132":23,"133":23,"134":25,"135":25,"136":25,"137":1,"138":2,"139":2,"140":2,"141":2,"142":25,"143":25,"144":69,"145":69,"146":69,"147":67,"148":25,"149":68,"150":0,"151":68,"152":0,"153":68,"154":68,"155":45,"156":23,"157":46,"158":46,"159":23,"160":0,"161":23,"162":25,"163":22,"164":1,"165":3,"166":3,"167":26,"168":3,"169":23,"170":0,"171":0,"172":23,"173":23,"174":42,"175":42,"176":42,"177":42,"178":42,"179":42,"180":23,"181":23,"182":23,"183":42,"184":0,"185":23,"186":42,"187":0,"188":42,"189":0,"190":2,"191":2,"192":2,"193":1,"194":1,"195":2,"196":5,"197":0,"198":5,"199":5,"200":5,"201":2,"202":2,"203":1,"204":3,"205":3,"206":1,"207":6,"208":0,"209":6,"210":6,"211":6,"212":7,"213":0,"214":7,"215":7,"216":6,"217":6,"218":1,"219":5,"220":11,"221":11,"222":11,"223":11,"224":11,"225":4,"226":0,"227":4,"228":4,"229":4,"230":4,"231":2,"232":2,"233":1,"234":4,"235":3,"236":1,"237":6,"238":0,"239":6,"240":6,"241":0,"242":0,"243":6,"244":0,"245":0,"246":6,"247":6,"248":1,"249":1,"250":5,"251":5,"252":1,"253":1,"254":4,"255":0,"256":0,"257":4,"258":4,"259":4,"260":4,"261":3,"262":3,"263":0,"264":3,"265":2,"266":2,"267":2,"268":1,"269":3,"270":3,"271":3,"272":4,"273":4,"274":1,"275":1,"276":0,"277":1},"f":{"0":1,"1":50,"2":50,"3":0,"4":3,"5":1,"6":50,"7":8,"8":84,"9":10,"10":32,"11":77,"12":77,"13":77,"14":25,"15":65,"16":27,"17":25,"18":2,"19":69,"20":68,"21":46,"22":46,"23":3,"24":26,"25":42,"26":42,"27":0,"28":42,"29":0,"30":0,"31":2,"32":5,"33":6,"34":7,"35":11,"36":4,"37":6,"38":1},"b":{"0":[6,44],"1":[41,3],"2":[1,2],"3":[1,1,0,0],"4":[1,0],"5":[29,21],"6":[21,0],"7":[4,17],"8":[21,4,4],"9":[8,0,0],"10":[8,0,0],"11":[8,2,2],"12":[4,0],"13":[4,0,0],"14":[7,10],"15":[31,53],"16":[0,10],"17":[6,4],"18":[6,0,0],"19":[6,0,0],"20":[6,0,0],"21":[2,2],"22":[4,4,4],"23":[1,1],"24":[1,0],"25":[1,1],"26":[1,0,0],"27":[1,0,0],"28":[1,0,0],"29":[2,1],"30":[2,1],"31":[2,1],"32":[2,2],"33":[2,2],"34":[2,2],"35":[2,2],"36":[32,0],"37":[1,31],"38":[32,1,1],"39":[0,32],"40":[32,32],"41":[77,77],"42":[77,1,0],"43":[77,1,1,0],"44":[77,1,0],"45":[77,1,0,0],"46":[77,55,55],"47":[77,77,77,77,77],"48":[1,24],"49":[1,23],"50":[24,6],"51":[23,10],"52":[0,10],"53":[13,10],"54":[13,1,1],"55":[13,10],"56":[13,3,2],"57":[23,12,12,12],"58":[12,11],"59":[2,10],"60":[12,12,12],"61":[10,0],"62":[0,0],"63":[11,0],"64":[0,23],"65":[2],"66":[0,27],"67":[14,13],"68":[27,14,14],"69":[1,3],"70":[3,0],"71":[1,24],"72":[25,25],"73":[2,0],"74":[2,2,0,0],"75":[2,0,0],"76":[2,0],"77":[2,2],"78":[25,0],"79":[25,25],"80":[69,0],"81":[69,0],"82":[67,2],"83":[69,69],"84":[0,68],"85":[0,68],"86":[68,68],"87":[68,45,45],"88":[45,23],"89":[68,23,23],"90":[46,46],"91":[0,23],"92":[22,3],"93":[3,0],"94":[3,23],"95":[0,23],"96":[23,23],"97":[42,0,0,0],"98":[42,0,0],"99":[42,0,0],"100":[42,0,0,0],"101":[1,1],"102":[0,5],"103":[5,0],"104":[2,3],"105":[1,1],"106":[1,2],"107":[0,6],"108":[6,0],"109":[6,0],"110":[0,7],"111":[7,0],"112":[7,7],"113":[1,5],"114":[6,6],"115":[5,0],"116":[5,0],"117":[5,0],"118":[5,0],"119":[5,5],"120":[5,5],"121":[5,5],"122":[5,0],"123":[5,5],"124":[11,0],"125":[6,5],"126":[11,0],"127":[11,1],"128":[1,0],"129":[0,4],"130":[4,0],"131":[2,2],"132":[1,1],"133":[0,1],"134":[3,1],"135":[0,6],"136":[0,6],"137":[0,6],"138":[6,0],"139":[6,0],"140":[1,5],"141":[6,6],"142":[1,0],"143":[0,4],"144":[4,4,4],"145":[2,1],"146":[1,1],"147":[2,0],"148":[3,0],"149":[0,1]},"_coverageSchema":"1a1c01bbd47fc00a2c39e90264f33305004495a9","hash":"8877932e4a482e7d3016a204610ed743a5fe8028"}
}
