TN:
SF:js/dashboard-ross.js
FN:3,(anonymous_0)
FN:7,(anonymous_1)
FN:19,(anonymous_2)
FN:21,(anonymous_3)
FN:22,(anonymous_4)
FN:25,(anonymous_5)
FN:27,(anonymous_6)
FN:44,(anonymous_7)
FN:48,(anonymous_8)
FN:74,(anonymous_9)
FN:83,(anonymous_10)
FN:99,(anonymous_11)
FN:115,(anonymous_12)
FN:119,(anonymous_13)
FN:128,(anonymous_14)
FN:142,(anonymous_15)
FN:147,(anonymous_16)
FN:159,(anonymous_17)
FN:167,(anonymous_18)
FN:174,(anonymous_19)
FN:180,(anonymous_20)
FN:200,(anonymous_21)
FN:272,(anonymous_22)
FN:289,(anonymous_23)
FN:302,(anonymous_24)
FN:305,(anonymous_25)
FN:318,(anonymous_26)
FN:345,(anonymous_27)
FN:358,(anonymous_28)
FN:360,(anonymous_29)
FN:377,(anonymous_30)
FN:391,(anonymous_31)
FN:394,(anonymous_32)
FN:405,(anonymous_33)
FN:465,(anonymous_34)
FN:503,(anonymous_35)
FN:507,(anonymous_36)
FN:510,(anonymous_37)
FN:521,(anonymous_38)
FN:532,(anonymous_39)
FN:535,(anonymous_40)
FN:573,(anonymous_41)
FN:574,(anonymous_42)
FNF:43
FNH:34
FNDA:36,(anonymous_0)
FNDA:7,(anonymous_1)
FNDA:7,(anonymous_2)
FNDA:8,(anonymous_3)
FNDA:8,(anonymous_4)
FNDA:6,(anonymous_5)
FNDA:19,(anonymous_6)
FNDA:15,(anonymous_7)
FNDA:8,(anonymous_8)
FNDA:29,(anonymous_9)
FNDA:35,(anonymous_10)
FNDA:4,(anonymous_11)
FNDA:18,(anonymous_12)
FNDA:15,(anonymous_13)
FNDA:2,(anonymous_14)
FNDA:2,(anonymous_15)
FNDA:0,(anonymous_16)
FNDA:2,(anonymous_17)
FNDA:2,(anonymous_18)
FNDA:0,(anonymous_19)
FNDA:4,(anonymous_20)
FNDA:6,(anonymous_21)
FNDA:5,(anonymous_22)
FNDA:5,(anonymous_23)
FNDA:3,(anonymous_24)
FNDA:3,(anonymous_25)
FNDA:0,(anonymous_26)
FNDA:4,(anonymous_27)
FNDA:3,(anonymous_28)
FNDA:3,(anonymous_29)
FNDA:0,(anonymous_30)
FNDA:0,(anonymous_31)
FNDA:0,(anonymous_32)
FNDA:4,(anonymous_33)
FNDA:4,(anonymous_34)
FNDA:0,(anonymous_35)
FNDA:0,(anonymous_36)
FNDA:0,(anonymous_37)
FNDA:1,(anonymous_38)
FNDA:2,(anonymous_39)
FNDA:2,(anonymous_40)
FNDA:6,(anonymous_41)
FNDA:2,(anonymous_42)
DA:1,1
DA:4,36
DA:8,7
DA:12,7
DA:13,6
DA:14,1
DA:16,5
DA:20,7
DA:21,8
DA:22,8
DA:24,7
DA:25,7
DA:26,6
DA:27,3
DA:28,19
DA:29,19
DA:30,19
DA:31,18
DA:37,19
DA:43,7
DA:44,15
DA:47,7
DA:48,7
DA:49,8
DA:50,8
DA:51,6
DA:57,8
DA:60,7
DA:69,1
DA:72,1
DA:75,29
DA:76,29
DA:77,29
DA:78,29
DA:79,29
DA:80,29
DA:84,35
DA:96,35
DA:100,4
DA:112,4
DA:116,18
DA:120,15
DA:121,15
DA:129,2
DA:130,2
DA:132,2
DA:133,1
DA:134,1
DA:135,1
DA:138,2
DA:139,2
DA:143,2
DA:144,0
DA:147,2
DA:148,0
DA:149,0
DA:153,2
DA:160,2
DA:161,2
DA:163,2
DA:164,2
DA:166,2
DA:167,2
DA:168,2
DA:169,2
DA:170,2
DA:171,2
DA:174,1
DA:175,0
DA:176,0
DA:181,4
DA:182,4
DA:184,4
DA:186,4
DA:187,4
DA:188,3
DA:189,3
DA:191,1
DA:192,1
DA:201,6
DA:203,6
DA:204,6
DA:206,6
DA:207,3
DA:213,3
DA:216,3
DA:269,3
DA:273,5
DA:274,0
DA:275,0
DA:278,5
DA:280,5
DA:281,4
DA:282,4
DA:283,4
DA:284,4
DA:285,1
DA:290,5
DA:291,5
DA:293,2
DA:294,2
DA:295,2
DA:296,2
DA:297,2
DA:299,2
DA:302,3
DA:305,3
DA:346,4
DA:347,4
DA:349,2
DA:350,2
DA:351,2
DA:352,2
DA:353,2
DA:355,2
DA:358,3
DA:360,3
DA:378,0
DA:379,0
DA:380,0
DA:381,0
DA:382,0
DA:383,0
DA:384,0
DA:392,0
DA:393,0
DA:394,0
DA:395,0
DA:396,0
DA:406,4
DA:407,4
DA:409,4
DA:410,4
DA:412,4
DA:466,4
DA:467,4
DA:469,4
DA:470,4
DA:472,4
DA:508,0
DA:509,0
DA:510,0
DA:511,0
DA:512,0
DA:522,1
DA:523,1
DA:525,1
DA:526,1
DA:527,1
DA:529,1
DA:532,2
DA:535,2
DA:574,6
DA:575,2
DA:576,2
DA:579,6
DA:582,1
LF:157
LH:133
BRDA:1,0,0,1
BRDA:1,0,1,0
BRDA:7,1,0,2
BRDA:8,2,0,2
BRDA:8,2,1,5
BRDA:13,3,0,1
BRDA:13,3,1,5
BRDA:20,4,0,7
BRDA:20,4,1,0
BRDA:26,5,0,3
BRDA:26,5,1,3
BRDA:26,6,0,6
BRDA:26,6,1,3
BRDA:28,7,0,19
BRDA:28,7,1,0
BRDA:29,8,0,19
BRDA:29,8,1,0
BRDA:30,9,0,18
BRDA:30,9,1,1
BRDA:32,10,0,18
BRDA:32,10,1,0
BRDA:33,11,0,18
BRDA:33,11,1,0
BRDA:49,12,0,8
BRDA:49,12,1,1
BRDA:50,13,0,6
BRDA:50,13,1,2
BRDA:53,14,0,6
BRDA:53,14,1,2
BRDA:72,15,0,1
BRDA:72,15,1,0
BRDA:116,16,0,18
BRDA:116,16,1,1
BRDA:122,17,0,1
BRDA:122,17,1,14
BRDA:123,18,0,1
BRDA:123,18,1,14
BRDA:124,19,0,1
BRDA:124,19,1,14
BRDA:130,20,0,2
BRDA:130,20,1,0
BRDA:132,21,0,1
BRDA:132,21,1,1
BRDA:134,22,0,1
BRDA:134,22,1,0
BRDA:143,23,0,0
BRDA:143,23,1,2
BRDA:148,24,0,0
BRDA:148,24,1,0
BRDA:161,25,0,0
BRDA:161,25,1,2
BRDA:170,26,0,2
BRDA:170,26,1,0
BRDA:175,27,0,0
BRDA:175,27,1,0
BRDA:182,28,0,0
BRDA:182,28,1,4
BRDA:201,29,0,0
BRDA:201,29,1,6
BRDA:204,30,0,0
BRDA:204,30,1,6
BRDA:206,31,0,3
BRDA:206,31,1,3
BRDA:258,32,0,1
BRDA:258,32,1,2
BRDA:273,33,0,0
BRDA:273,33,1,5
BRDA:284,34,0,1
BRDA:284,34,1,3
BRDA:291,35,0,2
BRDA:291,35,1,2
BRDA:291,36,0,5
BRDA:291,36,1,5
BRDA:302,37,0,0
BRDA:302,37,1,3
BRDA:347,38,0,2
BRDA:347,38,1,2
BRDA:347,39,0,4
BRDA:347,39,1,4
BRDA:358,40,0,0
BRDA:358,40,1,3
BRDA:380,41,0,0
BRDA:380,41,1,0
BRDA:380,42,0,0
BRDA:380,42,1,0
BRDA:380,42,2,0
BRDA:380,42,3,0
BRDA:382,43,0,0
BRDA:382,43,1,0
BRDA:382,44,0,0
BRDA:382,44,1,0
BRDA:382,44,2,0
BRDA:392,45,0,0
BRDA:392,45,1,0
BRDA:393,46,0,0
BRDA:393,46,1,0
BRDA:407,47,0,0
BRDA:407,47,1,4
BRDA:467,48,0,0
BRDA:467,48,1,4
BRDA:508,49,0,0
BRDA:508,49,1,0
BRDA:509,50,0,0
BRDA:509,50,1,0
BRDA:523,51,0,0
BRDA:523,51,1,1
BRDA:523,52,0,1
BRDA:523,52,1,1
BRDA:575,53,0,2
BRDA:575,53,1,0
BRF:110
BRH:65
end_of_record
TN:
SF:js/historico-estadisticas.js
FN:3,(anonymous_0)
FN:11,(anonymous_1)
FN:19,(anonymous_2)
FN:37,(anonymous_3)
FN:43,(anonymous_4)
FN:99,(anonymous_5)
FN:116,(anonymous_6)
FN:133,(anonymous_7)
FN:183,(anonymous_8)
FN:196,(anonymous_9)
FN:200,(anonymous_10)
FN:207,(anonymous_11)
FN:217,(anonymous_12)
FN:244,(anonymous_13)
FN:257,(anonymous_14)
FN:268,(anonymous_15)
FN:270,(anonymous_16)
FN:273,(anonymous_17)
FN:284,(anonymous_18)
FN:299,(anonymous_19)
FN:308,initWidget
FNF:21
FNH:19
FNDA:1,(anonymous_0)
FNDA:23,(anonymous_1)
FNDA:23,(anonymous_2)
FNDA:26,(anonymous_3)
FNDA:23,(anonymous_4)
FNDA:25,(anonymous_5)
FNDA:4,(anonymous_6)
FNDA:4,(anonymous_7)
FNDA:3,(anonymous_8)
FNDA:0,(anonymous_9)
FNDA:2,(anonymous_10)
FNDA:7,(anonymous_11)
FNDA:8,(anonymous_12)
FNDA:5,(anonymous_13)
FNDA:5,(anonymous_14)
FNDA:34,(anonymous_15)
FNDA:136,(anonymous_16)
FNDA:16,(anonymous_17)
FNDA:0,(anonymous_18)
FNDA:16,(anonymous_19)
FNDA:1,initWidget
DA:3,1
DA:6,1
DA:7,0
DA:12,23
DA:13,23
DA:14,23
DA:15,23
DA:16,23
DA:20,23
DA:22,23
DA:23,0
DA:24,0
DA:27,23
DA:28,23
DA:34,23
DA:38,26
DA:39,25
DA:40,0
DA:44,23
DA:46,23
DA:90,23
DA:100,25
DA:102,25
DA:109,25
DA:110,25
DA:111,25
DA:112,25
DA:113,25
DA:117,4
DA:119,4
DA:126,4
DA:127,4
DA:128,4
DA:129,4
DA:130,4
DA:134,4
DA:135,1
DA:136,1
DA:139,3
DA:140,3
DA:141,3
DA:143,3
DA:144,0
DA:145,0
DA:149,3
DA:150,1
DA:154,3
DA:155,2
DA:159,3
DA:161,3
DA:163,3
DA:165,3
DA:166,3
DA:167,3
DA:169,3
DA:170,3
DA:171,3
DA:172,1
DA:175,0
DA:179,3
DA:180,3
DA:184,3
DA:185,3
DA:187,3
DA:188,1
DA:189,1
DA:192,2
DA:196,0
DA:201,2
DA:204,1
DA:208,7
DA:209,4
DA:212,3
DA:213,3
DA:214,3
DA:215,3
DA:217,3
DA:219,8
DA:220,8
DA:221,7
DA:222,7
DA:223,3
DA:224,1
DA:228,8
DA:229,8
DA:230,8
DA:234,3
DA:236,3
DA:245,5
DA:246,5
DA:247,1
DA:249,4
DA:250,4
DA:251,4
DA:253,0
DA:258,5
DA:259,5
DA:260,4
DA:261,0
DA:262,0
DA:263,0
DA:265,0
DA:269,34
DA:270,136
DA:274,16
DA:275,16
DA:277,16
DA:278,16
DA:279,16
DA:280,16
DA:281,16
DA:282,16
DA:284,16
DA:285,0
DA:286,0
DA:287,0
DA:288,0
DA:289,0
DA:290,0
DA:292,0
DA:296,16
DA:300,16
DA:301,16
DA:302,0
DA:303,0
DA:310,1
DA:311,1
DA:314,0
DA:315,0
DA:318,0
DA:322,1
DA:323,0
DA:325,1
DA:328,1
LF:134
LH:108
BRDA:6,0,0,0
BRDA:6,0,1,1
BRDA:11,1,0,0
BRDA:12,2,0,23
BRDA:12,2,1,0
BRDA:22,3,0,0
BRDA:22,3,1,23
BRDA:38,4,0,1
BRDA:38,4,1,25
BRDA:39,5,0,25
BRDA:39,5,1,0
BRDA:44,6,0,0
BRDA:44,6,1,23
BRDA:99,7,0,0
BRDA:100,8,0,0
BRDA:100,8,1,25
BRDA:103,9,0,25
BRDA:103,9,1,24
BRDA:104,10,0,25
BRDA:104,10,1,24
BRDA:105,11,0,25
BRDA:105,11,1,24
BRDA:106,12,0,25
BRDA:106,12,1,24
BRDA:110,13,0,25
BRDA:110,13,1,0
BRDA:111,14,0,25
BRDA:111,14,1,0
BRDA:112,15,0,25
BRDA:112,15,1,0
BRDA:113,16,0,25
BRDA:113,16,1,0
BRDA:116,17,0,0
BRDA:117,18,0,0
BRDA:117,18,1,4
BRDA:120,19,0,4
BRDA:120,19,1,3
BRDA:121,20,0,4
BRDA:121,20,1,4
BRDA:122,21,0,4
BRDA:122,21,1,4
BRDA:123,22,0,4
BRDA:123,22,1,3
BRDA:133,23,0,3
BRDA:134,24,0,1
BRDA:134,24,1,3
BRDA:140,25,0,3
BRDA:140,25,1,0
BRDA:140,25,2,0
BRDA:140,25,3,0
BRDA:141,26,0,3
BRDA:141,26,1,0
BRDA:141,26,2,0
BRDA:141,26,3,0
BRDA:143,27,0,0
BRDA:143,27,1,3
BRDA:143,28,0,3
BRDA:143,28,1,3
BRDA:143,28,2,3
BRDA:149,29,0,1
BRDA:149,29,1,2
BRDA:149,30,0,3
BRDA:149,30,1,1
BRDA:154,31,0,2
BRDA:154,31,1,1
BRDA:166,32,0,3
BRDA:166,32,1,0
BRDA:166,32,2,0
BRDA:166,32,3,0
BRDA:166,32,4,0
BRDA:166,32,5,0
BRDA:167,33,0,0
BRDA:167,33,1,3
BRDA:171,34,0,1
BRDA:171,34,1,2
BRDA:171,35,0,3
BRDA:171,35,1,3
BRDA:185,36,0,0
BRDA:185,36,1,3
BRDA:187,37,0,1
BRDA:187,37,1,2
BRDA:201,38,0,1
BRDA:201,38,1,1
BRDA:208,39,0,4
BRDA:208,39,1,3
BRDA:208,40,0,7
BRDA:208,40,1,6
BRDA:219,41,0,8
BRDA:219,41,1,0
BRDA:220,42,0,7
BRDA:220,42,1,1
BRDA:220,43,0,8
BRDA:220,43,1,1
BRDA:221,44,0,7
BRDA:221,44,1,0
BRDA:222,45,0,4
BRDA:222,45,1,3
BRDA:223,46,0,2
BRDA:223,46,1,1
BRDA:228,47,0,8
BRDA:228,47,1,0
BRDA:228,47,2,0
BRDA:229,48,0,8
BRDA:229,48,1,0
BRDA:244,49,0,5
BRDA:246,50,0,1
BRDA:246,50,1,4
BRDA:260,51,0,4
BRDA:260,51,1,0
BRDA:261,52,0,0
BRDA:261,52,1,0
BRDA:261,53,0,0
BRDA:261,53,1,0
BRDA:268,54,0,0
BRDA:269,55,0,0
BRDA:269,55,1,34
BRDA:274,56,0,0
BRDA:274,56,1,16
BRDA:287,57,0,0
BRDA:287,57,1,0
BRDA:301,58,0,0
BRDA:301,58,1,16
BRDA:310,59,0,1
BRDA:310,59,1,0
BRDA:314,60,0,0
BRDA:314,60,1,0
BRDA:322,61,0,0
BRDA:322,61,1,1
BRF:128
BRH:80
end_of_record
TN:
SF:js/historico-script.js
FN:6,(anonymous_0)
FN:18,(anonymous_1)
FN:25,(anonymous_2)
FN:30,(anonymous_3)
FN:36,(anonymous_4)
FN:46,(anonymous_5)
FN:62,(anonymous_6)
FN:145,(anonymous_7)
FN:157,(anonymous_8)
FN:163,(anonymous_9)
FN:179,(anonymous_10)
FN:190,(anonymous_11)
FN:195,(anonymous_12)
FN:200,(anonymous_13)
FN:208,(anonymous_14)
FN:217,(anonymous_15)
FN:227,(anonymous_16)
FN:240,(anonymous_17)
FN:251,(anonymous_18)
FN:301,(anonymous_19)
FN:308,(anonymous_20)
FN:316,(anonymous_21)
FN:326,(anonymous_22)
FN:340,(anonymous_23)
FN:356,(anonymous_24)
FN:366,(anonymous_25)
FN:397,(anonymous_26)
FN:415,(anonymous_27)
FN:433,_initHistoricoApp
FNF:29
FNH:24
FNDA:1,(anonymous_0)
FNDA:28,(anonymous_1)
FNDA:28,(anonymous_2)
FNDA:28,(anonymous_3)
FNDA:7,(anonymous_4)
FNDA:5,(anonymous_5)
FNDA:31,(anonymous_6)
FNDA:4,(anonymous_7)
FNDA:0,(anonymous_8)
FNDA:0,(anonymous_9)
FNDA:2,(anonymous_10)
FNDA:1,(anonymous_11)
FNDA:0,(anonymous_12)
FNDA:3,(anonymous_13)
FNDA:5,(anonymous_14)
FNDA:1,(anonymous_15)
FNDA:3,(anonymous_16)
FNDA:7,(anonymous_17)
FNDA:7,(anonymous_18)
FNDA:6,(anonymous_19)
FNDA:7,(anonymous_20)
FNDA:1,(anonymous_21)
FNDA:6,(anonymous_22)
FNDA:7,(anonymous_23)
FNDA:0,(anonymous_24)
FNDA:0,(anonymous_25)
FNDA:32,(anonymous_26)
FNDA:3,(anonymous_27)
FNDA:1,_initHistoricoApp
DA:6,1
DA:10,1
DA:11,0
DA:13,1
DA:14,0
DA:19,28
DA:20,28
DA:21,28
DA:22,28
DA:27,28
DA:30,28
DA:31,28
DA:37,7
DA:38,6
DA:39,6
DA:40,6
DA:42,1
DA:47,5
DA:48,5
DA:49,5
DA:50,4
DA:51,1
DA:52,1
DA:53,1
DA:55,0
DA:57,1
DA:58,1
DA:64,31
DA:65,31
DA:67,29
DA:68,28
DA:76,29
DA:80,2
DA:81,2
DA:83,0
DA:84,0
DA:87,2
DA:89,2
DA:90,2
DA:92,2
DA:93,1
DA:94,1
DA:95,1
DA:103,1
DA:107,1
DA:110,1
DA:111,1
DA:112,1
DA:116,1
DA:118,1
DA:119,0
DA:120,0
DA:121,0
DA:124,1
DA:125,1
DA:126,1
DA:128,1
DA:129,1
DA:132,0
DA:135,1
DA:137,0
DA:138,0
DA:142,1
DA:146,4
DA:147,4
DA:149,4
DA:150,2
DA:151,2
DA:154,2
DA:157,0
DA:161,2
DA:162,2
DA:163,0
DA:164,0
DA:165,0
DA:166,0
DA:169,0
DA:171,0
DA:172,0
DA:173,0
DA:181,2
DA:184,2
DA:185,2
DA:187,1
DA:188,1
DA:190,1
DA:191,1
DA:193,1
DA:196,0
DA:201,3
DA:202,3
DA:204,0
DA:209,5
DA:210,5
DA:211,5
DA:213,1
DA:214,1
DA:217,1
DA:218,1
DA:219,1
DA:222,0
DA:223,0
DA:228,3
DA:229,3
DA:230,2
DA:231,1
DA:232,1
DA:234,2
DA:235,2
DA:241,7
DA:243,7
DA:244,2
DA:245,2
DA:249,5
DA:251,5
DA:252,7
DA:253,7
DA:256,5
DA:257,5
DA:260,5
DA:261,5
DA:263,5
DA:264,5
DA:265,5
DA:266,4
DA:267,4
DA:268,1
DA:269,1
DA:270,1
DA:271,0
DA:272,0
DA:273,0
DA:275,0
DA:276,0
DA:278,0
DA:279,0
DA:280,0
DA:281,0
DA:282,0
DA:283,0
DA:284,0
DA:285,0
DA:286,0
DA:287,0
DA:288,0
DA:291,0
DA:292,0
DA:293,0
DA:294,0
DA:298,5
DA:301,5
DA:302,6
DA:303,4
DA:304,4
DA:305,0
DA:308,5
DA:309,7
DA:310,7
DA:311,7
DA:312,7
DA:316,5
DA:317,1
DA:318,1
DA:319,1
DA:320,1
DA:324,5
DA:326,5
DA:327,6
DA:328,6
DA:329,6
DA:330,6
DA:332,6
DA:333,6
DA:334,6
DA:335,6
DA:337,6
DA:338,6
DA:340,6
DA:341,7
DA:342,7
DA:343,7
DA:344,1
DA:346,7
DA:347,7
DA:349,7
DA:350,7
DA:351,7
DA:352,7
DA:355,7
DA:356,0
DA:357,0
DA:359,0
DA:360,0
DA:365,7
DA:366,0
DA:367,0
DA:369,0
DA:370,0
DA:374,7
DA:375,0
DA:377,7
DA:380,7
DA:381,7
DA:382,7
DA:384,7
DA:385,7
DA:386,7
DA:389,6
DA:390,6
DA:391,6
DA:398,32
DA:401,31
DA:417,3
DA:418,1
DA:419,1
DA:422,2
DA:423,2
DA:424,1
DA:425,1
DA:428,1
DA:434,1
DA:435,1
DA:439,1
DA:440,0
DA:443,1
DA:447,1
DA:452,1
DA:453,1
LF:228
LH:173
BRDA:10,0,0,0
BRDA:10,0,1,1
BRDA:13,1,0,0
BRDA:13,1,1,1
BRDA:36,2,0,7
BRDA:50,3,0,3
BRDA:50,3,1,1
BRDA:51,4,0,1
BRDA:51,4,1,0
BRDA:51,5,0,1
BRDA:51,5,1,1
BRDA:65,6,0,29
BRDA:65,6,1,2
BRDA:67,7,0,28
BRDA:67,7,1,1
BRDA:89,8,0,2
BRDA:89,8,1,0
BRDA:89,8,2,0
BRDA:89,8,3,0
BRDA:90,9,0,2
BRDA:90,9,1,0
BRDA:90,9,2,0
BRDA:90,9,3,0
BRDA:92,10,0,1
BRDA:92,10,1,1
BRDA:92,11,0,2
BRDA:92,11,1,2
BRDA:92,11,2,2
BRDA:94,12,0,1
BRDA:94,12,1,0
BRDA:111,13,0,1
BRDA:111,13,1,0
BRDA:116,14,0,1
BRDA:116,14,1,0
BRDA:116,14,2,0
BRDA:116,14,3,0
BRDA:118,15,0,0
BRDA:118,15,1,1
BRDA:128,16,0,1
BRDA:128,16,1,0
BRDA:128,17,0,1
BRDA:128,17,1,1
BRDA:132,18,0,0
BRDA:132,18,1,0
BRDA:135,19,0,0
BRDA:135,19,1,1
BRDA:147,20,0,0
BRDA:147,20,1,4
BRDA:149,21,0,2
BRDA:149,21,1,2
BRDA:162,22,0,0
BRDA:162,22,1,2
BRDA:162,23,0,2
BRDA:162,23,1,0
BRDA:164,24,0,0
BRDA:164,24,1,0
BRDA:164,24,2,0
BRDA:165,25,0,0
BRDA:165,25,1,0
BRDA:165,25,2,0
BRDA:169,26,0,0
BRDA:169,26,1,0
BRDA:172,27,0,0
BRDA:172,27,1,0
BRDA:184,28,0,2
BRDA:184,28,1,1
BRDA:184,28,2,0
BRDA:184,28,3,1
BRDA:185,29,0,1
BRDA:185,29,1,1
BRDA:187,30,0,1
BRDA:187,30,1,0
BRDA:187,30,2,0
BRDA:187,30,3,0
BRDA:188,31,0,0
BRDA:188,31,1,1
BRDA:191,32,0,1
BRDA:191,32,1,0
BRDA:191,33,0,1
BRDA:191,33,1,1
BRDA:211,34,0,4
BRDA:211,34,1,1
BRDA:214,35,0,1
BRDA:214,35,1,0
BRDA:214,35,2,0
BRDA:217,36,0,1
BRDA:217,36,1,0
BRDA:218,37,0,1
BRDA:218,37,1,0
BRDA:218,37,2,0
BRDA:230,38,0,1
BRDA:230,38,1,1
BRDA:241,39,0,0
BRDA:241,39,1,7
BRDA:243,40,0,2
BRDA:243,40,1,5
BRDA:243,41,0,7
BRDA:243,41,1,6
BRDA:252,42,0,5
BRDA:252,42,1,2
BRDA:253,43,0,2
BRDA:253,43,1,5
BRDA:257,44,0,5
BRDA:257,44,1,0
BRDA:263,45,0,5
BRDA:263,45,1,0
BRDA:265,46,0,4
BRDA:265,46,1,1
BRDA:268,47,0,1
BRDA:268,47,1,0
BRDA:271,48,0,0
BRDA:271,48,1,0
BRDA:275,49,0,0
BRDA:275,49,1,0
BRDA:278,50,0,0
BRDA:278,50,1,0
BRDA:278,51,0,0
BRDA:278,51,1,0
BRDA:280,52,0,0
BRDA:280,52,1,0
BRDA:283,53,0,0
BRDA:283,53,1,0
BRDA:286,54,0,0
BRDA:286,54,1,0
BRDA:292,55,0,0
BRDA:292,55,1,0
BRDA:302,56,0,2
BRDA:302,56,1,4
BRDA:303,57,0,0
BRDA:303,57,1,4
BRDA:303,58,0,4
BRDA:303,58,1,4
BRDA:304,59,0,4
BRDA:304,59,1,0
BRDA:309,60,0,7
BRDA:309,60,1,2
BRDA:309,60,2,2
BRDA:311,61,0,6
BRDA:311,61,1,1
BRDA:319,62,0,0
BRDA:319,62,1,1
BRDA:320,63,0,1
BRDA:320,63,1,0
BRDA:320,64,0,1
BRDA:320,64,1,0
BRDA:341,65,0,7
BRDA:341,65,1,0
BRDA:343,66,0,6
BRDA:343,66,1,1
BRDA:344,67,0,0
BRDA:344,67,1,1
BRDA:351,68,0,7
BRDA:351,68,1,0
BRDA:351,68,2,0
BRDA:352,69,0,7
BRDA:352,69,1,7
BRDA:352,69,2,7
BRDA:352,69,3,7
BRDA:352,69,4,7
BRDA:355,70,0,0
BRDA:355,70,1,7
BRDA:355,71,0,7
BRDA:355,71,1,7
BRDA:355,71,2,7
BRDA:355,71,3,0
BRDA:357,72,0,0
BRDA:357,72,1,0
BRDA:359,73,0,0
BRDA:359,73,1,0
BRDA:360,74,0,0
BRDA:360,74,1,0
BRDA:360,74,2,0
BRDA:360,74,3,0
BRDA:365,75,0,0
BRDA:365,75,1,7
BRDA:365,76,0,7
BRDA:365,76,1,7
BRDA:365,76,2,7
BRDA:365,76,3,0
BRDA:367,77,0,0
BRDA:367,77,1,0
BRDA:369,78,0,0
BRDA:369,78,1,0
BRDA:370,79,0,0
BRDA:370,79,1,0
BRDA:370,79,2,0
BRDA:370,79,3,0
BRDA:374,80,0,0
BRDA:374,80,1,7
BRDA:374,81,0,7
BRDA:374,81,1,7
BRDA:377,82,0,7
BRDA:377,82,1,0
BRDA:377,82,2,0
BRDA:382,83,0,7
BRDA:382,83,1,0
BRDA:398,84,0,1
BRDA:398,84,1,31
BRDA:417,85,0,1
BRDA:417,85,1,2
BRDA:423,86,0,1
BRDA:423,86,1,1
BRDA:434,87,0,1
BRDA:434,87,1,0
BRDA:439,88,0,0
BRDA:439,88,1,1
BRDA:452,89,0,1
BRDA:452,89,1,0
BRDA:452,90,0,1
BRDA:452,90,1,1
BRF:210
BRH:111
end_of_record
TN:
SF:js/index-script.js
FN:23,(anonymous_0)
FN:28,(anonymous_1)
FN:36,(anonymous_2)
FN:54,(anonymous_3)
FN:56,(anonymous_4)
FN:65,(anonymous_5)
FN:67,(anonymous_6)
FN:79,(anonymous_7)
FN:96,(anonymous_8)
FN:102,(anonymous_9)
FN:108,(anonymous_10)
FN:111,(anonymous_11)
FN:125,(anonymous_12)
FN:134,(anonymous_13)
FN:161,(anonymous_14)
FN:175,(anonymous_15)
FN:180,(anonymous_16)
FN:192,(anonymous_17)
FN:201,(anonymous_18)
FN:211,(anonymous_19)
FN:228,(anonymous_20)
FN:271,(anonymous_21)
FN:318,(anonymous_22)
FN:352,(anonymous_23)
FN:357,(anonymous_24)
FN:375,(anonymous_25)
FN:384,(anonymous_26)
FN:408,(anonymous_27)
FN:415,(anonymous_28)
FN:424,(anonymous_29)
FN:429,(anonymous_30)
FN:444,(anonymous_31)
FN:448,(anonymous_32)
FN:453,(anonymous_33)
FN:458,(anonymous_34)
FN:482,(anonymous_35)
FN:522,(anonymous_36)
FN:531,(anonymous_37)
FN:535,(anonymous_38)
FN:542,(anonymous_39)
FN:544,executedFunction
FN:545,(anonymous_41)
FN:554,(anonymous_42)
FN:556,(anonymous_43)
FN:562,(anonymous_44)
FN:569,(anonymous_45)
FN:579,(anonymous_46)
FN:583,(anonymous_47)
FNF:48
FNH:31
FNDA:38,(anonymous_0)
FNDA:38,(anonymous_1)
FNDA:38,(anonymous_2)
FNDA:0,(anonymous_3)
FNDA:0,(anonymous_4)
FNDA:0,(anonymous_5)
FNDA:0,(anonymous_6)
FNDA:0,(anonymous_7)
FNDA:38,(anonymous_8)
FNDA:62,(anonymous_9)
FNDA:38,(anonymous_10)
FNDA:3,(anonymous_11)
FNDA:0,(anonymous_12)
FNDA:4,(anonymous_13)
FNDA:12,(anonymous_14)
FNDA:6,(anonymous_15)
FNDA:4,(anonymous_16)
FNDA:0,(anonymous_17)
FNDA:4,(anonymous_18)
FNDA:2,(anonymous_19)
FNDA:0,(anonymous_20)
FNDA:3,(anonymous_21)
FNDA:3,(anonymous_22)
FNDA:0,(anonymous_23)
FNDA:5,(anonymous_24)
FNDA:0,(anonymous_25)
FNDA:0,(anonymous_26)
FNDA:5,(anonymous_27)
FNDA:39,(anonymous_28)
FNDA:1,(anonymous_29)
FNDA:4,(anonymous_30)
FNDA:1,(anonymous_31)
FNDA:1,(anonymous_32)
FNDA:1,(anonymous_33)
FNDA:2,(anonymous_34)
FNDA:4,(anonymous_35)
FNDA:0,(anonymous_36)
FNDA:0,(anonymous_37)
FNDA:0,(anonymous_38)
FNDA:1,(anonymous_39)
FNDA:3,executedFunction
FNDA:1,(anonymous_41)
FNDA:1,(anonymous_42)
FNDA:4,(anonymous_43)
FNDA:1,(anonymous_44)
FNDA:0,(anonymous_45)
FNDA:0,(anonymous_46)
FNDA:0,(anonymous_47)
DA:2,1
DA:24,38
DA:29,38
DA:30,38
DA:31,38
DA:32,38
DA:38,38
DA:39,38
DA:40,31
DA:44,38
DA:45,38
DA:46,29
DA:50,38
DA:51,38
DA:53,38
DA:54,31
DA:55,31
DA:56,31
DA:57,0
DA:58,0
DA:59,0
DA:64,38
DA:65,31
DA:66,31
DA:67,31
DA:68,0
DA:69,0
DA:70,0
DA:76,38
DA:78,38
DA:79,0
DA:83,38
DA:84,38
DA:85,0
DA:89,38
DA:90,38
DA:91,0
DA:97,38
DA:98,38
DA:101,31
DA:102,31
DA:103,62
DA:109,38
DA:110,38
DA:111,3
DA:112,3
DA:113,3
DA:115,3
DA:116,3
DA:117,1
DA:118,1
DA:120,2
DA:121,2
DA:125,3
DA:126,0
DA:127,0
DA:130,3
DA:135,4
DA:136,4
DA:137,4
DA:139,4
DA:141,4
DA:142,4
DA:144,4
DA:146,2
DA:147,2
DA:148,2
DA:150,2
DA:151,2
DA:152,2
DA:155,4
DA:156,4
DA:158,4
DA:162,12
DA:165,10
DA:166,6
DA:167,6
DA:171,4
DA:172,4
DA:176,6
DA:181,4
DA:182,4
DA:184,4
DA:185,2
DA:186,2
DA:188,2
DA:193,0
DA:194,0
DA:195,0
DA:196,0
DA:197,0
DA:202,4
DA:203,2
DA:204,2
DA:206,2
DA:207,2
DA:212,2
DA:213,2
DA:214,2
DA:216,2
DA:217,2
DA:218,1
DA:219,1
DA:220,1
DA:223,2
DA:224,2
DA:229,0
DA:230,0
DA:233,0
DA:234,0
DA:240,0
DA:241,0
DA:243,0
DA:244,0
DA:245,0
DA:248,0
DA:249,0
DA:252,0
DA:254,0
DA:257,0
DA:259,0
DA:260,0
DA:262,0
DA:265,0
DA:267,0
DA:273,3
DA:274,3
DA:275,3
DA:276,3
DA:277,3
DA:278,2
DA:280,2
DA:281,2
DA:283,0
DA:286,2
DA:287,1
DA:290,1
DA:291,1
DA:308,1
DA:310,1
DA:311,1
DA:319,3
DA:321,3
DA:322,3
DA:323,3
DA:324,3
DA:325,2
DA:326,2
DA:327,2
DA:328,0
DA:330,2
DA:332,0
DA:333,0
DA:334,0
DA:335,0
DA:336,0
DA:337,0
DA:338,0
DA:342,0
DA:346,1
DA:350,3
DA:352,3
DA:353,0
DA:358,5
DA:369,5
DA:375,4
DA:376,4
DA:377,1
DA:378,1
DA:381,3
DA:386,0
DA:388,0
DA:389,0
DA:390,0
DA:391,0
DA:392,0
DA:393,0
DA:394,0
DA:398,0
DA:401,0
DA:402,0
DA:403,0
DA:410,5
DA:411,4
DA:416,39
DA:418,39
DA:425,1
DA:430,4
DA:431,4
DA:433,4
DA:435,4
DA:436,4
DA:438,4
DA:439,4
DA:440,4
DA:445,1
DA:449,1
DA:450,1
DA:459,2
DA:460,2
DA:462,2
DA:463,2
DA:464,2
DA:466,2
DA:467,1
DA:468,1
DA:469,1
DA:471,1
DA:472,1
DA:473,1
DA:477,2
DA:478,2
DA:483,4
DA:484,4
DA:486,4
DA:487,4
DA:490,4
DA:491,4
DA:494,4
DA:495,4
DA:497,1
DA:498,1
DA:500,1
DA:501,1
DA:503,1
DA:504,1
DA:506,1
DA:507,1
DA:510,4
DA:511,4
DA:514,4
DA:515,4
DA:518,4
DA:521,4
DA:522,3
DA:523,0
DA:532,0
DA:536,0
DA:544,1
DA:545,3
DA:546,1
DA:547,1
DA:549,3
DA:550,3
DA:556,1
DA:557,4
DA:558,4
DA:559,4
DA:560,2
DA:561,2
DA:562,2
DA:569,1
DA:571,0
DA:574,0
DA:579,0
DA:583,0
DA:589,1
DA:590,1
LF:258
LH:193
BRDA:39,0,0,31
BRDA:39,0,1,7
BRDA:45,1,0,29
BRDA:45,1,1,9
BRDA:53,2,0,31
BRDA:53,2,1,7
BRDA:57,3,0,0
BRDA:57,3,1,0
BRDA:64,4,0,31
BRDA:64,4,1,7
BRDA:68,5,0,0
BRDA:68,5,1,0
BRDA:78,6,0,0
BRDA:78,6,1,38
BRDA:84,7,0,0
BRDA:84,7,1,38
BRDA:90,8,0,0
BRDA:90,8,1,38
BRDA:98,9,0,7
BRDA:98,9,1,31
BRDA:110,10,0,3
BRDA:110,10,1,35
BRDA:110,11,0,38
BRDA:110,11,1,3
BRDA:113,12,0,0
BRDA:113,12,1,3
BRDA:116,13,0,1
BRDA:116,13,1,2
BRDA:136,14,0,2
BRDA:136,14,1,2
BRDA:136,15,0,2
BRDA:136,15,1,0
BRDA:139,16,0,0
BRDA:139,16,1,4
BRDA:139,17,0,4
BRDA:139,17,1,4
BRDA:144,18,0,2
BRDA:144,18,1,2
BRDA:147,19,0,1
BRDA:147,19,1,1
BRDA:151,20,0,1
BRDA:151,20,1,1
BRDA:162,21,0,2
BRDA:162,21,1,10
BRDA:162,22,0,12
BRDA:162,22,1,11
BRDA:165,23,0,6
BRDA:165,23,1,4
BRDA:176,24,0,6
BRDA:176,24,1,5
BRDA:182,25,0,0
BRDA:182,25,1,4
BRDA:184,26,0,2
BRDA:184,26,1,2
BRDA:193,27,0,0
BRDA:193,27,1,0
BRDA:193,28,0,0
BRDA:193,28,1,0
BRDA:196,29,0,0
BRDA:196,29,1,0
BRDA:202,30,0,2
BRDA:202,30,1,2
BRDA:214,31,0,2
BRDA:214,31,1,0
BRDA:217,32,0,1
BRDA:217,32,1,1
BRDA:218,33,0,1
BRDA:218,33,1,0
BRDA:219,34,0,1
BRDA:219,34,1,0
BRDA:223,35,0,2
BRDA:223,35,1,0
BRDA:223,36,0,0
BRDA:223,36,1,0
BRDA:229,37,0,0
BRDA:229,37,1,0
BRDA:243,38,0,0
BRDA:243,38,1,0
BRDA:243,39,0,0
BRDA:243,39,1,0
BRDA:259,40,0,0
BRDA:259,40,1,0
BRDA:286,41,0,1
BRDA:286,41,1,1
BRDA:286,42,0,2
BRDA:286,42,1,2
BRDA:290,43,0,1
BRDA:290,43,1,0
BRDA:292,44,0,1
BRDA:292,44,1,0
BRDA:296,45,0,1
BRDA:296,45,1,0
BRDA:298,46,0,1
BRDA:298,46,1,0
BRDA:303,47,0,1
BRDA:303,47,1,0
BRDA:304,48,0,1
BRDA:304,48,1,0
BRDA:322,49,0,3
BRDA:322,49,1,0
BRDA:325,50,0,2
BRDA:325,50,1,0
BRDA:327,51,0,0
BRDA:327,51,1,2
BRDA:334,52,0,0
BRDA:334,52,1,0
BRDA:336,53,0,0
BRDA:336,53,1,0
BRDA:360,54,0,5
BRDA:360,54,1,0
BRDA:361,55,0,5
BRDA:361,55,1,1
BRDA:362,56,0,5
BRDA:362,56,1,5
BRDA:363,57,0,5
BRDA:363,57,1,5
BRDA:364,58,0,5
BRDA:364,58,1,5
BRDA:365,59,0,5
BRDA:365,59,1,5
BRDA:366,60,0,5
BRDA:366,60,1,0
BRDA:376,61,0,1
BRDA:376,61,1,3
BRDA:377,62,0,1
BRDA:377,62,1,0
BRDA:388,63,0,0
BRDA:388,63,1,0
BRDA:388,64,0,0
BRDA:388,64,1,0
BRDA:389,65,0,0
BRDA:389,65,1,0
BRDA:389,66,0,0
BRDA:389,66,1,0
BRDA:391,67,0,0
BRDA:391,67,1,0
BRDA:393,68,0,0
BRDA:393,68,1,0
BRDA:393,69,0,0
BRDA:393,69,1,0
BRDA:402,70,0,0
BRDA:402,70,1,0
BRDA:410,71,0,4
BRDA:410,71,1,1
BRDA:418,72,0,1
BRDA:418,72,1,38
BRDA:433,73,0,0
BRDA:433,73,1,4
BRDA:433,74,0,4
BRDA:433,74,1,4
BRDA:436,75,0,2
BRDA:436,75,1,2
BRDA:439,76,0,4
BRDA:439,76,1,0
BRDA:440,77,0,2
BRDA:440,77,1,2
BRDA:462,78,0,2
BRDA:462,78,1,0
BRDA:466,79,0,1
BRDA:466,79,1,1
BRDA:468,80,0,1
BRDA:468,80,1,0
BRDA:469,81,0,1
BRDA:469,81,1,0
BRDA:472,82,0,1
BRDA:472,82,1,0
BRDA:473,83,0,1
BRDA:473,83,1,0
BRDA:477,84,0,2
BRDA:477,84,1,0
BRDA:478,85,0,1
BRDA:478,85,1,1
BRDA:484,86,0,0
BRDA:484,86,1,4
BRDA:495,87,0,1
BRDA:495,87,1,1
BRDA:495,87,2,1
BRDA:495,87,3,1
BRDA:510,88,0,4
BRDA:510,88,1,0
BRDA:514,89,0,4
BRDA:514,89,1,0
BRDA:521,90,0,3
BRDA:521,90,1,1
BRDA:559,91,0,2
BRDA:559,91,1,2
BRDA:574,92,0,0
BRDA:574,92,1,0
BRDA:589,93,0,1
BRDA:589,93,1,0
BRDA:589,94,0,1
BRDA:589,94,1,1
BRF:192
BRH:115
end_of_record
TN:
SF:js/main-menu-script.js
FN:41,(anonymous_0)
FN:51,(anonymous_1)
FN:61,(anonymous_2)
FN:71,(anonymous_3)
FN:83,(anonymous_4)
FN:99,(anonymous_5)
FN:112,(anonymous_6)
FN:116,(anonymous_7)
FN:117,(anonymous_8)
FN:127,(anonymous_9)
FN:132,(anonymous_10)
FN:140,(anonymous_11)
FN:153,(anonymous_12)
FN:155,(anonymous_13)
FN:165,(anonymous_14)
FN:166,(anonymous_15)
FN:175,(anonymous_16)
FN:177,(anonymous_17)
FN:191,(anonymous_18)
FN:204,(anonymous_19)
FN:312,(anonymous_20)
FN:335,(anonymous_21)
FN:355,(anonymous_22)
FN:388,(anonymous_23)
FN:392,(anonymous_24)
FN:396,(anonymous_25)
FN:401,(anonymous_26)
FN:415,(anonymous_27)
FN:421,(anonymous_28)
FN:427,(anonymous_29)
FN:431,(anonymous_30)
FN:435,(anonymous_31)
FN:441,(anonymous_32)
FN:446,(anonymous_33)
FN:450,(anonymous_34)
FN:462,(anonymous_35)
FN:469,(anonymous_36)
FN:473,(anonymous_37)
FN:501,(anonymous_38)
FN:502,(anonymous_39)
FN:503,(anonymous_40)
FN:519,(anonymous_41)
FN:531,(anonymous_42)
FN:538,(anonymous_43)
FN:542,(anonymous_44)
FN:552,(anonymous_45)
FN:561,(anonymous_46)
FN:565,(anonymous_47)
FN:591,(anonymous_48)
FN:598,(anonymous_49)
FN:602,(anonymous_50)
FN:619,(anonymous_51)
FN:620,(anonymous_52)
FN:621,(anonymous_53)
FN:641,(anonymous_54)
FN:642,(anonymous_55)
FN:649,(anonymous_56)
FN:659,(anonymous_57)
FN:663,(anonymous_58)
FN:692,(anonymous_59)
FN:700,(anonymous_60)
FN:703,(anonymous_61)
FN:713,(anonymous_62)
FN:719,(anonymous_63)
FN:723,(anonymous_64)
FN:766,(anonymous_65)
FN:771,(anonymous_66)
FN:780,(anonymous_67)
FN:784,(anonymous_68)
FN:827,(anonymous_69)
FN:832,(anonymous_70)
FN:841,(anonymous_71)
FN:845,(anonymous_72)
FN:864,(anonymous_73)
FN:870,(anonymous_74)
FN:874,(anonymous_75)
FN:895,(anonymous_76)
FN:896,(anonymous_77)
FN:897,(anonymous_78)
FN:903,(anonymous_79)
FN:914,(anonymous_80)
FN:925,(anonymous_81)
FN:936,(anonymous_82)
FN:951,(anonymous_83)
FN:960,(anonymous_84)
FN:995,(anonymous_85)
FN:999,(anonymous_86)
FN:1005,(anonymous_87)
FN:1018,(anonymous_88)
FN:1019,(anonymous_89)
FN:1021,(anonymous_90)
FN:1026,(anonymous_91)
FN:1033,(anonymous_92)
FN:1034,(anonymous_93)
FN:1038,(anonymous_94)
FN:1052,(anonymous_95)
FN:1053,(anonymous_96)
FN:1067,(anonymous_97)
FN:1069,(anonymous_98)
FN:1077,(anonymous_99)
FN:1080,(anonymous_100)
FN:1081,(anonymous_101)
FN:1082,(anonymous_102)
FN:1083,(anonymous_103)
FN:1084,(anonymous_104)
FN:1085,(anonymous_105)
FN:1086,(anonymous_106)
FN:1087,(anonymous_107)
FN:1096,(anonymous_108)
FN:1097,(anonymous_109)
FN:1107,(anonymous_110)
FN:1111,(anonymous_111)
FN:1131,(anonymous_112)
FN:1153,(anonymous_113)
FN:1168,(anonymous_114)
FN:1174,(anonymous_115)
FN:1186,(anonymous_116)
FN:1192,(anonymous_117)
FN:1201,(anonymous_118)
FN:1221,(anonymous_119)
FN:1232,(anonymous_120)
FN:1256,(anonymous_121)
FN:1272,(anonymous_122)
FN:1275,(anonymous_123)
FN:1281,(anonymous_124)
FN:1287,(anonymous_125)
FN:1298,(anonymous_126)
FN:1302,(anonymous_127)
FN:1310,(anonymous_128)
FN:1315,(anonymous_129)
FN:1319,(anonymous_130)
FN:1322,(anonymous_131)
FN:1329,(anonymous_132)
FN:1330,(anonymous_133)
FN:1336,(anonymous_134)
FN:1338,(anonymous_135)
FN:1341,(anonymous_136)
FN:1349,(anonymous_137)
FN:1351,(anonymous_138)
FN:1354,(anonymous_139)
FN:1362,(anonymous_140)
FN:1364,(anonymous_141)
FN:1367,(anonymous_142)
FN:1375,(anonymous_143)
FN:1377,(anonymous_144)
FN:1381,(anonymous_145)
FN:1396,(anonymous_146)
FN:1398,(anonymous_147)
FN:1401,(anonymous_148)
FN:1410,(anonymous_149)
FN:1412,(anonymous_150)
FN:1415,(anonymous_151)
FN:1424,(anonymous_152)
FN:1426,(anonymous_153)
FN:1429,(anonymous_154)
FN:1438,(anonymous_155)
FN:1439,(anonymous_156)
FN:1444,(anonymous_157)
FN:1452,(anonymous_158)
FN:1460,(anonymous_159)
FN:1468,(anonymous_160)
FN:1476,(anonymous_161)
FN:1484,(anonymous_162)
FN:1492,(anonymous_163)
FN:1501,(anonymous_164)
FN:1509,(anonymous_165)
FN:1517,(anonymous_166)
FN:1520,(anonymous_167)
FN:1530,(anonymous_168)
FN:1545,(anonymous_169)
FN:1550,(anonymous_170)
FN:1555,(anonymous_171)
FN:1572,(anonymous_172)
FNF:173
FNH:94
FNDA:22,(anonymous_0)
FNDA:6,(anonymous_1)
FNDA:2,(anonymous_2)
FNDA:4,(anonymous_3)
FNDA:6,(anonymous_4)
FNDA:3,(anonymous_5)
FNDA:26,(anonymous_6)
FNDA:3,(anonymous_7)
FNDA:3,(anonymous_8)
FNDA:1,(anonymous_9)
FNDA:1,(anonymous_10)
FNDA:2,(anonymous_11)
FNDA:8,(anonymous_12)
FNDA:0,(anonymous_13)
FNDA:8,(anonymous_14)
FNDA:8,(anonymous_15)
FNDA:1,(anonymous_16)
FNDA:2,(anonymous_17)
FNDA:4,(anonymous_18)
FNDA:2,(anonymous_19)
FNDA:1,(anonymous_20)
FNDA:0,(anonymous_21)
FNDA:1,(anonymous_22)
FNDA:28,(anonymous_23)
FNDA:19,(anonymous_24)
FNDA:2,(anonymous_25)
FNDA:4,(anonymous_26)
FNDA:1,(anonymous_27)
FNDA:2,(anonymous_28)
FNDA:1,(anonymous_29)
FNDA:1,(anonymous_30)
FNDA:1,(anonymous_31)
FNDA:13,(anonymous_32)
FNDA:1,(anonymous_33)
FNDA:8,(anonymous_34)
FNDA:2,(anonymous_35)
FNDA:1,(anonymous_36)
FNDA:3,(anonymous_37)
FNDA:0,(anonymous_38)
FNDA:0,(anonymous_39)
FNDA:0,(anonymous_40)
FNDA:0,(anonymous_41)
FNDA:0,(anonymous_42)
FNDA:0,(anonymous_43)
FNDA:0,(anonymous_44)
FNDA:0,(anonymous_45)
FNDA:1,(anonymous_46)
FNDA:2,(anonymous_47)
FNDA:1,(anonymous_48)
FNDA:1,(anonymous_49)
FNDA:1,(anonymous_50)
FNDA:1,(anonymous_51)
FNDA:1,(anonymous_52)
FNDA:1,(anonymous_53)
FNDA:0,(anonymous_54)
FNDA:0,(anonymous_55)
FNDA:1,(anonymous_56)
FNDA:1,(anonymous_57)
FNDA:1,(anonymous_58)
FNDA:0,(anonymous_59)
FNDA:1,(anonymous_60)
FNDA:0,(anonymous_61)
FNDA:1,(anonymous_62)
FNDA:0,(anonymous_63)
FNDA:0,(anonymous_64)
FNDA:0,(anonymous_65)
FNDA:0,(anonymous_66)
FNDA:0,(anonymous_67)
FNDA:0,(anonymous_68)
FNDA:0,(anonymous_69)
FNDA:0,(anonymous_70)
FNDA:0,(anonymous_71)
FNDA:0,(anonymous_72)
FNDA:0,(anonymous_73)
FNDA:0,(anonymous_74)
FNDA:0,(anonymous_75)
FNDA:0,(anonymous_76)
FNDA:0,(anonymous_77)
FNDA:0,(anonymous_78)
FNDA:0,(anonymous_79)
FNDA:0,(anonymous_80)
FNDA:19,(anonymous_81)
FNDA:9,(anonymous_82)
FNDA:8,(anonymous_83)
FNDA:11,(anonymous_84)
FNDA:4,(anonymous_85)
FNDA:2,(anonymous_86)
FNDA:2,(anonymous_87)
FNDA:1,(anonymous_88)
FNDA:1,(anonymous_89)
FNDA:2,(anonymous_90)
FNDA:2,(anonymous_91)
FNDA:2,(anonymous_92)
FNDA:2,(anonymous_93)
FNDA:4,(anonymous_94)
FNDA:1,(anonymous_95)
FNDA:1,(anonymous_96)
FNDA:2,(anonymous_97)
FNDA:2,(anonymous_98)
FNDA:0,(anonymous_99)
FNDA:2,(anonymous_100)
FNDA:0,(anonymous_101)
FNDA:0,(anonymous_102)
FNDA:0,(anonymous_103)
FNDA:0,(anonymous_104)
FNDA:0,(anonymous_105)
FNDA:0,(anonymous_106)
FNDA:0,(anonymous_107)
FNDA:2,(anonymous_108)
FNDA:2,(anonymous_109)
FNDA:0,(anonymous_110)
FNDA:15,(anonymous_111)
FNDA:0,(anonymous_112)
FNDA:13,(anonymous_113)
FNDA:0,(anonymous_114)
FNDA:0,(anonymous_115)
FNDA:0,(anonymous_116)
FNDA:0,(anonymous_117)
FNDA:12,(anonymous_118)
FNDA:12,(anonymous_119)
FNDA:12,(anonymous_120)
FNDA:12,(anonymous_121)
FNDA:12,(anonymous_122)
FNDA:0,(anonymous_123)
FNDA:12,(anonymous_124)
FNDA:0,(anonymous_125)
FNDA:0,(anonymous_126)
FNDA:0,(anonymous_127)
FNDA:1,(anonymous_128)
FNDA:1,(anonymous_129)
FNDA:12,(anonymous_130)
FNDA:0,(anonymous_131)
FNDA:12,(anonymous_132)
FNDA:0,(anonymous_133)
FNDA:12,(anonymous_134)
FNDA:0,(anonymous_135)
FNDA:0,(anonymous_136)
FNDA:12,(anonymous_137)
FNDA:0,(anonymous_138)
FNDA:0,(anonymous_139)
FNDA:12,(anonymous_140)
FNDA:0,(anonymous_141)
FNDA:0,(anonymous_142)
FNDA:12,(anonymous_143)
FNDA:0,(anonymous_144)
FNDA:0,(anonymous_145)
FNDA:12,(anonymous_146)
FNDA:0,(anonymous_147)
FNDA:0,(anonymous_148)
FNDA:12,(anonymous_149)
FNDA:0,(anonymous_150)
FNDA:0,(anonymous_151)
FNDA:12,(anonymous_152)
FNDA:0,(anonymous_153)
FNDA:0,(anonymous_154)
FNDA:13,(anonymous_155)
FNDA:0,(anonymous_156)
FNDA:2,(anonymous_157)
FNDA:1,(anonymous_158)
FNDA:0,(anonymous_159)
FNDA:0,(anonymous_160)
FNDA:0,(anonymous_161)
FNDA:0,(anonymous_162)
FNDA:1,(anonymous_163)
FNDA:0,(anonymous_164)
FNDA:0,(anonymous_165)
FNDA:12,(anonymous_166)
FNDA:0,(anonymous_167)
FNDA:0,(anonymous_168)
FNDA:0,(anonymous_169)
FNDA:0,(anonymous_170)
FNDA:0,(anonymous_171)
FNDA:0,(anonymous_172)
DA:2,1
DA:6,1
DA:12,1
DA:18,1
DA:30,1
DA:31,1
DA:33,1
DA:42,22
DA:43,22
DA:44,22
DA:46,1
DA:47,1
DA:52,6
DA:53,6
DA:54,5
DA:56,1
DA:57,1
DA:62,2
DA:63,2
DA:64,1
DA:66,1
DA:67,1
DA:72,4
DA:73,4
DA:74,3
DA:76,1
DA:77,1
DA:84,6
DA:85,6
DA:86,5
DA:88,5
DA:89,5
DA:91,1
DA:94,2
DA:95,2
DA:100,3
DA:101,3
DA:103,3
DA:104,1
DA:107,2
DA:113,26
DA:117,3
DA:118,3
DA:119,1
DA:120,1
DA:123,2
DA:124,2
DA:125,2
DA:127,2
DA:128,1
DA:129,1
DA:132,2
DA:133,1
DA:136,2
DA:141,2
DA:142,1
DA:145,1
DA:146,1
DA:147,1
DA:148,1
DA:149,1
DA:150,1
DA:154,8
DA:155,8
DA:156,0
DA:157,0
DA:158,0
DA:159,0
DA:166,8
DA:167,8
DA:168,8
DA:169,1
DA:170,1
DA:176,1
DA:177,1
DA:178,2
DA:179,1
DA:180,1
DA:181,1
DA:182,1
DA:183,1
DA:186,1
DA:192,4
DA:205,2
DA:206,2
DA:207,2
DA:208,2
DA:209,2
DA:210,2
DA:211,2
DA:213,2
DA:214,2
DA:215,0
DA:216,0
DA:217,2
DA:218,0
DA:219,0
DA:222,2
DA:223,2
DA:224,2
DA:225,2
DA:226,2
DA:228,2
DA:313,1
DA:336,0
DA:356,1
DA:389,28
DA:393,19
DA:397,2
DA:398,2
DA:402,4
DA:416,1
DA:417,1
DA:418,1
DA:422,2
DA:428,1
DA:432,1
DA:436,1
DA:442,13
DA:443,13
DA:447,1
DA:451,8
DA:452,8
DA:453,8
DA:455,8
DA:456,1
DA:459,8
DA:463,2
DA:464,2
DA:470,1
DA:474,3
DA:476,3
DA:479,3
DA:480,0
DA:483,3
DA:484,3
DA:485,2
DA:488,1
DA:489,1
DA:491,1
DA:496,0
DA:497,0
DA:498,0
DA:499,0
DA:501,0
DA:502,0
DA:503,0
DA:504,0
DA:505,0
DA:506,0
DA:507,0
DA:508,0
DA:509,0
DA:513,0
DA:514,0
DA:515,0
DA:516,0
DA:518,0
DA:519,0
DA:520,0
DA:524,0
DA:529,0
DA:530,0
DA:531,0
DA:532,0
DA:533,0
DA:539,0
DA:543,0
DA:544,0
DA:545,0
DA:546,0
DA:547,0
DA:549,0
DA:553,0
DA:554,0
DA:555,0
DA:562,1
DA:566,2
DA:568,2
DA:570,2
DA:571,2
DA:572,1
DA:575,1
DA:576,1
DA:577,1
DA:578,1
DA:580,1
DA:582,1
DA:584,1
DA:585,1
DA:586,4
DA:587,4
DA:592,1
DA:593,1
DA:599,1
DA:603,1
DA:605,1
DA:607,1
DA:608,1
DA:611,1
DA:616,1
DA:617,1
DA:619,1
DA:620,1
DA:621,1
DA:622,1
DA:623,1
DA:624,0
DA:625,0
DA:626,0
DA:630,1
DA:632,0
DA:633,0
DA:634,0
DA:635,0
DA:638,0
DA:639,0
DA:640,0
DA:641,0
DA:642,0
DA:643,0
DA:650,1
DA:651,1
DA:652,1
DA:653,1
DA:660,1
DA:664,1
DA:666,1
DA:668,1
DA:669,1
DA:671,1
DA:683,1
DA:684,9
DA:685,9
DA:687,1
DA:688,1
DA:689,0
DA:690,0
DA:692,0
DA:693,0
DA:694,0
DA:695,0
DA:701,1
DA:703,0
DA:704,0
DA:705,0
DA:706,0
DA:707,0
DA:709,0
DA:714,1
DA:720,0
DA:724,0
DA:726,0
DA:728,0
DA:729,0
DA:730,0
DA:733,0
DA:734,0
DA:735,0
DA:736,0
DA:738,0
DA:741,0
DA:743,0
DA:745,0
DA:751,0
DA:752,0
DA:753,0
DA:757,0
DA:758,0
DA:759,0
DA:760,0
DA:763,0
DA:765,0
DA:766,0
DA:772,0
DA:773,0
DA:774,0
DA:781,0
DA:785,0
DA:787,0
DA:789,0
DA:790,0
DA:791,0
DA:794,0
DA:795,0
DA:796,0
DA:797,0
DA:799,0
DA:802,0
DA:804,0
DA:806,0
DA:812,0
DA:813,0
DA:814,0
DA:818,0
DA:819,0
DA:820,0
DA:821,0
DA:824,0
DA:826,0
DA:827,0
DA:833,0
DA:834,0
DA:835,0
DA:842,0
DA:846,0
DA:848,0
DA:850,0
DA:851,0
DA:852,0
DA:855,0
DA:856,0
DA:857,0
DA:858,0
DA:859,0
DA:861,0
DA:865,0
DA:871,0
DA:875,0
DA:877,0
DA:878,0
DA:880,0
DA:881,0
DA:882,0
DA:885,0
DA:886,0
DA:888,0
DA:893,0
DA:895,0
DA:896,0
DA:897,0
DA:898,0
DA:899,0
DA:900,0
DA:902,0
DA:903,0
DA:904,0
DA:906,0
DA:908,0
DA:915,0
DA:916,0
DA:917,0
DA:919,0
DA:920,0
DA:926,19
DA:927,19
DA:928,19
DA:929,19
DA:930,19
DA:931,19
DA:932,19
DA:933,19
DA:937,9
DA:938,9
DA:940,9
DA:941,9
DA:942,9
DA:943,9
DA:944,9
DA:945,9
DA:946,9
DA:947,9
DA:948,9
DA:952,8
DA:961,11
DA:962,1
DA:965,10
DA:966,10
DA:967,1
DA:970,9
DA:971,1
DA:974,8
DA:975,1
DA:976,1
DA:977,1
DA:981,8
DA:982,8
DA:983,6
DA:985,2
DA:986,2
DA:990,2
DA:991,2
DA:996,4
DA:1000,2
DA:1006,2
DA:1007,2
DA:1009,2
DA:1010,1
DA:1011,1
DA:1014,1
DA:1015,1
DA:1019,1
DA:1020,1
DA:1021,1
DA:1022,2
DA:1026,1
DA:1027,2
DA:1028,1
DA:1034,2
DA:1035,2
DA:1036,2
DA:1038,2
DA:1039,4
DA:1040,4
DA:1041,1
DA:1042,1
DA:1044,3
DA:1048,2
DA:1053,1
DA:1054,1
DA:1055,1
DA:1056,1
DA:1057,0
DA:1059,1
DA:1068,2
DA:1069,2
DA:1071,2
DA:1072,2
DA:1073,1
DA:1076,2
DA:1078,0
DA:1080,2
DA:1081,0
DA:1082,0
DA:1083,0
DA:1084,0
DA:1085,0
DA:1086,0
DA:1087,0
DA:1090,2
DA:1091,2
DA:1092,2
DA:1097,2
DA:1098,2
DA:1099,2
DA:1100,1
DA:1108,0
DA:1112,15
DA:1113,15
DA:1114,13
DA:1117,15
DA:1118,15
DA:1119,15
DA:1120,15
DA:1122,15
DA:1123,0
DA:1124,0
DA:1125,0
DA:1126,0
DA:1127,0
DA:1128,0
DA:1129,0
DA:1130,0
DA:1131,0
DA:1132,0
DA:1134,0
DA:1136,0
DA:1137,15
DA:1138,1
DA:1139,1
DA:1141,14
DA:1143,14
DA:1147,15
DA:1148,15
DA:1149,0
DA:1154,13
DA:1155,13
DA:1157,13
DA:1158,13
DA:1161,13
DA:1162,13
DA:1163,13
DA:1164,13
DA:1169,0
DA:1170,0
DA:1171,0
DA:1173,0
DA:1174,0
DA:1175,0
DA:1176,0
DA:1177,0
DA:1178,0
DA:1180,0
DA:1181,0
DA:1186,0
DA:1188,0
DA:1189,0
DA:1190,0
DA:1192,0
DA:1195,0
DA:1202,12
DA:1203,12
DA:1204,12
DA:1205,12
DA:1206,12
DA:1207,12
DA:1213,12
DA:1214,12
DA:1215,12
DA:1216,12
DA:1217,12
DA:1218,12
DA:1222,12
DA:1223,12
DA:1224,0
DA:1225,0
DA:1228,12
DA:1229,12
DA:1233,12
DA:1235,12
DA:1236,12
DA:1237,0
DA:1238,0
DA:1239,0
DA:1240,0
DA:1241,0
DA:1242,0
DA:1243,0
DA:1247,0
DA:1250,12
DA:1252,0
DA:1257,12
DA:1258,12
DA:1259,12
DA:1260,12
DA:1261,12
DA:1262,12
DA:1263,12
DA:1264,12
DA:1265,12
DA:1266,12
DA:1267,12
DA:1268,12
DA:1269,12
DA:1273,12
DA:1274,12
DA:1275,0
DA:1276,0
DA:1282,12
DA:1283,12
DA:1284,12
DA:1286,0
DA:1287,0
DA:1288,0
DA:1289,0
DA:1290,0
DA:1291,0
DA:1293,0
DA:1294,0
DA:1298,0
DA:1299,0
DA:1300,0
DA:1301,0
DA:1302,0
DA:1305,0
DA:1307,0
DA:1311,1
DA:1312,1
DA:1316,1
DA:1320,12
DA:1321,12
DA:1322,0
DA:1323,0
DA:1324,0
DA:1330,12
DA:1331,0
DA:1332,0
DA:1337,12
DA:1338,12
DA:1339,0
DA:1340,0
DA:1341,0
DA:1342,0
DA:1343,0
DA:1350,12
DA:1351,12
DA:1352,0
DA:1353,0
DA:1354,0
DA:1355,0
DA:1356,0
DA:1363,12
DA:1364,12
DA:1365,0
DA:1366,0
DA:1367,0
DA:1368,0
DA:1369,0
DA:1376,12
DA:1377,12
DA:1378,0
DA:1379,0
DA:1380,0
DA:1381,0
DA:1382,0
DA:1383,0
DA:1384,0
DA:1387,0
DA:1388,0
DA:1390,0
DA:1397,12
DA:1398,12
DA:1399,0
DA:1400,0
DA:1401,0
DA:1402,0
DA:1403,0
DA:1404,0
DA:1411,12
DA:1412,12
DA:1413,0
DA:1414,0
DA:1415,0
DA:1416,0
DA:1417,0
DA:1418,0
DA:1425,12
DA:1426,12
DA:1427,0
DA:1428,0
DA:1429,0
DA:1430,0
DA:1431,0
DA:1432,0
DA:1439,13
DA:1440,0
DA:1445,2
DA:1446,2
DA:1448,2
DA:1453,1
DA:1454,1
DA:1456,0
DA:1461,0
DA:1462,0
DA:1464,0
DA:1469,0
DA:1470,0
DA:1472,0
DA:1477,0
DA:1478,0
DA:1480,0
DA:1485,0
DA:1486,0
DA:1488,0
DA:1493,1
DA:1494,1
DA:1495,1
DA:1497,0
DA:1502,0
DA:1503,0
DA:1505,0
DA:1510,0
DA:1511,0
DA:1513,0
DA:1518,12
DA:1519,12
DA:1520,0
DA:1521,0
DA:1522,0
DA:1523,0
DA:1524,0
DA:1525,0
DA:1531,0
DA:1532,0
DA:1533,0
DA:1534,0
DA:1535,0
DA:1537,0
DA:1540,0
DA:1541,0
DA:1546,0
DA:1550,1
DA:1551,0
DA:1553,0
DA:1554,0
DA:1555,0
DA:1556,0
DA:1557,0
DA:1558,0
DA:1560,0
DA:1561,0
DA:1562,0
DA:1563,0
DA:1564,0
DA:1566,0
DA:1567,0
DA:1568,0
DA:1572,0
DA:1573,0
DA:1574,0
DA:1577,0
DA:1581,1
DA:1582,1
DA:1583,1
DA:1584,1
DA:1585,1
DA:1586,1
DA:1587,1
DA:1588,1
DA:1589,1
DA:1590,1
DA:1591,1
DA:1592,1
DA:1593,1
DA:1594,1
DA:1595,1
DA:1596,1
DA:1597,1
DA:1598,1
DA:1599,1
DA:1600,1
DA:1603,1
DA:1604,1
LF:713
LH:377
BRDA:44,0,0,17
BRDA:44,0,1,5
BRDA:83,1,0,6
BRDA:103,2,0,1
BRDA:103,2,1,2
BRDA:103,3,0,3
BRDA:103,3,1,3
BRDA:118,4,0,1
BRDA:118,4,1,2
BRDA:141,5,0,1
BRDA:141,5,1,1
BRDA:157,6,0,0
BRDA:157,6,1,0
BRDA:168,7,0,1
BRDA:168,7,1,7
BRDA:176,8,0,1
BRDA:176,8,1,0
BRDA:178,9,0,1
BRDA:178,9,1,1
BRDA:180,10,0,1
BRDA:180,10,1,0
BRDA:181,11,0,1
BRDA:181,11,1,0
BRDA:183,12,0,1
BRDA:183,12,1,0
BRDA:191,13,0,1
BRDA:205,14,0,2
BRDA:205,14,1,1
BRDA:205,15,0,1
BRDA:205,15,1,0
BRDA:205,16,0,1
BRDA:205,16,1,1
BRDA:206,17,0,2
BRDA:206,17,1,0
BRDA:208,18,0,1
BRDA:208,18,1,1
BRDA:208,19,0,0
BRDA:208,19,1,1
BRDA:209,20,0,2
BRDA:209,20,1,1
BRDA:210,21,0,2
BRDA:210,21,1,1
BRDA:211,22,0,2
BRDA:211,22,1,1
BRDA:214,23,0,0
BRDA:214,23,1,2
BRDA:214,24,0,2
BRDA:214,24,1,0
BRDA:217,25,0,0
BRDA:217,25,1,2
BRDA:222,26,0,2
BRDA:222,26,1,1
BRDA:223,27,0,2
BRDA:223,27,1,1
BRDA:224,28,0,2
BRDA:224,28,1,1
BRDA:225,29,0,2
BRDA:225,29,1,1
BRDA:226,30,0,2
BRDA:226,30,1,1
BRDA:403,31,0,4
BRDA:403,31,1,2
BRDA:404,32,0,4
BRDA:404,32,1,0
BRDA:405,33,0,4
BRDA:405,33,1,2
BRDA:405,34,0,2
BRDA:405,34,1,0
BRDA:406,35,0,4
BRDA:406,35,1,0
BRDA:406,36,0,4
BRDA:406,36,1,0
BRDA:407,37,0,1
BRDA:407,37,1,3
BRDA:409,38,0,1
BRDA:409,38,1,3
BRDA:409,39,0,4
BRDA:409,39,1,1
BRDA:410,40,0,1
BRDA:410,40,1,3
BRDA:410,41,0,4
BRDA:410,41,1,1
BRDA:455,42,0,1
BRDA:455,42,1,7
BRDA:479,43,0,0
BRDA:479,43,1,3
BRDA:484,44,0,2
BRDA:484,44,1,1
BRDA:505,45,0,0
BRDA:505,45,1,0
BRDA:506,46,0,0
BRDA:506,46,1,0
BRDA:506,47,0,0
BRDA:506,47,1,0
BRDA:508,48,0,0
BRDA:508,48,1,0
BRDA:508,49,0,0
BRDA:508,49,1,0
BRDA:514,50,0,0
BRDA:514,50,1,0
BRDA:514,51,0,0
BRDA:514,51,1,0
BRDA:515,52,0,0
BRDA:515,52,1,0
BRDA:516,53,0,0
BRDA:516,53,1,0
BRDA:518,54,0,0
BRDA:518,54,1,0
BRDA:530,55,0,0
BRDA:530,55,1,0
BRDA:543,56,0,0
BRDA:543,56,1,0
BRDA:544,57,0,0
BRDA:544,57,1,0
BRDA:554,58,0,0
BRDA:554,58,1,0
BRDA:554,59,0,0
BRDA:554,59,1,0
BRDA:571,60,0,1
BRDA:571,60,1,1
BRDA:607,61,0,1
BRDA:607,61,1,0
BRDA:623,62,0,0
BRDA:623,62,1,1
BRDA:634,63,0,0
BRDA:634,63,1,0
BRDA:652,64,0,1
BRDA:652,64,1,0
BRDA:694,65,0,0
BRDA:694,65,1,0
BRDA:729,66,0,0
BRDA:729,66,1,0
BRDA:757,67,0,0
BRDA:757,67,1,0
BRDA:759,68,0,0
BRDA:759,68,1,0
BRDA:765,69,0,0
BRDA:765,69,1,0
BRDA:790,70,0,0
BRDA:790,70,1,0
BRDA:818,71,0,0
BRDA:818,71,1,0
BRDA:820,72,0,0
BRDA:820,72,1,0
BRDA:826,73,0,0
BRDA:826,73,1,0
BRDA:851,74,0,0
BRDA:851,74,1,0
BRDA:858,75,0,0
BRDA:858,75,1,0
BRDA:881,76,0,0
BRDA:881,76,1,0
BRDA:898,77,0,0
BRDA:898,77,1,0
BRDA:899,78,0,0
BRDA:899,78,1,0
BRDA:915,79,0,0
BRDA:915,79,1,0
BRDA:961,80,0,1
BRDA:961,80,1,10
BRDA:966,81,0,1
BRDA:966,81,1,9
BRDA:970,82,0,1
BRDA:970,82,1,8
BRDA:974,83,0,1
BRDA:974,83,1,7
BRDA:976,84,0,1
BRDA:976,84,1,0
BRDA:1009,85,0,1
BRDA:1009,85,1,1
BRDA:1027,86,0,1
BRDA:1027,86,1,1
BRDA:1040,87,0,1
BRDA:1040,87,1,3
BRDA:1040,88,0,4
BRDA:1040,88,1,4
BRDA:1048,89,0,1
BRDA:1048,89,1,1
BRDA:1054,90,0,1
BRDA:1054,90,1,0
BRDA:1056,91,0,0
BRDA:1056,91,1,1
BRDA:1056,92,0,1
BRDA:1056,92,1,1
BRDA:1072,93,0,1
BRDA:1072,93,1,1
BRDA:1078,94,0,0
BRDA:1078,94,1,0
BRDA:1091,95,0,2
BRDA:1091,95,1,0
BRDA:1099,96,0,1
BRDA:1099,96,1,1
BRDA:1099,97,0,2
BRDA:1099,97,1,2
BRDA:1113,98,0,13
BRDA:1113,98,1,2
BRDA:1113,99,0,15
BRDA:1113,99,1,15
BRDA:1118,100,0,15
BRDA:1118,100,1,0
BRDA:1122,101,0,0
BRDA:1122,101,1,15
BRDA:1122,102,0,15
BRDA:1122,102,1,0
BRDA:1126,103,0,0
BRDA:1126,103,1,0
BRDA:1126,103,2,0
BRDA:1132,104,0,0
BRDA:1132,104,1,0
BRDA:1133,105,0,0
BRDA:1133,105,1,0
BRDA:1137,106,0,1
BRDA:1137,106,1,14
BRDA:1139,107,0,1
BRDA:1139,107,1,0
BRDA:1141,108,0,1
BRDA:1141,108,1,13
BRDA:1142,109,0,13
BRDA:1142,109,1,0
BRDA:1148,110,0,0
BRDA:1148,110,1,15
BRDA:1148,111,0,15
BRDA:1148,111,1,3
BRDA:1157,112,0,13
BRDA:1157,112,1,0
BRDA:1161,113,0,13
BRDA:1161,113,1,0
BRDA:1171,114,0,0
BRDA:1171,114,1,0
BRDA:1171,115,0,0
BRDA:1171,115,1,0
BRDA:1175,116,0,0
BRDA:1175,116,1,0
BRDA:1176,117,0,0
BRDA:1176,117,1,0
BRDA:1223,118,0,0
BRDA:1223,118,1,12
BRDA:1235,119,0,12
BRDA:1235,119,1,0
BRDA:1236,120,0,0
BRDA:1236,120,1,12
BRDA:1236,121,0,12
BRDA:1236,121,1,0
BRDA:1239,122,0,0
BRDA:1239,122,1,0
BRDA:1241,123,0,0
BRDA:1241,123,1,0
BRDA:1274,124,0,0
BRDA:1274,124,1,12
BRDA:1284,125,0,12
BRDA:1284,125,1,0
BRDA:1284,126,0,12
BRDA:1284,126,1,0
BRDA:1288,127,0,0
BRDA:1288,127,1,0
BRDA:1289,128,0,0
BRDA:1289,128,1,0
BRDA:1321,129,0,0
BRDA:1321,129,1,12
BRDA:1340,130,0,0
BRDA:1340,130,1,0
BRDA:1353,131,0,0
BRDA:1353,131,1,0
BRDA:1366,132,0,0
BRDA:1366,132,1,0
BRDA:1379,133,0,0
BRDA:1379,133,1,0
BRDA:1387,134,0,0
BRDA:1387,134,1,0
BRDA:1400,135,0,0
BRDA:1400,135,1,0
BRDA:1414,136,0,0
BRDA:1414,136,1,0
BRDA:1428,137,0,0
BRDA:1428,137,1,0
BRDA:1519,138,0,0
BRDA:1519,138,1,12
BRDA:1533,139,0,0
BRDA:1533,139,1,0
BRDA:1533,140,0,0
BRDA:1533,140,1,0
BRDA:1554,141,0,0
BRDA:1554,141,1,0
BRDA:1554,142,0,0
BRDA:1554,142,1,0
BRDA:1558,143,0,0
BRDA:1558,143,1,0
BRDA:1561,144,0,0
BRDA:1561,144,1,0
BRDA:1564,145,0,0
BRDA:1564,145,1,0
BRDA:1568,146,0,0
BRDA:1568,146,1,0
BRDA:1581,147,0,1
BRDA:1581,147,1,0
BRDA:1603,148,0,1
BRDA:1603,148,1,0
BRDA:1603,149,0,1
BRDA:1603,149,1,1
BRF:299
BRH:137
end_of_record
TN:
SF:js/perfil-usuario-script.js
FN:39,(anonymous_0)
FN:49,(anonymous_1)
FN:59,(anonymous_2)
FN:69,(anonymous_3)
FN:84,(anonymous_4)
FN:89,(anonymous_5)
FN:93,(anonymous_6)
FN:104,(anonymous_7)
FN:119,(anonymous_8)
FN:130,(anonymous_9)
FN:139,(anonymous_10)
FN:143,(anonymous_11)
FN:147,(anonymous_12)
FN:156,(anonymous_13)
FN:163,(anonymous_14)
FN:168,(anonymous_15)
FN:178,(anonymous_16)
FN:187,(anonymous_17)
FN:191,(anonymous_18)
FN:207,(anonymous_19)
FN:216,(anonymous_20)
FN:224,(anonymous_21)
FN:232,(anonymous_22)
FN:239,(anonymous_23)
FN:246,(anonymous_24)
FN:253,(anonymous_25)
FN:283,(anonymous_26)
FN:297,(anonymous_27)
FN:301,(anonymous_28)
FN:307,(anonymous_29)
FN:324,(anonymous_30)
FN:339,(anonymous_31)
FN:381,(anonymous_32)
FN:408,(anonymous_33)
FN:424,(anonymous_34)
FN:428,(anonymous_35)
FN:431,(anonymous_36)
FN:443,(anonymous_37)
FN:453,(anonymous_38)
FN:463,(anonymous_39)
FN:477,(anonymous_40)
FN:483,inicializarPerfilUsuario
FNF:42
FNH:35
FNDA:13,(anonymous_0)
FNDA:5,(anonymous_1)
FNDA:1,(anonymous_2)
FNDA:1,(anonymous_3)
FNDA:37,(anonymous_4)
FNDA:10,(anonymous_5)
FNDA:2,(anonymous_6)
FNDA:0,(anonymous_7)
FNDA:0,(anonymous_8)
FNDA:0,(anonymous_9)
FNDA:33,(anonymous_10)
FNDA:1,(anonymous_11)
FNDA:12,(anonymous_12)
FNDA:9,(anonymous_13)
FNDA:8,(anonymous_14)
FNDA:9,(anonymous_15)
FNDA:8,(anonymous_16)
FNDA:17,(anonymous_17)
FNDA:6,(anonymous_18)
FNDA:0,(anonymous_19)
FNDA:9,(anonymous_20)
FNDA:5,(anonymous_21)
FNDA:10,(anonymous_22)
FNDA:5,(anonymous_23)
FNDA:5,(anonymous_24)
FNDA:7,(anonymous_25)
FNDA:4,(anonymous_26)
FNDA:8,(anonymous_27)
FNDA:1,(anonymous_28)
FNDA:8,(anonymous_29)
FNDA:1,(anonymous_30)
FNDA:0,(anonymous_31)
FNDA:0,(anonymous_32)
FNDA:5,(anonymous_33)
FNDA:5,(anonymous_34)
FNDA:0,(anonymous_35)
FNDA:5,(anonymous_36)
FNDA:5,(anonymous_37)
FNDA:10,(anonymous_38)
FNDA:5,(anonymous_39)
FNDA:5,(anonymous_40)
FNDA:1,inicializarPerfilUsuario
DA:2,1
DA:6,1
DA:22,1
DA:28,1
DA:37,1
DA:40,13
DA:41,13
DA:42,13
DA:44,1
DA:45,1
DA:50,5
DA:51,5
DA:52,4
DA:54,1
DA:55,1
DA:60,1
DA:61,1
DA:62,0
DA:64,1
DA:65,1
DA:70,1
DA:71,1
DA:72,0
DA:74,1
DA:75,1
DA:79,1
DA:82,1
DA:85,37
DA:86,37
DA:90,10
DA:94,2
DA:95,2
DA:98,1
DA:102,1
DA:105,0
DA:106,0
DA:109,0
DA:110,0
DA:112,0
DA:113,0
DA:118,0
DA:119,0
DA:120,0
DA:123,0
DA:124,0
DA:126,0
DA:131,0
DA:132,0
DA:134,0
DA:140,33
DA:144,1
DA:148,12
DA:149,10
DA:151,2
DA:152,2
DA:153,2
DA:157,9
DA:158,3
DA:160,6
DA:164,8
DA:165,8
DA:169,9
DA:170,9
DA:179,8
DA:180,4
DA:182,4
DA:188,17
DA:192,6
DA:193,6
DA:195,5
DA:196,5
DA:198,5
DA:199,0
DA:200,0
DA:201,0
DA:202,0
DA:203,0
DA:204,0
DA:205,0
DA:206,0
DA:207,0
DA:208,0
DA:210,0
DA:212,5
DA:217,9
DA:218,9
DA:220,9
DA:221,9
DA:225,5
DA:226,5
DA:228,5
DA:229,5
DA:233,10
DA:234,10
DA:236,7
DA:240,5
DA:241,5
DA:243,3
DA:247,5
DA:248,5
DA:250,3
DA:254,7
DA:256,7
DA:257,7
DA:258,6
DA:261,7
DA:262,7
DA:263,5
DA:266,7
DA:267,7
DA:268,6
DA:271,6
DA:274,7
DA:275,7
DA:276,5
DA:279,5
DA:284,4
DA:285,4
DA:286,4
DA:287,4
DA:288,4
DA:289,4
DA:290,4
DA:291,4
DA:292,4
DA:298,8
DA:299,8
DA:301,7
DA:302,1
DA:303,1
DA:308,8
DA:310,8
DA:311,8
DA:312,0
DA:313,0
DA:314,0
DA:315,0
DA:316,0
DA:317,0
DA:320,8
DA:321,5
DA:324,8
DA:325,1
DA:326,0
DA:327,0
DA:328,0
DA:329,0
DA:332,8
DA:333,8
DA:335,8
DA:336,7
DA:339,8
DA:340,0
DA:341,0
DA:343,0
DA:344,0
DA:346,0
DA:347,0
DA:348,0
DA:349,0
DA:350,0
DA:353,0
DA:354,0
DA:355,0
DA:356,0
DA:357,0
DA:360,0
DA:361,0
DA:362,0
DA:364,0
DA:365,0
DA:366,0
DA:367,0
DA:370,0
DA:371,0
DA:372,0
DA:373,0
DA:376,0
DA:378,0
DA:379,0
DA:381,0
DA:382,0
DA:383,0
DA:385,0
DA:386,0
DA:390,0
DA:392,0
DA:393,0
DA:395,0
DA:396,0
DA:397,0
DA:399,0
DA:402,8
DA:403,8
DA:409,5
DA:410,5
DA:411,5
DA:412,5
DA:416,5
DA:417,5
DA:418,5
DA:419,5
DA:420,5
DA:421,5
DA:425,5
DA:426,5
DA:427,5
DA:428,5
DA:432,5
DA:434,5
DA:435,5
DA:436,2
DA:437,2
DA:440,3
DA:444,5
DA:446,4
DA:447,4
DA:449,1
DA:454,10
DA:455,10
DA:456,0
DA:457,0
DA:458,0
DA:460,10
DA:464,5
DA:465,5
DA:467,0
DA:468,0
DA:470,0
DA:471,0
DA:473,0
DA:478,5
DA:479,5
DA:484,1
DA:485,1
DA:486,0
DA:490,1
DA:491,0
DA:493,1
DA:494,1
DA:497,1
DA:498,1
DA:499,1
DA:500,1
DA:501,1
DA:502,1
DA:503,1
DA:504,1
DA:505,1
DA:508,1
DA:509,1
LF:251
LH:163
BRDA:37,0,0,1
BRDA:37,0,1,0
BRDA:42,1,0,8
BRDA:42,1,1,5
BRDA:82,2,0,1
BRDA:82,2,1,0
BRDA:105,3,0,0
BRDA:105,3,1,0
BRDA:105,4,0,0
BRDA:105,4,1,0
BRDA:118,5,0,0
BRDA:118,5,1,0
BRDA:120,6,0,0
BRDA:120,6,1,0
BRDA:131,7,0,0
BRDA:131,7,1,0
BRDA:148,8,0,10
BRDA:148,8,1,2
BRDA:151,9,0,2
BRDA:151,9,1,1
BRDA:152,10,0,2
BRDA:152,10,1,1
BRDA:153,11,0,2
BRDA:153,11,1,1
BRDA:157,12,0,3
BRDA:157,12,1,6
BRDA:160,13,0,6
BRDA:160,13,1,1
BRDA:164,14,0,8
BRDA:164,14,1,3
BRDA:164,14,2,1
BRDA:169,15,0,9
BRDA:169,15,1,4
BRDA:171,16,0,9
BRDA:171,16,1,5
BRDA:172,17,0,9
BRDA:172,17,1,5
BRDA:173,18,0,9
BRDA:173,18,1,5
BRDA:174,19,0,9
BRDA:174,19,1,5
BRDA:179,20,0,4
BRDA:179,20,1,4
BRDA:193,21,0,1
BRDA:193,21,1,5
BRDA:198,22,0,0
BRDA:198,22,1,5
BRDA:198,23,0,5
BRDA:198,23,1,0
BRDA:202,24,0,0
BRDA:202,24,1,0
BRDA:202,24,2,0
BRDA:218,25,0,0
BRDA:218,25,1,9
BRDA:226,26,0,0
BRDA:226,26,1,5
BRDA:234,27,0,3
BRDA:234,27,1,7
BRDA:234,28,0,10
BRDA:234,28,1,10
BRDA:241,29,0,2
BRDA:241,29,1,3
BRDA:241,30,0,5
BRDA:241,30,1,5
BRDA:248,31,0,2
BRDA:248,31,1,3
BRDA:248,32,0,5
BRDA:248,32,1,5
BRDA:257,33,0,6
BRDA:257,33,1,1
BRDA:262,34,0,5
BRDA:262,34,1,2
BRDA:267,35,0,6
BRDA:267,35,1,1
BRDA:268,36,0,3
BRDA:268,36,1,3
BRDA:275,37,0,5
BRDA:275,37,1,2
BRDA:276,38,0,3
BRDA:276,38,1,2
BRDA:299,39,0,1
BRDA:299,39,1,7
BRDA:308,40,0,8
BRDA:308,40,1,1
BRDA:311,41,0,0
BRDA:311,41,1,8
BRDA:320,42,0,5
BRDA:320,42,1,3
BRDA:326,43,0,0
BRDA:326,43,1,0
BRDA:335,44,0,7
BRDA:335,44,1,1
BRDA:341,45,0,0
BRDA:341,45,1,0
BRDA:344,46,0,0
BRDA:344,46,1,0
BRDA:347,47,0,0
BRDA:347,47,1,0
BRDA:354,48,0,0
BRDA:354,48,1,0
BRDA:360,49,0,0
BRDA:360,49,1,0
BRDA:364,50,0,0
BRDA:364,50,1,0
BRDA:364,51,0,0
BRDA:364,51,1,0
BRDA:371,52,0,0
BRDA:371,52,1,0
BRDA:382,53,0,0
BRDA:382,53,1,0
BRDA:385,54,0,0
BRDA:385,54,1,0
BRDA:393,55,0,0
BRDA:393,55,1,0
BRDA:395,56,0,0
BRDA:395,56,1,0
BRDA:409,57,0,5
BRDA:409,57,1,0
BRDA:411,58,0,5
BRDA:411,58,1,0
BRDA:435,59,0,2
BRDA:435,59,1,3
BRDA:444,60,0,1
BRDA:444,60,1,4
BRDA:454,61,0,0
BRDA:454,61,1,10
BRDA:455,62,0,0
BRDA:455,62,1,10
BRDA:465,63,0,5
BRDA:465,63,1,0
BRDA:465,64,0,5
BRDA:465,64,1,0
BRDA:467,65,0,0
BRDA:467,65,1,0
BRDA:468,66,0,0
BRDA:468,66,1,0
BRDA:470,67,0,0
BRDA:470,67,1,0
BRDA:485,68,0,0
BRDA:485,68,1,1
BRDA:485,69,0,1
BRDA:485,69,1,0
BRDA:490,70,0,0
BRDA:490,70,1,1
BRDA:497,71,0,1
BRDA:497,71,1,0
BRDA:508,72,0,1
BRDA:508,72,1,0
BRDA:508,73,0,1
BRDA:508,73,1,1
BRF:150
BRH:87
end_of_record
TN:
SF:js/simulacion-prox-semestre.js
FN:1,(anonymous_0)
FN:7,(anonymous_1)
FN:24,(anonymous_2)
FN:26,(anonymous_3)
FN:29,(anonymous_4)
FN:32,(anonymous_5)
FN:48,(anonymous_6)
FN:58,(anonymous_7)
FN:82,(anonymous_8)
FN:88,(anonymous_9)
FN:113,(anonymous_10)
FN:121,(anonymous_11)
FN:132,(anonymous_12)
FN:135,(anonymous_13)
FN:180,(anonymous_14)
FN:196,(anonymous_15)
FN:220,(anonymous_16)
FN:228,(anonymous_17)
FN:232,(anonymous_18)
FN:234,(anonymous_19)
FN:243,(anonymous_20)
FN:248,(anonymous_21)
FN:248,(anonymous_22)
FN:258,(anonymous_23)
FN:264,(anonymous_24)
FN:269,(anonymous_25)
FN:294,(anonymous_26)
FN:295,(anonymous_27)
FN:299,(anonymous_28)
FN:300,(anonymous_29)
FN:303,(anonymous_30)
FN:309,(anonymous_31)
FN:322,(anonymous_32)
FN:336,(anonymous_33)
FN:339,(anonymous_34)
FN:362,(anonymous_35)
FN:370,(anonymous_36)
FN:389,(anonymous_37)
FN:432,init
FNF:39
FNH:34
FNDA:1,(anonymous_0)
FNDA:40,(anonymous_1)
FNDA:40,(anonymous_2)
FNDA:0,(anonymous_3)
FNDA:1,(anonymous_4)
FNDA:0,(anonymous_5)
FNDA:40,(anonymous_6)
FNDA:4,(anonymous_7)
FNDA:64,(anonymous_8)
FNDA:8,(anonymous_9)
FNDA:22,(anonymous_10)
FNDA:51,(anonymous_11)
FNDA:51,(anonymous_12)
FNDA:17,(anonymous_13)
FNDA:41,(anonymous_14)
FNDA:19,(anonymous_15)
FNDA:17,(anonymous_16)
FNDA:2,(anonymous_17)
FNDA:2,(anonymous_18)
FNDA:45,(anonymous_19)
FNDA:44,(anonymous_20)
FNDA:30,(anonymous_21)
FNDA:30,(anonymous_22)
FNDA:3,(anonymous_23)
FNDA:18,(anonymous_24)
FNDA:32,(anonymous_25)
FNDA:32,(anonymous_26)
FNDA:0,(anonymous_27)
FNDA:32,(anonymous_28)
FNDA:0,(anonymous_29)
FNDA:0,(anonymous_30)
FNDA:2,(anonymous_31)
FNDA:4,(anonymous_32)
FNDA:4,(anonymous_33)
FNDA:5,(anonymous_34)
FNDA:6,(anonymous_35)
FNDA:1,(anonymous_36)
FNDA:4,(anonymous_37)
FNDA:1,init
DA:1,1
DA:2,1
DA:3,1
DA:4,1
DA:8,40
DA:9,40
DA:10,40
DA:11,40
DA:12,40
DA:13,40
DA:14,40
DA:15,40
DA:16,40
DA:17,40
DA:18,40
DA:19,40
DA:20,40
DA:21,40
DA:25,40
DA:26,37
DA:28,37
DA:29,37
DA:30,1
DA:31,1
DA:32,0
DA:33,0
DA:36,0
DA:37,0
DA:38,0
DA:39,0
DA:40,0
DA:41,0
DA:49,40
DA:50,40
DA:52,14
DA:54,14
DA:55,2
DA:56,2
DA:58,2
DA:59,4
DA:60,4
DA:61,4
DA:62,4
DA:63,4
DA:64,4
DA:67,2
DA:68,2
DA:69,2
DA:70,2
DA:71,2
DA:72,2
DA:74,12
DA:75,7
DA:76,7
DA:78,5
DA:83,64
DA:84,64
DA:85,36
DA:89,8
DA:90,4
DA:97,4
DA:98,2
DA:99,2
DA:100,1
DA:102,2
DA:103,2
DA:114,22
DA:117,22
DA:118,1
DA:121,22
DA:123,51
DA:131,51
DA:132,51
DA:136,17
DA:137,17
DA:138,17
DA:139,1
DA:140,1
DA:143,16
DA:144,1
DA:145,1
DA:148,15
DA:149,15
DA:150,15
DA:152,15
DA:153,9
DA:154,9
DA:155,9
DA:156,9
DA:157,2
DA:159,7
DA:160,7
DA:163,0
DA:164,0
DA:167,6
DA:168,6
DA:171,15
DA:174,15
DA:177,15
DA:180,15
DA:181,41
DA:184,15
DA:185,0
DA:186,0
DA:189,15
DA:191,0
DA:192,0
DA:197,19
DA:198,19
DA:199,19
DA:200,11
DA:202,19
DA:203,18
DA:204,1
DA:205,1
DA:207,0
DA:209,3
DA:210,3
DA:211,1
DA:213,2
DA:215,15
DA:216,15
DA:221,17
DA:222,0
DA:224,17
DA:225,0
DA:228,17
DA:229,2
DA:232,17
DA:234,45
DA:236,17
DA:244,44
DA:245,29
DA:248,30
DA:250,15
DA:251,17
DA:252,14
DA:255,1
DA:259,3
DA:260,3
DA:265,18
DA:267,18
DA:269,18
DA:270,32
DA:271,32
DA:272,32
DA:273,32
DA:274,32
DA:276,32
DA:289,18
DA:291,18
DA:294,18
DA:295,32
DA:299,18
DA:300,32
DA:301,0
DA:303,32
DA:304,0
DA:310,2
DA:311,2
DA:313,2
DA:314,1
DA:316,1
DA:319,2
DA:323,4
DA:324,4
DA:325,4
DA:327,4
DA:328,2
DA:329,2
DA:331,2
DA:338,4
DA:339,4
DA:340,5
DA:343,4
DA:363,6
DA:364,6
DA:365,6
DA:367,6
DA:371,1
DA:372,1
DA:373,1
DA:375,1
DA:376,1
DA:377,0
DA:379,0
DA:384,1
DA:390,4
DA:391,4
DA:392,4
DA:394,4
DA:395,0
DA:396,0
DA:400,4
DA:401,1
DA:402,1
DA:405,3
DA:406,3
DA:408,3
DA:409,3
DA:410,3
DA:411,3
DA:416,2
DA:417,1
DA:418,0
DA:419,0
DA:421,1
DA:423,2
DA:424,2
DA:426,3
DA:427,3
DA:433,1
DA:436,1
DA:437,0
DA:439,1
LF:215
LH:189
BRDA:25,0,0,3
BRDA:25,0,1,37
BRDA:28,1,0,37
BRDA:28,1,1,0
BRDA:31,2,0,0
BRDA:31,2,1,1
BRDA:33,3,0,0
BRDA:33,3,1,0
BRDA:33,3,2,0
BRDA:33,3,3,0
BRDA:36,4,0,0
BRDA:36,4,1,0
BRDA:50,5,0,26
BRDA:50,5,1,14
BRDA:52,6,0,14
BRDA:52,6,1,0
BRDA:54,7,0,2
BRDA:54,7,1,12
BRDA:54,8,0,14
BRDA:54,8,1,2
BRDA:54,8,2,2
BRDA:60,9,0,4
BRDA:60,9,1,0
BRDA:60,9,2,0
BRDA:62,10,0,4
BRDA:62,10,1,0
BRDA:62,10,2,0
BRDA:63,11,0,4
BRDA:63,11,1,2
BRDA:63,11,2,2
BRDA:68,12,0,2
BRDA:68,12,1,0
BRDA:69,13,0,2
BRDA:69,13,1,0
BRDA:69,13,2,0
BRDA:74,14,0,7
BRDA:74,14,1,5
BRDA:84,15,0,28
BRDA:84,15,1,36
BRDA:89,16,0,4
BRDA:89,16,1,4
BRDA:91,17,0,4
BRDA:91,17,1,0
BRDA:91,17,2,0
BRDA:92,18,0,4
BRDA:92,18,1,0
BRDA:92,18,2,0
BRDA:93,19,0,4
BRDA:93,19,1,0
BRDA:93,19,2,0
BRDA:97,20,0,2
BRDA:97,20,1,2
BRDA:97,21,0,4
BRDA:97,21,1,4
BRDA:99,22,0,1
BRDA:99,22,1,1
BRDA:99,23,0,2
BRDA:99,23,1,2
BRDA:100,24,0,1
BRDA:100,24,1,0
BRDA:102,25,0,2
BRDA:102,25,1,1
BRDA:104,26,0,2
BRDA:104,26,1,1
BRDA:105,27,0,2
BRDA:105,27,1,1
BRDA:106,28,0,2
BRDA:106,28,1,2
BRDA:107,29,0,2
BRDA:107,29,1,2
BRDA:108,30,0,2
BRDA:108,30,1,2
BRDA:109,31,0,2
BRDA:109,31,1,2
BRDA:114,32,0,22
BRDA:114,32,1,0
BRDA:117,33,0,1
BRDA:117,33,1,21
BRDA:117,34,0,22
BRDA:117,34,1,1
BRDA:124,35,0,51
BRDA:124,35,1,1
BRDA:124,35,2,0
BRDA:125,36,0,51
BRDA:125,36,1,1
BRDA:125,36,2,1
BRDA:125,36,3,0
BRDA:126,37,0,51
BRDA:126,37,1,1
BRDA:126,37,2,0
BRDA:127,38,0,51
BRDA:127,38,1,1
BRDA:127,38,2,0
BRDA:127,38,3,0
BRDA:128,39,0,51
BRDA:128,39,1,37
BRDA:128,39,2,37
BRDA:132,40,0,51
BRDA:132,40,1,51
BRDA:138,41,0,1
BRDA:138,41,1,16
BRDA:143,42,0,1
BRDA:143,42,1,15
BRDA:143,43,0,16
BRDA:143,43,1,3
BRDA:148,44,0,15
BRDA:148,44,1,5
BRDA:148,45,0,0
BRDA:148,45,1,5
BRDA:149,46,0,15
BRDA:149,46,1,6
BRDA:149,46,2,6
BRDA:150,47,0,15
BRDA:150,47,1,8
BRDA:150,47,2,7
BRDA:150,47,3,7
BRDA:150,47,4,7
BRDA:152,48,0,9
BRDA:152,48,1,6
BRDA:156,49,0,2
BRDA:156,49,1,7
BRDA:156,50,0,9
BRDA:156,50,1,9
BRDA:160,51,0,7
BRDA:160,51,1,0
BRDA:164,52,0,0
BRDA:164,52,1,0
BRDA:168,53,0,6
BRDA:168,53,1,0
BRDA:184,54,0,0
BRDA:184,54,1,15
BRDA:196,55,0,2
BRDA:199,56,0,11
BRDA:199,56,1,8
BRDA:203,57,0,1
BRDA:203,57,1,3
BRDA:204,58,0,1
BRDA:204,58,1,0
BRDA:210,59,0,1
BRDA:210,59,1,2
BRDA:210,60,0,3
BRDA:210,60,1,2
BRDA:221,61,0,0
BRDA:221,61,1,17
BRDA:221,62,0,17
BRDA:221,62,1,17
BRDA:224,63,0,0
BRDA:224,63,1,17
BRDA:224,64,0,17
BRDA:224,64,1,17
BRDA:229,65,0,2
BRDA:229,65,1,0
BRDA:244,66,0,29
BRDA:244,66,1,15
BRDA:244,67,0,44
BRDA:244,67,1,15
BRDA:251,68,0,14
BRDA:251,68,1,3
BRDA:259,69,0,3
BRDA:259,69,1,0
BRDA:265,70,0,0
BRDA:265,70,1,18
BRDA:271,71,0,32
BRDA:271,71,1,0
BRDA:271,71,2,0
BRDA:271,71,3,0
BRDA:272,72,0,32
BRDA:272,72,1,0
BRDA:272,72,2,0
BRDA:273,73,0,32
BRDA:273,73,1,0
BRDA:273,73,2,0
BRDA:274,74,0,32
BRDA:274,74,1,0
BRDA:274,74,2,0
BRDA:274,74,3,0
BRDA:313,75,0,1
BRDA:313,75,1,1
BRDA:323,76,0,4
BRDA:323,76,1,0
BRDA:327,77,0,2
BRDA:327,77,1,2
BRDA:329,78,0,1
BRDA:329,78,1,1
BRDA:340,79,0,5
BRDA:340,79,1,0
BRDA:363,80,0,6
BRDA:363,80,1,0
BRDA:365,81,0,3
BRDA:365,81,1,3
BRDA:367,82,0,6
BRDA:367,82,1,0
BRDA:367,83,0,6
BRDA:367,83,1,0
BRDA:367,84,0,0
BRDA:367,84,1,0
BRDA:371,85,0,1
BRDA:371,85,1,0
BRDA:375,86,0,1
BRDA:375,86,1,0
BRDA:377,87,0,0
BRDA:377,87,1,0
BRDA:379,88,0,0
BRDA:379,88,1,0
BRDA:384,89,0,1
BRDA:384,89,1,0
BRDA:390,90,0,0
BRDA:390,90,1,4
BRDA:392,91,0,0
BRDA:392,91,1,4
BRDA:394,92,0,0
BRDA:394,92,1,4
BRDA:394,93,0,4
BRDA:394,93,1,0
BRDA:400,94,0,1
BRDA:400,94,1,3
BRDA:406,95,0,0
BRDA:406,95,1,3
BRDA:417,96,0,0
BRDA:417,96,1,1
BRDA:418,97,0,0
BRDA:418,97,1,0
BRDA:419,98,0,0
BRDA:419,98,1,0
BRDA:436,99,0,0
BRDA:436,99,1,1
BRF:226
BRH:150
end_of_record
