TN:
SF:js/main-menu-script.js
FN:38,(anonymous_0)
FN:48,(anonymous_1)
FN:58,(anonymous_2)
FN:68,(anonymous_3)
FN:80,(anonymous_4)
FN:96,(anonymous_5)
FN:109,(anonymous_6)
FN:113,(anonymous_7)
FN:114,(anonymous_8)
FN:124,(anonymous_9)
FN:129,(anonymous_10)
FN:137,(anonymous_11)
FN:150,(anonymous_12)
FN:152,(anonymous_13)
FN:162,(anonymous_14)
FN:163,(anonymous_15)
FN:172,(anonymous_16)
FN:174,(anonymous_17)
FN:188,(anonymous_18)
FN:201,(anonymous_19)
FN:304,(anonymous_20)
FN:364,(anonymous_21)
FN:391,(anonymous_22)
FN:395,(anonymous_23)
FN:399,(anonymous_24)
FN:404,(anonymous_25)
FN:418,(anonymous_26)
FN:424,(anonymous_27)
FN:430,(anonymous_28)
FN:434,(anonymous_29)
FN:438,(anonymous_30)
FN:444,(anonymous_31)
FN:449,(anonymous_32)
FN:453,(anonymous_33)
FN:465,(anonymous_34)
FN:472,(anonymous_35)
FN:476,(anonymous_36)
FN:491,(anonymous_37)
FN:498,(anonymous_38)
FN:504,(anonymous_39)
FN:508,(anonymous_40)
FN:534,(anonymous_41)
FN:541,(anonymous_42)
FN:545,(anonymous_43)
FN:567,(anonymous_44)
FN:568,(anonymous_45)
FN:569,(anonymous_46)
FN:586,(anonymous_47)
FN:587,(anonymous_48)
FN:594,(anonymous_49)
FN:603,(anonymous_50)
FN:607,(anonymous_51)
FN:632,(anonymous_52)
FN:636,(anonymous_53)
FN:662,(anonymous_54)
FN:668,(anonymous_55)
FN:679,(anonymous_56)
FN:690,(anonymous_57)
FN:699,(anonymous_58)
FN:734,(anonymous_59)
FN:738,(anonymous_60)
FN:744,(anonymous_61)
FN:757,(anonymous_62)
FN:758,(anonymous_63)
FN:760,(anonymous_64)
FN:765,(anonymous_65)
FN:772,(anonymous_66)
FN:773,(anonymous_67)
FN:777,(anonymous_68)
FN:791,(anonymous_69)
FN:792,(anonymous_70)
FN:806,(anonymous_71)
FN:808,(anonymous_72)
FN:816,(anonymous_73)
FN:819,(anonymous_74)
FN:820,(anonymous_75)
FN:821,(anonymous_76)
FN:822,(anonymous_77)
FN:831,(anonymous_78)
FN:832,(anonymous_79)
FN:842,(anonymous_80)
FN:864,(anonymous_81)
FN:881,(anonymous_82)
FN:901,(anonymous_83)
FN:912,(anonymous_84)
FN:922,(anonymous_85)
FN:932,(anonymous_86)
FN:935,(anonymous_87)
FN:941,(anonymous_88)
FN:946,(anonymous_89)
FN:950,(anonymous_90)
FN:953,(anonymous_91)
FN:960,(anonymous_92)
FN:961,(anonymous_93)
FN:967,(anonymous_94)
FN:969,(anonymous_95)
FN:972,(anonymous_96)
FN:980,(anonymous_97)
FN:982,(anonymous_98)
FN:986,(anonymous_99)
FN:1001,(anonymous_100)
FN:1003,(anonymous_101)
FN:1006,(anonymous_102)
FN:1015,(anonymous_103)
FN:1016,(anonymous_104)
FN:1021,(anonymous_105)
FN:1029,(anonymous_106)
FN:1037,(anonymous_107)
FN:1045,(anonymous_108)
FN:1053,(anonymous_109)
FN:1062,(anonymous_110)
FN:1077,(anonymous_111)
FN:1082,(anonymous_112)
FN:1087,(anonymous_113)
FN:1101,(anonymous_114)
FNF:115
FNH:91
FNDA:22,(anonymous_0)
FNDA:6,(anonymous_1)
FNDA:2,(anonymous_2)
FNDA:4,(anonymous_3)
FNDA:6,(anonymous_4)
FNDA:3,(anonymous_5)
FNDA:26,(anonymous_6)
FNDA:3,(anonymous_7)
FNDA:3,(anonymous_8)
FNDA:1,(anonymous_9)
FNDA:1,(anonymous_10)
FNDA:2,(anonymous_11)
FNDA:8,(anonymous_12)
FNDA:0,(anonymous_13)
FNDA:8,(anonymous_14)
FNDA:8,(anonymous_15)
FNDA:1,(anonymous_16)
FNDA:2,(anonymous_17)
FNDA:4,(anonymous_18)
FNDA:2,(anonymous_19)
FNDA:1,(anonymous_20)
FNDA:1,(anonymous_21)
FNDA:28,(anonymous_22)
FNDA:19,(anonymous_23)
FNDA:2,(anonymous_24)
FNDA:4,(anonymous_25)
FNDA:1,(anonymous_26)
FNDA:2,(anonymous_27)
FNDA:1,(anonymous_28)
FNDA:1,(anonymous_29)
FNDA:1,(anonymous_30)
FNDA:13,(anonymous_31)
FNDA:1,(anonymous_32)
FNDA:8,(anonymous_33)
FNDA:2,(anonymous_34)
FNDA:1,(anonymous_35)
FNDA:3,(anonymous_36)
FNDA:1,(anonymous_37)
FNDA:0,(anonymous_38)
FNDA:1,(anonymous_39)
FNDA:2,(anonymous_40)
FNDA:1,(anonymous_41)
FNDA:1,(anonymous_42)
FNDA:1,(anonymous_43)
FNDA:1,(anonymous_44)
FNDA:1,(anonymous_45)
FNDA:1,(anonymous_46)
FNDA:1,(anonymous_47)
FNDA:0,(anonymous_48)
FNDA:1,(anonymous_49)
FNDA:1,(anonymous_50)
FNDA:1,(anonymous_51)
FNDA:3,(anonymous_52)
FNDA:2,(anonymous_53)
FNDA:1,(anonymous_54)
FNDA:19,(anonymous_55)
FNDA:9,(anonymous_56)
FNDA:8,(anonymous_57)
FNDA:11,(anonymous_58)
FNDA:4,(anonymous_59)
FNDA:2,(anonymous_60)
FNDA:2,(anonymous_61)
FNDA:1,(anonymous_62)
FNDA:1,(anonymous_63)
FNDA:2,(anonymous_64)
FNDA:2,(anonymous_65)
FNDA:2,(anonymous_66)
FNDA:2,(anonymous_67)
FNDA:4,(anonymous_68)
FNDA:1,(anonymous_69)
FNDA:1,(anonymous_70)
FNDA:2,(anonymous_71)
FNDA:2,(anonymous_72)
FNDA:0,(anonymous_73)
FNDA:2,(anonymous_74)
FNDA:0,(anonymous_75)
FNDA:0,(anonymous_76)
FNDA:0,(anonymous_77)
FNDA:2,(anonymous_78)
FNDA:2,(anonymous_79)
FNDA:15,(anonymous_80)
FNDA:13,(anonymous_81)
FNDA:12,(anonymous_82)
FNDA:12,(anonymous_83)
FNDA:12,(anonymous_84)
FNDA:12,(anonymous_85)
FNDA:12,(anonymous_86)
FNDA:0,(anonymous_87)
FNDA:1,(anonymous_88)
FNDA:1,(anonymous_89)
FNDA:12,(anonymous_90)
FNDA:0,(anonymous_91)
FNDA:12,(anonymous_92)
FNDA:0,(anonymous_93)
FNDA:12,(anonymous_94)
FNDA:0,(anonymous_95)
FNDA:0,(anonymous_96)
FNDA:12,(anonymous_97)
FNDA:0,(anonymous_98)
FNDA:0,(anonymous_99)
FNDA:12,(anonymous_100)
FNDA:0,(anonymous_101)
FNDA:0,(anonymous_102)
FNDA:13,(anonymous_103)
FNDA:0,(anonymous_104)
FNDA:2,(anonymous_105)
FNDA:1,(anonymous_106)
FNDA:0,(anonymous_107)
FNDA:0,(anonymous_108)
FNDA:1,(anonymous_109)
FNDA:0,(anonymous_110)
FNDA:0,(anonymous_111)
FNDA:0,(anonymous_112)
FNDA:0,(anonymous_113)
FNDA:0,(anonymous_114)
DA:2,1
DA:6,1
DA:12,1
DA:18,1
DA:28,1
DA:30,1
DA:39,22
DA:40,22
DA:41,22
DA:43,1
DA:44,1
DA:49,6
DA:50,6
DA:51,5
DA:53,1
DA:54,1
DA:59,2
DA:60,2
DA:61,1
DA:63,1
DA:64,1
DA:69,4
DA:70,4
DA:71,3
DA:73,1
DA:74,1
DA:81,6
DA:82,6
DA:83,5
DA:85,5
DA:86,5
DA:88,1
DA:91,2
DA:92,2
DA:97,3
DA:98,3
DA:100,3
DA:101,1
DA:104,2
DA:110,26
DA:114,3
DA:115,3
DA:116,1
DA:117,1
DA:120,2
DA:121,2
DA:122,2
DA:124,2
DA:125,1
DA:126,1
DA:129,2
DA:130,1
DA:133,2
DA:138,2
DA:139,1
DA:142,1
DA:143,1
DA:144,1
DA:145,1
DA:146,1
DA:147,1
DA:151,8
DA:152,8
DA:153,0
DA:154,0
DA:155,0
DA:156,0
DA:163,8
DA:164,8
DA:165,8
DA:166,1
DA:167,1
DA:173,1
DA:174,1
DA:175,2
DA:176,1
DA:177,1
DA:178,1
DA:179,1
DA:180,1
DA:183,1
DA:189,4
DA:202,2
DA:203,2
DA:204,2
DA:205,2
DA:206,2
DA:207,2
DA:208,2
DA:210,2
DA:211,2
DA:212,2
DA:216,2
DA:217,2
DA:218,2
DA:219,2
DA:220,2
DA:222,2
DA:305,1
DA:365,1
DA:392,28
DA:396,19
DA:400,2
DA:401,2
DA:405,4
DA:419,1
DA:420,1
DA:421,1
DA:425,2
DA:431,1
DA:435,1
DA:439,1
DA:445,13
DA:446,13
DA:450,1
DA:454,8
DA:455,8
DA:456,8
DA:458,8
DA:459,1
DA:462,8
DA:466,2
DA:467,2
DA:473,1
DA:477,3
DA:479,3
DA:481,3
DA:482,3
DA:483,2
DA:486,1
DA:487,1
DA:489,1
DA:490,1
DA:491,1
DA:492,1
DA:493,1
DA:499,0
DA:505,1
DA:509,2
DA:511,2
DA:513,2
DA:514,2
DA:515,1
DA:518,1
DA:519,1
DA:520,1
DA:521,1
DA:523,1
DA:525,1
DA:527,1
DA:528,1
DA:529,4
DA:530,4
DA:535,1
DA:536,1
DA:542,1
DA:546,1
DA:548,1
DA:550,1
DA:551,1
DA:554,1
DA:559,1
DA:564,1
DA:565,1
DA:567,1
DA:568,1
DA:569,1
DA:570,1
DA:571,1
DA:572,0
DA:573,0
DA:574,0
DA:577,1
DA:578,1
DA:579,1
DA:580,0
DA:583,1
DA:584,1
DA:585,1
DA:586,1
DA:587,1
DA:588,1
DA:595,1
DA:596,1
DA:597,1
DA:604,1
DA:608,1
DA:610,1
DA:612,1
DA:613,1
DA:615,1
DA:624,1
DA:625,6
DA:626,6
DA:629,1
DA:633,3
DA:634,3
DA:636,2
DA:637,2
DA:638,2
DA:640,2
DA:641,1
DA:644,1
DA:646,1
DA:651,1
DA:659,2
DA:663,1
DA:669,19
DA:670,19
DA:671,19
DA:672,19
DA:673,19
DA:674,19
DA:675,19
DA:676,19
DA:680,9
DA:681,9
DA:683,9
DA:684,9
DA:685,9
DA:686,9
DA:687,9
DA:691,8
DA:700,11
DA:701,1
DA:704,10
DA:705,10
DA:706,1
DA:709,9
DA:710,1
DA:713,8
DA:714,1
DA:715,1
DA:716,1
DA:720,8
DA:721,8
DA:722,6
DA:724,2
DA:725,2
DA:729,2
DA:730,2
DA:735,4
DA:739,2
DA:745,2
DA:746,2
DA:748,2
DA:749,1
DA:750,1
DA:753,1
DA:754,1
DA:758,1
DA:759,1
DA:760,1
DA:761,2
DA:765,1
DA:766,2
DA:767,1
DA:773,2
DA:774,2
DA:775,2
DA:777,2
DA:778,4
DA:779,4
DA:780,1
DA:781,1
DA:783,3
DA:787,2
DA:792,1
DA:793,1
DA:794,1
DA:795,1
DA:796,0
DA:798,1
DA:807,2
DA:808,2
DA:810,2
DA:811,2
DA:812,1
DA:815,2
DA:817,0
DA:819,2
DA:820,0
DA:821,0
DA:822,0
DA:825,2
DA:826,2
DA:827,2
DA:832,2
DA:833,2
DA:834,2
DA:835,1
DA:843,15
DA:844,15
DA:845,13
DA:848,15
DA:849,15
DA:850,15
DA:851,1
DA:852,1
DA:853,14
DA:854,1
DA:858,15
DA:859,15
DA:860,0
DA:865,13
DA:866,13
DA:868,13
DA:869,13
DA:872,13
DA:873,13
DA:874,13
DA:875,13
DA:882,12
DA:883,12
DA:884,12
DA:885,12
DA:886,12
DA:887,12
DA:893,12
DA:894,12
DA:895,12
DA:896,12
DA:897,12
DA:898,12
DA:902,12
DA:903,12
DA:904,0
DA:905,0
DA:908,12
DA:909,12
DA:913,12
DA:915,12
DA:916,12
DA:918,0
DA:923,12
DA:924,12
DA:925,12
DA:926,12
DA:927,12
DA:928,12
DA:929,12
DA:933,12
DA:934,12
DA:935,0
DA:936,0
DA:942,1
DA:943,1
DA:947,1
DA:951,12
DA:952,12
DA:953,0
DA:954,0
DA:955,0
DA:961,12
DA:962,0
DA:963,0
DA:968,12
DA:969,12
DA:970,0
DA:971,0
DA:972,0
DA:973,0
DA:974,0
DA:981,12
DA:982,12
DA:983,0
DA:984,0
DA:985,0
DA:986,0
DA:987,0
DA:988,0
DA:989,0
DA:992,0
DA:993,0
DA:995,0
DA:1002,12
DA:1003,12
DA:1004,0
DA:1005,0
DA:1006,0
DA:1007,0
DA:1008,0
DA:1009,0
DA:1016,13
DA:1017,0
DA:1022,2
DA:1023,2
DA:1025,2
DA:1030,1
DA:1031,1
DA:1033,0
DA:1038,0
DA:1039,0
DA:1041,0
DA:1046,0
DA:1047,0
DA:1049,0
DA:1054,1
DA:1055,1
DA:1056,1
DA:1058,0
DA:1063,0
DA:1064,0
DA:1065,0
DA:1066,0
DA:1067,0
DA:1069,0
DA:1072,0
DA:1073,0
DA:1078,0
DA:1082,1
DA:1083,0
DA:1085,0
DA:1086,0
DA:1087,0
DA:1088,0
DA:1089,0
DA:1091,0
DA:1092,0
DA:1093,0
DA:1094,0
DA:1096,0
DA:1097,0
DA:1101,0
DA:1102,0
DA:1103,0
DA:1106,0
DA:1110,1
DA:1111,1
DA:1112,1
DA:1113,1
DA:1114,1
DA:1115,1
DA:1116,1
DA:1117,1
DA:1118,1
DA:1119,1
DA:1120,1
DA:1121,1
DA:1122,1
DA:1123,1
DA:1124,1
DA:1125,1
DA:1126,1
DA:1127,1
DA:1130,1
DA:1131,1
LF:447
LH:367
BRDA:41,0,0,17
BRDA:41,0,1,5
BRDA:80,1,0,6
BRDA:100,2,0,1
BRDA:100,2,1,2
BRDA:100,3,0,3
BRDA:100,3,1,3
BRDA:115,4,0,1
BRDA:115,4,1,2
BRDA:138,5,0,1
BRDA:138,5,1,1
BRDA:154,6,0,0
BRDA:154,6,1,0
BRDA:165,7,0,1
BRDA:165,7,1,7
BRDA:173,8,0,1
BRDA:173,8,1,0
BRDA:175,9,0,1
BRDA:175,9,1,1
BRDA:177,10,0,1
BRDA:177,10,1,0
BRDA:178,11,0,1
BRDA:178,11,1,0
BRDA:180,12,0,1
BRDA:180,12,1,0
BRDA:188,13,0,1
BRDA:202,14,0,2
BRDA:202,14,1,1
BRDA:202,15,0,1
BRDA:202,15,1,0
BRDA:202,16,0,1
BRDA:202,16,1,1
BRDA:203,17,0,2
BRDA:203,17,1,0
BRDA:205,18,0,1
BRDA:205,18,1,1
BRDA:205,19,0,0
BRDA:205,19,1,1
BRDA:206,20,0,2
BRDA:206,20,1,1
BRDA:207,21,0,2
BRDA:207,21,1,1
BRDA:208,22,0,2
BRDA:208,22,1,1
BRDA:211,23,0,0
BRDA:211,23,1,2
BRDA:212,24,0,0
BRDA:212,24,1,2
BRDA:216,25,0,2
BRDA:216,25,1,1
BRDA:217,26,0,2
BRDA:217,26,1,1
BRDA:218,27,0,2
BRDA:218,27,1,1
BRDA:219,28,0,2
BRDA:219,28,1,1
BRDA:220,29,0,2
BRDA:220,29,1,1
BRDA:406,30,0,4
BRDA:406,30,1,2
BRDA:407,31,0,4
BRDA:407,31,1,0
BRDA:408,32,0,4
BRDA:408,32,1,2
BRDA:408,33,0,2
BRDA:408,33,1,0
BRDA:409,34,0,4
BRDA:409,34,1,0
BRDA:409,35,0,4
BRDA:409,35,1,0
BRDA:410,36,0,1
BRDA:410,36,1,3
BRDA:412,37,0,1
BRDA:412,37,1,3
BRDA:412,38,0,4
BRDA:412,38,1,1
BRDA:413,39,0,1
BRDA:413,39,1,3
BRDA:413,40,0,4
BRDA:413,40,1,1
BRDA:458,41,0,1
BRDA:458,41,1,7
BRDA:482,42,0,2
BRDA:482,42,1,1
BRDA:490,43,0,1
BRDA:490,43,1,0
BRDA:514,44,0,1
BRDA:514,44,1,1
BRDA:550,45,0,1
BRDA:550,45,1,0
BRDA:571,46,0,0
BRDA:571,46,1,1
BRDA:579,47,0,0
BRDA:579,47,1,1
BRDA:596,48,0,1
BRDA:596,48,1,0
BRDA:634,49,0,1
BRDA:634,49,1,2
BRDA:640,50,0,1
BRDA:640,50,1,1
BRDA:700,51,0,1
BRDA:700,51,1,10
BRDA:705,52,0,1
BRDA:705,52,1,9
BRDA:709,53,0,1
BRDA:709,53,1,8
BRDA:713,54,0,1
BRDA:713,54,1,7
BRDA:715,55,0,1
BRDA:715,55,1,0
BRDA:748,56,0,1
BRDA:748,56,1,1
BRDA:766,57,0,1
BRDA:766,57,1,1
BRDA:779,58,0,1
BRDA:779,58,1,3
BRDA:779,59,0,4
BRDA:779,59,1,4
BRDA:787,60,0,1
BRDA:787,60,1,1
BRDA:793,61,0,1
BRDA:793,61,1,0
BRDA:795,62,0,0
BRDA:795,62,1,1
BRDA:795,63,0,1
BRDA:795,63,1,1
BRDA:811,64,0,1
BRDA:811,64,1,1
BRDA:817,65,0,0
BRDA:817,65,1,0
BRDA:826,66,0,2
BRDA:826,66,1,0
BRDA:834,67,0,1
BRDA:834,67,1,1
BRDA:834,68,0,2
BRDA:834,68,1,2
BRDA:844,69,0,13
BRDA:844,69,1,2
BRDA:844,70,0,15
BRDA:844,70,1,15
BRDA:849,71,0,15
BRDA:849,71,1,0
BRDA:850,72,0,1
BRDA:850,72,1,14
BRDA:852,73,0,1
BRDA:852,73,1,0
BRDA:853,74,0,1
BRDA:853,74,1,13
BRDA:859,75,0,0
BRDA:859,75,1,15
BRDA:859,76,0,15
BRDA:859,76,1,3
BRDA:868,77,0,13
BRDA:868,77,1,0
BRDA:872,78,0,13
BRDA:872,78,1,0
BRDA:903,79,0,0
BRDA:903,79,1,12
BRDA:915,80,0,12
BRDA:915,80,1,0
BRDA:934,81,0,0
BRDA:934,81,1,12
BRDA:952,82,0,0
BRDA:952,82,1,12
BRDA:971,83,0,0
BRDA:971,83,1,0
BRDA:984,84,0,0
BRDA:984,84,1,0
BRDA:992,85,0,0
BRDA:992,85,1,0
BRDA:1005,86,0,0
BRDA:1005,86,1,0
BRDA:1065,87,0,0
BRDA:1065,87,1,0
BRDA:1065,88,0,0
BRDA:1065,88,1,0
BRDA:1086,89,0,0
BRDA:1086,89,1,0
BRDA:1086,90,0,0
BRDA:1086,90,1,0
BRDA:1089,91,0,0
BRDA:1089,91,1,0
BRDA:1092,92,0,0
BRDA:1092,92,1,0
BRDA:1110,93,0,1
BRDA:1110,93,1,0
BRDA:1130,94,0,1
BRDA:1130,94,1,0
BRDA:1130,95,0,1
BRDA:1130,95,1,1
BRF:190
BRH:133
end_of_record
TN:
SF:js/perfil-usuario-script.js
FN:38,(anonymous_0)
FN:48,(anonymous_1)
FN:58,(anonymous_2)
FN:68,(anonymous_3)
FN:80,(anonymous_4)
FN:85,(anonymous_5)
FN:89,(anonymous_6)
FN:96,(anonymous_7)
FN:100,(anonymous_8)
FN:104,(anonymous_9)
FN:113,(anonymous_10)
FN:120,(anonymous_11)
FN:125,(anonymous_12)
FN:135,(anonymous_13)
FN:144,(anonymous_14)
FN:148,(anonymous_15)
FN:156,(anonymous_16)
FN:164,(anonymous_17)
FN:172,(anonymous_18)
FN:179,(anonymous_19)
FN:186,(anonymous_20)
FN:193,(anonymous_21)
FN:223,(anonymous_22)
FN:237,(anonymous_23)
FN:241,(anonymous_24)
FN:247,(anonymous_25)
FN:250,(anonymous_26)
FN:258,(anonymous_27)
FN:271,(anonymous_28)
FN:276,(anonymous_29)
FN:288,(anonymous_30)
FN:298,(anonymous_31)
FNF:32
FNH:32
FNDA:13,(anonymous_0)
FNDA:5,(anonymous_1)
FNDA:1,(anonymous_2)
FNDA:1,(anonymous_3)
FNDA:37,(anonymous_4)
FNDA:10,(anonymous_5)
FNDA:2,(anonymous_6)
FNDA:33,(anonymous_7)
FNDA:1,(anonymous_8)
FNDA:12,(anonymous_9)
FNDA:9,(anonymous_10)
FNDA:8,(anonymous_11)
FNDA:9,(anonymous_12)
FNDA:8,(anonymous_13)
FNDA:17,(anonymous_14)
FNDA:6,(anonymous_15)
FNDA:9,(anonymous_16)
FNDA:5,(anonymous_17)
FNDA:10,(anonymous_18)
FNDA:5,(anonymous_19)
FNDA:5,(anonymous_20)
FNDA:7,(anonymous_21)
FNDA:4,(anonymous_22)
FNDA:8,(anonymous_23)
FNDA:1,(anonymous_24)
FNDA:8,(anonymous_25)
FNDA:1,(anonymous_26)
FNDA:5,(anonymous_27)
FNDA:5,(anonymous_28)
FNDA:5,(anonymous_29)
FNDA:5,(anonymous_30)
FNDA:5,(anonymous_31)
DA:2,1
DA:6,1
DA:22,1
DA:28,1
DA:39,13
DA:40,13
DA:41,13
DA:43,1
DA:44,1
DA:49,5
DA:50,5
DA:51,4
DA:53,1
DA:54,1
DA:59,1
DA:60,1
DA:61,0
DA:63,1
DA:64,1
DA:69,1
DA:70,1
DA:71,0
DA:73,1
DA:74,1
DA:81,37
DA:82,37
DA:86,10
DA:90,2
DA:91,2
DA:97,33
DA:101,1
DA:105,12
DA:106,10
DA:108,2
DA:109,2
DA:110,2
DA:114,9
DA:115,3
DA:117,6
DA:121,8
DA:122,8
DA:126,9
DA:127,9
DA:136,8
DA:137,4
DA:139,4
DA:145,17
DA:149,6
DA:150,6
DA:152,5
DA:153,5
DA:157,9
DA:158,9
DA:160,9
DA:161,9
DA:165,5
DA:166,5
DA:168,5
DA:169,5
DA:173,10
DA:174,10
DA:176,7
DA:180,5
DA:181,5
DA:183,3
DA:187,5
DA:188,5
DA:190,3
DA:194,7
DA:196,7
DA:197,7
DA:198,6
DA:201,7
DA:202,7
DA:203,5
DA:206,7
DA:207,7
DA:208,6
DA:211,6
DA:214,7
DA:215,7
DA:216,5
DA:219,5
DA:224,4
DA:225,4
DA:226,4
DA:227,4
DA:228,4
DA:229,4
DA:230,4
DA:231,4
DA:232,4
DA:238,8
DA:239,8
DA:241,7
DA:242,1
DA:243,1
DA:248,8
DA:249,8
DA:250,7
DA:251,1
DA:259,5
DA:260,5
DA:264,5
DA:265,5
DA:266,5
DA:267,5
DA:268,5
DA:272,5
DA:273,5
DA:277,5
DA:279,5
DA:280,5
DA:281,2
DA:282,2
DA:285,3
DA:289,5
DA:291,4
DA:292,4
DA:294,1
DA:299,5
DA:300,5
DA:304,1
DA:305,0
DA:308,1
DA:309,1
DA:310,1
DA:311,1
DA:312,1
DA:313,1
DA:314,1
DA:315,1
DA:318,1
DA:319,1
LF:134
LH:131
BRDA:41,0,0,8
BRDA:41,0,1,5
BRDA:105,1,0,10
BRDA:105,1,1,2
BRDA:108,2,0,2
BRDA:108,2,1,1
BRDA:109,3,0,2
BRDA:109,3,1,1
BRDA:110,4,0,2
BRDA:110,4,1,1
BRDA:114,5,0,3
BRDA:114,5,1,6
BRDA:117,6,0,6
BRDA:117,6,1,1
BRDA:121,7,0,8
BRDA:121,7,1,3
BRDA:121,7,2,1
BRDA:126,8,0,9
BRDA:126,8,1,4
BRDA:128,9,0,9
BRDA:128,9,1,5
BRDA:129,10,0,9
BRDA:129,10,1,5
BRDA:130,11,0,9
BRDA:130,11,1,5
BRDA:131,12,0,9
BRDA:131,12,1,5
BRDA:136,13,0,4
BRDA:136,13,1,4
BRDA:150,14,0,1
BRDA:150,14,1,5
BRDA:158,15,0,0
BRDA:158,15,1,9
BRDA:166,16,0,0
BRDA:166,16,1,5
BRDA:174,17,0,3
BRDA:174,17,1,7
BRDA:174,18,0,10
BRDA:174,18,1,10
BRDA:181,19,0,2
BRDA:181,19,1,3
BRDA:181,20,0,5
BRDA:181,20,1,5
BRDA:188,21,0,2
BRDA:188,21,1,3
BRDA:188,22,0,5
BRDA:188,22,1,5
BRDA:197,23,0,6
BRDA:197,23,1,1
BRDA:202,24,0,5
BRDA:202,24,1,2
BRDA:207,25,0,6
BRDA:207,25,1,1
BRDA:208,26,0,3
BRDA:208,26,1,3
BRDA:215,27,0,5
BRDA:215,27,1,2
BRDA:216,28,0,3
BRDA:216,28,1,2
BRDA:239,29,0,1
BRDA:239,29,1,7
BRDA:249,30,0,7
BRDA:249,30,1,1
BRDA:280,31,0,2
BRDA:280,31,1,3
BRDA:289,32,0,1
BRDA:289,32,1,4
BRDA:304,33,0,0
BRDA:304,33,1,1
BRDA:308,34,0,1
BRDA:308,34,1,0
BRDA:318,35,0,1
BRDA:318,35,1,0
BRDA:318,36,0,1
BRDA:318,36,1,1
BRF:75
BRH:70
end_of_record
